#
# A fatal error has been detected by the Java Runtime Environment:
#
#  SIGSEGV (0xb) at pc=0x00007f31b97edc08, pid=31456, tid=139851677407008
#
# JRE version: 6.0_26-b03
# Java VM: Java HotSpot(TM) 64-Bit Server VM (20.1-b02 mixed mode linux-amd64 compressed oops)
# Problematic frame:
# C  [libX11.so.6+0x35c08]  XQueryExtension+0x28
#
# If you would like to submit a bug report, please visit:
#   http://java.sun.com/webapps/bugreport/crash.jsp
#

---------------  T H R E A D  ---------------

Current thread is native thread

siginfo:si_signo=SIGSEGV: si_errno=0, si_code=1 (SEGV_MAPERR), si_addr=0xffffffffb42bcac8

Registers:
RAX=0x00000000415805b0, RBX=0xffffffffb42bc160, RCX=0x00007fff6c0b1058, RDX=0x00007fff6c0b1054
RSP=0x00007fff6c0b0ff0, RBP=0x00007f31b3815932, RSI=0x00007f31b3815932, RDI=0xffffffffb42bc160
R8 =0x00007fff6c0b105c, R9 =0x0000000000000000, R10=0x00007f31c13c4ea8, R11=0x00007f31c1062ba0
R12=0x00007fff6c0b1054, R13=0x00007f31b3815932, R14=0x00000000415805b0, R15=0x0000000000000000
RIP=0x00007f31b97edc08, EFLAGS=0x0000000000010206, CSGSFS=0x0000000000000033, ERR=0x0000000000000005
  TRAPNO=0x000000000000000e

Top of Stack: (sp=0x00007fff6c0b0ff0)
0x00007fff6c0b0ff0:   00007f31c10355c8 00007f31c19e69e8
0x00007fff6c0b1000:   0000000000000000 0000000000000000
0x00007fff6c0b1010:   000000000bea6495 ffffffffb42bc160
0x00007fff6c0b1020:   00007f31b3815932 0000000000000000
0x00007fff6c0b1030:   00007f31b3815932 00000000415805b0
0x00007fff6c0b1040:   0000000000000000 00007f31b97e14f5
0x00007fff6c0b1050:   00007f31c1a0a048 00007f31b394e520
0x00007fff6c0b1060:   00007f31b394e520 ffffffffb42bc160
0x00007fff6c0b1070:   00007f31b42b1bc0 00007f31b9afe73b
0x00007fff6c0b1080:   0101010101010101 00000011c10355c8
0x00007fff6c0b1090:   00007fff6c0b1110 0000000000000000
0x00007fff6c0b10a0:   00007fff6c0b1110 ffffffffb42bc160
0x00007fff6c0b10b0:   0000000000000000 00007f31c1a0a048
0x00007fff6c0b10c0:   00007f31b3967d50 00007f31b37bc119
0x00007fff6c0b10d0:   0000000000000000 0000000000000033
0x00007fff6c0b10e0:   00007fff6c0b1110 00007fff6c0b1130
0x00007fff6c0b10f0:   0000000000000000 00007f31c1a0a048
0x00007fff6c0b1100:   00007f31b42d0120 00007f31b37b2b42
0x00007fff6c0b1110:   00007fff6c0b1340 00007f31b38158b1
0x00007fff6c0b1120:   00007fff6c0b1340 00007f31c17f8135
0x00007fff6c0b1130:   00007f31c1a0b2c8 00007f31c1a0b858
0x00007fff6c0b1140:   00007f31c19e6000 0000000041587350
0x00007fff6c0b1150:   0000000041587830 0000000041587d30
0x00007fff6c0b1160:   000000004158c9e0 00007f31b4133a00
0x00007fff6c0b1170:   00007f31b42af8e0 00007f31b42aa830
0x00007fff6c0b1180:   00007f31b42a9a50 00007f31b42aa390
0x00007fff6c0b1190:   00000000415885b0 000000004169a9d0
0x00007fff6c0b11a0:   0000000041751ab0 0000000041752360
0x00007fff6c0b11b0:   00000000415828d0 0000000041582230
0x00007fff6c0b11c0:   000000004157f570 00007f31b42afdb0
0x00007fff6c0b11d0:   00007f31b42a9ef0 00007f31b42b0250
0x00007fff6c0b11e0:   00007f31b42d0120 00007f31b42dc770 

Instructions: (pc=0x00007f31b97edc08)
0x00007f31b97edbe8:   24 d8 48 89 fb 4c 89 64 24 e0 4c 89 6c 24 e8 49
0x00007f31b97edbf8:   89 d4 4c 89 74 24 f0 4c 89 7c 24 f8 48 83 ec 58
0x00007f31b97edc08:   48 8b 87 68 09 00 00 49 89 f5 48 89 cd 4d 89 c6
0x00007f31b97edc18:   48 85 c0 74 02 ff 10 4c 8b bb b0 00 00 00 49 8d 

Register to memory mapping:

RAX=0x00000000415805b0 is an unknown value
RBX=0xffffffffb42bc160 is an unknown value
RCX=0x00007fff6c0b1058 is an unknown value
RDX=0x00007fff6c0b1054 is an unknown value
RSP=0x00007fff6c0b0ff0 is an unknown value
RBP=0x00007f31b3815932: <offset 0x96932> in /usr/lib/fglrx/libGL.so.1 at 0x00007f31b377f000
RSI=0x00007f31b3815932: <offset 0x96932> in /usr/lib/fglrx/libGL.so.1 at 0x00007f31b377f000
RDI=0xffffffffb42bc160 is an unknown value
R8 =0x00007fff6c0b105c is an unknown value
R9 =0x0000000000000000 is an unknown value
R10=0x00007f31c13c4ea8: <offset 0x39dea8> in /lib/x86_64-linux-gnu/libc.so.6 at 0x00007f31c1027000
R11=0x00007f31c1062ba0: __cxa_finalize+0 in /lib/x86_64-linux-gnu/libc.so.6 at 0x00007f31c1027000
R12=0x00007fff6c0b1054 is an unknown value
R13=0x00007f31b3815932: <offset 0x96932> in /usr/lib/fglrx/libGL.so.1 at 0x00007f31b377f000
R14=0x00000000415805b0 is an unknown value
R15=0x0000000000000000 is an unknown value


Stack: [0x00007fff6bfb4000,0x00007fff6c0b4000],  sp=0x00007fff6c0b0ff0,  free space=1011k
Native frames: (J=compiled Java code, j=interpreted, Vv=VM code, C=native code)
C  [libX11.so.6+0x35c08]  XQueryExtension+0x28


---------------  P R O C E S S  ---------------

VM state:at safepoint (shutting down)

VM Mutex/Monitor currently owned by a thread:  ([mutex/lock_event])
[0x0000000041585720] Threads_lock - owner thread: 0x00000000415ee000

Heap
 PSYoungGen      total 18368K, used 3218K [0x00000000eb760000, 0x00000000ecbe0000, 0x0000000100000000)
  eden space 15744K, 11% used [0x00000000eb760000,0x00000000eb918048,0x00000000ec6c0000)
  from space 2624K, 55% used [0x00000000ec6c0000,0x00000000ec82c9f0,0x00000000ec950000)
  to   space 2624K, 0% used [0x00000000ec950000,0x00000000ec950000,0x00000000ecbe0000)
 PSOldGen        total 42112K, used 0K [0x00000000c2600000, 0x00000000c4f20000, 0x00000000eb760000)
  object space 42112K, 0% used [0x00000000c2600000,0x00000000c2600000,0x00000000c4f20000)
 PSPermGen       total 21248K, used 12971K [0x00000000bd400000, 0x00000000be8c0000, 0x00000000c2600000)
  object space 21248K, 61% used [0x00000000bd400000,0x00000000be0aad58,0x00000000be8c0000)

Code Cache  [0x00007f31bc301000, 0x00007f31bc571000, 0x00007f31bf301000)
 total_blobs=662 nmethods=152 adapters=464 free_code_cache=49401984 largest_free_block=12864

Dynamic libraries:
40000000-40009000 r-xp 00000000 08:06 3941148                            /usr/lib/jvm/java-6-sun-1.6.0.26/jre/bin/java
40108000-4010a000 rwxp 00008000 08:06 3941148                            /usr/lib/jvm/java-6-sun-1.6.0.26/jre/bin/java
4157f000-41d2a000 rwxp 00000000 00:00 0                                  [heap]
bd400000-be8c0000 rwxp 00000000 00:00 0 
be8c0000-c2600000 rwxp 00000000 00:00 0 
c2600000-c4f20000 rwxp 00000000 00:00 0 
c4f20000-eb760000 rwxp 00000000 00:00 0 
eb760000-ecbe0000 rwxp 00000000 00:00 0 
ecbe0000-100000000 rwxp 00000000 00:00 0 
7f31a871a000-7f31a871d000 ---p 00000000 00:00 0 
7f31a871d000-7f31a881b000 rwxp 00000000 00:00 0 
7f31a881b000-7f31a881c000 ---p 00000000 00:00 0 
7f31a881c000-7f31a901c000 rwxp 00000000 00:00 0 
7f31a901c000-7f31a901d000 ---p 00000000 00:00 0 
7f31a901d000-7f31a981d000 rwxp 00000000 00:00 0 
7f31a981d000-7f31a981e000 ---p 00000000 00:00 0 
7f31a981e000-7f31aa01e000 rwxp 00000000 00:00 0 
7f31ae01f000-7f31ae020000 ---p 00000000 00:00 0 
7f31ae020000-7f31ae820000 rwxp 00000000 00:00 0 
7f31ae820000-7f31ae837000 r-xp 00000000 08:06 3280813                    /lib/x86_64-linux-gnu/libresolv-2.13.so
7f31ae837000-7f31aea37000 ---p 00017000 08:06 3280813                    /lib/x86_64-linux-gnu/libresolv-2.13.so
7f31aea37000-7f31aea38000 r-xp 00017000 08:06 3280813                    /lib/x86_64-linux-gnu/libresolv-2.13.so
7f31aea38000-7f31aea39000 rwxp 00018000 08:06 3280813                    /lib/x86_64-linux-gnu/libresolv-2.13.so
7f31aea39000-7f31aea3b000 rwxp 00000000 00:00 0 
7f31aea3b000-7f31aea41000 r-xp 00000000 08:06 3809389                    /usr/lib/x86_64-linux-gnu/libogg.so.0.7.1
7f31aea41000-7f31aec40000 ---p 00006000 08:06 3809389                    /usr/lib/x86_64-linux-gnu/libogg.so.0.7.1
7f31aec40000-7f31aec41000 r-xp 00005000 08:06 3809389                    /usr/lib/x86_64-linux-gnu/libogg.so.0.7.1
7f31aec41000-7f31aec42000 rwxp 00006000 08:06 3809389                    /usr/lib/x86_64-linux-gnu/libogg.so.0.7.1
7f31aec42000-7f31aec6d000 r-xp 00000000 08:06 3809461                    /usr/lib/x86_64-linux-gnu/libvorbis.so.0.4.5
7f31aec6d000-7f31aee6c000 ---p 0002b000 08:06 3809461                    /usr/lib/x86_64-linux-gnu/libvorbis.so.0.4.5
7f31aee6c000-7f31aee6d000 r-xp 0002a000 08:06 3809461                    /usr/lib/x86_64-linux-gnu/libvorbis.so.0.4.5
7f31aee6d000-7f31aee6e000 rwxp 0002b000 08:06 3809461                    /usr/lib/x86_64-linux-gnu/libvorbis.so.0.4.5
7f31aee6e000-7f31af121000 r-xp 00000000 08:06 3809456                    /usr/lib/x86_64-linux-gnu/libvorbisenc.so.2.0.8
7f31af121000-7f31af320000 ---p 002b3000 08:06 3809456                    /usr/lib/x86_64-linux-gnu/libvorbisenc.so.2.0.8
7f31af320000-7f31af33c000 r-xp 002b2000 08:06 3809456                    /usr/lib/x86_64-linux-gnu/libvorbisenc.so.2.0.8
7f31af33c000-7f31af33d000 rwxp 002ce000 08:06 3809456                    /usr/lib/x86_64-linux-gnu/libvorbisenc.so.2.0.8
7f31af33d000-7f31af385000 r-xp 00000000 08:06 3809156                    /usr/lib/x86_64-linux-gnu/libFLAC.so.8.2.0
7f31af385000-7f31af585000 ---p 00048000 08:06 3809156                    /usr/lib/x86_64-linux-gnu/libFLAC.so.8.2.0
7f31af585000-7f31af586000 r-xp 00048000 08:06 3809156                    /usr/lib/x86_64-linux-gnu/libFLAC.so.8.2.0
7f31af586000-7f31af587000 rwxp 00049000 08:06 3809156                    /usr/lib/x86_64-linux-gnu/libFLAC.so.8.2.0
7f31af587000-7f31af58c000 r-xp 00000000 08:06 3809265                    /usr/lib/x86_64-linux-gnu/libasyncns.so.0.3.1
7f31af58c000-7f31af78b000 ---p 00005000 08:06 3809265                    /usr/lib/x86_64-linux-gnu/libasyncns.so.0.3.1
7f31af78b000-7f31af78c000 r-xp 00004000 08:06 3809265                    /usr/lib/x86_64-linux-gnu/libasyncns.so.0.3.1
7f31af78c000-7f31af78d000 rwxp 00005000 08:06 3809265                    /usr/lib/x86_64-linux-gnu/libasyncns.so.0.3.1
7f31af78d000-7f31af7ed000 r-xp 00000000 08:06 3809429                    /usr/lib/x86_64-linux-gnu/libsndfile.so.1.0.24
7f31af7ed000-7f31af9ed000 ---p 00060000 08:06 3809429                    /usr/lib/x86_64-linux-gnu/libsndfile.so.1.0.24
7f31af9ed000-7f31af9ef000 r-xp 00060000 08:06 3809429                    /usr/lib/x86_64-linux-gnu/libsndfile.so.1.0.24
7f31af9ef000-7f31af9f0000 rwxp 00062000 08:06 3809429                    /usr/lib/x86_64-linux-gnu/libsndfile.so.1.0.24
7f31af9f0000-7f31af9f4000 rwxp 00000000 00:00 0 
7f31af9f4000-7f31af9fc000 r-xp 00000000 08:06 3280658                    /lib/x86_64-linux-gnu/libwrap.so.0.7.6
7f31af9fc000-7f31afbfb000 ---p 00008000 08:06 3280658                    /lib/x86_64-linux-gnu/libwrap.so.0.7.6
7f31afbfb000-7f31afbfc000 r-xp 00007000 08:06 3280658                    /lib/x86_64-linux-gnu/libwrap.so.0.7.6
7f31afbfc000-7f31afbfd000 rwxp 00008000 08:06 3280658                    /lib/x86_64-linux-gnu/libwrap.so.0.7.6
7f31afbfd000-7f31afc3f000 r-xp 00000000 08:06 3280587                    /lib/x86_64-linux-gnu/libdbus-1.so.3.5.7
7f31afc3f000-7f31afe3e000 ---p 00042000 08:06 3280587                    /lib/x86_64-linux-gnu/libdbus-1.so.3.5.7
7f31afe3e000-7f31afe3f000 r-xp 00041000 08:06 3280587                    /lib/x86_64-linux-gnu/libdbus-1.so.3.5.7
7f31afe3f000-7f31afe40000 rwxp 00042000 08:06 3280587                    /lib/x86_64-linux-gnu/libdbus-1.so.3.5.7
7f31afe40000-7f31afe9c000 r-xp 00000000 08:06 3809314                    /usr/lib/x86_64-linux-gnu/libpulsecommon-1.0.so
7f31afe9c000-7f31b009c000 ---p 0005c000 08:06 3809314                    /usr/lib/x86_64-linux-gnu/libpulsecommon-1.0.so
7f31b009c000-7f31b009d000 r-xp 0005c000 08:06 3809314                    /usr/lib/x86_64-linux-gnu/libpulsecommon-1.0.so
7f31b009d000-7f31b009e000 rwxp 0005d000 08:06 3809314                    /usr/lib/x86_64-linux-gnu/libpulsecommon-1.0.so
7f31b009e000-7f31b00a5000 r-xp 00000000 08:06 3809363                    /usr/lib/x86_64-linux-gnu/libjson.so.0.0.1
7f31b00a5000-7f31b02a4000 ---p 00007000 08:06 3809363                    /usr/lib/x86_64-linux-gnu/libjson.so.0.0.1
7f31b02a4000-7f31b02a5000 r-xp 00006000 08:06 3809363                    /usr/lib/x86_64-linux-gnu/libjson.so.0.0.1
7f31b02a5000-7f31b02a6000 rwxp 00007000 08:06 3809363                    /usr/lib/x86_64-linux-gnu/libjson.so.0.0.1
7f31b02a6000-7f31b02ec000 r-xp 00000000 08:06 3809289                    /usr/lib/x86_64-linux-gnu/libpulse.so.0.13.4
7f31b02ec000-7f31b04eb000 ---p 00046000 08:06 3809289                    /usr/lib/x86_64-linux-gnu/libpulse.so.0.13.4
7f31b04eb000-7f31b04ec000 r-xp 00045000 08:06 3809289                    /usr/lib/x86_64-linux-gnu/libpulse.so.0.13.4
7f31b04ec000-7f31b04ed000 rwxp 00046000 08:06 3809289                    /usr/lib/x86_64-linux-gnu/libpulse.so.0.13.4
7f31b0808000-7f31b0850000 rwxp 00000000 00:00 0 
7f31b0850000-7f31b0f50000 rwxs 00006000 00:05 5873                       /dev/ati/card0
7f31b0f50000-7f31b1050000 rwxp 00000000 00:00 0 
7f31b1050000-7f31b1052000 r-xp 00000000 08:06 3809247                    /usr/lib/x86_64-linux-gnu/libXinerama.so.1.0.0
7f31b1052000-7f31b1251000 ---p 00002000 08:06 3809247                    /usr/lib/x86_64-linux-gnu/libXinerama.so.1.0.0
7f31b1251000-7f31b1252000 r-xp 00001000 08:06 3809247                    /usr/lib/x86_64-linux-gnu/libXinerama.so.1.0.0
7f31b1252000-7f31b1253000 rwxp 00002000 08:06 3809247                    /usr/lib/x86_64-linux-gnu/libXinerama.so.1.0.0
7f31b1253000-7f31b128e000 r-xp 00000000 08:06 3804222                    /usr/lib/fglrx/libatiadlxx.so
7f31b128e000-7f31b138e000 ---p 0003b000 08:06 3804222                    /usr/lib/fglrx/libatiadlxx.so
7f31b138e000-7f31b1397000 rwxp 0003b000 08:06 3804222                    /usr/lib/fglrx/libatiadlxx.so
7f31b1397000-7f31b13a8000 rwxp 00000000 00:00 0 
7f31b13a8000-7f31b13af000 r-xp 00000000 08:06 3804253                    /usr/lib/fglrx/libatiuki.so.1.0
7f31b13af000-7f31b14af000 ---p 00007000 08:06 3804253                    /usr/lib/fglrx/libatiuki.so.1.0
7f31b14af000-7f31b14b0000 rwxp 00007000 08:06 3804253                    /usr/lib/fglrx/libatiuki.so.1.0
7f31b14b0000-7f31b14b1000 rwxp 00000000 00:00 0 
7f31b14b1000-7f31b340b000 r-xp 00000000 08:06 3804265                    /usr/lib/fglrx/dri/fglrx_dri.so
7f31b340b000-7f31b350b000 ---p 01f5a000 08:06 3804265                    /usr/lib/fglrx/dri/fglrx_dri.so
7f31b350b000-7f31b3659000 rwxp 01f5a000 08:06 3804265                    /usr/lib/fglrx/dri/fglrx_dri.so
7f31b3659000-7f31b377f000 rwxp 00000000 00:00 0 
7f31b377f000-7f31b3842000 r-xp 00000000 08:06 3804219                    /usr/lib/fglrx/libGL.so.1.2
7f31b3842000-7f31b3941000 ---p 000c3000 08:06 3804219                    /usr/lib/fglrx/libGL.so.1.2
7f31b3941000-7f31b3968000 rwxp 000c2000 08:06 3804219                    /usr/lib/fglrx/libGL.so.1.2
7f31b3968000-7f31b3988000 rwxp 00000000 00:00 0 
7f31b3988000-7f31b398d000 r-xp 00000000 08:06 3809259                    /usr/lib/x86_64-linux-gnu/libXxf86vm.so.1.0.0
7f31b398d000-7f31b3b8c000 ---p 00005000 08:06 3809259                    /usr/lib/x86_64-linux-gnu/libXxf86vm.so.1.0.0
7f31b3b8c000-7f31b3b8d000 r-xp 00004000 08:06 3809259                    /usr/lib/x86_64-linux-gnu/libXxf86vm.so.1.0.0
7f31b3b8d000-7f31b3b8e000 rwxp 00005000 08:06 3809259                    /usr/lib/x86_64-linux-gnu/libXxf86vm.so.1.0.0
7f31b3b8e000-7f31b3b96000 r-xp 00000000 08:06 3809249                    /usr/lib/x86_64-linux-gnu/libXrandr.so.2.2.0
7f31b3b96000-7f31b3d95000 ---p 00008000 08:06 3809249                    /usr/lib/x86_64-linux-gnu/libXrandr.so.2.2.0
7f31b3d95000-7f31b3d96000 r-xp 00007000 08:06 3809249                    /usr/lib/x86_64-linux-gnu/libXrandr.so.2.2.0
7f31b3d96000-7f31b3d97000 rwxp 00008000 08:06 3809249                    /usr/lib/x86_64-linux-gnu/libXrandr.so.2.2.0
7f31b3d97000-7f31b3dfd000 r-xp 00000000 08:07 10375991                   /home/aaron/Projects/jMonkeyProjects/jmeplanet/liblwjgl64.so
7f31b3dfd000-7f31b3ffd000 ---p 00066000 08:07 10375991                   /home/aaron/Projects/jMonkeyProjects/jmeplanet/liblwjgl64.so
7f31b3ffd000-7f31b3fff000 r-xp 00066000 08:07 10375991                   /home/aaron/Projects/jMonkeyProjects/jmeplanet/liblwjgl64.so
7f31b3fff000-7f31b4000000 rwxp 00068000 08:07 10375991                   /home/aaron/Projects/jMonkeyProjects/jmeplanet/liblwjgl64.so
7f31b4000000-7f31b591c000 rwxp 00000000 00:00 0 
7f31b591c000-7f31b8000000 ---p 00000000 00:00 0 
7f31b802b000-7f31b80ab000 rwxp 00000000 00:00 0 
7f31b80ab000-7f31b80ae000 ---p 00000000 00:00 0 
7f31b80ae000-7f31b81ac000 rwxp 00000000 00:00 0 
7f31b81ac000-7f31b81ad000 r-xs 00000000 08:06 1058117                    /var/cache/fontconfig/c05880de57d1f5e948fdfacc138775d9-le64.cache-3
7f31b81ad000-7f31b81b6000 r-xs 00000000 08:06 1049056                    /var/cache/fontconfig/945677eb7aeaf62f1d50efc3fb3ec7d8-le64.cache-3
7f31b81b6000-7f31b81ba000 r-xs 00000000 08:06 1058114                    /var/cache/fontconfig/99e8ed0e538f840c565b6ed5dad60d56-le64.cache-3
7f31b81ba000-7f31b81c2000 r-xs 00000000 08:06 1058144                    /var/cache/fontconfig/e383d7ea5fbe662a33d9b44caf393297-le64.cache-3
7f31b81c2000-7f31b81c6000 r-xs 00000000 08:06 1058112                    /var/cache/fontconfig/2cd17615ca594fa2959ae173292e504c-le64.cache-3
7f31b81c6000-7f31b81c7000 r-xs 00000000 08:06 1058111                    /var/cache/fontconfig/e7071f4a29fa870f4323321c154eba04-le64.cache-3
7f31b81c7000-7f31b81cc000 r-xs 00000000 08:06 1058110                    /var/cache/fontconfig/6eb3985aa4124903f6ff08ba781cd364-le64.cache-3
7f31b81ff000-7f31b827f000 rwxp 00000000 00:00 0 
7f31b827f000-7f31b829f000 rwxs c4000000 00:05 5873                       /dev/ati/card0
7f31b829f000-7f31b82a0000 r-xp 00000000 08:06 3936931                    /usr/lib/jvm/java-6-sun-1.6.0.26/jre/lib/amd64/libjawt.so
7f31b82a0000-7f31b839f000 ---p 00001000 08:06 3936931                    /usr/lib/jvm/java-6-sun-1.6.0.26/jre/lib/amd64/libjawt.so
7f31b839f000-7f31b83a0000 rwxp 00000000 08:06 3936931                    /usr/lib/jvm/java-6-sun-1.6.0.26/jre/lib/amd64/libjawt.so
7f31b83a0000-7f31b83a3000 ---p 00000000 00:00 0 
7f31b83a3000-7f31b84a1000 rwxp 00000000 00:00 0 
7f31b84a1000-7f31b84a6000 r-xp 00000000 08:06 3809241                    /usr/lib/x86_64-linux-gnu/libXfixes.so.3.1.0
7f31b84a6000-7f31b86a5000 ---p 00005000 08:06 3809241                    /usr/lib/x86_64-linux-gnu/libXfixes.so.3.1.0
7f31b86a5000-7f31b86a6000 r-xp 00004000 08:06 3809241                    /usr/lib/x86_64-linux-gnu/libXfixes.so.3.1.0
7f31b86a6000-7f31b86a7000 rwxp 00005000 08:06 3809241                    /usr/lib/x86_64-linux-gnu/libXfixes.so.3.1.0
7f31b86a7000-7f31b86b0000 r-xp 00000000 08:06 3809251                    /usr/lib/x86_64-linux-gnu/libXrender.so.1.3.0
7f31b86b0000-7f31b88b0000 ---p 00009000 08:06 3809251                    /usr/lib/x86_64-linux-gnu/libXrender.so.1.3.0
7f31b88b0000-7f31b88b1000 r-xp 00009000 08:06 3809251                    /usr/lib/x86_64-linux-gnu/libXrender.so.1.3.0
7f31b88b1000-7f31b88b2000 rwxp 0000a000 08:06 3809251                    /usr/lib/x86_64-linux-gnu/libXrender.so.1.3.0
7f31b88b2000-7f31b88bb000 r-xp 00000000 08:06 3809233                    /usr/lib/x86_64-linux-gnu/libXcursor.so.1.0.2
7f31b88bb000-7f31b8aba000 ---p 00009000 08:06 3809233                    /usr/lib/x86_64-linux-gnu/libXcursor.so.1.0.2
7f31b8aba000-7f31b8abb000 r-xp 00008000 08:06 3809233                    /usr/lib/x86_64-linux-gnu/libXcursor.so.1.0.2
7f31b8abb000-7f31b8abc000 rwxp 00009000 08:06 3809233                    /usr/lib/x86_64-linux-gnu/libXcursor.so.1.0.2
7f31b8ad2000-7f31b8ad9000 r-xs 00000000 08:06 3940598                    /usr/lib/x86_64-linux-gnu/gconv/gconv-modules.cache
7f31b8ad9000-7f31b8ada000 rwxs 00005000 00:05 5873                       /dev/ati/card0
7f31b8ada000-7f31b8adc000 rwxs 00002000 00:05 5873                       /dev/ati/card0
7f31b8adc000-7f31b8adf000 ---p 00000000 00:00 0 
7f31b8adf000-7f31b8bdd000 rwxp 00000000 00:00 0 
7f31b8bdd000-7f31b8c56000 r-xp 00000000 08:06 3936114                    /usr/lib/jvm/java-6-sun-1.6.0.26/jre/lib/amd64/libfontmanager.so
7f31b8c56000-7f31b8d55000 ---p 00079000 08:06 3936114                    /usr/lib/jvm/java-6-sun-1.6.0.26/jre/lib/amd64/libfontmanager.so
7f31b8d55000-7f31b8d6a000 rwxp 00078000 08:06 3936114                    /usr/lib/jvm/java-6-sun-1.6.0.26/jre/lib/amd64/libfontmanager.so
7f31b8d6a000-7f31b8d7b000 rwxp 00000000 00:00 0 
7f31b8d7b000-7f31b8d80000 r-xp 00000000 08:06 3809237                    /usr/lib/x86_64-linux-gnu/libXdmcp.so.6.0.0
7f31b8d80000-7f31b8f7f000 ---p 00005000 08:06 3809237                    /usr/lib/x86_64-linux-gnu/libXdmcp.so.6.0.0
7f31b8f7f000-7f31b8f80000 r-xp 00004000 08:06 3809237                    /usr/lib/x86_64-linux-gnu/libXdmcp.so.6.0.0
7f31b8f80000-7f31b8f81000 rwxp 00005000 08:06 3809237                    /usr/lib/x86_64-linux-gnu/libXdmcp.so.6.0.0
7f31b8f81000-7f31b8f83000 r-xp 00000000 08:06 3809229                    /usr/lib/x86_64-linux-gnu/libXau.so.6.0.0
7f31b8f83000-7f31b9182000 ---p 00002000 08:06 3809229                    /usr/lib/x86_64-linux-gnu/libXau.so.6.0.0
7f31b9182000-7f31b9183000 r-xp 00001000 08:06 3809229                    /usr/lib/x86_64-linux-gnu/libXau.so.6.0.0
7f31b9183000-7f31b9184000 rwxp 00002000 08:06 3809229                    /usr/lib/x86_64-linux-gnu/libXau.so.6.0.0
7f31b9184000-7f31b91a1000 r-xp 00000000 08:06 3807879                    /usr/lib/x86_64-linux-gnu/libxcb.so.1.1.0
7f31b91a1000-7f31b93a0000 ---p 0001d000 08:06 3807879                    /usr/lib/x86_64-linux-gnu/libxcb.so.1.1.0
7f31b93a0000-7f31b93a1000 r-xp 0001c000 08:06 3807879                    /usr/lib/x86_64-linux-gnu/libxcb.so.1.1.0
7f31b93a1000-7f31b93a2000 rwxp 0001d000 08:06 3807879                    /usr/lib/x86_64-linux-gnu/libxcb.so.1.1.0
7f31b93a2000-7f31b93b1000 r-xp 00000000 08:06 3809245                    /usr/lib/x86_64-linux-gnu/libXi.so.6.1.0
7f31b93b1000-7f31b95b0000 ---p 0000f000 08:06 3809245                    /usr/lib/x86_64-linux-gnu/libXi.so.6.1.0
7f31b95b0000-7f31b95b1000 r-xp 0000e000 08:06 3809245                    /usr/lib/x86_64-linux-gnu/libXi.so.6.1.0
7f31b95b1000-7f31b95b2000 rwxp 0000f000 08:06 3809245                    /usr/lib/x86_64-linux-gnu/libXi.so.6.1.0
7f31b95b2000-7f31b95b7000 r-xp 00000000 08:06 3802679                    /usr/lib/libXtst.so.6.1.0
7f31b95b7000-7f31b97b6000 ---p 00005000 08:06 3802679                    /usr/lib/libXtst.so.6.1.0
7f31b97b6000-7f31b97b7000 r-xp 00004000 08:06 3802679                    /usr/lib/libXtst.so.6.1.0
7f31b97b7000-7f31b97b8000 rwxp 00005000 08:06 3802679                    /usr/lib/libXtst.so.6.1.0
7f31b97b8000-7f31b98eb000 r-xp 00000000 08:06 3809227                    /usr/lib/x86_64-linux-gnu/libX11.so.6.3.0
7f31b98eb000-7f31b9aeb000 ---p 00133000 08:06 3809227                    /usr/lib/x86_64-linux-gnu/libX11.so.6.3.0
7f31b9aeb000-7f31b9aec000 r-xp 00133000 08:06 3809227                    /usr/lib/x86_64-linux-gnu/libX11.so.6.3.0
7f31b9aec000-7f31b9af0000 rwxp 00134000 08:06 3809227                    /usr/lib/x86_64-linux-gnu/libX11.so.6.3.0
7f31b9af0000-7f31b9b02000 r-xp 00000000 08:06 3809239                    /usr/lib/x86_64-linux-gnu/libXext.so.6.4.0
7f31b9b02000-7f31b9d01000 ---p 00012000 08:06 3809239                    /usr/lib/x86_64-linux-gnu/libXext.so.6.4.0
7f31b9d01000-7f31b9d02000 r-xp 00011000 08:06 3809239                    /usr/lib/x86_64-linux-gnu/libXext.so.6.4.0
7f31b9d02000-7f31b9d03000 rwxp 00012000 08:06 3809239                    /usr/lib/x86_64-linux-gnu/libXext.so.6.4.0
7f31b9d03000-7f31b9d13000 r-xs 00000000 08:06 1058096                    /var/cache/fontconfig/0f34bcd4b6ee430af32735b75db7f02b-le64.cache-3
7f31b9d13000-7f31b9d23000 r-xs 00000000 08:06 1058092                    /var/cache/fontconfig/d52a8644073d54c13679302ca1180695-le64.cache-3
7f31b9d23000-7f31b9d65000 r-xp 00000000 08:06 3936066                    /usr/lib/jvm/java-6-sun-1.6.0.26/jre/lib/amd64/xawt/libmawt.so
7f31b9d65000-7f31b9e64000 ---p 00042000 08:06 3936066                    /usr/lib/jvm/java-6-sun-1.6.0.26/jre/lib/amd64/xawt/libmawt.so
7f31b9e64000-7f31b9e70000 rwxp 00041000 08:06 3936066                    /usr/lib/jvm/java-6-sun-1.6.0.26/jre/lib/amd64/xawt/libmawt.so
7f31b9e70000-7f31b9e71000 rwxp 00000000 00:00 0 
7f31b9e71000-7f31b9f03000 r-xp 00000000 08:06 3936072                    /usr/lib/jvm/java-6-sun-1.6.0.26/jre/lib/amd64/libawt.so
7f31b9f03000-7f31ba002000 ---p 00092000 08:06 3936072                    /usr/lib/jvm/java-6-sun-1.6.0.26/jre/lib/amd64/libawt.so
7f31ba002000-7f31ba01c000 rwxp 00091000 08:06 3936072                    /usr/lib/jvm/java-6-sun-1.6.0.26/jre/lib/amd64/libawt.so
7f31ba01c000-7f31ba040000 rwxp 00000000 00:00 0 
7f31ba040000-7f31ba043000 ---p 00000000 00:00 0 
7f31ba043000-7f31ba141000 rwxp 00000000 00:00 0 
7f31ba141000-7f31ba145000 r-xs 000cb000 08:06 3805216                    /usr/lib/jvm/java-6-sun-1.6.0.26/jre/lib/ext/localedata.jar
7f31ba145000-7f31ba148000 r-xs 0001a000 08:07 10618362                   /home/aaron/Apps/jmonkeyplatform/jmonkeyplatform/libs/xmlpull-xpp3.jar
7f31ba148000-7f31ba14a000 r-xs 00012000 08:07 10618454                   /home/aaron/Apps/jmonkeyplatform/jmonkeyplatform/libs/eventbus.jar
7f31ba14a000-7f31ba14d000 r-xs 0000f000 08:07 10618145                   /home/aaron/Apps/jmonkeyplatform/jmonkeyplatform/libs/nifty-style-black.jar
7f31ba14d000-7f31ba155000 r-xs 00033000 08:07 10617850                   /home/aaron/Apps/jmonkeyplatform/jmonkeyplatform/libs/nifty-default-controls.jar
7f31ba155000-7f31ba15f000 r-xs 0006c000 08:07 10618525                   /home/aaron/Apps/jmonkeyplatform/jmonkeyplatform/libs/nifty.jar
7f31ba15f000-7f31ba160000 r-xs 00004000 08:07 10618878                   /home/aaron/Apps/jmonkeyplatform/jmonkeyplatform/libs/jME3-niftygui.jar
7f31ba160000-7f31ba161000 r-xs 0000b000 08:07 10618394                   /home/aaron/Apps/jmonkeyplatform/jmonkeyplatform/libs/stack-alloc.jar
7f31ba161000-7f31ba163000 r-xs 0003c000 08:07 10618568                   /home/aaron/Apps/jmonkeyplatform/jmonkeyplatform/libs/vecmath.jar
7f31ba163000-7f31ba16d000 r-xs 00079000 08:07 10618478                   /home/aaron/Apps/jmonkeyplatform/jmonkeyplatform/libs/jbullet.jar
7f31ba16d000-7f31ba170000 r-xs 00020000 08:07 10618359                   /home/aaron/Apps/jmonkeyplatform/jmonkeyplatform/libs/jME3-jbullet.jar
7f31ba170000-7f31ba17d000 r-xs 000d2000 08:07 10618524                   /home/aaron/Apps/jmonkeyplatform/jmonkeyplatform/libs/lwjgl.jar
7f31ba17d000-7f31ba181000 r-xs 00030000 08:07 10618504                   /home/aaron/Apps/jmonkeyplatform/jmonkeyplatform/libs/jinput.jar
7f31ba181000-7f31ba183000 r-xs 001e9000 08:07 10618103                   /home/aaron/Apps/jmonkeyplatform/jmonkeyplatform/libs/jME3-lwjgl-natives.jar
7f31ba183000-7f31ba185000 r-xs 00016000 08:07 10618877                   /home/aaron/Apps/jmonkeyplatform/jmonkeyplatform/libs/jME3-lwjgl.jar
7f31ba185000-7f31ba189000 r-xs 00021000 08:07 10618880                   /home/aaron/Apps/jmonkeyplatform/jmonkeyplatform/libs/jME3-terrain.jar
7f31ba189000-7f31ba18a000 r-xs 00009000 08:07 10618335                   /home/aaron/Apps/jmonkeyplatform/jmonkeyplatform/libs/j-ogg-vorbisd.jar
7f31ba18a000-7f31ba18c000 r-xs 00005000 08:07 10618417                   /home/aaron/Apps/jmonkeyplatform/jmonkeyplatform/libs/j-ogg-oggd.jar
7f31ba18c000-7f31ba18d000 r-xs 00002000 08:07 10618876                   /home/aaron/Apps/jmonkeyplatform/jmonkeyplatform/libs/jME3-jogg.jar
7f31ba18d000-7f31ba18e000 r-xs 0000f000 08:07 10618879                   /home/aaron/Apps/jmonkeyplatform/jmonkeyplatform/libs/jME3-plugins.jar
7f31ba18e000-7f31ba190000 r-xs 00032000 08:07 10618875                   /home/aaron/Apps/jmonkeyplatform/jmonkeyplatform/libs/jME3-desktop.jar
7f31ba190000-7f31ba1a2000 r-xs 00175000 08:07 10618874                   /home/aaron/Apps/jmonkeyplatform/jmonkeyplatform/libs/jME3-core.jar
7f31ba1a2000-7f31ba1a3000 ---p 00000000 00:00 0 
7f31ba1a3000-7f31ba2a3000 rwxp 00000000 00:00 0 
7f31ba2a3000-7f31ba2a6000 ---p 00000000 00:00 0 
7f31ba2a6000-7f31ba3a4000 rwxp 00000000 00:00 0 
7f31ba3a4000-7f31ba3a7000 ---p 00000000 00:00 0 
7f31ba3a7000-7f31ba4a5000 rwxp 00000000 00:00 0 
7f31ba4a5000-7f31ba4a8000 ---p 00000000 00:00 0 
7f31ba4a8000-7f31ba5a6000 rwxp 00000000 00:00 0 
7f31ba5a6000-7f31ba5a9000 ---p 00000000 00:00 0 
7f31ba5a9000-7f31ba6a7000 rwxp 00000000 00:00 0 
7f31ba6a7000-7f31ba970000 r-xp 00000000 08:06 3807955                    /usr/lib/locale/locale-archive
7f31ba970000-7f31ba973000 ---p 00000000 00:00 0 
7f31ba973000-7f31baa71000 rwxp 00000000 00:00 0 
7f31baa71000-7f31baa74000 ---p 00000000 00:00 0 
7f31baa74000-7f31bab72000 rwxp 00000000 00:00 0 
7f31bab72000-7f31bab73000 ---p 00000000 00:00 0 
7f31bab73000-7f31bb5b0000 rwxp 00000000 00:00 0 
7f31bb5b0000-7f31bb748000 r-xs 03029000 08:06 3813223                    /usr/lib/jvm/java-6-sun-1.6.0.26/jre/lib/rt.jar
7f31bb748000-7f31bb770000 rwxp 00000000 00:00 0 
7f31bb770000-7f31bb771000 ---p 00000000 00:00 0 
7f31bb771000-7f31bb871000 rwxp 00000000 00:00 0 
7f31bb871000-7f31bb872000 ---p 00000000 00:00 0 
7f31bb872000-7f31bb972000 rwxp 00000000 00:00 0 
7f31bb972000-7f31bb973000 ---p 00000000 00:00 0 
7f31bb973000-7f31bba73000 rwxp 00000000 00:00 0 
7f31bba73000-7f31bba74000 ---p 00000000 00:00 0 
7f31bba74000-7f31bbb74000 rwxp 00000000 00:00 0 
7f31bbb74000-7f31bbb75000 ---p 00000000 00:00 0 
7f31bbb75000-7f31bbc75000 rwxp 00000000 00:00 0 
7f31bbc75000-7f31bbc76000 ---p 00000000 00:00 0 
7f31bbc76000-7f31bbd76000 rwxp 00000000 00:00 0 
7f31bbd76000-7f31bbd77000 ---p 00000000 00:00 0 
7f31bbd77000-7f31bbe77000 rwxp 00000000 00:00 0 
7f31bbe77000-7f31bbe78000 ---p 00000000 00:00 0 
7f31bbe78000-7f31bbf83000 rwxp 00000000 00:00 0 
7f31bbf83000-7f31bbfa1000 rwxp 00000000 00:00 0 
7f31bbfa1000-7f31bbfb6000 rwxp 00000000 00:00 0 
7f31bbfb6000-7f31bc0ea000 rwxp 00000000 00:00 0 
7f31bc0ea000-7f31bc0f5000 rwxp 00000000 00:00 0 
7f31bc0f5000-7f31bc113000 rwxp 00000000 00:00 0 
7f31bc113000-7f31bc128000 rwxp 00000000 00:00 0 
7f31bc128000-7f31bc25b000 rwxp 00000000 00:00 0 
7f31bc25b000-7f31bc266000 rwxp 00000000 00:00 0 
7f31bc266000-7f31bc300000 rwxp 00000000 00:00 0 
7f31bc300000-7f31bc571000 rwxp 00000000 00:00 0 
7f31bc571000-7f31bf301000 rwxp 00000000 00:00 0 
7f31bf301000-7f31bf30f000 r-xp 00000000 08:06 3936069                    /usr/lib/jvm/java-6-sun-1.6.0.26/jre/lib/amd64/libzip.so
7f31bf30f000-7f31bf411000 ---p 0000e000 08:06 3936069                    /usr/lib/jvm/java-6-sun-1.6.0.26/jre/lib/amd64/libzip.so
7f31bf411000-7f31bf414000 rwxp 00010000 08:06 3936069                    /usr/lib/jvm/java-6-sun-1.6.0.26/jre/lib/amd64/libzip.so
7f31bf414000-7f31bf415000 rwxp 00000000 00:00 0 
7f31bf415000-7f31bf421000 r-xp 00000000 08:06 3280807                    /lib/x86_64-linux-gnu/libnss_files-2.13.so
7f31bf421000-7f31bf620000 ---p 0000c000 08:06 3280807                    /lib/x86_64-linux-gnu/libnss_files-2.13.so
7f31bf620000-7f31bf621000 r-xp 0000b000 08:06 3280807                    /lib/x86_64-linux-gnu/libnss_files-2.13.so
7f31bf621000-7f31bf622000 rwxp 0000c000 08:06 3280807                    /lib/x86_64-linux-gnu/libnss_files-2.13.so
7f31bf622000-7f31bf62c000 r-xp 00000000 08:06 3280809                    /lib/x86_64-linux-gnu/libnss_nis-2.13.so
7f31bf62c000-7f31bf82c000 ---p 0000a000 08:06 3280809                    /lib/x86_64-linux-gnu/libnss_nis-2.13.so
7f31bf82c000-7f31bf82d000 r-xp 0000a000 08:06 3280809                    /lib/x86_64-linux-gnu/libnss_nis-2.13.so
7f31bf82d000-7f31bf82e000 rwxp 0000b000 08:06 3280809                    /lib/x86_64-linux-gnu/libnss_nis-2.13.so
7f31bf82e000-7f31bf836000 r-xp 00000000 08:06 3280805                    /lib/x86_64-linux-gnu/libnss_compat-2.13.so
7f31bf836000-7f31bfa35000 ---p 00008000 08:06 3280805                    /lib/x86_64-linux-gnu/libnss_compat-2.13.so
7f31bfa35000-7f31bfa36000 r-xp 00007000 08:06 3280805                    /lib/x86_64-linux-gnu/libnss_compat-2.13.so
7f31bfa36000-7f31bfa37000 rwxp 00008000 08:06 3280805                    /lib/x86_64-linux-gnu/libnss_compat-2.13.so
7f31bfa37000-7f31bfa4e000 r-xp 00000000 08:06 3280804                    /lib/x86_64-linux-gnu/libnsl-2.13.so
7f31bfa4e000-7f31bfc4d000 ---p 00017000 08:06 3280804                    /lib/x86_64-linux-gnu/libnsl-2.13.so
7f31bfc4d000-7f31bfc4e000 r-xp 00016000 08:06 3280804                    /lib/x86_64-linux-gnu/libnsl-2.13.so
7f31bfc4e000-7f31bfc4f000 rwxp 00017000 08:06 3280804                    /lib/x86_64-linux-gnu/libnsl-2.13.so
7f31bfc4f000-7f31bfc51000 rwxp 00000000 00:00 0 
7f31bfc51000-7f31bfc7a000 r-xp 00000000 08:06 3936438                    /usr/lib/jvm/java-6-sun-1.6.0.26/jre/lib/amd64/libjava.so
7f31bfc7a000-7f31bfd79000 ---p 00029000 08:06 3936438                    /usr/lib/jvm/java-6-sun-1.6.0.26/jre/lib/amd64/libjava.so
7f31bfd79000-7f31bfd80000 rwxp 00028000 08:06 3936438                    /usr/lib/jvm/java-6-sun-1.6.0.26/jre/lib/amd64/libjava.so
7f31bfd80000-7f31bfd8d000 r-xp 00000000 08:06 3936071                    /usr/lib/jvm/java-6-sun-1.6.0.26/jre/lib/amd64/libverify.so
7f31bfd8d000-7f31bfe8c000 ---p 0000d000 08:06 3936071                    /usr/lib/jvm/java-6-sun-1.6.0.26/jre/lib/amd64/libverify.so
7f31bfe8c000-7f31bfe8f000 rwxp 0000c000 08:06 3936071                    /usr/lib/jvm/java-6-sun-1.6.0.26/jre/lib/amd64/libverify.so
7f31bfe8f000-7f31bfe96000 r-xp 00000000 08:06 3280814                    /lib/x86_64-linux-gnu/librt-2.13.so
7f31bfe96000-7f31c0095000 ---p 00007000 08:06 3280814                    /lib/x86_64-linux-gnu/librt-2.13.so
7f31c0095000-7f31c0096000 r-xp 00006000 08:06 3280814                    /lib/x86_64-linux-gnu/librt-2.13.so
7f31c0096000-7f31c0097000 rwxp 00007000 08:06 3280814                    /lib/x86_64-linux-gnu/librt-2.13.so
7f31c0097000-7f31c009a000 ---p 00000000 00:00 0 
7f31c009a000-7f31c0198000 rwxp 00000000 00:00 0 
7f31c0198000-7f31c021b000 r-xp 00000000 08:06 3280802                    /lib/x86_64-linux-gnu/libm-2.13.so
7f31c021b000-7f31c041a000 ---p 00083000 08:06 3280802                    /lib/x86_64-linux-gnu/libm-2.13.so
7f31c041a000-7f31c041b000 r-xp 00082000 08:06 3280802                    /lib/x86_64-linux-gnu/libm-2.13.so
7f31c041b000-7f31c041c000 rwxp 00083000 08:06 3280802                    /lib/x86_64-linux-gnu/libm-2.13.so
7f31c041c000-7f31c0d36000 r-xp 00000000 08:06 3936947                    /usr/lib/jvm/java-6-sun-1.6.0.26/jre/lib/amd64/server/libjvm.so
7f31c0d36000-7f31c0e38000 ---p 0091a000 08:06 3936947                    /usr/lib/jvm/java-6-sun-1.6.0.26/jre/lib/amd64/server/libjvm.so
7f31c0e38000-7f31c0fed000 rwxp 0091c000 08:06 3936947                    /usr/lib/jvm/java-6-sun-1.6.0.26/jre/lib/amd64/server/libjvm.so
7f31c0fed000-7f31c1027000 rwxp 00000000 00:00 0 
7f31c1027000-7f31c11be000 r-xp 00000000 08:06 3280798                    /lib/x86_64-linux-gnu/libc-2.13.so
7f31c11be000-7f31c13bd000 ---p 00197000 08:06 3280798                    /lib/x86_64-linux-gnu/libc-2.13.so
7f31c13bd000-7f31c13c1000 r-xp 00196000 08:06 3280798                    /lib/x86_64-linux-gnu/libc-2.13.so
7f31c13c1000-7f31c13c2000 rwxp 0019a000 08:06 3280798                    /lib/x86_64-linux-gnu/libc-2.13.so
7f31c13c2000-7f31c13c8000 rwxp 00000000 00:00 0 
7f31c13c8000-7f31c13ca000 r-xp 00000000 08:06 3280801                    /lib/x86_64-linux-gnu/libdl-2.13.so
7f31c13ca000-7f31c15ca000 ---p 00002000 08:06 3280801                    /lib/x86_64-linux-gnu/libdl-2.13.so
7f31c15ca000-7f31c15cb000 r-xp 00002000 08:06 3280801                    /lib/x86_64-linux-gnu/libdl-2.13.so
7f31c15cb000-7f31c15cc000 rwxp 00003000 08:06 3280801                    /lib/x86_64-linux-gnu/libdl-2.13.so
7f31c15cc000-7f31c15e4000 r-xp 00000000 08:06 3280812                    /lib/x86_64-linux-gnu/libpthread-2.13.so
7f31c15e4000-7f31c17e3000 ---p 00018000 08:06 3280812                    /lib/x86_64-linux-gnu/libpthread-2.13.so
7f31c17e3000-7f31c17e4000 r-xp 00017000 08:06 3280812                    /lib/x86_64-linux-gnu/libpthread-2.13.so
7f31c17e4000-7f31c17e5000 rwxp 00018000 08:06 3280812                    /lib/x86_64-linux-gnu/libpthread-2.13.so
7f31c17e5000-7f31c17e9000 rwxp 00000000 00:00 0 
7f31c17e9000-7f31c180a000 r-xp 00000000 08:06 3277718                    /lib/x86_64-linux-gnu/ld-2.13.so
7f31c180a000-7f31c1810000 r-xs 00000000 08:06 1058100                    /var/cache/fontconfig/a755afe4a08bf5b97852ceb7400b47bc-le64.cache-3
7f31c1810000-7f31c1819000 r-xs 00000000 08:06 1058098                    /var/cache/fontconfig/6d41288fd70b0be22e8c3a91e032eec0-le64.cache-3
7f31c1819000-7f31c1823000 rwxp 00000000 00:00 0 
7f31c1823000-7f31c18d9000 rwxp 00000000 00:00 0 
7f31c18d9000-7f31c18dc000 rwxp 00000000 00:00 0 
7f31c18dc000-7f31c18e3000 r-xp 00000000 08:06 3936925                    /usr/lib/jvm/java-6-sun-1.6.0.26/jre/lib/amd64/jli/libjli.so
7f31c18e3000-7f31c19e4000 ---p 00007000 08:06 3936925                    /usr/lib/jvm/java-6-sun-1.6.0.26/jre/lib/amd64/jli/libjli.so
7f31c19e4000-7f31c19e6000 rwxp 00008000 08:06 3936925                    /usr/lib/jvm/java-6-sun-1.6.0.26/jre/lib/amd64/jli/libjli.so
7f31c19e6000-7f31c19e7000 rwxp 00000000 00:00 0 
7f31c19e7000-7f31c19e8000 r-xs 00000000 08:06 1058105                    /var/cache/fontconfig/4c73fe0c47614734b17d736dbde7580a-le64.cache-3
7f31c19e8000-7f31c19e9000 r-xs 00000000 08:06 1058103                    /var/cache/fontconfig/0d8c3b2ac0904cb8a57a757ad11a4a08-le64.cache-3
7f31c19e9000-7f31c19ea000 r-xs 00000000 08:06 1058101                    /var/cache/fontconfig/6a53c69dea097a2d716e069445527da8-le64.cache-3
7f31c19ea000-7f31c19ed000 r-xs 00000000 08:06 1058095                    /var/cache/fontconfig/d60319d88cac85ba9e1a07bd06cfbb8c-le64.cache-3
7f31c19ed000-7f31c19ee000 r-xs 00000000 08:06 1058093                    /var/cache/fontconfig/4794a0821666d79190d59a36cb4f44b5-le64.cache-3
7f31c19ee000-7f31c19f9000 r-xs 00000000 08:06 1049051                    /var/cache/fontconfig/e13b20fdb08344e0e664864cc2ede53d-le64.cache-3
7f31c19f9000-7f31c19fd000 r-xs 00000000 08:06 1049036                    /var/cache/fontconfig/7ef2298fde41cc6eeb7af42e48b7d293-le64.cache-3
7f31c19fd000-7f31c1a05000 rwxs 00000000 08:06 5380735                    /tmp/hsperfdata_aaron/31456 (deleted)
7f31c1a05000-7f31c1a06000 rwxp 00000000 00:00 0 
7f31c1a06000-7f31c1a07000 ---p 00000000 00:00 0 
7f31c1a07000-7f31c1a09000 rwxp 00000000 00:00 0 
7f31c1a09000-7f31c1a0a000 r-xp 00020000 08:06 3277718                    /lib/x86_64-linux-gnu/ld-2.13.so
7f31c1a0a000-7f31c1a0c000 rwxp 00021000 08:06 3277718                    /lib/x86_64-linux-gnu/ld-2.13.so
7fff6c093000-7fff6c0b4000 rwxp 00000000 00:00 0                          [stack]
7fff6c1b7000-7fff6c1b8000 r-xp 00000000 00:00 0                          [vdso]
ffffffffff600000-ffffffffff601000 r-xp 00000000 00:00 0                  [vsyscall]

VM Arguments:
jvm_args: -Dfile.encoding=UTF-8 
java_command: jmeplanet.test.App
Launcher Type: SUN_STANDARD

Environment Variables:
PATH=/usr/local/sbin:/usr/local/bin:/usr/sbin:/usr/bin:/sbin:/bin:/usr/games
LD_LIBRARY_PATH=/usr/lib/jvm/java-6-sun-1.6.0.26/jre/lib/amd64/server:/usr/lib/jvm/java-6-sun-1.6.0.26/jre/lib/amd64:/usr/lib/jvm/java-6-sun-1.6.0.26/jre/../lib/amd64
SHELL=/bin/bash
DISPLAY=:0

Signal Handlers:
SIGSEGV: [libjvm.so+0x85f800], sa_mask[0]=0x7ffbfeff, sa_flags=0x10000004
SIGBUS: [libjvm.so+0x85f800], sa_mask[0]=0x7ffbfeff, sa_flags=0x10000004
SIGFPE: [libjvm.so+0x70e300], sa_mask[0]=0x7ffbfeff, sa_flags=0x10000004
SIGPIPE: [libjvm.so+0x70e300], sa_mask[0]=0x7ffbfeff, sa_flags=0x10000004
SIGXFSZ: [libjvm.so+0x70e300], sa_mask[0]=0x7ffbfeff, sa_flags=0x10000004
SIGILL: [libjvm.so+0x70e300], sa_mask[0]=0x7ffbfeff, sa_flags=0x10000004
SIGUSR1: SIG_DFL, sa_mask[0]=0x00000000, sa_flags=0x00000000
SIGUSR2: [libjvm.so+0x711110], sa_mask[0]=0x00000004, sa_flags=0x10000004
SIGHUP: [libjvm.so+0x710d10], sa_mask[0]=0x7ffbfeff, sa_flags=0x10000004
SIGINT: SIG_IGN, sa_mask[0]=0x00000000, sa_flags=0x00000000
SIGTERM: [libjvm.so+0x710d10], sa_mask[0]=0x7ffbfeff, sa_flags=0x10000004
SIGQUIT: [libjvm.so+0x710d10], sa_mask[0]=0x7ffbfeff, sa_flags=0x10000004


---------------  S Y S T E M  ---------------

OS:wheezy/sid

uname:Linux 3.0.0-17-generic #30-Ubuntu SMP Thu Mar 8 20:45:39 UTC 2012 x86_64
libc:glibc 2.13 NPTL 2.13 
rlimit: STACK 8192k, CORE 0k, NPROC 31363, NOFILE 4096, AS infinity
load average:0.15 0.11 0.12

/proc/meminfo:
MemTotal:        4038188 kB
MemFree:          140976 kB
Buffers:           56264 kB
Cached:           703748 kB
SwapCached:        44536 kB
Active:          2310208 kB
Inactive:        1087668 kB
Active(anon):    1926540 kB
Inactive(anon):   744664 kB
Active(file):     383668 kB
Inactive(file):   343004 kB
Unevictable:           0 kB
Mlocked:               0 kB
SwapTotal:       3904508 kB
SwapFree:        3804116 kB
Dirty:               324 kB
Writeback:             0 kB
AnonPages:       2595640 kB
Mapped:           240564 kB
Shmem:             33340 kB
Slab:             159976 kB
SReclaimable:     125328 kB
SUnreclaim:        34648 kB
KernelStack:        4600 kB
PageTables:        45376 kB
NFS_Unstable:          0 kB
Bounce:                0 kB
WritebackTmp:          0 kB
CommitLimit:     5923600 kB
Committed_AS:    5367568 kB
VmallocTotal:   34359738367 kB
VmallocUsed:      318908 kB
VmallocChunk:   34359417256 kB
HardwareCorrupted:     0 kB
AnonHugePages:         0 kB
HugePages_Total:       0
HugePages_Free:        0
HugePages_Rsvd:        0
HugePages_Surp:        0
Hugepagesize:       2048 kB
DirectMap4k:     1302528 kB
DirectMap2M:     2875392 kB


CPU:total 8 (4 cores per cpu, 2 threads per core) family 6 model 42 stepping 7, cmov, cx8, fxsr, mmx, sse, sse2, sse3, ssse3, sse4.1, sse4.2, popcnt, ht

/proc/cpuinfo:
processor	: 0
vendor_id	: GenuineIntel
cpu family	: 6
model		: 42
model name	: Intel(R) Core(TM) i7-2630QM CPU @ 2.00GHz
stepping	: 7
cpu MHz		: 800.000
cache size	: 6144 KB
physical id	: 0
siblings	: 8
core id		: 0
cpu cores	: 4
apicid		: 0
initial apicid	: 0
fpu		: yes
fpu_exception	: yes
cpuid level	: 13
wp		: yes
flags		: fpu vme de pse tsc msr pae mce cx8 apic sep mtrr pge mca cmov pat pse36 clflush dts acpi mmx fxsr sse sse2 ss ht tm pbe syscall nx rdtscp lm constant_tsc arch_perfmon pebs bts rep_good nopl xtopology nonstop_tsc aperfmperf pni pclmulqdq dtes64 monitor ds_cpl vmx est tm2 ssse3 cx16 xtpr pdcm sse4_1 sse4_2 x2apic popcnt xsave avx lahf_lm ida arat epb xsaveopt pln pts dts tpr_shadow vnmi flexpriority ept vpid
bogomips	: 3990.86
clflush size	: 64
cache_alignment	: 64
address sizes	: 36 bits physical, 48 bits virtual
power management:

processor	: 1
vendor_id	: GenuineIntel
cpu family	: 6
model		: 42
model name	: Intel(R) Core(TM) i7-2630QM CPU @ 2.00GHz
stepping	: 7
cpu MHz		: 800.000
cache size	: 6144 KB
physical id	: 0
siblings	: 8
core id		: 0
cpu cores	: 4
apicid		: 1
initial apicid	: 1
fpu		: yes
fpu_exception	: yes
cpuid level	: 13
wp		: yes
flags		: fpu vme de pse tsc msr pae mce cx8 apic sep mtrr pge mca cmov pat pse36 clflush dts acpi mmx fxsr sse sse2 ss ht tm pbe syscall nx rdtscp lm constant_tsc arch_perfmon pebs bts rep_good nopl xtopology nonstop_tsc aperfmperf pni pclmulqdq dtes64 monitor ds_cpl vmx est tm2 ssse3 cx16 xtpr pdcm sse4_1 sse4_2 x2apic popcnt xsave avx lahf_lm ida arat epb xsaveopt pln pts dts tpr_shadow vnmi flexpriority ept vpid
bogomips	: 3990.80
clflush size	: 64
cache_alignment	: 64
address sizes	: 36 bits physical, 48 bits virtual
power management:

processor	: 2
vendor_id	: GenuineIntel
cpu family	: 6
model		: 42
model name	: Intel(R) Core(TM) i7-2630QM CPU @ 2.00GHz
stepping	: 7
cpu MHz		: 800.000
cache size	: 6144 KB
physical id	: 0
siblings	: 8
core id		: 1
cpu cores	: 4
apicid		: 2
initial apicid	: 2
fpu		: yes
fpu_exception	: yes
cpuid level	: 13
wp		: yes
flags		: fpu vme de pse tsc msr pae mce cx8 apic sep mtrr pge mca cmov pat pse36 clflush dts acpi mmx fxsr sse sse2 ss ht tm pbe syscall nx rdtscp lm constant_tsc arch_perfmon pebs bts rep_good nopl xtopology nonstop_tsc aperfmperf pni pclmulqdq dtes64 monitor ds_cpl vmx est tm2 ssse3 cx16 xtpr pdcm sse4_1 sse4_2 x2apic popcnt xsave avx lahf_lm ida arat epb xsaveopt pln pts dts tpr_shadow vnmi flexpriority ept vpid
bogomips	: 3990.83
clflush size	: 64
cache_alignment	: 64
address sizes	: 36 bits physical, 48 bits virtual
power management:

processor	: 3
vendor_id	: GenuineIntel
cpu family	: 6
model		: 42
model name	: Intel(R) Core(TM) i7-2630QM CPU @ 2.00GHz
stepping	: 7
cpu MHz		: 2001.000
cache size	: 6144 KB
physical id	: 0
siblings	: 8
core id		: 1
cpu cores	: 4
apicid		: 3
initial apicid	: 3
fpu		: yes
fpu_exception	: yes
cpuid level	: 13
wp		: yes
flags		: fpu vme de pse tsc msr pae mce cx8 apic sep mtrr pge mca cmov pat pse36 clflush dts acpi mmx fxsr sse sse2 ss ht tm pbe syscall nx rdtscp lm constant_tsc arch_perfmon pebs bts rep_good nopl xtopology nonstop_tsc aperfmperf pni pclmulqdq dtes64 monitor ds_cpl vmx est tm2 ssse3 cx16 xtpr pdcm sse4_1 sse4_2 x2apic popcnt xsave avx lahf_lm ida arat epb xsaveopt pln pts dts tpr_shadow vnmi flexpriority ept vpid
bogomips	: 3990.83
clflush size	: 64
cache_alignment	: 64
address sizes	: 36 bits physical, 48 bits virtual
power management:

processor	: 4
vendor_id	: GenuineIntel
cpu family	: 6
model		: 42
model name	: Intel(R) Core(TM) i7-2630QM CPU @ 2.00GHz
stepping	: 7
cpu MHz		: 800.000
cache size	: 6144 KB
physical id	: 0
siblings	: 8
core id		: 2
cpu cores	: 4
apicid		: 4
initial apicid	: 4
fpu		: yes
fpu_exception	: yes
cpuid level	: 13
wp		: yes
flags		: fpu vme de pse tsc msr pae mce cx8 apic sep mtrr pge mca cmov pat pse36 clflush dts acpi mmx fxsr sse sse2 ss ht tm pbe syscall nx rdtscp lm constant_tsc arch_perfmon pebs bts rep_good nopl xtopology nonstop_tsc aperfmperf pni pclmulqdq dtes64 monitor ds_cpl vmx est tm2 ssse3 cx16 xtpr pdcm sse4_1 sse4_2 x2apic popcnt xsave avx lahf_lm ida arat epb xsaveopt pln pts dts tpr_shadow vnmi flexpriority ept vpid
bogomips	: 3990.84
clflush size	: 64
cache_alignment	: 64
address sizes	: 36 bits physical, 48 bits virtual
power management:

processor	: 5
vendor_id	: GenuineIntel
cpu family	: 6
model		: 42
model name	: Intel(R) Core(TM) i7-2630QM CPU @ 2.00GHz
stepping	: 7
cpu MHz		: 2001.000
cache size	: 6144 KB
physical id	: 0
siblings	: 8
core id		: 2
cpu cores	: 4
apicid		: 5
initial apicid	: 5
fpu		: yes
fpu_exception	: yes
cpuid level	: 13
wp		: yes
flags		: fpu vme de pse tsc msr pae mce cx8 apic sep mtrr pge mca cmov pat pse36 clflush dts acpi mmx fxsr sse sse2 ss ht tm pbe syscall nx rdtscp lm constant_tsc arch_perfmon pebs bts rep_good nopl xtopology nonstop_tsc aperfmperf pni pclmulqdq dtes64 monitor ds_cpl vmx est tm2 ssse3 cx16 xtpr pdcm sse4_1 sse4_2 x2apic popcnt xsave avx lahf_lm ida arat epb xsaveopt pln pts dts tpr_shadow vnmi flexpriority ept vpid
bogomips	: 3990.83
clflush size	: 64
cache_alignment	: 64
address sizes	: 36 bits physical, 48 bits virtual
power management:

processor	: 6
vendor_id	: GenuineIntel
cpu family	: 6
model		: 42
model name	: Intel(R) Core(TM) i7-2630QM CPU @ 2.00GHz
stepping	: 7
cpu MHz		: 800.000
cache size	: 6144 KB
physical id	: 0
siblings	: 8
core id		: 3
cpu cores	: 4
apicid		: 6
initial apicid	: 6
fpu		: yes
fpu_exception	: yes
cpuid level	: 13
wp		: yes
flags		: fpu vme de pse tsc msr pae mce cx8 apic sep mtrr pge mca cmov pat pse36 clflush dts acpi mmx fxsr sse sse2 ss ht tm pbe syscall nx rdtscp lm constant_tsc arch_perfmon pebs bts rep_good nopl xtopology nonstop_tsc aperfmperf pni pclmulqdq dtes64 monitor ds_cpl vmx est tm2 ssse3 cx16 xtpr pdcm sse4_1 sse4_2 x2apic popcnt xsave avx lahf_lm ida arat epb xsaveopt pln pts dts tpr_shadow vnmi flexpriority ept vpid
bogomips	: 3990.82
clflush size	: 64
cache_alignment	: 64
address sizes	: 36 bits physical, 48 bits virtual
power management:

processor	: 7
vendor_id	: GenuineIntel
cpu family	: 6
model		: 42
model name	: Intel(R) Core(TM) i7-2630QM CPU @ 2.00GHz
stepping	: 7
cpu MHz		: 800.000
cache size	: 6144 KB
physical id	: 0
siblings	: 8
core id		: 3
cpu cores	: 4
apicid		: 7
initial apicid	: 7
fpu		: yes
fpu_exception	: yes
cpuid level	: 13
wp		: yes
flags		: fpu vme de pse tsc msr pae mce cx8 apic sep mtrr pge mca cmov pat pse36 clflush dts acpi mmx fxsr sse sse2 ss ht tm pbe syscall nx rdtscp lm constant_tsc arch_perfmon pebs bts rep_good nopl xtopology nonstop_tsc aperfmperf pni pclmulqdq dtes64 monitor ds_cpl vmx est tm2 ssse3 cx16 xtpr pdcm sse4_1 sse4_2 x2apic popcnt xsave avx lahf_lm ida arat epb xsaveopt pln pts dts tpr_shadow vnmi flexpriority ept vpid
bogomips	: 3990.84
clflush size	: 64
cache_alignment	: 64
address sizes	: 36 bits physical, 48 bits virtual
power management:



Memory: 4k page, physical 4038188k(140976k free), swap 3904508k(3804116k free)

vm_info: Java HotSpot(TM) 64-Bit Server VM (20.1-b02) for linux-amd64 JRE (1.6.0_26-b03), built on May  4 2011 01:13:47 by "java_re" with gcc 3.2.2 (SuSE Linux)

time: Mon Apr 23 15:55:45 2012
elapsed time: 5 seconds

