#
# A fatal error has been detected by the Java Runtime Environment:
#
#  SIGSEGV (0xb) at pc=0x00007f386d924c08, pid=30811, tid=139880468367136
#
# JRE version: 6.0_26-b03
# Java VM: Java HotSpot(TM) 64-Bit Server VM (20.1-b02 mixed mode linux-amd64 compressed oops)
# Problematic frame:
# C  [libX11.so.6+0x35c08]  XQueryExtension+0x28
#
# If you would like to submit a bug report, please visit:
#   http://java.sun.com/webapps/bugreport/crash.jsp
#

---------------  T H R E A D  ---------------

Current thread is native thread

siginfo:si_signo=SIGSEGV: si_errno=0, si_code=1 (SEGV_MAPERR), si_addr=0x0000000060144888

Registers:
RAX=0x0000000040fd45b0, RBX=0x0000000060143f20, RCX=0x00007fff58f5e898, RDX=0x00007fff58f5e894
RSP=0x00007fff58f5e830, RBP=0x00007f386797d932, RSI=0x00007f386797d932, RDI=0x0000000060143f20
R8 =0x00007fff58f5e89c, R9 =0x0000000000000000, R10=0x00007f38754f7ea8, R11=0x00007f3875195ba0
R12=0x00007fff58f5e894, R13=0x00007f386797d932, R14=0x0000000040fd45b0, R15=0x0000000000000000
RIP=0x00007f386d924c08, EFLAGS=0x0000000000010206, CSGSFS=0x0000000000000033, ERR=0x0000000000000004
  TRAPNO=0x000000000000000e

Top of Stack: (sp=0x00007fff58f5e830)
0x00007fff58f5e830:   00007f38751685c8 00007f3875b199e8
0x00007fff58f5e840:   0000000000000000 0000000000000000
0x00007fff58f5e850:   000000000bea6495 0000000060143f20
0x00007fff58f5e860:   00007f386797d932 0000000000000000
0x00007fff58f5e870:   00007f386797d932 0000000040fd45b0
0x00007fff58f5e880:   0000000000000000 00007f386d9184f5
0x00007fff58f5e890:   00007f3875b3d048 00007f3867ab6520
0x00007fff58f5e8a0:   00007f3867ab6520 0000000060143f20
0x00007fff58f5e8b0:   00007f38600b14e0 00007f386dc3573b
0x00007fff58f5e8c0:   0101010101010101 00000011751685c8
0x00007fff58f5e8d0:   00007fff58f5e950 0000000000000000
0x00007fff58f5e8e0:   00007fff58f5e950 0000000060143f20
0x00007fff58f5e8f0:   0000000000000000 00007f3875b3d048
0x00007fff58f5e900:   00007f3867acfd50 00007f3867924119
0x00007fff58f5e910:   0000000000000000 0000000000000033
0x00007fff58f5e920:   00007fff58f5e950 00007fff58f5e970
0x00007fff58f5e930:   0000000000000000 00007f3875b3d048
0x00007fff58f5e940:   00007f386013b000 00007f386791ab42
0x00007fff58f5e950:   00007fff58f5eb80 00007f386797d8b1
0x00007fff58f5e960:   00007fff58f5eb80 00007f387592b135
0x00007fff58f5e970:   00007f3875b3e2c8 00007f3875b3e858
0x00007fff58f5e980:   00007f3875b19000 0000000040fdb350
0x00007fff58f5e990:   0000000040fdb830 0000000040fdbd30
0x00007fff58f5e9a0:   0000000040fe09e0 00007f3860043400
0x00007fff58f5e9b0:   00007f3860138f10 00007f3860133e60
0x00007fff58f5e9c0:   00007f3860133080 00007f38601339c0
0x00007fff58f5e9d0:   000000004117f540 000000004118c6f0
0x00007fff58f5e9e0:   000000004118c250 0000000041114aa0
0x00007fff58f5e9f0:   0000000040fd68d0 0000000040fd6230
0x00007fff58f5ea00:   0000000040fd3570 00007f38601393e0
0x00007fff58f5ea10:   00007f3860133520 00007f3860139880
0x00007fff58f5ea20:   00007f386013b000 00007f386013b5d0 

Instructions: (pc=0x00007f386d924c08)
0x00007f386d924be8:   24 d8 48 89 fb 4c 89 64 24 e0 4c 89 6c 24 e8 49
0x00007f386d924bf8:   89 d4 4c 89 74 24 f0 4c 89 7c 24 f8 48 83 ec 58
0x00007f386d924c08:   48 8b 87 68 09 00 00 49 89 f5 48 89 cd 4d 89 c6
0x00007f386d924c18:   48 85 c0 74 02 ff 10 4c 8b bb b0 00 00 00 49 8d 

Register to memory mapping:

RAX=0x0000000040fd45b0 is an unknown value
RBX=0x0000000060143f20 is an unknown value
RCX=0x00007fff58f5e898 is an unknown value
RDX=0x00007fff58f5e894 is an unknown value
RSP=0x00007fff58f5e830 is an unknown value
RBP=0x00007f386797d932: <offset 0x96932> in /usr/lib/fglrx/libGL.so.1 at 0x00007f38678e7000
RSI=0x00007f386797d932: <offset 0x96932> in /usr/lib/fglrx/libGL.so.1 at 0x00007f38678e7000
RDI=0x0000000060143f20 is an unknown value
R8 =0x00007fff58f5e89c is an unknown value
R9 =0x0000000000000000 is an unknown value
R10=0x00007f38754f7ea8: <offset 0x39dea8> in /lib/x86_64-linux-gnu/libc.so.6 at 0x00007f387515a000
R11=0x00007f3875195ba0: __cxa_finalize+0 in /lib/x86_64-linux-gnu/libc.so.6 at 0x00007f387515a000
R12=0x00007fff58f5e894 is an unknown value
R13=0x00007f386797d932: <offset 0x96932> in /usr/lib/fglrx/libGL.so.1 at 0x00007f38678e7000
R14=0x0000000040fd45b0 is an unknown value
R15=0x0000000000000000 is an unknown value


Stack: [0x00007fff58e60000,0x00007fff58f60000],  sp=0x00007fff58f5e830,  free space=1018k
Native frames: (J=compiled Java code, j=interpreted, Vv=VM code, C=native code)
C  [libX11.so.6+0x35c08]  XQueryExtension+0x28


---------------  P R O C E S S  ---------------

VM state:at safepoint (shutting down)

VM Mutex/Monitor currently owned by a thread:  ([mutex/lock_event])
[0x0000000040fd9720] Threads_lock - owner thread: 0x0000000041042000

Heap
 PSYoungGen      total 18368K, used 16306K [0x00000000eb760000, 0x00000000edb40000, 0x0000000100000000)
  eden space 15744K, 89% used [0x00000000eb760000,0x00000000ec525720,0x00000000ec6c0000)
  from space 2624K, 84% used [0x00000000ec950000,0x00000000ecb77298,0x00000000ecbe0000)
  to   space 2624K, 0% used [0x00000000ec6c0000,0x00000000ec6c0000,0x00000000ec950000)
 PSOldGen        total 42112K, used 0K [0x00000000c2600000, 0x00000000c4f20000, 0x00000000eb760000)
  object space 42112K, 0% used [0x00000000c2600000,0x00000000c2600000,0x00000000c4f20000)
 PSPermGen       total 21248K, used 12973K [0x00000000bd400000, 0x00000000be8c0000, 0x00000000c2600000)
  object space 21248K, 61% used [0x00000000bd400000,0x00000000be0ab538,0x00000000be8c0000)

Code Cache  [0x00007f3870434000, 0x00007f38706a4000, 0x00007f3873434000)
 total_blobs=723 nmethods=213 adapters=464 free_code_cache=49235776 largest_free_block=8512

Dynamic libraries:
40000000-40009000 r-xp 00000000 08:06 3941148                            /usr/lib/jvm/java-6-sun-1.6.0.26/jre/bin/java
40108000-4010a000 rwxp 00008000 08:06 3941148                            /usr/lib/jvm/java-6-sun-1.6.0.26/jre/bin/java
40fd3000-418fd000 rwxp 00000000 00:00 0                                  [heap]
bd400000-be8c0000 rwxp 00000000 00:00 0 
be8c0000-c2600000 rwxp 00000000 00:00 0 
c2600000-c4f20000 rwxp 00000000 00:00 0 
c4f20000-eb760000 rwxp 00000000 00:00 0 
eb760000-edb40000 rwxp 00000000 00:00 0 
edb40000-100000000 rwxp 00000000 00:00 0 
7f38588bf000-7f38588c2000 ---p 00000000 00:00 0 
7f38588c2000-7f38589c0000 rwxp 00000000 00:00 0 
7f38589c0000-7f38589c1000 ---p 00000000 00:00 0 
7f38589c1000-7f38591c1000 rwxp 00000000 00:00 0 
7f38591c1000-7f38591c2000 ---p 00000000 00:00 0 
7f38591c2000-7f38599c2000 rwxp 00000000 00:00 0 
7f38599c2000-7f38599c3000 ---p 00000000 00:00 0 
7f38599c3000-7f385a1c3000 rwxp 00000000 00:00 0 
7f385e1c4000-7f385e1c5000 ---p 00000000 00:00 0 
7f385e1c5000-7f385e9c5000 rwxp 00000000 00:00 0 
7f385e9c5000-7f385e9dc000 r-xp 00000000 08:06 3280813                    /lib/x86_64-linux-gnu/libresolv-2.13.so
7f385e9dc000-7f385ebdc000 ---p 00017000 08:06 3280813                    /lib/x86_64-linux-gnu/libresolv-2.13.so
7f385ebdc000-7f385ebdd000 r-xp 00017000 08:06 3280813                    /lib/x86_64-linux-gnu/libresolv-2.13.so
7f385ebdd000-7f385ebde000 rwxp 00018000 08:06 3280813                    /lib/x86_64-linux-gnu/libresolv-2.13.so
7f385ebde000-7f385ebe0000 rwxp 00000000 00:00 0 
7f385ebe0000-7f385ebe6000 r-xp 00000000 08:06 3809389                    /usr/lib/x86_64-linux-gnu/libogg.so.0.7.1
7f385ebe6000-7f385ede5000 ---p 00006000 08:06 3809389                    /usr/lib/x86_64-linux-gnu/libogg.so.0.7.1
7f385ede5000-7f385ede6000 r-xp 00005000 08:06 3809389                    /usr/lib/x86_64-linux-gnu/libogg.so.0.7.1
7f385ede6000-7f385ede7000 rwxp 00006000 08:06 3809389                    /usr/lib/x86_64-linux-gnu/libogg.so.0.7.1
7f385ede7000-7f385ee12000 r-xp 00000000 08:06 3809461                    /usr/lib/x86_64-linux-gnu/libvorbis.so.0.4.5
7f385ee12000-7f385f011000 ---p 0002b000 08:06 3809461                    /usr/lib/x86_64-linux-gnu/libvorbis.so.0.4.5
7f385f011000-7f385f012000 r-xp 0002a000 08:06 3809461                    /usr/lib/x86_64-linux-gnu/libvorbis.so.0.4.5
7f385f012000-7f385f013000 rwxp 0002b000 08:06 3809461                    /usr/lib/x86_64-linux-gnu/libvorbis.so.0.4.5
7f385f013000-7f385f2c6000 r-xp 00000000 08:06 3809456                    /usr/lib/x86_64-linux-gnu/libvorbisenc.so.2.0.8
7f385f2c6000-7f385f4c5000 ---p 002b3000 08:06 3809456                    /usr/lib/x86_64-linux-gnu/libvorbisenc.so.2.0.8
7f385f4c5000-7f385f4e1000 r-xp 002b2000 08:06 3809456                    /usr/lib/x86_64-linux-gnu/libvorbisenc.so.2.0.8
7f385f4e1000-7f385f4e2000 rwxp 002ce000 08:06 3809456                    /usr/lib/x86_64-linux-gnu/libvorbisenc.so.2.0.8
7f385f4e2000-7f385f52a000 r-xp 00000000 08:06 3809156                    /usr/lib/x86_64-linux-gnu/libFLAC.so.8.2.0
7f385f52a000-7f385f72a000 ---p 00048000 08:06 3809156                    /usr/lib/x86_64-linux-gnu/libFLAC.so.8.2.0
7f385f72a000-7f385f72b000 r-xp 00048000 08:06 3809156                    /usr/lib/x86_64-linux-gnu/libFLAC.so.8.2.0
7f385f72b000-7f385f72c000 rwxp 00049000 08:06 3809156                    /usr/lib/x86_64-linux-gnu/libFLAC.so.8.2.0
7f385f72c000-7f385f731000 r-xp 00000000 08:06 3809265                    /usr/lib/x86_64-linux-gnu/libasyncns.so.0.3.1
7f385f731000-7f385f930000 ---p 00005000 08:06 3809265                    /usr/lib/x86_64-linux-gnu/libasyncns.so.0.3.1
7f385f930000-7f385f931000 r-xp 00004000 08:06 3809265                    /usr/lib/x86_64-linux-gnu/libasyncns.so.0.3.1
7f385f931000-7f385f932000 rwxp 00005000 08:06 3809265                    /usr/lib/x86_64-linux-gnu/libasyncns.so.0.3.1
7f385f932000-7f385f992000 r-xp 00000000 08:06 3809429                    /usr/lib/x86_64-linux-gnu/libsndfile.so.1.0.24
7f385f992000-7f385fb92000 ---p 00060000 08:06 3809429                    /usr/lib/x86_64-linux-gnu/libsndfile.so.1.0.24
7f385fb92000-7f385fb94000 r-xp 00060000 08:06 3809429                    /usr/lib/x86_64-linux-gnu/libsndfile.so.1.0.24
7f385fb94000-7f385fb95000 rwxp 00062000 08:06 3809429                    /usr/lib/x86_64-linux-gnu/libsndfile.so.1.0.24
7f385fb95000-7f385fb99000 rwxp 00000000 00:00 0 
7f385fb99000-7f385fba1000 r-xp 00000000 08:06 3280658                    /lib/x86_64-linux-gnu/libwrap.so.0.7.6
7f385fba1000-7f385fda0000 ---p 00008000 08:06 3280658                    /lib/x86_64-linux-gnu/libwrap.so.0.7.6
7f385fda0000-7f385fda1000 r-xp 00007000 08:06 3280658                    /lib/x86_64-linux-gnu/libwrap.so.0.7.6
7f385fda1000-7f385fda2000 rwxp 00008000 08:06 3280658                    /lib/x86_64-linux-gnu/libwrap.so.0.7.6
7f385fda2000-7f385fdfe000 r-xp 00000000 08:06 3809314                    /usr/lib/x86_64-linux-gnu/libpulsecommon-1.0.so
7f385fdfe000-7f385fffe000 ---p 0005c000 08:06 3809314                    /usr/lib/x86_64-linux-gnu/libpulsecommon-1.0.so
7f385fffe000-7f385ffff000 r-xp 0005c000 08:06 3809314                    /usr/lib/x86_64-linux-gnu/libpulsecommon-1.0.so
7f385ffff000-7f3860000000 rwxp 0005d000 08:06 3809314                    /usr/lib/x86_64-linux-gnu/libpulsecommon-1.0.so
7f3860000000-7f38617ae000 rwxp 00000000 00:00 0 
7f38617ae000-7f3864000000 ---p 00000000 00:00 0 
7f3864016000-7f3864058000 r-xp 00000000 08:06 3280587                    /lib/x86_64-linux-gnu/libdbus-1.so.3.5.7
7f3864058000-7f3864257000 ---p 00042000 08:06 3280587                    /lib/x86_64-linux-gnu/libdbus-1.so.3.5.7
7f3864257000-7f3864258000 r-xp 00041000 08:06 3280587                    /lib/x86_64-linux-gnu/libdbus-1.so.3.5.7
7f3864258000-7f3864259000 rwxp 00042000 08:06 3280587                    /lib/x86_64-linux-gnu/libdbus-1.so.3.5.7
7f3864259000-7f3864260000 r-xp 00000000 08:06 3809363                    /usr/lib/x86_64-linux-gnu/libjson.so.0.0.1
7f3864260000-7f386445f000 ---p 00007000 08:06 3809363                    /usr/lib/x86_64-linux-gnu/libjson.so.0.0.1
7f386445f000-7f3864460000 r-xp 00006000 08:06 3809363                    /usr/lib/x86_64-linux-gnu/libjson.so.0.0.1
7f3864460000-7f3864461000 rwxp 00007000 08:06 3809363                    /usr/lib/x86_64-linux-gnu/libjson.so.0.0.1
7f3864461000-7f38644a7000 r-xp 00000000 08:06 3809289                    /usr/lib/x86_64-linux-gnu/libpulse.so.0.13.4
7f38644a7000-7f38646a6000 ---p 00046000 08:06 3809289                    /usr/lib/x86_64-linux-gnu/libpulse.so.0.13.4
7f38646a6000-7f38646a7000 r-xp 00045000 08:06 3809289                    /usr/lib/x86_64-linux-gnu/libpulse.so.0.13.4
7f38646a7000-7f38646a8000 rwxp 00046000 08:06 3809289                    /usr/lib/x86_64-linux-gnu/libpulse.so.0.13.4
7f3864938000-7f3865038000 rwxs 00006000 00:05 5873                       /dev/ati/card0
7f3865038000-7f38651b8000 rwxp 00000000 00:00 0 
7f38651b8000-7f38651ba000 r-xp 00000000 08:06 3809247                    /usr/lib/x86_64-linux-gnu/libXinerama.so.1.0.0
7f38651ba000-7f38653b9000 ---p 00002000 08:06 3809247                    /usr/lib/x86_64-linux-gnu/libXinerama.so.1.0.0
7f38653b9000-7f38653ba000 r-xp 00001000 08:06 3809247                    /usr/lib/x86_64-linux-gnu/libXinerama.so.1.0.0
7f38653ba000-7f38653bb000 rwxp 00002000 08:06 3809247                    /usr/lib/x86_64-linux-gnu/libXinerama.so.1.0.0
7f38653bb000-7f38653f6000 r-xp 00000000 08:06 3804222                    /usr/lib/fglrx/libatiadlxx.so
7f38653f6000-7f38654f6000 ---p 0003b000 08:06 3804222                    /usr/lib/fglrx/libatiadlxx.so
7f38654f6000-7f38654ff000 rwxp 0003b000 08:06 3804222                    /usr/lib/fglrx/libatiadlxx.so
7f38654ff000-7f3865510000 rwxp 00000000 00:00 0 
7f3865510000-7f3865517000 r-xp 00000000 08:06 3804253                    /usr/lib/fglrx/libatiuki.so.1.0
7f3865517000-7f3865617000 ---p 00007000 08:06 3804253                    /usr/lib/fglrx/libatiuki.so.1.0
7f3865617000-7f3865618000 rwxp 00007000 08:06 3804253                    /usr/lib/fglrx/libatiuki.so.1.0
7f3865618000-7f3865619000 rwxp 00000000 00:00 0 
7f3865619000-7f3867573000 r-xp 00000000 08:06 3804265                    /usr/lib/fglrx/dri/fglrx_dri.so
7f3867573000-7f3867673000 ---p 01f5a000 08:06 3804265                    /usr/lib/fglrx/dri/fglrx_dri.so
7f3867673000-7f38677c1000 rwxp 01f5a000 08:06 3804265                    /usr/lib/fglrx/dri/fglrx_dri.so
7f38677c1000-7f38678e7000 rwxp 00000000 00:00 0 
7f38678e7000-7f38679aa000 r-xp 00000000 08:06 3804219                    /usr/lib/fglrx/libGL.so.1.2
7f38679aa000-7f3867aa9000 ---p 000c3000 08:06 3804219                    /usr/lib/fglrx/libGL.so.1.2
7f3867aa9000-7f3867ad0000 rwxp 000c2000 08:06 3804219                    /usr/lib/fglrx/libGL.so.1.2
7f3867ad0000-7f3867af0000 rwxp 00000000 00:00 0 
7f3867af0000-7f3867af3000 ---p 00000000 00:00 0 
7f3867af3000-7f3867bf1000 rwxp 00000000 00:00 0 
7f3867bf1000-7f3867bf6000 r-xp 00000000 08:06 3809259                    /usr/lib/x86_64-linux-gnu/libXxf86vm.so.1.0.0
7f3867bf6000-7f3867df5000 ---p 00005000 08:06 3809259                    /usr/lib/x86_64-linux-gnu/libXxf86vm.so.1.0.0
7f3867df5000-7f3867df6000 r-xp 00004000 08:06 3809259                    /usr/lib/x86_64-linux-gnu/libXxf86vm.so.1.0.0
7f3867df6000-7f3867df7000 rwxp 00005000 08:06 3809259                    /usr/lib/x86_64-linux-gnu/libXxf86vm.so.1.0.0
7f3867df7000-7f3867dff000 r-xp 00000000 08:06 3809249                    /usr/lib/x86_64-linux-gnu/libXrandr.so.2.2.0
7f3867dff000-7f3867ffe000 ---p 00008000 08:06 3809249                    /usr/lib/x86_64-linux-gnu/libXrandr.so.2.2.0
7f3867ffe000-7f3867fff000 r-xp 00007000 08:06 3809249                    /usr/lib/x86_64-linux-gnu/libXrandr.so.2.2.0
7f3867fff000-7f3868000000 rwxp 00008000 08:06 3809249                    /usr/lib/x86_64-linux-gnu/libXrandr.so.2.2.0
7f3868000000-7f3868a3f000 rwxp 00000000 00:00 0 
7f3868a3f000-7f386c000000 ---p 00000000 00:00 0 
7f386c071000-7f386c0d7000 r-xp 00000000 08:07 10375991                   /home/aaron/Projects/jMonkeyProjects/jmeplanet/liblwjgl64.so
7f386c0d7000-7f386c2d7000 ---p 00066000 08:07 10375991                   /home/aaron/Projects/jMonkeyProjects/jmeplanet/liblwjgl64.so
7f386c2d7000-7f386c2d9000 r-xp 00066000 08:07 10375991                   /home/aaron/Projects/jMonkeyProjects/jmeplanet/liblwjgl64.so
7f386c2d9000-7f386c2da000 rwxp 00068000 08:07 10375991                   /home/aaron/Projects/jMonkeyProjects/jmeplanet/liblwjgl64.so
7f386c2da000-7f386c2db000 r-xs 00000000 08:06 1058117                    /var/cache/fontconfig/c05880de57d1f5e948fdfacc138775d9-le64.cache-3
7f386c2db000-7f386c2e4000 r-xs 00000000 08:06 1049056                    /var/cache/fontconfig/945677eb7aeaf62f1d50efc3fb3ec7d8-le64.cache-3
7f386c2e4000-7f386c2e8000 r-xs 00000000 08:06 1058114                    /var/cache/fontconfig/99e8ed0e538f840c565b6ed5dad60d56-le64.cache-3
7f386c2e8000-7f386c2f0000 r-xs 00000000 08:06 1058144                    /var/cache/fontconfig/e383d7ea5fbe662a33d9b44caf393297-le64.cache-3
7f386c2f0000-7f386c2f4000 r-xs 00000000 08:06 1058112                    /var/cache/fontconfig/2cd17615ca594fa2959ae173292e504c-le64.cache-3
7f386c2f4000-7f386c2f5000 r-xs 00000000 08:06 1058111                    /var/cache/fontconfig/e7071f4a29fa870f4323321c154eba04-le64.cache-3
7f386c2f5000-7f386c2fa000 r-xs 00000000 08:06 1058110                    /var/cache/fontconfig/6eb3985aa4124903f6ff08ba781cd364-le64.cache-3
7f386c2fa000-7f386c2fb000 r-xs 00000000 08:06 1058105                    /var/cache/fontconfig/4c73fe0c47614734b17d736dbde7580a-le64.cache-3
7f386c2fb000-7f386c2fc000 r-xs 00000000 08:06 1058103                    /var/cache/fontconfig/0d8c3b2ac0904cb8a57a757ad11a4a08-le64.cache-3
7f386c2fc000-7f386c2fd000 r-xs 00000000 08:06 1058101                    /var/cache/fontconfig/6a53c69dea097a2d716e069445527da8-le64.cache-3
7f386c2fd000-7f386c303000 r-xs 00000000 08:06 1058100                    /var/cache/fontconfig/a755afe4a08bf5b97852ceb7400b47bc-le64.cache-3
7f386c307000-7f386c30e000 r-xs 00000000 08:06 3940598                    /usr/lib/x86_64-linux-gnu/gconv/gconv-modules.cache
7f386c30e000-7f386c3d6000 rwxp 00000000 00:00 0 
7f386c3d6000-7f386c3d7000 r-xp 00000000 08:06 3936931                    /usr/lib/jvm/java-6-sun-1.6.0.26/jre/lib/amd64/libjawt.so
7f386c3d7000-7f386c4d6000 ---p 00001000 08:06 3936931                    /usr/lib/jvm/java-6-sun-1.6.0.26/jre/lib/amd64/libjawt.so
7f386c4d6000-7f386c4d7000 rwxp 00000000 08:06 3936931                    /usr/lib/jvm/java-6-sun-1.6.0.26/jre/lib/amd64/libjawt.so
7f386c4d7000-7f386c4da000 ---p 00000000 00:00 0 
7f386c4da000-7f386c5d8000 rwxp 00000000 00:00 0 
7f386c5d8000-7f386c5dd000 r-xp 00000000 08:06 3809241                    /usr/lib/x86_64-linux-gnu/libXfixes.so.3.1.0
7f386c5dd000-7f386c7dc000 ---p 00005000 08:06 3809241                    /usr/lib/x86_64-linux-gnu/libXfixes.so.3.1.0
7f386c7dc000-7f386c7dd000 r-xp 00004000 08:06 3809241                    /usr/lib/x86_64-linux-gnu/libXfixes.so.3.1.0
7f386c7dd000-7f386c7de000 rwxp 00005000 08:06 3809241                    /usr/lib/x86_64-linux-gnu/libXfixes.so.3.1.0
7f386c7de000-7f386c7e7000 r-xp 00000000 08:06 3809251                    /usr/lib/x86_64-linux-gnu/libXrender.so.1.3.0
7f386c7e7000-7f386c9e7000 ---p 00009000 08:06 3809251                    /usr/lib/x86_64-linux-gnu/libXrender.so.1.3.0
7f386c9e7000-7f386c9e8000 r-xp 00009000 08:06 3809251                    /usr/lib/x86_64-linux-gnu/libXrender.so.1.3.0
7f386c9e8000-7f386c9e9000 rwxp 0000a000 08:06 3809251                    /usr/lib/x86_64-linux-gnu/libXrender.so.1.3.0
7f386c9e9000-7f386c9f2000 r-xp 00000000 08:06 3809233                    /usr/lib/x86_64-linux-gnu/libXcursor.so.1.0.2
7f386c9f2000-7f386cbf1000 ---p 00009000 08:06 3809233                    /usr/lib/x86_64-linux-gnu/libXcursor.so.1.0.2
7f386cbf1000-7f386cbf2000 r-xp 00008000 08:06 3809233                    /usr/lib/x86_64-linux-gnu/libXcursor.so.1.0.2
7f386cbf2000-7f386cbf3000 rwxp 00009000 08:06 3809233                    /usr/lib/x86_64-linux-gnu/libXcursor.so.1.0.2
7f386cbf3000-7f386cc13000 rwxs c4000000 00:05 5873                       /dev/ati/card0
7f386cc13000-7f386cc16000 ---p 00000000 00:00 0 
7f386cc16000-7f386cd14000 rwxp 00000000 00:00 0 
7f386cd14000-7f386cd8d000 r-xp 00000000 08:06 3936114                    /usr/lib/jvm/java-6-sun-1.6.0.26/jre/lib/amd64/libfontmanager.so
7f386cd8d000-7f386ce8c000 ---p 00079000 08:06 3936114                    /usr/lib/jvm/java-6-sun-1.6.0.26/jre/lib/amd64/libfontmanager.so
7f386ce8c000-7f386cea1000 rwxp 00078000 08:06 3936114                    /usr/lib/jvm/java-6-sun-1.6.0.26/jre/lib/amd64/libfontmanager.so
7f386cea1000-7f386ceb2000 rwxp 00000000 00:00 0 
7f386ceb2000-7f386ceb7000 r-xp 00000000 08:06 3809237                    /usr/lib/x86_64-linux-gnu/libXdmcp.so.6.0.0
7f386ceb7000-7f386d0b6000 ---p 00005000 08:06 3809237                    /usr/lib/x86_64-linux-gnu/libXdmcp.so.6.0.0
7f386d0b6000-7f386d0b7000 r-xp 00004000 08:06 3809237                    /usr/lib/x86_64-linux-gnu/libXdmcp.so.6.0.0
7f386d0b7000-7f386d0b8000 rwxp 00005000 08:06 3809237                    /usr/lib/x86_64-linux-gnu/libXdmcp.so.6.0.0
7f386d0b8000-7f386d0ba000 r-xp 00000000 08:06 3809229                    /usr/lib/x86_64-linux-gnu/libXau.so.6.0.0
7f386d0ba000-7f386d2b9000 ---p 00002000 08:06 3809229                    /usr/lib/x86_64-linux-gnu/libXau.so.6.0.0
7f386d2b9000-7f386d2ba000 r-xp 00001000 08:06 3809229                    /usr/lib/x86_64-linux-gnu/libXau.so.6.0.0
7f386d2ba000-7f386d2bb000 rwxp 00002000 08:06 3809229                    /usr/lib/x86_64-linux-gnu/libXau.so.6.0.0
7f386d2bb000-7f386d2d8000 r-xp 00000000 08:06 3807879                    /usr/lib/x86_64-linux-gnu/libxcb.so.1.1.0
7f386d2d8000-7f386d4d7000 ---p 0001d000 08:06 3807879                    /usr/lib/x86_64-linux-gnu/libxcb.so.1.1.0
7f386d4d7000-7f386d4d8000 r-xp 0001c000 08:06 3807879                    /usr/lib/x86_64-linux-gnu/libxcb.so.1.1.0
7f386d4d8000-7f386d4d9000 rwxp 0001d000 08:06 3807879                    /usr/lib/x86_64-linux-gnu/libxcb.so.1.1.0
7f386d4d9000-7f386d4e8000 r-xp 00000000 08:06 3809245                    /usr/lib/x86_64-linux-gnu/libXi.so.6.1.0
7f386d4e8000-7f386d6e7000 ---p 0000f000 08:06 3809245                    /usr/lib/x86_64-linux-gnu/libXi.so.6.1.0
7f386d6e7000-7f386d6e8000 r-xp 0000e000 08:06 3809245                    /usr/lib/x86_64-linux-gnu/libXi.so.6.1.0
7f386d6e8000-7f386d6e9000 rwxp 0000f000 08:06 3809245                    /usr/lib/x86_64-linux-gnu/libXi.so.6.1.0
7f386d6e9000-7f386d6ee000 r-xp 00000000 08:06 3802679                    /usr/lib/libXtst.so.6.1.0
7f386d6ee000-7f386d8ed000 ---p 00005000 08:06 3802679                    /usr/lib/libXtst.so.6.1.0
7f386d8ed000-7f386d8ee000 r-xp 00004000 08:06 3802679                    /usr/lib/libXtst.so.6.1.0
7f386d8ee000-7f386d8ef000 rwxp 00005000 08:06 3802679                    /usr/lib/libXtst.so.6.1.0
7f386d8ef000-7f386da22000 r-xp 00000000 08:06 3809227                    /usr/lib/x86_64-linux-gnu/libX11.so.6.3.0
7f386da22000-7f386dc22000 ---p 00133000 08:06 3809227                    /usr/lib/x86_64-linux-gnu/libX11.so.6.3.0
7f386dc22000-7f386dc23000 r-xp 00133000 08:06 3809227                    /usr/lib/x86_64-linux-gnu/libX11.so.6.3.0
7f386dc23000-7f386dc27000 rwxp 00134000 08:06 3809227                    /usr/lib/x86_64-linux-gnu/libX11.so.6.3.0
7f386dc27000-7f386dc39000 r-xp 00000000 08:06 3809239                    /usr/lib/x86_64-linux-gnu/libXext.so.6.4.0
7f386dc39000-7f386de38000 ---p 00012000 08:06 3809239                    /usr/lib/x86_64-linux-gnu/libXext.so.6.4.0
7f386de38000-7f386de39000 r-xp 00011000 08:06 3809239                    /usr/lib/x86_64-linux-gnu/libXext.so.6.4.0
7f386de39000-7f386de3a000 rwxp 00012000 08:06 3809239                    /usr/lib/x86_64-linux-gnu/libXext.so.6.4.0
7f386de3a000-7f386de4a000 r-xs 00000000 08:06 1058096                    /var/cache/fontconfig/0f34bcd4b6ee430af32735b75db7f02b-le64.cache-3
7f386de4a000-7f386de5a000 r-xs 00000000 08:06 1058092                    /var/cache/fontconfig/d52a8644073d54c13679302ca1180695-le64.cache-3
7f386de5a000-7f386de9c000 r-xp 00000000 08:06 3936066                    /usr/lib/jvm/java-6-sun-1.6.0.26/jre/lib/amd64/xawt/libmawt.so
7f386de9c000-7f386df9b000 ---p 00042000 08:06 3936066                    /usr/lib/jvm/java-6-sun-1.6.0.26/jre/lib/amd64/xawt/libmawt.so
7f386df9b000-7f386dfa7000 rwxp 00041000 08:06 3936066                    /usr/lib/jvm/java-6-sun-1.6.0.26/jre/lib/amd64/xawt/libmawt.so
7f386dfa7000-7f386dfa8000 rwxp 00000000 00:00 0 
7f386dfa8000-7f386e03a000 r-xp 00000000 08:06 3936072                    /usr/lib/jvm/java-6-sun-1.6.0.26/jre/lib/amd64/libawt.so
7f386e03a000-7f386e139000 ---p 00092000 08:06 3936072                    /usr/lib/jvm/java-6-sun-1.6.0.26/jre/lib/amd64/libawt.so
7f386e139000-7f386e153000 rwxp 00091000 08:06 3936072                    /usr/lib/jvm/java-6-sun-1.6.0.26/jre/lib/amd64/libawt.so
7f386e153000-7f386e177000 rwxp 00000000 00:00 0 
7f386e177000-7f386e17a000 ---p 00000000 00:00 0 
7f386e17a000-7f386e278000 rwxp 00000000 00:00 0 
7f386e278000-7f386e27b000 r-xs 0001a000 08:07 10618362                   /home/aaron/Apps/jmonkeyplatform/jmonkeyplatform/libs/xmlpull-xpp3.jar
7f386e27b000-7f386e27d000 r-xs 00012000 08:07 10618454                   /home/aaron/Apps/jmonkeyplatform/jmonkeyplatform/libs/eventbus.jar
7f386e27d000-7f386e280000 r-xs 0000f000 08:07 10618145                   /home/aaron/Apps/jmonkeyplatform/jmonkeyplatform/libs/nifty-style-black.jar
7f386e280000-7f386e288000 r-xs 00033000 08:07 10617850                   /home/aaron/Apps/jmonkeyplatform/jmonkeyplatform/libs/nifty-default-controls.jar
7f386e288000-7f386e292000 r-xs 0006c000 08:07 10618525                   /home/aaron/Apps/jmonkeyplatform/jmonkeyplatform/libs/nifty.jar
7f386e292000-7f386e293000 r-xs 00004000 08:07 10618878                   /home/aaron/Apps/jmonkeyplatform/jmonkeyplatform/libs/jME3-niftygui.jar
7f386e293000-7f386e294000 r-xs 0000b000 08:07 10618394                   /home/aaron/Apps/jmonkeyplatform/jmonkeyplatform/libs/stack-alloc.jar
7f386e294000-7f386e296000 r-xs 0003c000 08:07 10618568                   /home/aaron/Apps/jmonkeyplatform/jmonkeyplatform/libs/vecmath.jar
7f386e296000-7f386e2a0000 r-xs 00079000 08:07 10618478                   /home/aaron/Apps/jmonkeyplatform/jmonkeyplatform/libs/jbullet.jar
7f386e2a0000-7f386e2a3000 r-xs 00020000 08:07 10618359                   /home/aaron/Apps/jmonkeyplatform/jmonkeyplatform/libs/jME3-jbullet.jar
7f386e2a3000-7f386e2b0000 r-xs 000d2000 08:07 10618524                   /home/aaron/Apps/jmonkeyplatform/jmonkeyplatform/libs/lwjgl.jar
7f386e2b0000-7f386e2b4000 r-xs 00030000 08:07 10618504                   /home/aaron/Apps/jmonkeyplatform/jmonkeyplatform/libs/jinput.jar
7f386e2b4000-7f386e2b6000 r-xs 001e9000 08:07 10618103                   /home/aaron/Apps/jmonkeyplatform/jmonkeyplatform/libs/jME3-lwjgl-natives.jar
7f386e2b6000-7f386e2b8000 r-xs 00016000 08:07 10618877                   /home/aaron/Apps/jmonkeyplatform/jmonkeyplatform/libs/jME3-lwjgl.jar
7f386e2b8000-7f386e2bc000 r-xs 00021000 08:07 10618880                   /home/aaron/Apps/jmonkeyplatform/jmonkeyplatform/libs/jME3-terrain.jar
7f386e2bc000-7f386e2bd000 r-xs 00009000 08:07 10618335                   /home/aaron/Apps/jmonkeyplatform/jmonkeyplatform/libs/j-ogg-vorbisd.jar
7f386e2bd000-7f386e2bf000 r-xs 00005000 08:07 10618417                   /home/aaron/Apps/jmonkeyplatform/jmonkeyplatform/libs/j-ogg-oggd.jar
7f386e2bf000-7f386e2c0000 r-xs 00002000 08:07 10618876                   /home/aaron/Apps/jmonkeyplatform/jmonkeyplatform/libs/jME3-jogg.jar
7f386e2c0000-7f386e2c1000 r-xs 0000f000 08:07 10618879                   /home/aaron/Apps/jmonkeyplatform/jmonkeyplatform/libs/jME3-plugins.jar
7f386e2c1000-7f386e2c3000 r-xs 00032000 08:07 10618875                   /home/aaron/Apps/jmonkeyplatform/jmonkeyplatform/libs/jME3-desktop.jar
7f386e2c3000-7f386e2d5000 r-xs 00175000 08:07 10618874                   /home/aaron/Apps/jmonkeyplatform/jmonkeyplatform/libs/jME3-core.jar
7f386e2d5000-7f386e2d6000 ---p 00000000 00:00 0 
7f386e2d6000-7f386e3d6000 rwxp 00000000 00:00 0 
7f386e3d6000-7f386e3d9000 ---p 00000000 00:00 0 
7f386e3d9000-7f386e4d7000 rwxp 00000000 00:00 0 
7f386e4d7000-7f386e4da000 ---p 00000000 00:00 0 
7f386e4da000-7f386e5d8000 rwxp 00000000 00:00 0 
7f386e5d8000-7f386e5db000 ---p 00000000 00:00 0 
7f386e5db000-7f386e6d9000 rwxp 00000000 00:00 0 
7f386e6d9000-7f386e6dc000 ---p 00000000 00:00 0 
7f386e6dc000-7f386e7da000 rwxp 00000000 00:00 0 
7f386e7da000-7f386eaa3000 r-xp 00000000 08:06 3807955                    /usr/lib/locale/locale-archive
7f386eaa3000-7f386eaa6000 ---p 00000000 00:00 0 
7f386eaa6000-7f386eba4000 rwxp 00000000 00:00 0 
7f386eba4000-7f386eba7000 ---p 00000000 00:00 0 
7f386eba7000-7f386eca5000 rwxp 00000000 00:00 0 
7f386eca5000-7f386eca6000 ---p 00000000 00:00 0 
7f386eca6000-7f386f6e3000 rwxp 00000000 00:00 0 
7f386f6e3000-7f386f87b000 r-xs 03029000 08:06 3813223                    /usr/lib/jvm/java-6-sun-1.6.0.26/jre/lib/rt.jar
7f386f87b000-7f386f8a3000 rwxp 00000000 00:00 0 
7f386f8a3000-7f386f8a4000 ---p 00000000 00:00 0 
7f386f8a4000-7f386f9a4000 rwxp 00000000 00:00 0 
7f386f9a4000-7f386f9a5000 ---p 00000000 00:00 0 
7f386f9a5000-7f386faa5000 rwxp 00000000 00:00 0 
7f386faa5000-7f386faa6000 ---p 00000000 00:00 0 
7f386faa6000-7f386fba6000 rwxp 00000000 00:00 0 
7f386fba6000-7f386fba7000 ---p 00000000 00:00 0 
7f386fba7000-7f386fca7000 rwxp 00000000 00:00 0 
7f386fca7000-7f386fca8000 ---p 00000000 00:00 0 
7f386fca8000-7f386fda8000 rwxp 00000000 00:00 0 
7f386fda8000-7f386fda9000 ---p 00000000 00:00 0 
7f386fda9000-7f386fea9000 rwxp 00000000 00:00 0 
7f386fea9000-7f386feaa000 ---p 00000000 00:00 0 
7f386feaa000-7f386ffaa000 rwxp 00000000 00:00 0 
7f386ffaa000-7f386ffab000 ---p 00000000 00:00 0 
7f386ffab000-7f38700b6000 rwxp 00000000 00:00 0 
7f38700b6000-7f38700d4000 rwxp 00000000 00:00 0 
7f38700d4000-7f38700e9000 rwxp 00000000 00:00 0 
7f38700e9000-7f387021d000 rwxp 00000000 00:00 0 
7f387021d000-7f3870228000 rwxp 00000000 00:00 0 
7f3870228000-7f3870246000 rwxp 00000000 00:00 0 
7f3870246000-7f387025b000 rwxp 00000000 00:00 0 
7f387025b000-7f387038e000 rwxp 00000000 00:00 0 
7f387038e000-7f38703a1000 rwxp 00000000 00:00 0 
7f38703a1000-7f3870433000 rwxp 00000000 00:00 0 
7f3870433000-7f38706a4000 rwxp 00000000 00:00 0 
7f38706a4000-7f3873434000 rwxp 00000000 00:00 0 
7f3873434000-7f3873442000 r-xp 00000000 08:06 3936069                    /usr/lib/jvm/java-6-sun-1.6.0.26/jre/lib/amd64/libzip.so
7f3873442000-7f3873544000 ---p 0000e000 08:06 3936069                    /usr/lib/jvm/java-6-sun-1.6.0.26/jre/lib/amd64/libzip.so
7f3873544000-7f3873547000 rwxp 00010000 08:06 3936069                    /usr/lib/jvm/java-6-sun-1.6.0.26/jre/lib/amd64/libzip.so
7f3873547000-7f3873548000 rwxp 00000000 00:00 0 
7f3873548000-7f3873554000 r-xp 00000000 08:06 3280807                    /lib/x86_64-linux-gnu/libnss_files-2.13.so
7f3873554000-7f3873753000 ---p 0000c000 08:06 3280807                    /lib/x86_64-linux-gnu/libnss_files-2.13.so
7f3873753000-7f3873754000 r-xp 0000b000 08:06 3280807                    /lib/x86_64-linux-gnu/libnss_files-2.13.so
7f3873754000-7f3873755000 rwxp 0000c000 08:06 3280807                    /lib/x86_64-linux-gnu/libnss_files-2.13.so
7f3873755000-7f387375f000 r-xp 00000000 08:06 3280809                    /lib/x86_64-linux-gnu/libnss_nis-2.13.so
7f387375f000-7f387395f000 ---p 0000a000 08:06 3280809                    /lib/x86_64-linux-gnu/libnss_nis-2.13.so
7f387395f000-7f3873960000 r-xp 0000a000 08:06 3280809                    /lib/x86_64-linux-gnu/libnss_nis-2.13.so
7f3873960000-7f3873961000 rwxp 0000b000 08:06 3280809                    /lib/x86_64-linux-gnu/libnss_nis-2.13.so
7f3873961000-7f3873969000 r-xp 00000000 08:06 3280805                    /lib/x86_64-linux-gnu/libnss_compat-2.13.so
7f3873969000-7f3873b68000 ---p 00008000 08:06 3280805                    /lib/x86_64-linux-gnu/libnss_compat-2.13.so
7f3873b68000-7f3873b69000 r-xp 00007000 08:06 3280805                    /lib/x86_64-linux-gnu/libnss_compat-2.13.so
7f3873b69000-7f3873b6a000 rwxp 00008000 08:06 3280805                    /lib/x86_64-linux-gnu/libnss_compat-2.13.so
7f3873b6a000-7f3873b81000 r-xp 00000000 08:06 3280804                    /lib/x86_64-linux-gnu/libnsl-2.13.so
7f3873b81000-7f3873d80000 ---p 00017000 08:06 3280804                    /lib/x86_64-linux-gnu/libnsl-2.13.so
7f3873d80000-7f3873d81000 r-xp 00016000 08:06 3280804                    /lib/x86_64-linux-gnu/libnsl-2.13.so
7f3873d81000-7f3873d82000 rwxp 00017000 08:06 3280804                    /lib/x86_64-linux-gnu/libnsl-2.13.so
7f3873d82000-7f3873d84000 rwxp 00000000 00:00 0 
7f3873d84000-7f3873dad000 r-xp 00000000 08:06 3936438                    /usr/lib/jvm/java-6-sun-1.6.0.26/jre/lib/amd64/libjava.so
7f3873dad000-7f3873eac000 ---p 00029000 08:06 3936438                    /usr/lib/jvm/java-6-sun-1.6.0.26/jre/lib/amd64/libjava.so
7f3873eac000-7f3873eb3000 rwxp 00028000 08:06 3936438                    /usr/lib/jvm/java-6-sun-1.6.0.26/jre/lib/amd64/libjava.so
7f3873eb3000-7f3873ec0000 r-xp 00000000 08:06 3936071                    /usr/lib/jvm/java-6-sun-1.6.0.26/jre/lib/amd64/libverify.so
7f3873ec0000-7f3873fbf000 ---p 0000d000 08:06 3936071                    /usr/lib/jvm/java-6-sun-1.6.0.26/jre/lib/amd64/libverify.so
7f3873fbf000-7f3873fc2000 rwxp 0000c000 08:06 3936071                    /usr/lib/jvm/java-6-sun-1.6.0.26/jre/lib/amd64/libverify.so
7f3873fc2000-7f3873fc9000 r-xp 00000000 08:06 3280814                    /lib/x86_64-linux-gnu/librt-2.13.so
7f3873fc9000-7f38741c8000 ---p 00007000 08:06 3280814                    /lib/x86_64-linux-gnu/librt-2.13.so
7f38741c8000-7f38741c9000 r-xp 00006000 08:06 3280814                    /lib/x86_64-linux-gnu/librt-2.13.so
7f38741c9000-7f38741ca000 rwxp 00007000 08:06 3280814                    /lib/x86_64-linux-gnu/librt-2.13.so
7f38741ca000-7f38741cd000 ---p 00000000 00:00 0 
7f38741cd000-7f38742cb000 rwxp 00000000 00:00 0 
7f38742cb000-7f387434e000 r-xp 00000000 08:06 3280802                    /lib/x86_64-linux-gnu/libm-2.13.so
7f387434e000-7f387454d000 ---p 00083000 08:06 3280802                    /lib/x86_64-linux-gnu/libm-2.13.so
7f387454d000-7f387454e000 r-xp 00082000 08:06 3280802                    /lib/x86_64-linux-gnu/libm-2.13.so
7f387454e000-7f387454f000 rwxp 00083000 08:06 3280802                    /lib/x86_64-linux-gnu/libm-2.13.so
7f387454f000-7f3874e69000 r-xp 00000000 08:06 3936947                    /usr/lib/jvm/java-6-sun-1.6.0.26/jre/lib/amd64/server/libjvm.so
7f3874e69000-7f3874f6b000 ---p 0091a000 08:06 3936947                    /usr/lib/jvm/java-6-sun-1.6.0.26/jre/lib/amd64/server/libjvm.so
7f3874f6b000-7f3875120000 rwxp 0091c000 08:06 3936947                    /usr/lib/jvm/java-6-sun-1.6.0.26/jre/lib/amd64/server/libjvm.so
7f3875120000-7f387515a000 rwxp 00000000 00:00 0 
7f387515a000-7f38752f1000 r-xp 00000000 08:06 3280798                    /lib/x86_64-linux-gnu/libc-2.13.so
7f38752f1000-7f38754f0000 ---p 00197000 08:06 3280798                    /lib/x86_64-linux-gnu/libc-2.13.so
7f38754f0000-7f38754f4000 r-xp 00196000 08:06 3280798                    /lib/x86_64-linux-gnu/libc-2.13.so
7f38754f4000-7f38754f5000 rwxp 0019a000 08:06 3280798                    /lib/x86_64-linux-gnu/libc-2.13.so
7f38754f5000-7f38754fb000 rwxp 00000000 00:00 0 
7f38754fb000-7f38754fd000 r-xp 00000000 08:06 3280801                    /lib/x86_64-linux-gnu/libdl-2.13.so
7f38754fd000-7f38756fd000 ---p 00002000 08:06 3280801                    /lib/x86_64-linux-gnu/libdl-2.13.so
7f38756fd000-7f38756fe000 r-xp 00002000 08:06 3280801                    /lib/x86_64-linux-gnu/libdl-2.13.so
7f38756fe000-7f38756ff000 rwxp 00003000 08:06 3280801                    /lib/x86_64-linux-gnu/libdl-2.13.so
7f38756ff000-7f3875717000 r-xp 00000000 08:06 3280812                    /lib/x86_64-linux-gnu/libpthread-2.13.so
7f3875717000-7f3875916000 ---p 00018000 08:06 3280812                    /lib/x86_64-linux-gnu/libpthread-2.13.so
7f3875916000-7f3875917000 r-xp 00017000 08:06 3280812                    /lib/x86_64-linux-gnu/libpthread-2.13.so
7f3875917000-7f3875918000 rwxp 00018000 08:06 3280812                    /lib/x86_64-linux-gnu/libpthread-2.13.so
7f3875918000-7f387591c000 rwxp 00000000 00:00 0 
7f387591c000-7f387593d000 r-xp 00000000 08:06 3277718                    /lib/x86_64-linux-gnu/ld-2.13.so
7f387593f000-7f3875940000 rwxs 00005000 00:05 5873                       /dev/ati/card0
7f3875940000-7f3875949000 r-xs 00000000 08:06 1058098                    /var/cache/fontconfig/6d41288fd70b0be22e8c3a91e032eec0-le64.cache-3
7f3875949000-7f387594c000 r-xs 00000000 08:06 1058095                    /var/cache/fontconfig/d60319d88cac85ba9e1a07bd06cfbb8c-le64.cache-3
7f387594c000-7f3875956000 rwxp 00000000 00:00 0 
7f3875956000-7f3875a0c000 rwxp 00000000 00:00 0 
7f3875a0c000-7f3875a0f000 rwxp 00000000 00:00 0 
7f3875a0f000-7f3875a16000 r-xp 00000000 08:06 3936925                    /usr/lib/jvm/java-6-sun-1.6.0.26/jre/lib/amd64/jli/libjli.so
7f3875a16000-7f3875b17000 ---p 00007000 08:06 3936925                    /usr/lib/jvm/java-6-sun-1.6.0.26/jre/lib/amd64/jli/libjli.so
7f3875b17000-7f3875b19000 rwxp 00008000 08:06 3936925                    /usr/lib/jvm/java-6-sun-1.6.0.26/jre/lib/amd64/jli/libjli.so
7f3875b19000-7f3875b1a000 rwxp 00000000 00:00 0 
7f3875b1a000-7f3875b1c000 rwxs 00002000 00:05 5873                       /dev/ati/card0
7f3875b1c000-7f3875b1d000 r-xs 00000000 08:06 1058093                    /var/cache/fontconfig/4794a0821666d79190d59a36cb4f44b5-le64.cache-3
7f3875b1d000-7f3875b28000 r-xs 00000000 08:06 1049051                    /var/cache/fontconfig/e13b20fdb08344e0e664864cc2ede53d-le64.cache-3
7f3875b28000-7f3875b2c000 r-xs 00000000 08:06 1049036                    /var/cache/fontconfig/7ef2298fde41cc6eeb7af42e48b7d293-le64.cache-3
7f3875b2c000-7f3875b30000 r-xs 000cb000 08:06 3805216                    /usr/lib/jvm/java-6-sun-1.6.0.26/jre/lib/ext/localedata.jar
7f3875b30000-7f3875b38000 rwxs 00000000 08:06 5380735                    /tmp/hsperfdata_aaron/30811 (deleted)
7f3875b38000-7f3875b39000 rwxp 00000000 00:00 0 
7f3875b39000-7f3875b3a000 ---p 00000000 00:00 0 
7f3875b3a000-7f3875b3c000 rwxp 00000000 00:00 0 
7f3875b3c000-7f3875b3d000 r-xp 00020000 08:06 3277718                    /lib/x86_64-linux-gnu/ld-2.13.so
7f3875b3d000-7f3875b3f000 rwxp 00021000 08:06 3277718                    /lib/x86_64-linux-gnu/ld-2.13.so
7fff58f3f000-7fff58f60000 rwxp 00000000 00:00 0                          [stack]
7fff58fb5000-7fff58fb6000 r-xp 00000000 00:00 0                          [vdso]
ffffffffff600000-ffffffffff601000 r-xp 00000000 00:00 0                  [vsyscall]

VM Arguments:
jvm_args: -Dfile.encoding=UTF-8 
java_command: jmeplanet.test.App
Launcher Type: SUN_STANDARD

Environment Variables:
PATH=/usr/local/sbin:/usr/local/bin:/usr/sbin:/usr/bin:/sbin:/bin:/usr/games
LD_LIBRARY_PATH=/usr/lib/jvm/java-6-sun-1.6.0.26/jre/lib/amd64/server:/usr/lib/jvm/java-6-sun-1.6.0.26/jre/lib/amd64:/usr/lib/jvm/java-6-sun-1.6.0.26/jre/../lib/amd64
SHELL=/bin/bash
DISPLAY=:0

Signal Handlers:
SIGSEGV: [libjvm.so+0x85f800], sa_mask[0]=0x7ffbfeff, sa_flags=0x10000004
SIGBUS: [libjvm.so+0x85f800], sa_mask[0]=0x7ffbfeff, sa_flags=0x10000004
SIGFPE: [libjvm.so+0x70e300], sa_mask[0]=0x7ffbfeff, sa_flags=0x10000004
SIGPIPE: [libjvm.so+0x70e300], sa_mask[0]=0x7ffbfeff, sa_flags=0x10000004
SIGXFSZ: [libjvm.so+0x70e300], sa_mask[0]=0x7ffbfeff, sa_flags=0x10000004
SIGILL: [libjvm.so+0x70e300], sa_mask[0]=0x7ffbfeff, sa_flags=0x10000004
SIGUSR1: SIG_DFL, sa_mask[0]=0x00000000, sa_flags=0x00000000
SIGUSR2: [libjvm.so+0x711110], sa_mask[0]=0x00000004, sa_flags=0x10000004
SIGHUP: [libjvm.so+0x710d10], sa_mask[0]=0x7ffbfeff, sa_flags=0x10000004
SIGINT: SIG_IGN, sa_mask[0]=0x00000000, sa_flags=0x00000000
SIGTERM: [libjvm.so+0x710d10], sa_mask[0]=0x7ffbfeff, sa_flags=0x10000004
SIGQUIT: [libjvm.so+0x710d10], sa_mask[0]=0x7ffbfeff, sa_flags=0x10000004


---------------  S Y S T E M  ---------------

OS:wheezy/sid

uname:Linux 3.0.0-17-generic #30-Ubuntu SMP Thu Mar 8 20:45:39 UTC 2012 x86_64
libc:glibc 2.13 NPTL 2.13 
rlimit: STACK 8192k, CORE 0k, NPROC 31363, NOFILE 4096, AS infinity
load average:0.16 0.11 0.13

/proc/meminfo:
MemTotal:        4038188 kB
MemFree:          148928 kB
Buffers:           58036 kB
Cached:           725560 kB
SwapCached:        44600 kB
Active:          2290660 kB
Inactive:        1096552 kB
Active(anon):    1891964 kB
Inactive(anon):   746940 kB
Active(file):     398696 kB
Inactive(file):   349612 kB
Unevictable:           0 kB
Mlocked:               0 kB
SwapTotal:       3904508 kB
SwapFree:        3804080 kB
Dirty:               196 kB
Writeback:             0 kB
AnonPages:       2560856 kB
Mapped:           243420 kB
Shmem:             35288 kB
Slab:             162084 kB
SReclaimable:     127404 kB
SUnreclaim:        34680 kB
KernelStack:        4616 kB
PageTables:        45344 kB
NFS_Unstable:          0 kB
Bounce:                0 kB
WritebackTmp:          0 kB
CommitLimit:     5923600 kB
Committed_AS:    5337160 kB
VmallocTotal:   34359738367 kB
VmallocUsed:      318908 kB
VmallocChunk:   34359417256 kB
HardwareCorrupted:     0 kB
AnonHugePages:         0 kB
HugePages_Total:       0
HugePages_Free:        0
HugePages_Rsvd:        0
HugePages_Surp:        0
Hugepagesize:       2048 kB
DirectMap4k:     1302528 kB
DirectMap2M:     2875392 kB


CPU:total 8 (4 cores per cpu, 2 threads per core) family 6 model 42 stepping 7, cmov, cx8, fxsr, mmx, sse, sse2, sse3, ssse3, sse4.1, sse4.2, popcnt, ht

/proc/cpuinfo:
processor	: 0
vendor_id	: GenuineIntel
cpu family	: 6
model		: 42
model name	: Intel(R) Core(TM) i7-2630QM CPU @ 2.00GHz
stepping	: 7
cpu MHz		: 800.000
cache size	: 6144 KB
physical id	: 0
siblings	: 8
core id		: 0
cpu cores	: 4
apicid		: 0
initial apicid	: 0
fpu		: yes
fpu_exception	: yes
cpuid level	: 13
wp		: yes
flags		: fpu vme de pse tsc msr pae mce cx8 apic sep mtrr pge mca cmov pat pse36 clflush dts acpi mmx fxsr sse sse2 ss ht tm pbe syscall nx rdtscp lm constant_tsc arch_perfmon pebs bts rep_good nopl xtopology nonstop_tsc aperfmperf pni pclmulqdq dtes64 monitor ds_cpl vmx est tm2 ssse3 cx16 xtpr pdcm sse4_1 sse4_2 x2apic popcnt xsave avx lahf_lm ida arat epb xsaveopt pln pts dts tpr_shadow vnmi flexpriority ept vpid
bogomips	: 3990.86
clflush size	: 64
cache_alignment	: 64
address sizes	: 36 bits physical, 48 bits virtual
power management:

processor	: 1
vendor_id	: GenuineIntel
cpu family	: 6
model		: 42
model name	: Intel(R) Core(TM) i7-2630QM CPU @ 2.00GHz
stepping	: 7
cpu MHz		: 2001.000
cache size	: 6144 KB
physical id	: 0
siblings	: 8
core id		: 0
cpu cores	: 4
apicid		: 1
initial apicid	: 1
fpu		: yes
fpu_exception	: yes
cpuid level	: 13
wp		: yes
flags		: fpu vme de pse tsc msr pae mce cx8 apic sep mtrr pge mca cmov pat pse36 clflush dts acpi mmx fxsr sse sse2 ss ht tm pbe syscall nx rdtscp lm constant_tsc arch_perfmon pebs bts rep_good nopl xtopology nonstop_tsc aperfmperf pni pclmulqdq dtes64 monitor ds_cpl vmx est tm2 ssse3 cx16 xtpr pdcm sse4_1 sse4_2 x2apic popcnt xsave avx lahf_lm ida arat epb xsaveopt pln pts dts tpr_shadow vnmi flexpriority ept vpid
bogomips	: 3990.80
clflush size	: 64
cache_alignment	: 64
address sizes	: 36 bits physical, 48 bits virtual
power management:

processor	: 2
vendor_id	: GenuineIntel
cpu family	: 6
model		: 42
model name	: Intel(R) Core(TM) i7-2630QM CPU @ 2.00GHz
stepping	: 7
cpu MHz		: 800.000
cache size	: 6144 KB
physical id	: 0
siblings	: 8
core id		: 1
cpu cores	: 4
apicid		: 2
initial apicid	: 2
fpu		: yes
fpu_exception	: yes
cpuid level	: 13
wp		: yes
flags		: fpu vme de pse tsc msr pae mce cx8 apic sep mtrr pge mca cmov pat pse36 clflush dts acpi mmx fxsr sse sse2 ss ht tm pbe syscall nx rdtscp lm constant_tsc arch_perfmon pebs bts rep_good nopl xtopology nonstop_tsc aperfmperf pni pclmulqdq dtes64 monitor ds_cpl vmx est tm2 ssse3 cx16 xtpr pdcm sse4_1 sse4_2 x2apic popcnt xsave avx lahf_lm ida arat epb xsaveopt pln pts dts tpr_shadow vnmi flexpriority ept vpid
bogomips	: 3990.83
clflush size	: 64
cache_alignment	: 64
address sizes	: 36 bits physical, 48 bits virtual
power management:

processor	: 3
vendor_id	: GenuineIntel
cpu family	: 6
model		: 42
model name	: Intel(R) Core(TM) i7-2630QM CPU @ 2.00GHz
stepping	: 7
cpu MHz		: 800.000
cache size	: 6144 KB
physical id	: 0
siblings	: 8
core id		: 1
cpu cores	: 4
apicid		: 3
initial apicid	: 3
fpu		: yes
fpu_exception	: yes
cpuid level	: 13
wp		: yes
flags		: fpu vme de pse tsc msr pae mce cx8 apic sep mtrr pge mca cmov pat pse36 clflush dts acpi mmx fxsr sse sse2 ss ht tm pbe syscall nx rdtscp lm constant_tsc arch_perfmon pebs bts rep_good nopl xtopology nonstop_tsc aperfmperf pni pclmulqdq dtes64 monitor ds_cpl vmx est tm2 ssse3 cx16 xtpr pdcm sse4_1 sse4_2 x2apic popcnt xsave avx lahf_lm ida arat epb xsaveopt pln pts dts tpr_shadow vnmi flexpriority ept vpid
bogomips	: 3990.83
clflush size	: 64
cache_alignment	: 64
address sizes	: 36 bits physical, 48 bits virtual
power management:

processor	: 4
vendor_id	: GenuineIntel
cpu family	: 6
model		: 42
model name	: Intel(R) Core(TM) i7-2630QM CPU @ 2.00GHz
stepping	: 7
cpu MHz		: 800.000
cache size	: 6144 KB
physical id	: 0
siblings	: 8
core id		: 2
cpu cores	: 4
apicid		: 4
initial apicid	: 4
fpu		: yes
fpu_exception	: yes
cpuid level	: 13
wp		: yes
flags		: fpu vme de pse tsc msr pae mce cx8 apic sep mtrr pge mca cmov pat pse36 clflush dts acpi mmx fxsr sse sse2 ss ht tm pbe syscall nx rdtscp lm constant_tsc arch_perfmon pebs bts rep_good nopl xtopology nonstop_tsc aperfmperf pni pclmulqdq dtes64 monitor ds_cpl vmx est tm2 ssse3 cx16 xtpr pdcm sse4_1 sse4_2 x2apic popcnt xsave avx lahf_lm ida arat epb xsaveopt pln pts dts tpr_shadow vnmi flexpriority ept vpid
bogomips	: 3990.84
clflush size	: 64
cache_alignment	: 64
address sizes	: 36 bits physical, 48 bits virtual
power management:

processor	: 5
vendor_id	: GenuineIntel
cpu family	: 6
model		: 42
model name	: Intel(R) Core(TM) i7-2630QM CPU @ 2.00GHz
stepping	: 7
cpu MHz		: 800.000
cache size	: 6144 KB
physical id	: 0
siblings	: 8
core id		: 2
cpu cores	: 4
apicid		: 5
initial apicid	: 5
fpu		: yes
fpu_exception	: yes
cpuid level	: 13
wp		: yes
flags		: fpu vme de pse tsc msr pae mce cx8 apic sep mtrr pge mca cmov pat pse36 clflush dts acpi mmx fxsr sse sse2 ss ht tm pbe syscall nx rdtscp lm constant_tsc arch_perfmon pebs bts rep_good nopl xtopology nonstop_tsc aperfmperf pni pclmulqdq dtes64 monitor ds_cpl vmx est tm2 ssse3 cx16 xtpr pdcm sse4_1 sse4_2 x2apic popcnt xsave avx lahf_lm ida arat epb xsaveopt pln pts dts tpr_shadow vnmi flexpriority ept vpid
bogomips	: 3990.83
clflush size	: 64
cache_alignment	: 64
address sizes	: 36 bits physical, 48 bits virtual
power management:

processor	: 6
vendor_id	: GenuineIntel
cpu family	: 6
model		: 42
model name	: Intel(R) Core(TM) i7-2630QM CPU @ 2.00GHz
stepping	: 7
cpu MHz		: 800.000
cache size	: 6144 KB
physical id	: 0
siblings	: 8
core id		: 3
cpu cores	: 4
apicid		: 6
initial apicid	: 6
fpu		: yes
fpu_exception	: yes
cpuid level	: 13
wp		: yes
flags		: fpu vme de pse tsc msr pae mce cx8 apic sep mtrr pge mca cmov pat pse36 clflush dts acpi mmx fxsr sse sse2 ss ht tm pbe syscall nx rdtscp lm constant_tsc arch_perfmon pebs bts rep_good nopl xtopology nonstop_tsc aperfmperf pni pclmulqdq dtes64 monitor ds_cpl vmx est tm2 ssse3 cx16 xtpr pdcm sse4_1 sse4_2 x2apic popcnt xsave avx lahf_lm ida arat epb xsaveopt pln pts dts tpr_shadow vnmi flexpriority ept vpid
bogomips	: 3990.82
clflush size	: 64
cache_alignment	: 64
address sizes	: 36 bits physical, 48 bits virtual
power management:

processor	: 7
vendor_id	: GenuineIntel
cpu family	: 6
model		: 42
model name	: Intel(R) Core(TM) i7-2630QM CPU @ 2.00GHz
stepping	: 7
cpu MHz		: 800.000
cache size	: 6144 KB
physical id	: 0
siblings	: 8
core id		: 3
cpu cores	: 4
apicid		: 7
initial apicid	: 7
fpu		: yes
fpu_exception	: yes
cpuid level	: 13
wp		: yes
flags		: fpu vme de pse tsc msr pae mce cx8 apic sep mtrr pge mca cmov pat pse36 clflush dts acpi mmx fxsr sse sse2 ss ht tm pbe syscall nx rdtscp lm constant_tsc arch_perfmon pebs bts rep_good nopl xtopology nonstop_tsc aperfmperf pni pclmulqdq dtes64 monitor ds_cpl vmx est tm2 ssse3 cx16 xtpr pdcm sse4_1 sse4_2 x2apic popcnt xsave avx lahf_lm ida arat epb xsaveopt pln pts dts tpr_shadow vnmi flexpriority ept vpid
bogomips	: 3990.84
clflush size	: 64
cache_alignment	: 64
address sizes	: 36 bits physical, 48 bits virtual
power management:



Memory: 4k page, physical 4038188k(148928k free), swap 3904508k(3804080k free)

vm_info: Java HotSpot(TM) 64-Bit Server VM (20.1-b02) for linux-amd64 JRE (1.6.0_26-b03), built on May  4 2011 01:13:47 by "java_re" with gcc 3.2.2 (SuSE Linux)

time: Mon Apr 23 15:40:34 2012
elapsed time: 38 seconds

