#
# A fatal error has been detected by the Java Runtime Environment:
#
#  SIGSEGV (0xb) at pc=0x00007f43677cdc08, pid=31216, tid=139927685359392
#
# JRE version: 6.0_26-b03
# Java VM: Java HotSpot(TM) 64-Bit Server VM (20.1-b02 mixed mode linux-amd64 compressed oops)
# Problematic frame:
# C  [libX11.so.6+0x35c08]  XQueryExtension+0x28
#
# If you would like to submit a bug report, please visit:
#   http://java.sun.com/webapps/bugreport/crash.jsp
#

---------------  T H R E A D  ---------------

Current thread is native thread

siginfo:si_signo=SIGSEGV: si_errno=0, si_code=1 (SEGV_MAPERR), si_addr=0x000000006005a078

Registers:
RAX=0x00000000418d65d0, RBX=0x0000000060059710, RCX=0x00007fff0cea5e58, RDX=0x00007fff0cea5e54
RSP=0x00007fff0cea5df0, RBP=0x00007f43659b3932, RSI=0x00007f43659b3932, RDI=0x0000000060059710
R8 =0x00007fff0cea5e5c, R9 =0x0000000000000000, R10=0x00007f4373a99ea8, R11=0x00007f4373737ba0
R12=0x00007fff0cea5e54, R13=0x00007f43659b3932, R14=0x00000000418d65d0, R15=0x0000000000000000
RIP=0x00007f43677cdc08, EFLAGS=0x0000000000010206, CSGSFS=0x0000000000000033, ERR=0x0000000000000004
  TRAPNO=0x000000000000000e

Top of Stack: (sp=0x00007fff0cea5df0)
0x00007fff0cea5df0:   00007f437370a5c8 00007f43740bb9e8
0x00007fff0cea5e00:   0000000000000000 0000000000000000
0x00007fff0cea5e10:   000000000bea6495 0000000060059710
0x00007fff0cea5e20:   00007f43659b3932 0000000000000000
0x00007fff0cea5e30:   00007f43659b3932 00000000418d65d0
0x00007fff0cea5e40:   0000000000000000 00007f43677c14f5
0x00007fff0cea5e50:   00007f43740df048 00007f4365aec520
0x00007fff0cea5e60:   00007f4365aec520 0000000060059710
0x00007fff0cea5e70:   00007f43600502a0 00007f4367ade73b
0x00007fff0cea5e80:   0101010101010101 000000117370a5c8
0x00007fff0cea5e90:   00007fff0cea5f10 0000000000000000
0x00007fff0cea5ea0:   00007fff0cea5f10 0000000060059710
0x00007fff0cea5eb0:   0000000000000000 00007f43740df048
0x00007fff0cea5ec0:   00007f4365b05d50 00007f436595a119
0x00007fff0cea5ed0:   0000000000000000 0000000000000036
0x00007fff0cea5ee0:   00007fff0cea5f10 00007fff0cea5f30
0x00007fff0cea5ef0:   0000000000000000 00007f43740df048
0x00007fff0cea5f00:   00007f4360051ed0 00007f4365950b42
0x00007fff0cea5f10:   00007fff0cea6150 00007f43659b38b1
0x00007fff0cea5f20:   00007fff0cea6150 00007f4373ecd135
0x00007fff0cea5f30:   00007f43740e02c8 00007f43740e0858
0x00007fff0cea5f40:   00007f43740bb000 00000000418da9e0
0x00007fff0cea5f50:   00000000418db130 00000000418df940
0x00007fff0cea5f60:   00000000418dfe20 00000000418e0320
0x00007fff0cea5f70:   00000000418e4fd0 0000000041975360
0x00007fff0cea5f80:   0000000041becfb0 00007f436004e130
0x00007fff0cea5f90:   00007f436004dc60 00007f436003e240
0x00007fff0cea5fa0:   00007f436003eb80 0000000041bdf130
0x00007fff0cea5fb0:   0000000041bab810 0000000041bab370
0x00007fff0cea5fc0:   00000000418e0e80 00000000418d88f0
0x00007fff0cea5fd0:   00000000418d8250 00000000418d5590
0x00007fff0cea5fe0:   00007f436004e650 00007f436003e6e0 

Instructions: (pc=0x00007f43677cdc08)
0x00007f43677cdbe8:   24 d8 48 89 fb 4c 89 64 24 e0 4c 89 6c 24 e8 49
0x00007f43677cdbf8:   89 d4 4c 89 74 24 f0 4c 89 7c 24 f8 48 83 ec 58
0x00007f43677cdc08:   48 8b 87 68 09 00 00 49 89 f5 48 89 cd 4d 89 c6
0x00007f43677cdc18:   48 85 c0 74 02 ff 10 4c 8b bb b0 00 00 00 49 8d 

Register to memory mapping:

RAX=0x00000000418d65d0 is an unknown value
RBX=0x0000000060059710 is an unknown value
RCX=0x00007fff0cea5e58 is an unknown value
RDX=0x00007fff0cea5e54 is an unknown value
RSP=0x00007fff0cea5df0 is an unknown value
RBP=0x00007f43659b3932: <offset 0x96932> in /usr/lib/fglrx/libGL.so.1 at 0x00007f436591d000
RSI=0x00007f43659b3932: <offset 0x96932> in /usr/lib/fglrx/libGL.so.1 at 0x00007f436591d000
RDI=0x0000000060059710 is an unknown value
R8 =0x00007fff0cea5e5c is an unknown value
R9 =0x0000000000000000 is an unknown value
R10=0x00007f4373a99ea8: <offset 0x39dea8> in /lib/x86_64-linux-gnu/libc.so.6 at 0x00007f43736fc000
R11=0x00007f4373737ba0: __cxa_finalize+0 in /lib/x86_64-linux-gnu/libc.so.6 at 0x00007f43736fc000
R12=0x00007fff0cea5e54 is an unknown value
R13=0x00007f43659b3932: <offset 0x96932> in /usr/lib/fglrx/libGL.so.1 at 0x00007f436591d000
R14=0x00000000418d65d0 is an unknown value
R15=0x0000000000000000 is an unknown value


Stack: [0x00007fff0cda8000,0x00007fff0cea8000],  sp=0x00007fff0cea5df0,  free space=1015k
Native frames: (J=compiled Java code, j=interpreted, Vv=VM code, C=native code)
C  [libX11.so.6+0x35c08]  XQueryExtension+0x28


---------------  P R O C E S S  ---------------

VM state:at safepoint (shutting down)

VM Mutex/Monitor currently owned by a thread:  ([mutex/lock_event])
[0x00000000418ddd10] Threads_lock - owner thread: 0x0000000041946800

Heap
 PSYoungGen      total 18368K, used 11171K [0x00000000eb760000, 0x00000000ecbe0000, 0x0000000100000000)
  eden space 15744K, 61% used [0x00000000eb760000,0x00000000ec0d82a0,0x00000000ec6c0000)
  from space 2624K, 56% used [0x00000000ec6c0000,0x00000000ec830a00,0x00000000ec950000)
  to   space 2624K, 0% used [0x00000000ec950000,0x00000000ec950000,0x00000000ecbe0000)
 PSOldGen        total 42112K, used 0K [0x00000000c2600000, 0x00000000c4f20000, 0x00000000eb760000)
  object space 42112K, 0% used [0x00000000c2600000,0x00000000c2600000,0x00000000c4f20000)
 PSPermGen       total 21248K, used 13182K [0x00000000bd400000, 0x00000000be8c0000, 0x00000000c2600000)
  object space 21248K, 62% used [0x00000000bd400000,0x00000000be0df9c8,0x00000000be8c0000)

Code Cache  [0x00007f436e4cb000, 0x00007f436e73b000, 0x00007f43714cb000)
 total_blobs=828 nmethods=326 adapters=464 free_code_cache=48943872 largest_free_block=6848

Dynamic libraries:
40000000-40009000 r-xp 00000000 08:06 3941148                            /usr/lib/jvm/java-6-sun-1.6.0.26/jre/bin/java
40108000-4010a000 rwxp 00008000 08:06 3941148                            /usr/lib/jvm/java-6-sun-1.6.0.26/jre/bin/java
418d5000-42436000 rwxp 00000000 00:00 0                                  [heap]
bd400000-be8c0000 rwxp 00000000 00:00 0 
be8c0000-c2600000 rwxp 00000000 00:00 0 
c2600000-c4f20000 rwxp 00000000 00:00 0 
c4f20000-eb760000 rwxp 00000000 00:00 0 
eb760000-ecbe0000 rwxp 00000000 00:00 0 
ecbe0000-100000000 rwxp 00000000 00:00 0 
7f435670d000-7f435670e000 ---p 00000000 00:00 0 
7f435670e000-7f4356f0e000 rwxp 00000000 00:00 0 
7f4356f0e000-7f4356f0f000 ---p 00000000 00:00 0 
7f4356f0f000-7f435770f000 rwxp 00000000 00:00 0 
7f435770f000-7f4357710000 ---p 00000000 00:00 0 
7f4357710000-7f4357f10000 rwxp 00000000 00:00 0 
7f435bf11000-7f435bf12000 ---p 00000000 00:00 0 
7f435bf12000-7f435c712000 rwxp 00000000 00:00 0 
7f435c712000-7f435c729000 r-xp 00000000 08:06 3280813                    /lib/x86_64-linux-gnu/libresolv-2.13.so
7f435c729000-7f435c929000 ---p 00017000 08:06 3280813                    /lib/x86_64-linux-gnu/libresolv-2.13.so
7f435c929000-7f435c92a000 r-xp 00017000 08:06 3280813                    /lib/x86_64-linux-gnu/libresolv-2.13.so
7f435c92a000-7f435c92b000 rwxp 00018000 08:06 3280813                    /lib/x86_64-linux-gnu/libresolv-2.13.so
7f435c92b000-7f435c92d000 rwxp 00000000 00:00 0 
7f435c92d000-7f435c933000 r-xp 00000000 08:06 3809389                    /usr/lib/x86_64-linux-gnu/libogg.so.0.7.1
7f435c933000-7f435cb32000 ---p 00006000 08:06 3809389                    /usr/lib/x86_64-linux-gnu/libogg.so.0.7.1
7f435cb32000-7f435cb33000 r-xp 00005000 08:06 3809389                    /usr/lib/x86_64-linux-gnu/libogg.so.0.7.1
7f435cb33000-7f435cb34000 rwxp 00006000 08:06 3809389                    /usr/lib/x86_64-linux-gnu/libogg.so.0.7.1
7f435cb34000-7f435cb5f000 r-xp 00000000 08:06 3809461                    /usr/lib/x86_64-linux-gnu/libvorbis.so.0.4.5
7f435cb5f000-7f435cd5e000 ---p 0002b000 08:06 3809461                    /usr/lib/x86_64-linux-gnu/libvorbis.so.0.4.5
7f435cd5e000-7f435cd5f000 r-xp 0002a000 08:06 3809461                    /usr/lib/x86_64-linux-gnu/libvorbis.so.0.4.5
7f435cd5f000-7f435cd60000 rwxp 0002b000 08:06 3809461                    /usr/lib/x86_64-linux-gnu/libvorbis.so.0.4.5
7f435cd60000-7f435d013000 r-xp 00000000 08:06 3809456                    /usr/lib/x86_64-linux-gnu/libvorbisenc.so.2.0.8
7f435d013000-7f435d212000 ---p 002b3000 08:06 3809456                    /usr/lib/x86_64-linux-gnu/libvorbisenc.so.2.0.8
7f435d212000-7f435d22e000 r-xp 002b2000 08:06 3809456                    /usr/lib/x86_64-linux-gnu/libvorbisenc.so.2.0.8
7f435d22e000-7f435d22f000 rwxp 002ce000 08:06 3809456                    /usr/lib/x86_64-linux-gnu/libvorbisenc.so.2.0.8
7f435d22f000-7f435d277000 r-xp 00000000 08:06 3809156                    /usr/lib/x86_64-linux-gnu/libFLAC.so.8.2.0
7f435d277000-7f435d477000 ---p 00048000 08:06 3809156                    /usr/lib/x86_64-linux-gnu/libFLAC.so.8.2.0
7f435d477000-7f435d478000 r-xp 00048000 08:06 3809156                    /usr/lib/x86_64-linux-gnu/libFLAC.so.8.2.0
7f435d478000-7f435d479000 rwxp 00049000 08:06 3809156                    /usr/lib/x86_64-linux-gnu/libFLAC.so.8.2.0
7f435d479000-7f435d47e000 r-xp 00000000 08:06 3809265                    /usr/lib/x86_64-linux-gnu/libasyncns.so.0.3.1
7f435d47e000-7f435d67d000 ---p 00005000 08:06 3809265                    /usr/lib/x86_64-linux-gnu/libasyncns.so.0.3.1
7f435d67d000-7f435d67e000 r-xp 00004000 08:06 3809265                    /usr/lib/x86_64-linux-gnu/libasyncns.so.0.3.1
7f435d67e000-7f435d67f000 rwxp 00005000 08:06 3809265                    /usr/lib/x86_64-linux-gnu/libasyncns.so.0.3.1
7f435d67f000-7f435d6df000 r-xp 00000000 08:06 3809429                    /usr/lib/x86_64-linux-gnu/libsndfile.so.1.0.24
7f435d6df000-7f435d8df000 ---p 00060000 08:06 3809429                    /usr/lib/x86_64-linux-gnu/libsndfile.so.1.0.24
7f435d8df000-7f435d8e1000 r-xp 00060000 08:06 3809429                    /usr/lib/x86_64-linux-gnu/libsndfile.so.1.0.24
7f435d8e1000-7f435d8e2000 rwxp 00062000 08:06 3809429                    /usr/lib/x86_64-linux-gnu/libsndfile.so.1.0.24
7f435d8e2000-7f435d8e6000 rwxp 00000000 00:00 0 
7f435d8e6000-7f435d8ee000 r-xp 00000000 08:06 3280658                    /lib/x86_64-linux-gnu/libwrap.so.0.7.6
7f435d8ee000-7f435daed000 ---p 00008000 08:06 3280658                    /lib/x86_64-linux-gnu/libwrap.so.0.7.6
7f435daed000-7f435daee000 r-xp 00007000 08:06 3280658                    /lib/x86_64-linux-gnu/libwrap.so.0.7.6
7f435daee000-7f435daef000 rwxp 00008000 08:06 3280658                    /lib/x86_64-linux-gnu/libwrap.so.0.7.6
7f435daef000-7f435db31000 r-xp 00000000 08:06 3280587                    /lib/x86_64-linux-gnu/libdbus-1.so.3.5.7
7f435db31000-7f435dd30000 ---p 00042000 08:06 3280587                    /lib/x86_64-linux-gnu/libdbus-1.so.3.5.7
7f435dd30000-7f435dd31000 r-xp 00041000 08:06 3280587                    /lib/x86_64-linux-gnu/libdbus-1.so.3.5.7
7f435dd31000-7f435dd32000 rwxp 00042000 08:06 3280587                    /lib/x86_64-linux-gnu/libdbus-1.so.3.5.7
7f435dd32000-7f435fc8c000 r-xp 00000000 08:06 3804265                    /usr/lib/fglrx/dri/fglrx_dri.so
7f435fc8c000-7f435fd8c000 ---p 01f5a000 08:06 3804265                    /usr/lib/fglrx/dri/fglrx_dri.so
7f435fd8c000-7f435feda000 rwxp 01f5a000 08:06 3804265                    /usr/lib/fglrx/dri/fglrx_dri.so
7f435feda000-7f4360000000 rwxp 00000000 00:00 0 
7f4360000000-7f4361434000 rwxp 00000000 00:00 0 
7f4361434000-7f4364000000 ---p 00000000 00:00 0 
7f43640f3000-7f43640f6000 ---p 00000000 00:00 0 
7f43640f6000-7f43641f4000 rwxp 00000000 00:00 0 
7f43641f4000-7f4364250000 r-xp 00000000 08:06 3809314                    /usr/lib/x86_64-linux-gnu/libpulsecommon-1.0.so
7f4364250000-7f4364450000 ---p 0005c000 08:06 3809314                    /usr/lib/x86_64-linux-gnu/libpulsecommon-1.0.so
7f4364450000-7f4364451000 r-xp 0005c000 08:06 3809314                    /usr/lib/x86_64-linux-gnu/libpulsecommon-1.0.so
7f4364451000-7f4364452000 rwxp 0005d000 08:06 3809314                    /usr/lib/x86_64-linux-gnu/libpulsecommon-1.0.so
7f4364452000-7f4364459000 r-xp 00000000 08:06 3809363                    /usr/lib/x86_64-linux-gnu/libjson.so.0.0.1
7f4364459000-7f4364658000 ---p 00007000 08:06 3809363                    /usr/lib/x86_64-linux-gnu/libjson.so.0.0.1
7f4364658000-7f4364659000 r-xp 00006000 08:06 3809363                    /usr/lib/x86_64-linux-gnu/libjson.so.0.0.1
7f4364659000-7f436465a000 rwxp 00007000 08:06 3809363                    /usr/lib/x86_64-linux-gnu/libjson.so.0.0.1
7f436465a000-7f43646a0000 r-xp 00000000 08:06 3809289                    /usr/lib/x86_64-linux-gnu/libpulse.so.0.13.4
7f43646a0000-7f436489f000 ---p 00046000 08:06 3809289                    /usr/lib/x86_64-linux-gnu/libpulse.so.0.13.4
7f436489f000-7f43648a0000 r-xp 00045000 08:06 3809289                    /usr/lib/x86_64-linux-gnu/libpulse.so.0.13.4
7f43648a0000-7f43648a1000 rwxp 00046000 08:06 3809289                    /usr/lib/x86_64-linux-gnu/libpulse.so.0.13.4
7f4364bbc000-7f43652bc000 rwxs 00006000 00:05 5873                       /dev/ati/card0
7f43652bc000-7f43654bc000 rwxp 00000000 00:00 0 
7f43654bc000-7f43654be000 r-xp 00000000 08:06 3809247                    /usr/lib/x86_64-linux-gnu/libXinerama.so.1.0.0
7f43654be000-7f43656bd000 ---p 00002000 08:06 3809247                    /usr/lib/x86_64-linux-gnu/libXinerama.so.1.0.0
7f43656bd000-7f43656be000 r-xp 00001000 08:06 3809247                    /usr/lib/x86_64-linux-gnu/libXinerama.so.1.0.0
7f43656be000-7f43656bf000 rwxp 00002000 08:06 3809247                    /usr/lib/x86_64-linux-gnu/libXinerama.so.1.0.0
7f43656bf000-7f43656fa000 r-xp 00000000 08:06 3804222                    /usr/lib/fglrx/libatiadlxx.so
7f43656fa000-7f43657fa000 ---p 0003b000 08:06 3804222                    /usr/lib/fglrx/libatiadlxx.so
7f43657fa000-7f4365803000 rwxp 0003b000 08:06 3804222                    /usr/lib/fglrx/libatiadlxx.so
7f4365803000-7f4365814000 rwxp 00000000 00:00 0 
7f4365814000-7f436581b000 r-xp 00000000 08:06 3804253                    /usr/lib/fglrx/libatiuki.so.1.0
7f436581b000-7f436591b000 ---p 00007000 08:06 3804253                    /usr/lib/fglrx/libatiuki.so.1.0
7f436591b000-7f436591c000 rwxp 00007000 08:06 3804253                    /usr/lib/fglrx/libatiuki.so.1.0
7f436591c000-7f436591d000 rwxp 00000000 00:00 0 
7f436591d000-7f43659e0000 r-xp 00000000 08:06 3804219                    /usr/lib/fglrx/libGL.so.1.2
7f43659e0000-7f4365adf000 ---p 000c3000 08:06 3804219                    /usr/lib/fglrx/libGL.so.1.2
7f4365adf000-7f4365b06000 rwxp 000c2000 08:06 3804219                    /usr/lib/fglrx/libGL.so.1.2
7f4365b06000-7f4365b26000 rwxp 00000000 00:00 0 
7f4365b26000-7f4365b29000 ---p 00000000 00:00 0 
7f4365b29000-7f4365c27000 rwxp 00000000 00:00 0 
7f4365c27000-7f4365c2c000 r-xp 00000000 08:06 3809259                    /usr/lib/x86_64-linux-gnu/libXxf86vm.so.1.0.0
7f4365c2c000-7f4365e2b000 ---p 00005000 08:06 3809259                    /usr/lib/x86_64-linux-gnu/libXxf86vm.so.1.0.0
7f4365e2b000-7f4365e2c000 r-xp 00004000 08:06 3809259                    /usr/lib/x86_64-linux-gnu/libXxf86vm.so.1.0.0
7f4365e2c000-7f4365e2d000 rwxp 00005000 08:06 3809259                    /usr/lib/x86_64-linux-gnu/libXxf86vm.so.1.0.0
7f4365e2d000-7f4365e35000 r-xp 00000000 08:06 3809249                    /usr/lib/x86_64-linux-gnu/libXrandr.so.2.2.0
7f4365e35000-7f4366034000 ---p 00008000 08:06 3809249                    /usr/lib/x86_64-linux-gnu/libXrandr.so.2.2.0
7f4366034000-7f4366035000 r-xp 00007000 08:06 3809249                    /usr/lib/x86_64-linux-gnu/libXrandr.so.2.2.0
7f4366035000-7f4366036000 rwxp 00008000 08:06 3809249                    /usr/lib/x86_64-linux-gnu/libXrandr.so.2.2.0
7f4366036000-7f436609c000 r-xp 00000000 08:07 10375991                   /home/aaron/Projects/jMonkeyProjects/jmeplanet/liblwjgl64.so
7f436609c000-7f436629c000 ---p 00066000 08:07 10375991                   /home/aaron/Projects/jMonkeyProjects/jmeplanet/liblwjgl64.so
7f436629c000-7f436629e000 r-xp 00066000 08:07 10375991                   /home/aaron/Projects/jMonkeyProjects/jmeplanet/liblwjgl64.so
7f436629e000-7f436629f000 rwxp 00068000 08:07 10375991                   /home/aaron/Projects/jMonkeyProjects/jmeplanet/liblwjgl64.so
7f436629f000-7f43662a0000 r-xp 00000000 08:06 3936931                    /usr/lib/jvm/java-6-sun-1.6.0.26/jre/lib/amd64/libjawt.so
7f43662a0000-7f436639f000 ---p 00001000 08:06 3936931                    /usr/lib/jvm/java-6-sun-1.6.0.26/jre/lib/amd64/libjawt.so
7f436639f000-7f43663a0000 rwxp 00000000 08:06 3936931                    /usr/lib/jvm/java-6-sun-1.6.0.26/jre/lib/amd64/libjawt.so
7f43663a0000-7f43663a3000 ---p 00000000 00:00 0 
7f43663a3000-7f43664a1000 rwxp 00000000 00:00 0 
7f43664a1000-7f43664a6000 r-xp 00000000 08:06 3809241                    /usr/lib/x86_64-linux-gnu/libXfixes.so.3.1.0
7f43664a6000-7f43666a5000 ---p 00005000 08:06 3809241                    /usr/lib/x86_64-linux-gnu/libXfixes.so.3.1.0
7f43666a5000-7f43666a6000 r-xp 00004000 08:06 3809241                    /usr/lib/x86_64-linux-gnu/libXfixes.so.3.1.0
7f43666a6000-7f43666a7000 rwxp 00005000 08:06 3809241                    /usr/lib/x86_64-linux-gnu/libXfixes.so.3.1.0
7f43666a7000-7f43666b0000 r-xp 00000000 08:06 3809251                    /usr/lib/x86_64-linux-gnu/libXrender.so.1.3.0
7f43666b0000-7f43668b0000 ---p 00009000 08:06 3809251                    /usr/lib/x86_64-linux-gnu/libXrender.so.1.3.0
7f43668b0000-7f43668b1000 r-xp 00009000 08:06 3809251                    /usr/lib/x86_64-linux-gnu/libXrender.so.1.3.0
7f43668b1000-7f43668b2000 rwxp 0000a000 08:06 3809251                    /usr/lib/x86_64-linux-gnu/libXrender.so.1.3.0
7f43668b2000-7f43668bb000 r-xp 00000000 08:06 3809233                    /usr/lib/x86_64-linux-gnu/libXcursor.so.1.0.2
7f43668bb000-7f4366aba000 ---p 00009000 08:06 3809233                    /usr/lib/x86_64-linux-gnu/libXcursor.so.1.0.2
7f4366aba000-7f4366abb000 r-xp 00008000 08:06 3809233                    /usr/lib/x86_64-linux-gnu/libXcursor.so.1.0.2
7f4366abb000-7f4366abc000 rwxp 00009000 08:06 3809233                    /usr/lib/x86_64-linux-gnu/libXcursor.so.1.0.2
7f4366abc000-7f4366abf000 ---p 00000000 00:00 0 
7f4366abf000-7f4366bbd000 rwxp 00000000 00:00 0 
7f4366bbd000-7f4366c36000 r-xp 00000000 08:06 3936114                    /usr/lib/jvm/java-6-sun-1.6.0.26/jre/lib/amd64/libfontmanager.so
7f4366c36000-7f4366d35000 ---p 00079000 08:06 3936114                    /usr/lib/jvm/java-6-sun-1.6.0.26/jre/lib/amd64/libfontmanager.so
7f4366d35000-7f4366d4a000 rwxp 00078000 08:06 3936114                    /usr/lib/jvm/java-6-sun-1.6.0.26/jre/lib/amd64/libfontmanager.so
7f4366d4a000-7f4366d5b000 rwxp 00000000 00:00 0 
7f4366d5b000-7f4366d60000 r-xp 00000000 08:06 3809237                    /usr/lib/x86_64-linux-gnu/libXdmcp.so.6.0.0
7f4366d60000-7f4366f5f000 ---p 00005000 08:06 3809237                    /usr/lib/x86_64-linux-gnu/libXdmcp.so.6.0.0
7f4366f5f000-7f4366f60000 r-xp 00004000 08:06 3809237                    /usr/lib/x86_64-linux-gnu/libXdmcp.so.6.0.0
7f4366f60000-7f4366f61000 rwxp 00005000 08:06 3809237                    /usr/lib/x86_64-linux-gnu/libXdmcp.so.6.0.0
7f4366f61000-7f4366f63000 r-xp 00000000 08:06 3809229                    /usr/lib/x86_64-linux-gnu/libXau.so.6.0.0
7f4366f63000-7f4367162000 ---p 00002000 08:06 3809229                    /usr/lib/x86_64-linux-gnu/libXau.so.6.0.0
7f4367162000-7f4367163000 r-xp 00001000 08:06 3809229                    /usr/lib/x86_64-linux-gnu/libXau.so.6.0.0
7f4367163000-7f4367164000 rwxp 00002000 08:06 3809229                    /usr/lib/x86_64-linux-gnu/libXau.so.6.0.0
7f4367164000-7f4367181000 r-xp 00000000 08:06 3807879                    /usr/lib/x86_64-linux-gnu/libxcb.so.1.1.0
7f4367181000-7f4367380000 ---p 0001d000 08:06 3807879                    /usr/lib/x86_64-linux-gnu/libxcb.so.1.1.0
7f4367380000-7f4367381000 r-xp 0001c000 08:06 3807879                    /usr/lib/x86_64-linux-gnu/libxcb.so.1.1.0
7f4367381000-7f4367382000 rwxp 0001d000 08:06 3807879                    /usr/lib/x86_64-linux-gnu/libxcb.so.1.1.0
7f4367382000-7f4367391000 r-xp 00000000 08:06 3809245                    /usr/lib/x86_64-linux-gnu/libXi.so.6.1.0
7f4367391000-7f4367590000 ---p 0000f000 08:06 3809245                    /usr/lib/x86_64-linux-gnu/libXi.so.6.1.0
7f4367590000-7f4367591000 r-xp 0000e000 08:06 3809245                    /usr/lib/x86_64-linux-gnu/libXi.so.6.1.0
7f4367591000-7f4367592000 rwxp 0000f000 08:06 3809245                    /usr/lib/x86_64-linux-gnu/libXi.so.6.1.0
7f4367592000-7f4367597000 r-xp 00000000 08:06 3802679                    /usr/lib/libXtst.so.6.1.0
7f4367597000-7f4367796000 ---p 00005000 08:06 3802679                    /usr/lib/libXtst.so.6.1.0
7f4367796000-7f4367797000 r-xp 00004000 08:06 3802679                    /usr/lib/libXtst.so.6.1.0
7f4367797000-7f4367798000 rwxp 00005000 08:06 3802679                    /usr/lib/libXtst.so.6.1.0
7f4367798000-7f43678cb000 r-xp 00000000 08:06 3809227                    /usr/lib/x86_64-linux-gnu/libX11.so.6.3.0
7f43678cb000-7f4367acb000 ---p 00133000 08:06 3809227                    /usr/lib/x86_64-linux-gnu/libX11.so.6.3.0
7f4367acb000-7f4367acc000 r-xp 00133000 08:06 3809227                    /usr/lib/x86_64-linux-gnu/libX11.so.6.3.0
7f4367acc000-7f4367ad0000 rwxp 00134000 08:06 3809227                    /usr/lib/x86_64-linux-gnu/libX11.so.6.3.0
7f4367ad0000-7f4367ae2000 r-xp 00000000 08:06 3809239                    /usr/lib/x86_64-linux-gnu/libXext.so.6.4.0
7f4367ae2000-7f4367ce1000 ---p 00012000 08:06 3809239                    /usr/lib/x86_64-linux-gnu/libXext.so.6.4.0
7f4367ce1000-7f4367ce2000 r-xp 00011000 08:06 3809239                    /usr/lib/x86_64-linux-gnu/libXext.so.6.4.0
7f4367ce2000-7f4367ce3000 rwxp 00012000 08:06 3809239                    /usr/lib/x86_64-linux-gnu/libXext.so.6.4.0
7f4367ce3000-7f4367d25000 r-xp 00000000 08:06 3936066                    /usr/lib/jvm/java-6-sun-1.6.0.26/jre/lib/amd64/xawt/libmawt.so
7f4367d25000-7f4367e24000 ---p 00042000 08:06 3936066                    /usr/lib/jvm/java-6-sun-1.6.0.26/jre/lib/amd64/xawt/libmawt.so
7f4367e24000-7f4367e30000 rwxp 00041000 08:06 3936066                    /usr/lib/jvm/java-6-sun-1.6.0.26/jre/lib/amd64/xawt/libmawt.so
7f4367e30000-7f4367e31000 rwxp 00000000 00:00 0 
7f4367e31000-7f4367ec3000 r-xp 00000000 08:06 3936072                    /usr/lib/jvm/java-6-sun-1.6.0.26/jre/lib/amd64/libawt.so
7f4367ec3000-7f4367fc2000 ---p 00092000 08:06 3936072                    /usr/lib/jvm/java-6-sun-1.6.0.26/jre/lib/amd64/libawt.so
7f4367fc2000-7f4367fdc000 rwxp 00091000 08:06 3936072                    /usr/lib/jvm/java-6-sun-1.6.0.26/jre/lib/amd64/libawt.so
7f4367fdc000-7f4368000000 rwxp 00000000 00:00 0 
7f4368000000-7f4368f02000 rwxp 00000000 00:00 0 
7f4368f02000-7f436c000000 ---p 00000000 00:00 0 
7f436c01a000-7f436c021000 r-xs 00000000 08:06 3940598                    /usr/lib/x86_64-linux-gnu/gconv/gconv-modules.cache
7f436c021000-7f436c069000 rwxp 00000000 00:00 0 
7f436c069000-7f436c06a000 rwxs 00005000 00:05 5873                       /dev/ati/card0
7f436c06a000-7f436c08a000 rwxs c4000000 00:05 5873                       /dev/ati/card0
7f436c08a000-7f436c08c000 rwxs 00002000 00:05 5873                       /dev/ati/card0
7f436c08c000-7f436c08d000 r-xs 00000000 08:06 1058117                    /var/cache/fontconfig/c05880de57d1f5e948fdfacc138775d9-le64.cache-3
7f436c08d000-7f436c096000 r-xs 00000000 08:06 1049056                    /var/cache/fontconfig/945677eb7aeaf62f1d50efc3fb3ec7d8-le64.cache-3
7f436c096000-7f436c09a000 r-xs 00000000 08:06 1058114                    /var/cache/fontconfig/99e8ed0e538f840c565b6ed5dad60d56-le64.cache-3
7f436c09a000-7f436c0a2000 r-xs 00000000 08:06 1058144                    /var/cache/fontconfig/e383d7ea5fbe662a33d9b44caf393297-le64.cache-3
7f436c0a2000-7f436c0a6000 r-xs 00000000 08:06 1058112                    /var/cache/fontconfig/2cd17615ca594fa2959ae173292e504c-le64.cache-3
7f436c0a6000-7f436c0a7000 r-xs 00000000 08:06 1058111                    /var/cache/fontconfig/e7071f4a29fa870f4323321c154eba04-le64.cache-3
7f436c0a7000-7f436c0ac000 r-xs 00000000 08:06 1058110                    /var/cache/fontconfig/6eb3985aa4124903f6ff08ba781cd364-le64.cache-3
7f436c0ac000-7f436c0ad000 r-xs 00000000 08:06 1058105                    /var/cache/fontconfig/4c73fe0c47614734b17d736dbde7580a-le64.cache-3
7f436c0ad000-7f436c0ae000 r-xs 00000000 08:06 1058103                    /var/cache/fontconfig/0d8c3b2ac0904cb8a57a757ad11a4a08-le64.cache-3
7f436c0ae000-7f436c0af000 r-xs 00000000 08:06 1058101                    /var/cache/fontconfig/6a53c69dea097a2d716e069445527da8-le64.cache-3
7f436c0af000-7f436c0b5000 r-xs 00000000 08:06 1058100                    /var/cache/fontconfig/a755afe4a08bf5b97852ceb7400b47bc-le64.cache-3
7f436c0b5000-7f436c0be000 r-xs 00000000 08:06 1058098                    /var/cache/fontconfig/6d41288fd70b0be22e8c3a91e032eec0-le64.cache-3
7f436c0be000-7f436c0ce000 r-xs 00000000 08:06 1058096                    /var/cache/fontconfig/0f34bcd4b6ee430af32735b75db7f02b-le64.cache-3
7f436c0ce000-7f436c0d1000 r-xs 00000000 08:06 1058095                    /var/cache/fontconfig/d60319d88cac85ba9e1a07bd06cfbb8c-le64.cache-3
7f436c0d1000-7f436c0d2000 r-xs 00000000 08:06 1058093                    /var/cache/fontconfig/4794a0821666d79190d59a36cb4f44b5-le64.cache-3
7f436c0d2000-7f436c0e2000 r-xs 00000000 08:06 1058092                    /var/cache/fontconfig/d52a8644073d54c13679302ca1180695-le64.cache-3
7f436c0e2000-7f436c0ed000 r-xs 00000000 08:06 1049051                    /var/cache/fontconfig/e13b20fdb08344e0e664864cc2ede53d-le64.cache-3
7f436c0ed000-7f436c0f1000 r-xs 00000000 08:06 1049036                    /var/cache/fontconfig/7ef2298fde41cc6eeb7af42e48b7d293-le64.cache-3
7f436c0f1000-7f436c0f4000 ---p 00000000 00:00 0 
7f436c0f4000-7f436c1f2000 rwxp 00000000 00:00 0 
7f436c1f2000-7f436c1f6000 r-xs 000cb000 08:06 3805216                    /usr/lib/jvm/java-6-sun-1.6.0.26/jre/lib/ext/localedata.jar
7f436c1f6000-7f436c1f9000 r-xs 0001a000 08:07 10618362                   /home/aaron/Apps/jmonkeyplatform/jmonkeyplatform/libs/xmlpull-xpp3.jar
7f436c1f9000-7f436c1fb000 r-xs 00012000 08:07 10618454                   /home/aaron/Apps/jmonkeyplatform/jmonkeyplatform/libs/eventbus.jar
7f436c1fb000-7f436c1fe000 r-xs 0000f000 08:07 10618145                   /home/aaron/Apps/jmonkeyplatform/jmonkeyplatform/libs/nifty-style-black.jar
7f436c1fe000-7f436c206000 r-xs 00033000 08:07 10617850                   /home/aaron/Apps/jmonkeyplatform/jmonkeyplatform/libs/nifty-default-controls.jar
7f436c206000-7f436c210000 r-xs 0006c000 08:07 10618525                   /home/aaron/Apps/jmonkeyplatform/jmonkeyplatform/libs/nifty.jar
7f436c210000-7f436c211000 r-xs 00004000 08:07 10618878                   /home/aaron/Apps/jmonkeyplatform/jmonkeyplatform/libs/jME3-niftygui.jar
7f436c211000-7f436c212000 r-xs 0000b000 08:07 10618394                   /home/aaron/Apps/jmonkeyplatform/jmonkeyplatform/libs/stack-alloc.jar
7f436c212000-7f436c214000 r-xs 0003c000 08:07 10618568                   /home/aaron/Apps/jmonkeyplatform/jmonkeyplatform/libs/vecmath.jar
7f436c214000-7f436c21e000 r-xs 00079000 08:07 10618478                   /home/aaron/Apps/jmonkeyplatform/jmonkeyplatform/libs/jbullet.jar
7f436c21e000-7f436c221000 r-xs 00020000 08:07 10618359                   /home/aaron/Apps/jmonkeyplatform/jmonkeyplatform/libs/jME3-jbullet.jar
7f436c221000-7f436c22e000 r-xs 000d2000 08:07 10618524                   /home/aaron/Apps/jmonkeyplatform/jmonkeyplatform/libs/lwjgl.jar
7f436c22e000-7f436c22f000 ---p 00000000 00:00 0 
7f436c22f000-7f436c32f000 rwxp 00000000 00:00 0 
7f436c32f000-7f436c332000 ---p 00000000 00:00 0 
7f436c332000-7f436c430000 rwxp 00000000 00:00 0 
7f436c430000-7f436c433000 ---p 00000000 00:00 0 
7f436c433000-7f436c531000 rwxp 00000000 00:00 0 
7f436c531000-7f436c534000 ---p 00000000 00:00 0 
7f436c534000-7f436c632000 rwxp 00000000 00:00 0 
7f436c632000-7f436c635000 ---p 00000000 00:00 0 
7f436c635000-7f436c733000 rwxp 00000000 00:00 0 
7f436c733000-7f436c736000 ---p 00000000 00:00 0 
7f436c736000-7f436c834000 rwxp 00000000 00:00 0 
7f436c834000-7f436c837000 ---p 00000000 00:00 0 
7f436c837000-7f436c935000 rwxp 00000000 00:00 0 
7f436c935000-7f436c938000 r-xp 00000000 08:06 3936073                    /usr/lib/jvm/java-6-sun-1.6.0.26/jre/lib/amd64/libdt_socket.so
7f436c938000-7f436ca37000 ---p 00003000 08:06 3936073                    /usr/lib/jvm/java-6-sun-1.6.0.26/jre/lib/amd64/libdt_socket.so
7f436ca37000-7f436ca39000 rwxp 00002000 08:06 3936073                    /usr/lib/jvm/java-6-sun-1.6.0.26/jre/lib/amd64/libdt_socket.so
7f436ca39000-7f436ca3c000 ---p 00000000 00:00 0 
7f436ca3c000-7f436cb3a000 rwxp 00000000 00:00 0 
7f436cb3a000-7f436cb3d000 ---p 00000000 00:00 0 
7f436cb3d000-7f436cc3b000 rwxp 00000000 00:00 0 
7f436cc3b000-7f436cc3e000 ---p 00000000 00:00 0 
7f436cc3e000-7f436cd3c000 rwxp 00000000 00:00 0 
7f436cd3c000-7f436cd3d000 ---p 00000000 00:00 0 
7f436cd3d000-7f436d77a000 rwxp 00000000 00:00 0 
7f436d77a000-7f436d912000 r-xs 03029000 08:06 3813223                    /usr/lib/jvm/java-6-sun-1.6.0.26/jre/lib/rt.jar
7f436d912000-7f436d93a000 rwxp 00000000 00:00 0 
7f436d93a000-7f436d93b000 ---p 00000000 00:00 0 
7f436d93b000-7f436da3b000 rwxp 00000000 00:00 0 
7f436da3b000-7f436da3c000 ---p 00000000 00:00 0 
7f436da3c000-7f436db3c000 rwxp 00000000 00:00 0 
7f436db3c000-7f436db3d000 ---p 00000000 00:00 0 
7f436db3d000-7f436dc3d000 rwxp 00000000 00:00 0 
7f436dc3d000-7f436dc3e000 ---p 00000000 00:00 0 
7f436dc3e000-7f436dd3e000 rwxp 00000000 00:00 0 
7f436dd3e000-7f436dd3f000 ---p 00000000 00:00 0 
7f436dd3f000-7f436de3f000 rwxp 00000000 00:00 0 
7f436de3f000-7f436de40000 ---p 00000000 00:00 0 
7f436de40000-7f436df40000 rwxp 00000000 00:00 0 
7f436df40000-7f436df41000 ---p 00000000 00:00 0 
7f436df41000-7f436e041000 rwxp 00000000 00:00 0 
7f436e041000-7f436e042000 ---p 00000000 00:00 0 
7f436e042000-7f436e14d000 rwxp 00000000 00:00 0 
7f436e14d000-7f436e16b000 rwxp 00000000 00:00 0 
7f436e16b000-7f436e180000 rwxp 00000000 00:00 0 
7f436e180000-7f436e2b4000 rwxp 00000000 00:00 0 
7f436e2b4000-7f436e2bf000 rwxp 00000000 00:00 0 
7f436e2bf000-7f436e2dd000 rwxp 00000000 00:00 0 
7f436e2dd000-7f436e2f2000 rwxp 00000000 00:00 0 
7f436e2f2000-7f436e425000 rwxp 00000000 00:00 0 
7f436e425000-7f436e430000 rwxp 00000000 00:00 0 
7f436e430000-7f436e4ca000 rwxp 00000000 00:00 0 
7f436e4ca000-7f436e73b000 rwxp 00000000 00:00 0 
7f436e73b000-7f43714cb000 rwxp 00000000 00:00 0 
7f43714cb000-7f43714d9000 r-xp 00000000 08:06 3936069                    /usr/lib/jvm/java-6-sun-1.6.0.26/jre/lib/amd64/libzip.so
7f43714d9000-7f43715db000 ---p 0000e000 08:06 3936069                    /usr/lib/jvm/java-6-sun-1.6.0.26/jre/lib/amd64/libzip.so
7f43715db000-7f43715de000 rwxp 00010000 08:06 3936069                    /usr/lib/jvm/java-6-sun-1.6.0.26/jre/lib/amd64/libzip.so
7f43715de000-7f43715df000 rwxp 00000000 00:00 0 
7f43715df000-7f43715eb000 r-xp 00000000 08:06 3280807                    /lib/x86_64-linux-gnu/libnss_files-2.13.so
7f43715eb000-7f43717ea000 ---p 0000c000 08:06 3280807                    /lib/x86_64-linux-gnu/libnss_files-2.13.so
7f43717ea000-7f43717eb000 r-xp 0000b000 08:06 3280807                    /lib/x86_64-linux-gnu/libnss_files-2.13.so
7f43717eb000-7f43717ec000 rwxp 0000c000 08:06 3280807                    /lib/x86_64-linux-gnu/libnss_files-2.13.so
7f43717ec000-7f43717f6000 r-xp 00000000 08:06 3280809                    /lib/x86_64-linux-gnu/libnss_nis-2.13.so
7f43717f6000-7f43719f6000 ---p 0000a000 08:06 3280809                    /lib/x86_64-linux-gnu/libnss_nis-2.13.so
7f43719f6000-7f43719f7000 r-xp 0000a000 08:06 3280809                    /lib/x86_64-linux-gnu/libnss_nis-2.13.so
7f43719f7000-7f43719f8000 rwxp 0000b000 08:06 3280809                    /lib/x86_64-linux-gnu/libnss_nis-2.13.so
7f43719f8000-7f4371a00000 r-xp 00000000 08:06 3280805                    /lib/x86_64-linux-gnu/libnss_compat-2.13.so
7f4371a00000-7f4371bff000 ---p 00008000 08:06 3280805                    /lib/x86_64-linux-gnu/libnss_compat-2.13.so
7f4371bff000-7f4371c00000 r-xp 00007000 08:06 3280805                    /lib/x86_64-linux-gnu/libnss_compat-2.13.so
7f4371c00000-7f4371c01000 rwxp 00008000 08:06 3280805                    /lib/x86_64-linux-gnu/libnss_compat-2.13.so
7f4371c01000-7f4371eca000 r-xp 00000000 08:06 3807955                    /usr/lib/locale/locale-archive
7f4371eca000-7f4371ecd000 r-xp 00000000 08:06 3936099                    /usr/lib/jvm/java-6-sun-1.6.0.26/jre/lib/amd64/libnpt.so
7f4371ecd000-7f4371fcc000 ---p 00003000 08:06 3936099                    /usr/lib/jvm/java-6-sun-1.6.0.26/jre/lib/amd64/libnpt.so
7f4371fcc000-7f4371fcd000 rwxp 00002000 08:06 3936099                    /usr/lib/jvm/java-6-sun-1.6.0.26/jre/lib/amd64/libnpt.so
7f4371fcd000-7f4372003000 r-xp 00000000 08:06 3936359                    /usr/lib/jvm/java-6-sun-1.6.0.26/jre/lib/amd64/libjdwp.so
7f4372003000-7f4372102000 ---p 00036000 08:06 3936359                    /usr/lib/jvm/java-6-sun-1.6.0.26/jre/lib/amd64/libjdwp.so
7f4372102000-7f437210c000 rwxp 00035000 08:06 3936359                    /usr/lib/jvm/java-6-sun-1.6.0.26/jre/lib/amd64/libjdwp.so
7f437210c000-7f4372123000 r-xp 00000000 08:06 3280804                    /lib/x86_64-linux-gnu/libnsl-2.13.so
7f4372123000-7f4372322000 ---p 00017000 08:06 3280804                    /lib/x86_64-linux-gnu/libnsl-2.13.so
7f4372322000-7f4372323000 r-xp 00016000 08:06 3280804                    /lib/x86_64-linux-gnu/libnsl-2.13.so
7f4372323000-7f4372324000 rwxp 00017000 08:06 3280804                    /lib/x86_64-linux-gnu/libnsl-2.13.so
7f4372324000-7f4372326000 rwxp 00000000 00:00 0 
7f4372326000-7f437234f000 r-xp 00000000 08:06 3936438                    /usr/lib/jvm/java-6-sun-1.6.0.26/jre/lib/amd64/libjava.so
7f437234f000-7f437244e000 ---p 00029000 08:06 3936438                    /usr/lib/jvm/java-6-sun-1.6.0.26/jre/lib/amd64/libjava.so
7f437244e000-7f4372455000 rwxp 00028000 08:06 3936438                    /usr/lib/jvm/java-6-sun-1.6.0.26/jre/lib/amd64/libjava.so
7f4372455000-7f4372462000 r-xp 00000000 08:06 3936071                    /usr/lib/jvm/java-6-sun-1.6.0.26/jre/lib/amd64/libverify.so
7f4372462000-7f4372561000 ---p 0000d000 08:06 3936071                    /usr/lib/jvm/java-6-sun-1.6.0.26/jre/lib/amd64/libverify.so
7f4372561000-7f4372564000 rwxp 0000c000 08:06 3936071                    /usr/lib/jvm/java-6-sun-1.6.0.26/jre/lib/amd64/libverify.so
7f4372564000-7f437256b000 r-xp 00000000 08:06 3280814                    /lib/x86_64-linux-gnu/librt-2.13.so
7f437256b000-7f437276a000 ---p 00007000 08:06 3280814                    /lib/x86_64-linux-gnu/librt-2.13.so
7f437276a000-7f437276b000 r-xp 00006000 08:06 3280814                    /lib/x86_64-linux-gnu/librt-2.13.so
7f437276b000-7f437276c000 rwxp 00007000 08:06 3280814                    /lib/x86_64-linux-gnu/librt-2.13.so
7f437276c000-7f437276f000 ---p 00000000 00:00 0 
7f437276f000-7f437286d000 rwxp 00000000 00:00 0 
7f437286d000-7f43728f0000 r-xp 00000000 08:06 3280802                    /lib/x86_64-linux-gnu/libm-2.13.so
7f43728f0000-7f4372aef000 ---p 00083000 08:06 3280802                    /lib/x86_64-linux-gnu/libm-2.13.so
7f4372aef000-7f4372af0000 r-xp 00082000 08:06 3280802                    /lib/x86_64-linux-gnu/libm-2.13.so
7f4372af0000-7f4372af1000 rwxp 00083000 08:06 3280802                    /lib/x86_64-linux-gnu/libm-2.13.so
7f4372af1000-7f437340b000 r-xp 00000000 08:06 3936947                    /usr/lib/jvm/java-6-sun-1.6.0.26/jre/lib/amd64/server/libjvm.so
7f437340b000-7f437350d000 ---p 0091a000 08:06 3936947                    /usr/lib/jvm/java-6-sun-1.6.0.26/jre/lib/amd64/server/libjvm.so
7f437350d000-7f43736c2000 rwxp 0091c000 08:06 3936947                    /usr/lib/jvm/java-6-sun-1.6.0.26/jre/lib/amd64/server/libjvm.so
7f43736c2000-7f43736fc000 rwxp 00000000 00:00 0 
7f43736fc000-7f4373893000 r-xp 00000000 08:06 3280798                    /lib/x86_64-linux-gnu/libc-2.13.so
7f4373893000-7f4373a92000 ---p 00197000 08:06 3280798                    /lib/x86_64-linux-gnu/libc-2.13.so
7f4373a92000-7f4373a96000 r-xp 00196000 08:06 3280798                    /lib/x86_64-linux-gnu/libc-2.13.so
7f4373a96000-7f4373a97000 rwxp 0019a000 08:06 3280798                    /lib/x86_64-linux-gnu/libc-2.13.so
7f4373a97000-7f4373a9d000 rwxp 00000000 00:00 0 
7f4373a9d000-7f4373a9f000 r-xp 00000000 08:06 3280801                    /lib/x86_64-linux-gnu/libdl-2.13.so
7f4373a9f000-7f4373c9f000 ---p 00002000 08:06 3280801                    /lib/x86_64-linux-gnu/libdl-2.13.so
7f4373c9f000-7f4373ca0000 r-xp 00002000 08:06 3280801                    /lib/x86_64-linux-gnu/libdl-2.13.so
7f4373ca0000-7f4373ca1000 rwxp 00003000 08:06 3280801                    /lib/x86_64-linux-gnu/libdl-2.13.so
7f4373ca1000-7f4373cb9000 r-xp 00000000 08:06 3280812                    /lib/x86_64-linux-gnu/libpthread-2.13.so
7f4373cb9000-7f4373eb8000 ---p 00018000 08:06 3280812                    /lib/x86_64-linux-gnu/libpthread-2.13.so
7f4373eb8000-7f4373eb9000 r-xp 00017000 08:06 3280812                    /lib/x86_64-linux-gnu/libpthread-2.13.so
7f4373eb9000-7f4373eba000 rwxp 00018000 08:06 3280812                    /lib/x86_64-linux-gnu/libpthread-2.13.so
7f4373eba000-7f4373ebe000 rwxp 00000000 00:00 0 
7f4373ebe000-7f4373edf000 r-xp 00000000 08:06 3277718                    /lib/x86_64-linux-gnu/ld-2.13.so
7f4373edf000-7f4373ee3000 r-xs 00030000 08:07 10618504                   /home/aaron/Apps/jmonkeyplatform/jmonkeyplatform/libs/jinput.jar
7f4373ee3000-7f4373ee5000 r-xs 001e9000 08:07 10618103                   /home/aaron/Apps/jmonkeyplatform/jmonkeyplatform/libs/jME3-lwjgl-natives.jar
7f4373ee5000-7f4373ee7000 r-xs 00016000 08:07 10618877                   /home/aaron/Apps/jmonkeyplatform/jmonkeyplatform/libs/jME3-lwjgl.jar
7f4373ee7000-7f4373eeb000 r-xs 00021000 08:07 10618880                   /home/aaron/Apps/jmonkeyplatform/jmonkeyplatform/libs/jME3-terrain.jar
7f4373eeb000-7f4373eec000 r-xs 00009000 08:07 10618335                   /home/aaron/Apps/jmonkeyplatform/jmonkeyplatform/libs/j-ogg-vorbisd.jar
7f4373eec000-7f4373eee000 r-xs 00005000 08:07 10618417                   /home/aaron/Apps/jmonkeyplatform/jmonkeyplatform/libs/j-ogg-oggd.jar
7f4373eee000-7f4373ef8000 rwxp 00000000 00:00 0 
7f4373ef8000-7f4373fae000 rwxp 00000000 00:00 0 
7f4373fae000-7f4373fb1000 rwxp 00000000 00:00 0 
7f4373fb1000-7f4373fb8000 r-xp 00000000 08:06 3936925                    /usr/lib/jvm/java-6-sun-1.6.0.26/jre/lib/amd64/jli/libjli.so
7f4373fb8000-7f43740b9000 ---p 00007000 08:06 3936925                    /usr/lib/jvm/java-6-sun-1.6.0.26/jre/lib/amd64/jli/libjli.so
7f43740b9000-7f43740bb000 rwxp 00008000 08:06 3936925                    /usr/lib/jvm/java-6-sun-1.6.0.26/jre/lib/amd64/jli/libjli.so
7f43740bb000-7f43740bc000 rwxp 00000000 00:00 0 
7f43740bc000-7f43740bd000 r-xs 00002000 08:07 10618876                   /home/aaron/Apps/jmonkeyplatform/jmonkeyplatform/libs/jME3-jogg.jar
7f43740bd000-7f43740be000 r-xs 0000f000 08:07 10618879                   /home/aaron/Apps/jmonkeyplatform/jmonkeyplatform/libs/jME3-plugins.jar
7f43740be000-7f43740c0000 r-xs 00032000 08:07 10618875                   /home/aaron/Apps/jmonkeyplatform/jmonkeyplatform/libs/jME3-desktop.jar
7f43740c0000-7f43740d2000 r-xs 00175000 08:07 10618874                   /home/aaron/Apps/jmonkeyplatform/jmonkeyplatform/libs/jME3-core.jar
7f43740d2000-7f43740da000 rwxs 00000000 08:06 5380735                    /tmp/hsperfdata_aaron/31216 (deleted)
7f43740da000-7f43740db000 rwxp 00000000 00:00 0 
7f43740db000-7f43740dc000 ---p 00000000 00:00 0 
7f43740dc000-7f43740de000 rwxp 00000000 00:00 0 
7f43740de000-7f43740df000 r-xp 00020000 08:06 3277718                    /lib/x86_64-linux-gnu/ld-2.13.so
7f43740df000-7f43740e1000 rwxp 00021000 08:06 3277718                    /lib/x86_64-linux-gnu/ld-2.13.so
7fff0ce87000-7fff0cea8000 rwxp 00000000 00:00 0                          [stack]
7fff0ced2000-7fff0ced3000 r-xp 00000000 00:00 0                          [vdso]
ffffffffff600000-ffffffffff601000 r-xp 00000000 00:00 0                  [vsyscall]

VM Arguments:
jvm_args: -Xdebug -Xrunjdwp:transport=dt_socket,address=localhost:54939 -Dfile.encoding=UTF-8 
java_command: jmeplanet.test.App
Launcher Type: SUN_STANDARD

Environment Variables:
PATH=/usr/local/sbin:/usr/local/bin:/usr/sbin:/usr/bin:/sbin:/bin:/usr/games
LD_LIBRARY_PATH=/usr/lib/jvm/java-6-sun-1.6.0.26/jre/lib/amd64/server:/usr/lib/jvm/java-6-sun-1.6.0.26/jre/lib/amd64:/usr/lib/jvm/java-6-sun-1.6.0.26/jre/../lib/amd64
SHELL=/bin/bash
DISPLAY=:0

Signal Handlers:
SIGSEGV: [libjvm.so+0x85f800], sa_mask[0]=0x7ffbfeff, sa_flags=0x10000004
SIGBUS: [libjvm.so+0x85f800], sa_mask[0]=0x7ffbfeff, sa_flags=0x10000004
SIGFPE: [libjvm.so+0x70e300], sa_mask[0]=0x7ffbfeff, sa_flags=0x10000004
SIGPIPE: [libjvm.so+0x70e300], sa_mask[0]=0x7ffbfeff, sa_flags=0x10000004
SIGXFSZ: [libjvm.so+0x70e300], sa_mask[0]=0x7ffbfeff, sa_flags=0x10000004
SIGILL: [libjvm.so+0x70e300], sa_mask[0]=0x7ffbfeff, sa_flags=0x10000004
SIGUSR1: SIG_DFL, sa_mask[0]=0x00000000, sa_flags=0x00000000
SIGUSR2: [libjvm.so+0x711110], sa_mask[0]=0x00000004, sa_flags=0x10000004
SIGHUP: [libjvm.so+0x710d10], sa_mask[0]=0x7ffbfeff, sa_flags=0x10000004
SIGINT: SIG_IGN, sa_mask[0]=0x00000000, sa_flags=0x00000000
SIGTERM: [libjvm.so+0x710d10], sa_mask[0]=0x7ffbfeff, sa_flags=0x10000004
SIGQUIT: [libjvm.so+0x710d10], sa_mask[0]=0x7ffbfeff, sa_flags=0x10000004


---------------  S Y S T E M  ---------------

OS:wheezy/sid

uname:Linux 3.0.0-17-generic #30-Ubuntu SMP Thu Mar 8 20:45:39 UTC 2012 x86_64
libc:glibc 2.13 NPTL 2.13 
rlimit: STACK 8192k, CORE 0k, NPROC 31363, NOFILE 4096, AS infinity
load average:0.10 0.08 0.11

/proc/meminfo:
MemTotal:        4038188 kB
MemFree:          129460 kB
Buffers:           55336 kB
Cached:           703772 kB
SwapCached:        44556 kB
Active:          2322660 kB
Inactive:        1086896 kB
Active(anon):    1939068 kB
Inactive(anon):   744912 kB
Active(file):     383592 kB
Inactive(file):   341984 kB
Unevictable:           0 kB
Mlocked:               0 kB
SwapTotal:       3904508 kB
SwapFree:        3804096 kB
Dirty:               136 kB
Writeback:             0 kB
AnonPages:       2608276 kB
Mapped:           240944 kB
Shmem:             33532 kB
Slab:             159992 kB
SReclaimable:     125296 kB
SUnreclaim:        34696 kB
KernelStack:        4688 kB
PageTables:        45412 kB
NFS_Unstable:          0 kB
Bounce:                0 kB
WritebackTmp:          0 kB
CommitLimit:     5923600 kB
Committed_AS:    5363972 kB
VmallocTotal:   34359738367 kB
VmallocUsed:      318908 kB
VmallocChunk:   34359417256 kB
HardwareCorrupted:     0 kB
AnonHugePages:         0 kB
HugePages_Total:       0
HugePages_Free:        0
HugePages_Rsvd:        0
HugePages_Surp:        0
Hugepagesize:       2048 kB
DirectMap4k:     1302528 kB
DirectMap2M:     2875392 kB


CPU:total 8 (4 cores per cpu, 2 threads per core) family 6 model 42 stepping 7, cmov, cx8, fxsr, mmx, sse, sse2, sse3, ssse3, sse4.1, sse4.2, popcnt, ht

/proc/cpuinfo:
processor	: 0
vendor_id	: GenuineIntel
cpu family	: 6
model		: 42
model name	: Intel(R) Core(TM) i7-2630QM CPU @ 2.00GHz
stepping	: 7
cpu MHz		: 2001.000
cache size	: 6144 KB
physical id	: 0
siblings	: 8
core id		: 0
cpu cores	: 4
apicid		: 0
initial apicid	: 0
fpu		: yes
fpu_exception	: yes
cpuid level	: 13
wp		: yes
flags		: fpu vme de pse tsc msr pae mce cx8 apic sep mtrr pge mca cmov pat pse36 clflush dts acpi mmx fxsr sse sse2 ss ht tm pbe syscall nx rdtscp lm constant_tsc arch_perfmon pebs bts rep_good nopl xtopology nonstop_tsc aperfmperf pni pclmulqdq dtes64 monitor ds_cpl vmx est tm2 ssse3 cx16 xtpr pdcm sse4_1 sse4_2 x2apic popcnt xsave avx lahf_lm ida arat epb xsaveopt pln pts dts tpr_shadow vnmi flexpriority ept vpid
bogomips	: 3990.86
clflush size	: 64
cache_alignment	: 64
address sizes	: 36 bits physical, 48 bits virtual
power management:

processor	: 1
vendor_id	: GenuineIntel
cpu family	: 6
model		: 42
model name	: Intel(R) Core(TM) i7-2630QM CPU @ 2.00GHz
stepping	: 7
cpu MHz		: 2001.000
cache size	: 6144 KB
physical id	: 0
siblings	: 8
core id		: 0
cpu cores	: 4
apicid		: 1
initial apicid	: 1
fpu		: yes
fpu_exception	: yes
cpuid level	: 13
wp		: yes
flags		: fpu vme de pse tsc msr pae mce cx8 apic sep mtrr pge mca cmov pat pse36 clflush dts acpi mmx fxsr sse sse2 ss ht tm pbe syscall nx rdtscp lm constant_tsc arch_perfmon pebs bts rep_good nopl xtopology nonstop_tsc aperfmperf pni pclmulqdq dtes64 monitor ds_cpl vmx est tm2 ssse3 cx16 xtpr pdcm sse4_1 sse4_2 x2apic popcnt xsave avx lahf_lm ida arat epb xsaveopt pln pts dts tpr_shadow vnmi flexpriority ept vpid
bogomips	: 3990.80
clflush size	: 64
cache_alignment	: 64
address sizes	: 36 bits physical, 48 bits virtual
power management:

processor	: 2
vendor_id	: GenuineIntel
cpu family	: 6
model		: 42
model name	: Intel(R) Core(TM) i7-2630QM CPU @ 2.00GHz
stepping	: 7
cpu MHz		: 1200.000
cache size	: 6144 KB
physical id	: 0
siblings	: 8
core id		: 1
cpu cores	: 4
apicid		: 2
initial apicid	: 2
fpu		: yes
fpu_exception	: yes
cpuid level	: 13
wp		: yes
flags		: fpu vme de pse tsc msr pae mce cx8 apic sep mtrr pge mca cmov pat pse36 clflush dts acpi mmx fxsr sse sse2 ss ht tm pbe syscall nx rdtscp lm constant_tsc arch_perfmon pebs bts rep_good nopl xtopology nonstop_tsc aperfmperf pni pclmulqdq dtes64 monitor ds_cpl vmx est tm2 ssse3 cx16 xtpr pdcm sse4_1 sse4_2 x2apic popcnt xsave avx lahf_lm ida arat epb xsaveopt pln pts dts tpr_shadow vnmi flexpriority ept vpid
bogomips	: 3990.83
clflush size	: 64
cache_alignment	: 64
address sizes	: 36 bits physical, 48 bits virtual
power management:

processor	: 3
vendor_id	: GenuineIntel
cpu family	: 6
model		: 42
model name	: Intel(R) Core(TM) i7-2630QM CPU @ 2.00GHz
stepping	: 7
cpu MHz		: 1700.000
cache size	: 6144 KB
physical id	: 0
siblings	: 8
core id		: 1
cpu cores	: 4
apicid		: 3
initial apicid	: 3
fpu		: yes
fpu_exception	: yes
cpuid level	: 13
wp		: yes
flags		: fpu vme de pse tsc msr pae mce cx8 apic sep mtrr pge mca cmov pat pse36 clflush dts acpi mmx fxsr sse sse2 ss ht tm pbe syscall nx rdtscp lm constant_tsc arch_perfmon pebs bts rep_good nopl xtopology nonstop_tsc aperfmperf pni pclmulqdq dtes64 monitor ds_cpl vmx est tm2 ssse3 cx16 xtpr pdcm sse4_1 sse4_2 x2apic popcnt xsave avx lahf_lm ida arat epb xsaveopt pln pts dts tpr_shadow vnmi flexpriority ept vpid
bogomips	: 3990.83
clflush size	: 64
cache_alignment	: 64
address sizes	: 36 bits physical, 48 bits virtual
power management:

processor	: 4
vendor_id	: GenuineIntel
cpu family	: 6
model		: 42
model name	: Intel(R) Core(TM) i7-2630QM CPU @ 2.00GHz
stepping	: 7
cpu MHz		: 1000.000
cache size	: 6144 KB
physical id	: 0
siblings	: 8
core id		: 2
cpu cores	: 4
apicid		: 4
initial apicid	: 4
fpu		: yes
fpu_exception	: yes
cpuid level	: 13
wp		: yes
flags		: fpu vme de pse tsc msr pae mce cx8 apic sep mtrr pge mca cmov pat pse36 clflush dts acpi mmx fxsr sse sse2 ss ht tm pbe syscall nx rdtscp lm constant_tsc arch_perfmon pebs bts rep_good nopl xtopology nonstop_tsc aperfmperf pni pclmulqdq dtes64 monitor ds_cpl vmx est tm2 ssse3 cx16 xtpr pdcm sse4_1 sse4_2 x2apic popcnt xsave avx lahf_lm ida arat epb xsaveopt pln pts dts tpr_shadow vnmi flexpriority ept vpid
bogomips	: 3990.84
clflush size	: 64
cache_alignment	: 64
address sizes	: 36 bits physical, 48 bits virtual
power management:

processor	: 5
vendor_id	: GenuineIntel
cpu family	: 6
model		: 42
model name	: Intel(R) Core(TM) i7-2630QM CPU @ 2.00GHz
stepping	: 7
cpu MHz		: 800.000
cache size	: 6144 KB
physical id	: 0
siblings	: 8
core id		: 2
cpu cores	: 4
apicid		: 5
initial apicid	: 5
fpu		: yes
fpu_exception	: yes
cpuid level	: 13
wp		: yes
flags		: fpu vme de pse tsc msr pae mce cx8 apic sep mtrr pge mca cmov pat pse36 clflush dts acpi mmx fxsr sse sse2 ss ht tm pbe syscall nx rdtscp lm constant_tsc arch_perfmon pebs bts rep_good nopl xtopology nonstop_tsc aperfmperf pni pclmulqdq dtes64 monitor ds_cpl vmx est tm2 ssse3 cx16 xtpr pdcm sse4_1 sse4_2 x2apic popcnt xsave avx lahf_lm ida arat epb xsaveopt pln pts dts tpr_shadow vnmi flexpriority ept vpid
bogomips	: 3990.83
clflush size	: 64
cache_alignment	: 64
address sizes	: 36 bits physical, 48 bits virtual
power management:

processor	: 6
vendor_id	: GenuineIntel
cpu family	: 6
model		: 42
model name	: Intel(R) Core(TM) i7-2630QM CPU @ 2.00GHz
stepping	: 7
cpu MHz		: 800.000
cache size	: 6144 KB
physical id	: 0
siblings	: 8
core id		: 3
cpu cores	: 4
apicid		: 6
initial apicid	: 6
fpu		: yes
fpu_exception	: yes
cpuid level	: 13
wp		: yes
flags		: fpu vme de pse tsc msr pae mce cx8 apic sep mtrr pge mca cmov pat pse36 clflush dts acpi mmx fxsr sse sse2 ss ht tm pbe syscall nx rdtscp lm constant_tsc arch_perfmon pebs bts rep_good nopl xtopology nonstop_tsc aperfmperf pni pclmulqdq dtes64 monitor ds_cpl vmx est tm2 ssse3 cx16 xtpr pdcm sse4_1 sse4_2 x2apic popcnt xsave avx lahf_lm ida arat epb xsaveopt pln pts dts tpr_shadow vnmi flexpriority ept vpid
bogomips	: 3990.82
clflush size	: 64
cache_alignment	: 64
address sizes	: 36 bits physical, 48 bits virtual
power management:

processor	: 7
vendor_id	: GenuineIntel
cpu family	: 6
model		: 42
model name	: Intel(R) Core(TM) i7-2630QM CPU @ 2.00GHz
stepping	: 7
cpu MHz		: 800.000
cache size	: 6144 KB
physical id	: 0
siblings	: 8
core id		: 3
cpu cores	: 4
apicid		: 7
initial apicid	: 7
fpu		: yes
fpu_exception	: yes
cpuid level	: 13
wp		: yes
flags		: fpu vme de pse tsc msr pae mce cx8 apic sep mtrr pge mca cmov pat pse36 clflush dts acpi mmx fxsr sse sse2 ss ht tm pbe syscall nx rdtscp lm constant_tsc arch_perfmon pebs bts rep_good nopl xtopology nonstop_tsc aperfmperf pni pclmulqdq dtes64 monitor ds_cpl vmx est tm2 ssse3 cx16 xtpr pdcm sse4_1 sse4_2 x2apic popcnt xsave avx lahf_lm ida arat epb xsaveopt pln pts dts tpr_shadow vnmi flexpriority ept vpid
bogomips	: 3990.84
clflush size	: 64
cache_alignment	: 64
address sizes	: 36 bits physical, 48 bits virtual
power management:



Memory: 4k page, physical 4038188k(129460k free), swap 3904508k(3804096k free)

vm_info: Java HotSpot(TM) 64-Bit Server VM (20.1-b02) for linux-amd64 JRE (1.6.0_26-b03), built on May  4 2011 01:13:47 by "java_re" with gcc 3.2.2 (SuSE Linux)

time: Mon Apr 23 15:52:57 2012
elapsed time: 44 seconds

