#
# A fatal error has been detected by the Java Runtime Environment:
#
#  SIGSEGV (0xb) at pc=0x00007fcf12897c08, pid=31159, tid=140527548290848
#
# JRE version: 6.0_26-b03
# Java VM: Java HotSpot(TM) 64-Bit Server VM (20.1-b02 mixed mode linux-amd64 compressed oops)
# Problematic frame:
# C  [libX11.so.6+0x35c08]  XQueryExtension+0x28
#
# If you would like to submit a bug report, please visit:
#   http://java.sun.com/webapps/bugreport/crash.jsp
#

---------------  T H R E A D  ---------------

Current thread is native thread

siginfo:si_signo=SIGSEGV: si_errno=0, si_code=1 (SEGV_MAPERR), si_addr=0x0000000014280628

Registers:
RAX=0x0000000040de8960, RBX=0x000000001427fcc0, RCX=0x00007fffc2037178, RDX=0x00007fffc2037174
RSP=0x00007fffc2037110, RBP=0x00007fcf10971932, RSI=0x00007fcf10971932, RDI=0x000000001427fcc0
R8 =0x00007fffc203717c, R9 =0x0000000000000000, R10=0x00007fcf1e478ea8, R11=0x00007fcf1e116ba0
R12=0x00007fffc2037174, R13=0x00007fcf10971932, R14=0x0000000040de8960, R15=0x0000000000000000
RIP=0x00007fcf12897c08, EFLAGS=0x0000000000010202, CSGSFS=0x0000000000000033, ERR=0x0000000000000004
  TRAPNO=0x000000000000000e

Top of Stack: (sp=0x00007fffc2037110)
0x00007fffc2037110:   00007fcf1e0e95c8 00007fcf1ea9a9e8
0x00007fffc2037120:   0000000000000000 0000000000000000
0x00007fffc2037130:   000000000bea6495 000000001427fcc0
0x00007fffc2037140:   00007fcf10971932 0000000000000000
0x00007fffc2037150:   00007fcf10971932 0000000040de8960
0x00007fffc2037160:   0000000000000000 00007fcf1288b4f5
0x00007fffc2037170:   00007fcf1eabe048 00007fcf10aaa520
0x00007fffc2037180:   00007fcf10aaa520 000000001427fcc0
0x00007fffc2037190:   00007fcf14289d70 00007fcf12ba873b
0x00007fffc20371a0:   0101010101010101 000000111e0e95c8
0x00007fffc20371b0:   00007fffc2037230 0000000000000000
0x00007fffc20371c0:   00007fffc2037230 000000001427fcc0
0x00007fffc20371d0:   0000000000000000 00007fcf1eabe048
0x00007fffc20371e0:   00007fcf10ac3d50 00007fcf10918119
0x00007fffc20371f0:   0000000000000000 0000000000000033
0x00007fffc2037200:   00007fffc2037230 00007fffc2037250
0x00007fffc2037210:   0000000000000000 00007fcf1eabe048
0x00007fffc2037220:   00007fcf1427f7b0 00007fcf1090eb42
0x00007fffc2037230:   00007fffc2037460 00007fcf109718b1
0x00007fffc2037240:   00007fffc2037460 00007fcf1e8ac135
0x00007fffc2037250:   00007fcf1eabf2c8 00007fcf1eabf858
0x00007fffc2037260:   00007fcf1ea9a000 0000000040cd3350
0x00007fffc2037270:   0000000040cd3830 0000000040cd3d30
0x00007fffc2037280:   0000000040cd89e0 00007fcf141a0930
0x00007fffc2037290:   00007fcf14269090 00007fcf14268bc0
0x00007fffc20372a0:   00007fcf14262d30 00007fcf14263670
0x00007fffc20372b0:   0000000040cd45b0 0000000040d92db0
0x00007fffc20372c0:   0000000040d92910 0000000040d91af0
0x00007fffc20372d0:   0000000040cce8d0 0000000040cce230
0x00007fffc20372e0:   0000000040ccb570 00007fcf14269560
0x00007fffc20372f0:   00007fcf142631d0 00007fcf14269a00
0x00007fffc2037300:   00007fcf1427f7b0 00007fcf142889f0 

Instructions: (pc=0x00007fcf12897c08)
0x00007fcf12897be8:   24 d8 48 89 fb 4c 89 64 24 e0 4c 89 6c 24 e8 49
0x00007fcf12897bf8:   89 d4 4c 89 74 24 f0 4c 89 7c 24 f8 48 83 ec 58
0x00007fcf12897c08:   48 8b 87 68 09 00 00 49 89 f5 48 89 cd 4d 89 c6
0x00007fcf12897c18:   48 85 c0 74 02 ff 10 4c 8b bb b0 00 00 00 49 8d 

Register to memory mapping:

RAX=0x0000000040de8960 is an unknown value
RBX=0x000000001427fcc0 is an unknown value
RCX=0x00007fffc2037178 is an unknown value
RDX=0x00007fffc2037174 is an unknown value
RSP=0x00007fffc2037110 is an unknown value
RBP=0x00007fcf10971932: <offset 0x96932> in /usr/lib/fglrx/libGL.so.1 at 0x00007fcf108db000
RSI=0x00007fcf10971932: <offset 0x96932> in /usr/lib/fglrx/libGL.so.1 at 0x00007fcf108db000
RDI=0x000000001427fcc0 is an unknown value
R8 =0x00007fffc203717c is an unknown value
R9 =0x0000000000000000 is an unknown value
R10=0x00007fcf1e478ea8: <offset 0x39dea8> in /lib/x86_64-linux-gnu/libc.so.6 at 0x00007fcf1e0db000
R11=0x00007fcf1e116ba0: __cxa_finalize+0 in /lib/x86_64-linux-gnu/libc.so.6 at 0x00007fcf1e0db000
R12=0x00007fffc2037174 is an unknown value
R13=0x00007fcf10971932: <offset 0x96932> in /usr/lib/fglrx/libGL.so.1 at 0x00007fcf108db000
R14=0x0000000040de8960 is an unknown value
R15=0x0000000000000000 is an unknown value


Stack: [0x00007fffc1f39000,0x00007fffc2039000],  sp=0x00007fffc2037110,  free space=1016k
Native frames: (J=compiled Java code, j=interpreted, Vv=VM code, C=native code)
C  [libX11.so.6+0x35c08]  XQueryExtension+0x28


---------------  P R O C E S S  ---------------

VM state:at safepoint (shutting down)

VM Mutex/Monitor currently owned by a thread:  ([mutex/lock_event])
[0x0000000040cd1720] Threads_lock - owner thread: 0x00007fcf14044800

Heap
 PSYoungGen      total 18368K, used 10161K [0x00000000eb760000, 0x00000000ecbe0000, 0x0000000100000000)
  eden space 15744K, 55% used [0x00000000eb760000,0x00000000ebfd7e00,0x00000000ec6c0000)
  from space 2624K, 56% used [0x00000000ec6c0000,0x00000000ec8349f0,0x00000000ec950000)
  to   space 2624K, 0% used [0x00000000ec950000,0x00000000ec950000,0x00000000ecbe0000)
 PSOldGen        total 42112K, used 0K [0x00000000c2600000, 0x00000000c4f20000, 0x00000000eb760000)
  object space 42112K, 0% used [0x00000000c2600000,0x00000000c2600000,0x00000000c4f20000)
 PSPermGen       total 21248K, used 13060K [0x00000000bd400000, 0x00000000be8c0000, 0x00000000c2600000)
  object space 21248K, 61% used [0x00000000bd400000,0x00000000be0c1308,0x00000000be8c0000)

Code Cache  [0x00007fcf193b5000, 0x00007fcf19625000, 0x00007fcf1c3b5000)
 total_blobs=763 nmethods=253 adapters=464 free_code_cache=49162432 largest_free_block=19392

Dynamic libraries:
40000000-40009000 r-xp 00000000 08:06 3941148                            /usr/lib/jvm/java-6-sun-1.6.0.26/jre/bin/java
40108000-4010a000 rwxp 00008000 08:06 3941148                            /usr/lib/jvm/java-6-sun-1.6.0.26/jre/bin/java
40ccb000-427be000 rwxp 00000000 00:00 0                                  [heap]
bd400000-be8c0000 rwxp 00000000 00:00 0 
be8c0000-c2600000 rwxp 00000000 00:00 0 
c2600000-c4f20000 rwxp 00000000 00:00 0 
c4f20000-eb760000 rwxp 00000000 00:00 0 
eb760000-ecbe0000 rwxp 00000000 00:00 0 
ecbe0000-100000000 rwxp 00000000 00:00 0 
7fcf00000000-7fcf00185000 rwxp 00000000 00:00 0 
7fcf00185000-7fcf04000000 ---p 00000000 00:00 0 
7fcf0583e000-7fcf05841000 ---p 00000000 00:00 0 
7fcf05841000-7fcf0593f000 rwxp 00000000 00:00 0 
7fcf0593f000-7fcf05940000 ---p 00000000 00:00 0 
7fcf05940000-7fcf06140000 rwxp 00000000 00:00 0 
7fcf06140000-7fcf06141000 ---p 00000000 00:00 0 
7fcf06141000-7fcf06941000 rwxp 00000000 00:00 0 
7fcf06941000-7fcf06942000 ---p 00000000 00:00 0 
7fcf06942000-7fcf07142000 rwxp 00000000 00:00 0 
7fcf0b143000-7fcf0b144000 ---p 00000000 00:00 0 
7fcf0b144000-7fcf0b944000 rwxp 00000000 00:00 0 
7fcf0b944000-7fcf0b95b000 r-xp 00000000 08:06 3280813                    /lib/x86_64-linux-gnu/libresolv-2.13.so
7fcf0b95b000-7fcf0bb5b000 ---p 00017000 08:06 3280813                    /lib/x86_64-linux-gnu/libresolv-2.13.so
7fcf0bb5b000-7fcf0bb5c000 r-xp 00017000 08:06 3280813                    /lib/x86_64-linux-gnu/libresolv-2.13.so
7fcf0bb5c000-7fcf0bb5d000 rwxp 00018000 08:06 3280813                    /lib/x86_64-linux-gnu/libresolv-2.13.so
7fcf0bb5d000-7fcf0bb5f000 rwxp 00000000 00:00 0 
7fcf0bb5f000-7fcf0bb65000 r-xp 00000000 08:06 3809389                    /usr/lib/x86_64-linux-gnu/libogg.so.0.7.1
7fcf0bb65000-7fcf0bd64000 ---p 00006000 08:06 3809389                    /usr/lib/x86_64-linux-gnu/libogg.so.0.7.1
7fcf0bd64000-7fcf0bd65000 r-xp 00005000 08:06 3809389                    /usr/lib/x86_64-linux-gnu/libogg.so.0.7.1
7fcf0bd65000-7fcf0bd66000 rwxp 00006000 08:06 3809389                    /usr/lib/x86_64-linux-gnu/libogg.so.0.7.1
7fcf0bd66000-7fcf0bd91000 r-xp 00000000 08:06 3809461                    /usr/lib/x86_64-linux-gnu/libvorbis.so.0.4.5
7fcf0bd91000-7fcf0bf90000 ---p 0002b000 08:06 3809461                    /usr/lib/x86_64-linux-gnu/libvorbis.so.0.4.5
7fcf0bf90000-7fcf0bf91000 r-xp 0002a000 08:06 3809461                    /usr/lib/x86_64-linux-gnu/libvorbis.so.0.4.5
7fcf0bf91000-7fcf0bf92000 rwxp 0002b000 08:06 3809461                    /usr/lib/x86_64-linux-gnu/libvorbis.so.0.4.5
7fcf0bf92000-7fcf0c245000 r-xp 00000000 08:06 3809456                    /usr/lib/x86_64-linux-gnu/libvorbisenc.so.2.0.8
7fcf0c245000-7fcf0c444000 ---p 002b3000 08:06 3809456                    /usr/lib/x86_64-linux-gnu/libvorbisenc.so.2.0.8
7fcf0c444000-7fcf0c460000 r-xp 002b2000 08:06 3809456                    /usr/lib/x86_64-linux-gnu/libvorbisenc.so.2.0.8
7fcf0c460000-7fcf0c461000 rwxp 002ce000 08:06 3809456                    /usr/lib/x86_64-linux-gnu/libvorbisenc.so.2.0.8
7fcf0c461000-7fcf0c4a9000 r-xp 00000000 08:06 3809156                    /usr/lib/x86_64-linux-gnu/libFLAC.so.8.2.0
7fcf0c4a9000-7fcf0c6a9000 ---p 00048000 08:06 3809156                    /usr/lib/x86_64-linux-gnu/libFLAC.so.8.2.0
7fcf0c6a9000-7fcf0c6aa000 r-xp 00048000 08:06 3809156                    /usr/lib/x86_64-linux-gnu/libFLAC.so.8.2.0
7fcf0c6aa000-7fcf0c6ab000 rwxp 00049000 08:06 3809156                    /usr/lib/x86_64-linux-gnu/libFLAC.so.8.2.0
7fcf0c6ab000-7fcf0c6b0000 r-xp 00000000 08:06 3809265                    /usr/lib/x86_64-linux-gnu/libasyncns.so.0.3.1
7fcf0c6b0000-7fcf0c8af000 ---p 00005000 08:06 3809265                    /usr/lib/x86_64-linux-gnu/libasyncns.so.0.3.1
7fcf0c8af000-7fcf0c8b0000 r-xp 00004000 08:06 3809265                    /usr/lib/x86_64-linux-gnu/libasyncns.so.0.3.1
7fcf0c8b0000-7fcf0c8b1000 rwxp 00005000 08:06 3809265                    /usr/lib/x86_64-linux-gnu/libasyncns.so.0.3.1
7fcf0c8b1000-7fcf0c911000 r-xp 00000000 08:06 3809429                    /usr/lib/x86_64-linux-gnu/libsndfile.so.1.0.24
7fcf0c911000-7fcf0cb11000 ---p 00060000 08:06 3809429                    /usr/lib/x86_64-linux-gnu/libsndfile.so.1.0.24
7fcf0cb11000-7fcf0cb13000 r-xp 00060000 08:06 3809429                    /usr/lib/x86_64-linux-gnu/libsndfile.so.1.0.24
7fcf0cb13000-7fcf0cb14000 rwxp 00062000 08:06 3809429                    /usr/lib/x86_64-linux-gnu/libsndfile.so.1.0.24
7fcf0cb14000-7fcf0cb18000 rwxp 00000000 00:00 0 
7fcf0cb18000-7fcf0cb20000 r-xp 00000000 08:06 3280658                    /lib/x86_64-linux-gnu/libwrap.so.0.7.6
7fcf0cb20000-7fcf0cd1f000 ---p 00008000 08:06 3280658                    /lib/x86_64-linux-gnu/libwrap.so.0.7.6
7fcf0cd1f000-7fcf0cd20000 r-xp 00007000 08:06 3280658                    /lib/x86_64-linux-gnu/libwrap.so.0.7.6
7fcf0cd20000-7fcf0cd21000 rwxp 00008000 08:06 3280658                    /lib/x86_64-linux-gnu/libwrap.so.0.7.6
7fcf0cd21000-7fcf0cd63000 r-xp 00000000 08:06 3280587                    /lib/x86_64-linux-gnu/libdbus-1.so.3.5.7
7fcf0cd63000-7fcf0cf62000 ---p 00042000 08:06 3280587                    /lib/x86_64-linux-gnu/libdbus-1.so.3.5.7
7fcf0cf62000-7fcf0cf63000 r-xp 00041000 08:06 3280587                    /lib/x86_64-linux-gnu/libdbus-1.so.3.5.7
7fcf0cf63000-7fcf0cf64000 rwxp 00042000 08:06 3280587                    /lib/x86_64-linux-gnu/libdbus-1.so.3.5.7
7fcf0cf64000-7fcf0cfc0000 r-xp 00000000 08:06 3809314                    /usr/lib/x86_64-linux-gnu/libpulsecommon-1.0.so
7fcf0cfc0000-7fcf0d1c0000 ---p 0005c000 08:06 3809314                    /usr/lib/x86_64-linux-gnu/libpulsecommon-1.0.so
7fcf0d1c0000-7fcf0d1c1000 r-xp 0005c000 08:06 3809314                    /usr/lib/x86_64-linux-gnu/libpulsecommon-1.0.so
7fcf0d1c1000-7fcf0d1c2000 rwxp 0005d000 08:06 3809314                    /usr/lib/x86_64-linux-gnu/libpulsecommon-1.0.so
7fcf0d1c2000-7fcf0d1c9000 r-xp 00000000 08:06 3809363                    /usr/lib/x86_64-linux-gnu/libjson.so.0.0.1
7fcf0d1c9000-7fcf0d3c8000 ---p 00007000 08:06 3809363                    /usr/lib/x86_64-linux-gnu/libjson.so.0.0.1
7fcf0d3c8000-7fcf0d3c9000 r-xp 00006000 08:06 3809363                    /usr/lib/x86_64-linux-gnu/libjson.so.0.0.1
7fcf0d3c9000-7fcf0d3ca000 rwxp 00007000 08:06 3809363                    /usr/lib/x86_64-linux-gnu/libjson.so.0.0.1
7fcf0d3ca000-7fcf0d410000 r-xp 00000000 08:06 3809289                    /usr/lib/x86_64-linux-gnu/libpulse.so.0.13.4
7fcf0d410000-7fcf0d60f000 ---p 00046000 08:06 3809289                    /usr/lib/x86_64-linux-gnu/libpulse.so.0.13.4
7fcf0d60f000-7fcf0d610000 r-xp 00045000 08:06 3809289                    /usr/lib/x86_64-linux-gnu/libpulse.so.0.13.4
7fcf0d610000-7fcf0d611000 rwxp 00046000 08:06 3809289                    /usr/lib/x86_64-linux-gnu/libpulse.so.0.13.4
7fcf0d92c000-7fcf0e02c000 rwxs 00006000 00:05 5873                       /dev/ati/card0
7fcf0e02c000-7fcf0e1ac000 rwxp 00000000 00:00 0 
7fcf0e1ac000-7fcf0e1ae000 r-xp 00000000 08:06 3809247                    /usr/lib/x86_64-linux-gnu/libXinerama.so.1.0.0
7fcf0e1ae000-7fcf0e3ad000 ---p 00002000 08:06 3809247                    /usr/lib/x86_64-linux-gnu/libXinerama.so.1.0.0
7fcf0e3ad000-7fcf0e3ae000 r-xp 00001000 08:06 3809247                    /usr/lib/x86_64-linux-gnu/libXinerama.so.1.0.0
7fcf0e3ae000-7fcf0e3af000 rwxp 00002000 08:06 3809247                    /usr/lib/x86_64-linux-gnu/libXinerama.so.1.0.0
7fcf0e3af000-7fcf0e3ea000 r-xp 00000000 08:06 3804222                    /usr/lib/fglrx/libatiadlxx.so
7fcf0e3ea000-7fcf0e4ea000 ---p 0003b000 08:06 3804222                    /usr/lib/fglrx/libatiadlxx.so
7fcf0e4ea000-7fcf0e4f3000 rwxp 0003b000 08:06 3804222                    /usr/lib/fglrx/libatiadlxx.so
7fcf0e4f3000-7fcf0e504000 rwxp 00000000 00:00 0 
7fcf0e504000-7fcf0e50b000 r-xp 00000000 08:06 3804253                    /usr/lib/fglrx/libatiuki.so.1.0
7fcf0e50b000-7fcf0e60b000 ---p 00007000 08:06 3804253                    /usr/lib/fglrx/libatiuki.so.1.0
7fcf0e60b000-7fcf0e60c000 rwxp 00007000 08:06 3804253                    /usr/lib/fglrx/libatiuki.so.1.0
7fcf0e60c000-7fcf0e60d000 rwxp 00000000 00:00 0 
7fcf0e60d000-7fcf10567000 r-xp 00000000 08:06 3804265                    /usr/lib/fglrx/dri/fglrx_dri.so
7fcf10567000-7fcf10667000 ---p 01f5a000 08:06 3804265                    /usr/lib/fglrx/dri/fglrx_dri.so
7fcf10667000-7fcf107b5000 rwxp 01f5a000 08:06 3804265                    /usr/lib/fglrx/dri/fglrx_dri.so
7fcf107b5000-7fcf108db000 rwxp 00000000 00:00 0 
7fcf108db000-7fcf1099e000 r-xp 00000000 08:06 3804219                    /usr/lib/fglrx/libGL.so.1.2
7fcf1099e000-7fcf10a9d000 ---p 000c3000 08:06 3804219                    /usr/lib/fglrx/libGL.so.1.2
7fcf10a9d000-7fcf10ac4000 rwxp 000c2000 08:06 3804219                    /usr/lib/fglrx/libGL.so.1.2
7fcf10ac4000-7fcf10ae4000 rwxp 00000000 00:00 0 
7fcf10ae4000-7fcf10ae7000 ---p 00000000 00:00 0 
7fcf10ae7000-7fcf10be5000 rwxp 00000000 00:00 0 
7fcf10be5000-7fcf10bea000 r-xp 00000000 08:06 3809259                    /usr/lib/x86_64-linux-gnu/libXxf86vm.so.1.0.0
7fcf10bea000-7fcf10de9000 ---p 00005000 08:06 3809259                    /usr/lib/x86_64-linux-gnu/libXxf86vm.so.1.0.0
7fcf10de9000-7fcf10dea000 r-xp 00004000 08:06 3809259                    /usr/lib/x86_64-linux-gnu/libXxf86vm.so.1.0.0
7fcf10dea000-7fcf10deb000 rwxp 00005000 08:06 3809259                    /usr/lib/x86_64-linux-gnu/libXxf86vm.so.1.0.0
7fcf10deb000-7fcf10df3000 r-xp 00000000 08:06 3809249                    /usr/lib/x86_64-linux-gnu/libXrandr.so.2.2.0
7fcf10df3000-7fcf10ff2000 ---p 00008000 08:06 3809249                    /usr/lib/x86_64-linux-gnu/libXrandr.so.2.2.0
7fcf10ff2000-7fcf10ff3000 r-xp 00007000 08:06 3809249                    /usr/lib/x86_64-linux-gnu/libXrandr.so.2.2.0
7fcf10ff3000-7fcf10ff4000 rwxp 00008000 08:06 3809249                    /usr/lib/x86_64-linux-gnu/libXrandr.so.2.2.0
7fcf10ff4000-7fcf1105a000 r-xp 00000000 08:07 10375991                   /home/aaron/Projects/jMonkeyProjects/jmeplanet/liblwjgl64.so
7fcf1105a000-7fcf1125a000 ---p 00066000 08:07 10375991                   /home/aaron/Projects/jMonkeyProjects/jmeplanet/liblwjgl64.so
7fcf1125a000-7fcf1125c000 r-xp 00066000 08:07 10375991                   /home/aaron/Projects/jMonkeyProjects/jmeplanet/liblwjgl64.so
7fcf1125c000-7fcf1125d000 rwxp 00068000 08:07 10375991                   /home/aaron/Projects/jMonkeyProjects/jmeplanet/liblwjgl64.so
7fcf1125d000-7fcf11266000 r-xs 00000000 08:06 1049056                    /var/cache/fontconfig/945677eb7aeaf62f1d50efc3fb3ec7d8-le64.cache-3
7fcf11266000-7fcf1126a000 r-xs 00000000 08:06 1058114                    /var/cache/fontconfig/99e8ed0e538f840c565b6ed5dad60d56-le64.cache-3
7fcf1126a000-7fcf11272000 r-xs 00000000 08:06 1058144                    /var/cache/fontconfig/e383d7ea5fbe662a33d9b44caf393297-le64.cache-3
7fcf11272000-7fcf11276000 r-xs 00000000 08:06 1058112                    /var/cache/fontconfig/2cd17615ca594fa2959ae173292e504c-le64.cache-3
7fcf1127a000-7fcf11281000 r-xs 00000000 08:06 3940598                    /usr/lib/x86_64-linux-gnu/gconv/gconv-modules.cache
7fcf11281000-7fcf11349000 rwxp 00000000 00:00 0 
7fcf11349000-7fcf1134a000 r-xp 00000000 08:06 3936931                    /usr/lib/jvm/java-6-sun-1.6.0.26/jre/lib/amd64/libjawt.so
7fcf1134a000-7fcf11449000 ---p 00001000 08:06 3936931                    /usr/lib/jvm/java-6-sun-1.6.0.26/jre/lib/amd64/libjawt.so
7fcf11449000-7fcf1144a000 rwxp 00000000 08:06 3936931                    /usr/lib/jvm/java-6-sun-1.6.0.26/jre/lib/amd64/libjawt.so
7fcf1144a000-7fcf1144d000 ---p 00000000 00:00 0 
7fcf1144d000-7fcf1154b000 rwxp 00000000 00:00 0 
7fcf1154b000-7fcf11550000 r-xp 00000000 08:06 3809241                    /usr/lib/x86_64-linux-gnu/libXfixes.so.3.1.0
7fcf11550000-7fcf1174f000 ---p 00005000 08:06 3809241                    /usr/lib/x86_64-linux-gnu/libXfixes.so.3.1.0
7fcf1174f000-7fcf11750000 r-xp 00004000 08:06 3809241                    /usr/lib/x86_64-linux-gnu/libXfixes.so.3.1.0
7fcf11750000-7fcf11751000 rwxp 00005000 08:06 3809241                    /usr/lib/x86_64-linux-gnu/libXfixes.so.3.1.0
7fcf11751000-7fcf1175a000 r-xp 00000000 08:06 3809251                    /usr/lib/x86_64-linux-gnu/libXrender.so.1.3.0
7fcf1175a000-7fcf1195a000 ---p 00009000 08:06 3809251                    /usr/lib/x86_64-linux-gnu/libXrender.so.1.3.0
7fcf1195a000-7fcf1195b000 r-xp 00009000 08:06 3809251                    /usr/lib/x86_64-linux-gnu/libXrender.so.1.3.0
7fcf1195b000-7fcf1195c000 rwxp 0000a000 08:06 3809251                    /usr/lib/x86_64-linux-gnu/libXrender.so.1.3.0
7fcf1195c000-7fcf11965000 r-xp 00000000 08:06 3809233                    /usr/lib/x86_64-linux-gnu/libXcursor.so.1.0.2
7fcf11965000-7fcf11b64000 ---p 00009000 08:06 3809233                    /usr/lib/x86_64-linux-gnu/libXcursor.so.1.0.2
7fcf11b64000-7fcf11b65000 r-xp 00008000 08:06 3809233                    /usr/lib/x86_64-linux-gnu/libXcursor.so.1.0.2
7fcf11b65000-7fcf11b66000 rwxp 00009000 08:06 3809233                    /usr/lib/x86_64-linux-gnu/libXcursor.so.1.0.2
7fcf11b66000-7fcf11b86000 rwxs c4000000 00:05 5873                       /dev/ati/card0
7fcf11b86000-7fcf11b89000 ---p 00000000 00:00 0 
7fcf11b89000-7fcf11c87000 rwxp 00000000 00:00 0 
7fcf11c87000-7fcf11d00000 r-xp 00000000 08:06 3936114                    /usr/lib/jvm/java-6-sun-1.6.0.26/jre/lib/amd64/libfontmanager.so
7fcf11d00000-7fcf11dff000 ---p 00079000 08:06 3936114                    /usr/lib/jvm/java-6-sun-1.6.0.26/jre/lib/amd64/libfontmanager.so
7fcf11dff000-7fcf11e14000 rwxp 00078000 08:06 3936114                    /usr/lib/jvm/java-6-sun-1.6.0.26/jre/lib/amd64/libfontmanager.so
7fcf11e14000-7fcf11e25000 rwxp 00000000 00:00 0 
7fcf11e25000-7fcf11e2a000 r-xp 00000000 08:06 3809237                    /usr/lib/x86_64-linux-gnu/libXdmcp.so.6.0.0
7fcf11e2a000-7fcf12029000 ---p 00005000 08:06 3809237                    /usr/lib/x86_64-linux-gnu/libXdmcp.so.6.0.0
7fcf12029000-7fcf1202a000 r-xp 00004000 08:06 3809237                    /usr/lib/x86_64-linux-gnu/libXdmcp.so.6.0.0
7fcf1202a000-7fcf1202b000 rwxp 00005000 08:06 3809237                    /usr/lib/x86_64-linux-gnu/libXdmcp.so.6.0.0
7fcf1202b000-7fcf1202d000 r-xp 00000000 08:06 3809229                    /usr/lib/x86_64-linux-gnu/libXau.so.6.0.0
7fcf1202d000-7fcf1222c000 ---p 00002000 08:06 3809229                    /usr/lib/x86_64-linux-gnu/libXau.so.6.0.0
7fcf1222c000-7fcf1222d000 r-xp 00001000 08:06 3809229                    /usr/lib/x86_64-linux-gnu/libXau.so.6.0.0
7fcf1222d000-7fcf1222e000 rwxp 00002000 08:06 3809229                    /usr/lib/x86_64-linux-gnu/libXau.so.6.0.0
7fcf1222e000-7fcf1224b000 r-xp 00000000 08:06 3807879                    /usr/lib/x86_64-linux-gnu/libxcb.so.1.1.0
7fcf1224b000-7fcf1244a000 ---p 0001d000 08:06 3807879                    /usr/lib/x86_64-linux-gnu/libxcb.so.1.1.0
7fcf1244a000-7fcf1244b000 r-xp 0001c000 08:06 3807879                    /usr/lib/x86_64-linux-gnu/libxcb.so.1.1.0
7fcf1244b000-7fcf1244c000 rwxp 0001d000 08:06 3807879                    /usr/lib/x86_64-linux-gnu/libxcb.so.1.1.0
7fcf1244c000-7fcf1245b000 r-xp 00000000 08:06 3809245                    /usr/lib/x86_64-linux-gnu/libXi.so.6.1.0
7fcf1245b000-7fcf1265a000 ---p 0000f000 08:06 3809245                    /usr/lib/x86_64-linux-gnu/libXi.so.6.1.0
7fcf1265a000-7fcf1265b000 r-xp 0000e000 08:06 3809245                    /usr/lib/x86_64-linux-gnu/libXi.so.6.1.0
7fcf1265b000-7fcf1265c000 rwxp 0000f000 08:06 3809245                    /usr/lib/x86_64-linux-gnu/libXi.so.6.1.0
7fcf1265c000-7fcf12661000 r-xp 00000000 08:06 3802679                    /usr/lib/libXtst.so.6.1.0
7fcf12661000-7fcf12860000 ---p 00005000 08:06 3802679                    /usr/lib/libXtst.so.6.1.0
7fcf12860000-7fcf12861000 r-xp 00004000 08:06 3802679                    /usr/lib/libXtst.so.6.1.0
7fcf12861000-7fcf12862000 rwxp 00005000 08:06 3802679                    /usr/lib/libXtst.so.6.1.0
7fcf12862000-7fcf12995000 r-xp 00000000 08:06 3809227                    /usr/lib/x86_64-linux-gnu/libX11.so.6.3.0
7fcf12995000-7fcf12b95000 ---p 00133000 08:06 3809227                    /usr/lib/x86_64-linux-gnu/libX11.so.6.3.0
7fcf12b95000-7fcf12b96000 r-xp 00133000 08:06 3809227                    /usr/lib/x86_64-linux-gnu/libX11.so.6.3.0
7fcf12b96000-7fcf12b9a000 rwxp 00134000 08:06 3809227                    /usr/lib/x86_64-linux-gnu/libX11.so.6.3.0
7fcf12b9a000-7fcf12bac000 r-xp 00000000 08:06 3809239                    /usr/lib/x86_64-linux-gnu/libXext.so.6.4.0
7fcf12bac000-7fcf12dab000 ---p 00012000 08:06 3809239                    /usr/lib/x86_64-linux-gnu/libXext.so.6.4.0
7fcf12dab000-7fcf12dac000 r-xp 00011000 08:06 3809239                    /usr/lib/x86_64-linux-gnu/libXext.so.6.4.0
7fcf12dac000-7fcf12dad000 rwxp 00012000 08:06 3809239                    /usr/lib/x86_64-linux-gnu/libXext.so.6.4.0
7fcf12dad000-7fcf12def000 r-xp 00000000 08:06 3936066                    /usr/lib/jvm/java-6-sun-1.6.0.26/jre/lib/amd64/xawt/libmawt.so
7fcf12def000-7fcf12eee000 ---p 00042000 08:06 3936066                    /usr/lib/jvm/java-6-sun-1.6.0.26/jre/lib/amd64/xawt/libmawt.so
7fcf12eee000-7fcf12efa000 rwxp 00041000 08:06 3936066                    /usr/lib/jvm/java-6-sun-1.6.0.26/jre/lib/amd64/xawt/libmawt.so
7fcf12efa000-7fcf12efb000 rwxp 00000000 00:00 0 
7fcf12efb000-7fcf12f8d000 r-xp 00000000 08:06 3936072                    /usr/lib/jvm/java-6-sun-1.6.0.26/jre/lib/amd64/libawt.so
7fcf12f8d000-7fcf1308c000 ---p 00092000 08:06 3936072                    /usr/lib/jvm/java-6-sun-1.6.0.26/jre/lib/amd64/libawt.so
7fcf1308c000-7fcf130a6000 rwxp 00091000 08:06 3936072                    /usr/lib/jvm/java-6-sun-1.6.0.26/jre/lib/amd64/libawt.so
7fcf130a6000-7fcf130ca000 rwxp 00000000 00:00 0 
7fcf130ca000-7fcf130cd000 ---p 00000000 00:00 0 
7fcf130cd000-7fcf131cb000 rwxp 00000000 00:00 0 
7fcf131cb000-7fcf131cf000 r-xs 000cb000 08:06 3805216                    /usr/lib/jvm/java-6-sun-1.6.0.26/jre/lib/ext/localedata.jar
7fcf131cf000-7fcf131d2000 r-xs 0001a000 08:07 10618362                   /home/aaron/Apps/jmonkeyplatform/jmonkeyplatform/libs/xmlpull-xpp3.jar
7fcf131d2000-7fcf131d4000 r-xs 00012000 08:07 10618454                   /home/aaron/Apps/jmonkeyplatform/jmonkeyplatform/libs/eventbus.jar
7fcf131d4000-7fcf131d7000 r-xs 0000f000 08:07 10618145                   /home/aaron/Apps/jmonkeyplatform/jmonkeyplatform/libs/nifty-style-black.jar
7fcf131d7000-7fcf131df000 r-xs 00033000 08:07 10617850                   /home/aaron/Apps/jmonkeyplatform/jmonkeyplatform/libs/nifty-default-controls.jar
7fcf131df000-7fcf131e9000 r-xs 0006c000 08:07 10618525                   /home/aaron/Apps/jmonkeyplatform/jmonkeyplatform/libs/nifty.jar
7fcf131e9000-7fcf131ea000 r-xs 00004000 08:07 10618878                   /home/aaron/Apps/jmonkeyplatform/jmonkeyplatform/libs/jME3-niftygui.jar
7fcf131ea000-7fcf131eb000 r-xs 0000b000 08:07 10618394                   /home/aaron/Apps/jmonkeyplatform/jmonkeyplatform/libs/stack-alloc.jar
7fcf131eb000-7fcf131ed000 r-xs 0003c000 08:07 10618568                   /home/aaron/Apps/jmonkeyplatform/jmonkeyplatform/libs/vecmath.jar
7fcf131ed000-7fcf131f7000 r-xs 00079000 08:07 10618478                   /home/aaron/Apps/jmonkeyplatform/jmonkeyplatform/libs/jbullet.jar
7fcf131f7000-7fcf131fa000 r-xs 00020000 08:07 10618359                   /home/aaron/Apps/jmonkeyplatform/jmonkeyplatform/libs/jME3-jbullet.jar
7fcf131fa000-7fcf13207000 r-xs 000d2000 08:07 10618524                   /home/aaron/Apps/jmonkeyplatform/jmonkeyplatform/libs/lwjgl.jar
7fcf13207000-7fcf1320b000 r-xs 00030000 08:07 10618504                   /home/aaron/Apps/jmonkeyplatform/jmonkeyplatform/libs/jinput.jar
7fcf1320b000-7fcf1320d000 r-xs 001e9000 08:07 10618103                   /home/aaron/Apps/jmonkeyplatform/jmonkeyplatform/libs/jME3-lwjgl-natives.jar
7fcf1320d000-7fcf1320f000 r-xs 00016000 08:07 10618877                   /home/aaron/Apps/jmonkeyplatform/jmonkeyplatform/libs/jME3-lwjgl.jar
7fcf1320f000-7fcf13213000 r-xs 00021000 08:07 10618880                   /home/aaron/Apps/jmonkeyplatform/jmonkeyplatform/libs/jME3-terrain.jar
7fcf13213000-7fcf13214000 r-xs 00009000 08:07 10618335                   /home/aaron/Apps/jmonkeyplatform/jmonkeyplatform/libs/j-ogg-vorbisd.jar
7fcf13214000-7fcf13216000 r-xs 00005000 08:07 10618417                   /home/aaron/Apps/jmonkeyplatform/jmonkeyplatform/libs/j-ogg-oggd.jar
7fcf13216000-7fcf13217000 r-xs 00002000 08:07 10618876                   /home/aaron/Apps/jmonkeyplatform/jmonkeyplatform/libs/jME3-jogg.jar
7fcf13217000-7fcf13218000 r-xs 0000f000 08:07 10618879                   /home/aaron/Apps/jmonkeyplatform/jmonkeyplatform/libs/jME3-plugins.jar
7fcf13218000-7fcf1321a000 r-xs 00032000 08:07 10618875                   /home/aaron/Apps/jmonkeyplatform/jmonkeyplatform/libs/jME3-desktop.jar
7fcf1321a000-7fcf1322c000 r-xs 00175000 08:07 10618874                   /home/aaron/Apps/jmonkeyplatform/jmonkeyplatform/libs/jME3-core.jar
7fcf1322c000-7fcf1322d000 ---p 00000000 00:00 0 
7fcf1322d000-7fcf1332d000 rwxp 00000000 00:00 0 
7fcf1332d000-7fcf13330000 ---p 00000000 00:00 0 
7fcf13330000-7fcf1342e000 rwxp 00000000 00:00 0 
7fcf1342e000-7fcf13431000 ---p 00000000 00:00 0 
7fcf13431000-7fcf1352f000 rwxp 00000000 00:00 0 
7fcf1352f000-7fcf13532000 ---p 00000000 00:00 0 
7fcf13532000-7fcf13630000 rwxp 00000000 00:00 0 
7fcf13630000-7fcf13633000 ---p 00000000 00:00 0 
7fcf13633000-7fcf13731000 rwxp 00000000 00:00 0 
7fcf13731000-7fcf139fa000 r-xp 00000000 08:06 3807955                    /usr/lib/locale/locale-archive
7fcf139fa000-7fcf139fd000 ---p 00000000 00:00 0 
7fcf139fd000-7fcf13afb000 rwxp 00000000 00:00 0 
7fcf13afb000-7fcf13afe000 ---p 00000000 00:00 0 
7fcf13afe000-7fcf13bfc000 rwxp 00000000 00:00 0 
7fcf13bfc000-7fcf13bfd000 ---p 00000000 00:00 0 
7fcf13bfd000-7fcf14000000 rwxp 00000000 00:00 0 
7fcf14000000-7fcf1522b000 rwxp 00000000 00:00 0 
7fcf1522b000-7fcf18000000 ---p 00000000 00:00 0 
7fcf18000000-7fcf18001000 rwxs 00005000 00:05 5873                       /dev/ati/card0
7fcf18001000-7fcf1800a000 r-xs 00000000 08:06 1058098                    /var/cache/fontconfig/6d41288fd70b0be22e8c3a91e032eec0-le64.cache-3
7fcf1800a000-7fcf1801a000 r-xs 00000000 08:06 1058096                    /var/cache/fontconfig/0f34bcd4b6ee430af32735b75db7f02b-le64.cache-3
7fcf1801a000-7fcf1802a000 r-xs 00000000 08:06 1058092                    /var/cache/fontconfig/d52a8644073d54c13679302ca1180695-le64.cache-3
7fcf1802a000-7fcf18664000 rwxp 00000000 00:00 0 
7fcf18664000-7fcf187fc000 r-xs 03029000 08:06 3813223                    /usr/lib/jvm/java-6-sun-1.6.0.26/jre/lib/rt.jar
7fcf187fc000-7fcf18824000 rwxp 00000000 00:00 0 
7fcf18824000-7fcf18825000 ---p 00000000 00:00 0 
7fcf18825000-7fcf18925000 rwxp 00000000 00:00 0 
7fcf18925000-7fcf18926000 ---p 00000000 00:00 0 
7fcf18926000-7fcf18a26000 rwxp 00000000 00:00 0 
7fcf18a26000-7fcf18a27000 ---p 00000000 00:00 0 
7fcf18a27000-7fcf18b27000 rwxp 00000000 00:00 0 
7fcf18b27000-7fcf18b28000 ---p 00000000 00:00 0 
7fcf18b28000-7fcf18c28000 rwxp 00000000 00:00 0 
7fcf18c28000-7fcf18c29000 ---p 00000000 00:00 0 
7fcf18c29000-7fcf18d29000 rwxp 00000000 00:00 0 
7fcf18d29000-7fcf18d2a000 ---p 00000000 00:00 0 
7fcf18d2a000-7fcf18e2a000 rwxp 00000000 00:00 0 
7fcf18e2a000-7fcf18e2b000 ---p 00000000 00:00 0 
7fcf18e2b000-7fcf18f2b000 rwxp 00000000 00:00 0 
7fcf18f2b000-7fcf18f2c000 ---p 00000000 00:00 0 
7fcf18f2c000-7fcf19037000 rwxp 00000000 00:00 0 
7fcf19037000-7fcf19055000 rwxp 00000000 00:00 0 
7fcf19055000-7fcf1906a000 rwxp 00000000 00:00 0 
7fcf1906a000-7fcf1919e000 rwxp 00000000 00:00 0 
7fcf1919e000-7fcf191a9000 rwxp 00000000 00:00 0 
7fcf191a9000-7fcf191c7000 rwxp 00000000 00:00 0 
7fcf191c7000-7fcf191dc000 rwxp 00000000 00:00 0 
7fcf191dc000-7fcf1930f000 rwxp 00000000 00:00 0 
7fcf1930f000-7fcf1931a000 rwxp 00000000 00:00 0 
7fcf1931a000-7fcf193b4000 rwxp 00000000 00:00 0 
7fcf193b4000-7fcf19625000 rwxp 00000000 00:00 0 
7fcf19625000-7fcf1c3b5000 rwxp 00000000 00:00 0 
7fcf1c3b5000-7fcf1c3c3000 r-xp 00000000 08:06 3936069                    /usr/lib/jvm/java-6-sun-1.6.0.26/jre/lib/amd64/libzip.so
7fcf1c3c3000-7fcf1c4c5000 ---p 0000e000 08:06 3936069                    /usr/lib/jvm/java-6-sun-1.6.0.26/jre/lib/amd64/libzip.so
7fcf1c4c5000-7fcf1c4c8000 rwxp 00010000 08:06 3936069                    /usr/lib/jvm/java-6-sun-1.6.0.26/jre/lib/amd64/libzip.so
7fcf1c4c8000-7fcf1c4c9000 rwxp 00000000 00:00 0 
7fcf1c4c9000-7fcf1c4d5000 r-xp 00000000 08:06 3280807                    /lib/x86_64-linux-gnu/libnss_files-2.13.so
7fcf1c4d5000-7fcf1c6d4000 ---p 0000c000 08:06 3280807                    /lib/x86_64-linux-gnu/libnss_files-2.13.so
7fcf1c6d4000-7fcf1c6d5000 r-xp 0000b000 08:06 3280807                    /lib/x86_64-linux-gnu/libnss_files-2.13.so
7fcf1c6d5000-7fcf1c6d6000 rwxp 0000c000 08:06 3280807                    /lib/x86_64-linux-gnu/libnss_files-2.13.so
7fcf1c6d6000-7fcf1c6e0000 r-xp 00000000 08:06 3280809                    /lib/x86_64-linux-gnu/libnss_nis-2.13.so
7fcf1c6e0000-7fcf1c8e0000 ---p 0000a000 08:06 3280809                    /lib/x86_64-linux-gnu/libnss_nis-2.13.so
7fcf1c8e0000-7fcf1c8e1000 r-xp 0000a000 08:06 3280809                    /lib/x86_64-linux-gnu/libnss_nis-2.13.so
7fcf1c8e1000-7fcf1c8e2000 rwxp 0000b000 08:06 3280809                    /lib/x86_64-linux-gnu/libnss_nis-2.13.so
7fcf1c8e2000-7fcf1c8ea000 r-xp 00000000 08:06 3280805                    /lib/x86_64-linux-gnu/libnss_compat-2.13.so
7fcf1c8ea000-7fcf1cae9000 ---p 00008000 08:06 3280805                    /lib/x86_64-linux-gnu/libnss_compat-2.13.so
7fcf1cae9000-7fcf1caea000 r-xp 00007000 08:06 3280805                    /lib/x86_64-linux-gnu/libnss_compat-2.13.so
7fcf1caea000-7fcf1caeb000 rwxp 00008000 08:06 3280805                    /lib/x86_64-linux-gnu/libnss_compat-2.13.so
7fcf1caeb000-7fcf1cb02000 r-xp 00000000 08:06 3280804                    /lib/x86_64-linux-gnu/libnsl-2.13.so
7fcf1cb02000-7fcf1cd01000 ---p 00017000 08:06 3280804                    /lib/x86_64-linux-gnu/libnsl-2.13.so
7fcf1cd01000-7fcf1cd02000 r-xp 00016000 08:06 3280804                    /lib/x86_64-linux-gnu/libnsl-2.13.so
7fcf1cd02000-7fcf1cd03000 rwxp 00017000 08:06 3280804                    /lib/x86_64-linux-gnu/libnsl-2.13.so
7fcf1cd03000-7fcf1cd05000 rwxp 00000000 00:00 0 
7fcf1cd05000-7fcf1cd2e000 r-xp 00000000 08:06 3936438                    /usr/lib/jvm/java-6-sun-1.6.0.26/jre/lib/amd64/libjava.so
7fcf1cd2e000-7fcf1ce2d000 ---p 00029000 08:06 3936438                    /usr/lib/jvm/java-6-sun-1.6.0.26/jre/lib/amd64/libjava.so
7fcf1ce2d000-7fcf1ce34000 rwxp 00028000 08:06 3936438                    /usr/lib/jvm/java-6-sun-1.6.0.26/jre/lib/amd64/libjava.so
7fcf1ce34000-7fcf1ce41000 r-xp 00000000 08:06 3936071                    /usr/lib/jvm/java-6-sun-1.6.0.26/jre/lib/amd64/libverify.so
7fcf1ce41000-7fcf1cf40000 ---p 0000d000 08:06 3936071                    /usr/lib/jvm/java-6-sun-1.6.0.26/jre/lib/amd64/libverify.so
7fcf1cf40000-7fcf1cf43000 rwxp 0000c000 08:06 3936071                    /usr/lib/jvm/java-6-sun-1.6.0.26/jre/lib/amd64/libverify.so
7fcf1cf43000-7fcf1cf4a000 r-xp 00000000 08:06 3280814                    /lib/x86_64-linux-gnu/librt-2.13.so
7fcf1cf4a000-7fcf1d149000 ---p 00007000 08:06 3280814                    /lib/x86_64-linux-gnu/librt-2.13.so
7fcf1d149000-7fcf1d14a000 r-xp 00006000 08:06 3280814                    /lib/x86_64-linux-gnu/librt-2.13.so
7fcf1d14a000-7fcf1d14b000 rwxp 00007000 08:06 3280814                    /lib/x86_64-linux-gnu/librt-2.13.so
7fcf1d14b000-7fcf1d14e000 ---p 00000000 00:00 0 
7fcf1d14e000-7fcf1d24c000 rwxp 00000000 00:00 0 
7fcf1d24c000-7fcf1d2cf000 r-xp 00000000 08:06 3280802                    /lib/x86_64-linux-gnu/libm-2.13.so
7fcf1d2cf000-7fcf1d4ce000 ---p 00083000 08:06 3280802                    /lib/x86_64-linux-gnu/libm-2.13.so
7fcf1d4ce000-7fcf1d4cf000 r-xp 00082000 08:06 3280802                    /lib/x86_64-linux-gnu/libm-2.13.so
7fcf1d4cf000-7fcf1d4d0000 rwxp 00083000 08:06 3280802                    /lib/x86_64-linux-gnu/libm-2.13.so
7fcf1d4d0000-7fcf1ddea000 r-xp 00000000 08:06 3936947                    /usr/lib/jvm/java-6-sun-1.6.0.26/jre/lib/amd64/server/libjvm.so
7fcf1ddea000-7fcf1deec000 ---p 0091a000 08:06 3936947                    /usr/lib/jvm/java-6-sun-1.6.0.26/jre/lib/amd64/server/libjvm.so
7fcf1deec000-7fcf1e0a1000 rwxp 0091c000 08:06 3936947                    /usr/lib/jvm/java-6-sun-1.6.0.26/jre/lib/amd64/server/libjvm.so
7fcf1e0a1000-7fcf1e0db000 rwxp 00000000 00:00 0 
7fcf1e0db000-7fcf1e272000 r-xp 00000000 08:06 3280798                    /lib/x86_64-linux-gnu/libc-2.13.so
7fcf1e272000-7fcf1e471000 ---p 00197000 08:06 3280798                    /lib/x86_64-linux-gnu/libc-2.13.so
7fcf1e471000-7fcf1e475000 r-xp 00196000 08:06 3280798                    /lib/x86_64-linux-gnu/libc-2.13.so
7fcf1e475000-7fcf1e476000 rwxp 0019a000 08:06 3280798                    /lib/x86_64-linux-gnu/libc-2.13.so
7fcf1e476000-7fcf1e47c000 rwxp 00000000 00:00 0 
7fcf1e47c000-7fcf1e47e000 r-xp 00000000 08:06 3280801                    /lib/x86_64-linux-gnu/libdl-2.13.so
7fcf1e47e000-7fcf1e67e000 ---p 00002000 08:06 3280801                    /lib/x86_64-linux-gnu/libdl-2.13.so
7fcf1e67e000-7fcf1e67f000 r-xp 00002000 08:06 3280801                    /lib/x86_64-linux-gnu/libdl-2.13.so
7fcf1e67f000-7fcf1e680000 rwxp 00003000 08:06 3280801                    /lib/x86_64-linux-gnu/libdl-2.13.so
7fcf1e680000-7fcf1e698000 r-xp 00000000 08:06 3280812                    /lib/x86_64-linux-gnu/libpthread-2.13.so
7fcf1e698000-7fcf1e897000 ---p 00018000 08:06 3280812                    /lib/x86_64-linux-gnu/libpthread-2.13.so
7fcf1e897000-7fcf1e898000 r-xp 00017000 08:06 3280812                    /lib/x86_64-linux-gnu/libpthread-2.13.so
7fcf1e898000-7fcf1e899000 rwxp 00018000 08:06 3280812                    /lib/x86_64-linux-gnu/libpthread-2.13.so
7fcf1e899000-7fcf1e89d000 rwxp 00000000 00:00 0 
7fcf1e89d000-7fcf1e8be000 r-xp 00000000 08:06 3277718                    /lib/x86_64-linux-gnu/ld-2.13.so
7fcf1e8be000-7fcf1e8c0000 rwxs 00002000 00:05 5873                       /dev/ati/card0
7fcf1e8c0000-7fcf1e8c1000 r-xs 00000000 08:06 1058117                    /var/cache/fontconfig/c05880de57d1f5e948fdfacc138775d9-le64.cache-3
7fcf1e8c1000-7fcf1e8c2000 r-xs 00000000 08:06 1058111                    /var/cache/fontconfig/e7071f4a29fa870f4323321c154eba04-le64.cache-3
7fcf1e8c2000-7fcf1e8c7000 r-xs 00000000 08:06 1058110                    /var/cache/fontconfig/6eb3985aa4124903f6ff08ba781cd364-le64.cache-3
7fcf1e8c7000-7fcf1e8cd000 r-xs 00000000 08:06 1058100                    /var/cache/fontconfig/a755afe4a08bf5b97852ceb7400b47bc-le64.cache-3
7fcf1e8cd000-7fcf1e8d7000 rwxp 00000000 00:00 0 
7fcf1e8d7000-7fcf1e98d000 rwxp 00000000 00:00 0 
7fcf1e98d000-7fcf1e990000 rwxp 00000000 00:00 0 
7fcf1e990000-7fcf1e997000 r-xp 00000000 08:06 3936925                    /usr/lib/jvm/java-6-sun-1.6.0.26/jre/lib/amd64/jli/libjli.so
7fcf1e997000-7fcf1ea98000 ---p 00007000 08:06 3936925                    /usr/lib/jvm/java-6-sun-1.6.0.26/jre/lib/amd64/jli/libjli.so
7fcf1ea98000-7fcf1ea9a000 rwxp 00008000 08:06 3936925                    /usr/lib/jvm/java-6-sun-1.6.0.26/jre/lib/amd64/jli/libjli.so
7fcf1ea9a000-7fcf1ea9b000 rwxp 00000000 00:00 0 
7fcf1ea9b000-7fcf1ea9c000 r-xs 00000000 08:06 1058105                    /var/cache/fontconfig/4c73fe0c47614734b17d736dbde7580a-le64.cache-3
7fcf1ea9c000-7fcf1ea9d000 r-xs 00000000 08:06 1058103                    /var/cache/fontconfig/0d8c3b2ac0904cb8a57a757ad11a4a08-le64.cache-3
7fcf1ea9d000-7fcf1ea9e000 r-xs 00000000 08:06 1058101                    /var/cache/fontconfig/6a53c69dea097a2d716e069445527da8-le64.cache-3
7fcf1ea9e000-7fcf1eaa1000 r-xs 00000000 08:06 1058095                    /var/cache/fontconfig/d60319d88cac85ba9e1a07bd06cfbb8c-le64.cache-3
7fcf1eaa1000-7fcf1eaa2000 r-xs 00000000 08:06 1058093                    /var/cache/fontconfig/4794a0821666d79190d59a36cb4f44b5-le64.cache-3
7fcf1eaa2000-7fcf1eaad000 r-xs 00000000 08:06 1049051                    /var/cache/fontconfig/e13b20fdb08344e0e664864cc2ede53d-le64.cache-3
7fcf1eaad000-7fcf1eab1000 r-xs 00000000 08:06 1049036                    /var/cache/fontconfig/7ef2298fde41cc6eeb7af42e48b7d293-le64.cache-3
7fcf1eab1000-7fcf1eab9000 rwxs 00000000 08:06 5379690                    /tmp/hsperfdata_aaron/31159 (deleted)
7fcf1eab9000-7fcf1eaba000 rwxp 00000000 00:00 0 
7fcf1eaba000-7fcf1eabb000 ---p 00000000 00:00 0 
7fcf1eabb000-7fcf1eabd000 rwxp 00000000 00:00 0 
7fcf1eabd000-7fcf1eabe000 r-xp 00020000 08:06 3277718                    /lib/x86_64-linux-gnu/ld-2.13.so
7fcf1eabe000-7fcf1eac0000 rwxp 00021000 08:06 3277718                    /lib/x86_64-linux-gnu/ld-2.13.so
7fffc2018000-7fffc2039000 rwxp 00000000 00:00 0                          [stack]
7fffc21d7000-7fffc21d8000 r-xp 00000000 00:00 0                          [vdso]
ffffffffff600000-ffffffffff601000 r-xp 00000000 00:00 0                  [vsyscall]

VM Arguments:
jvm_args: -Dfile.encoding=UTF-8 
java_command: jmeplanet.test.App
Launcher Type: SUN_STANDARD

Environment Variables:
PATH=/usr/local/sbin:/usr/local/bin:/usr/sbin:/usr/bin:/sbin:/bin:/usr/games
LD_LIBRARY_PATH=/usr/lib/jvm/java-6-sun-1.6.0.26/jre/lib/amd64/server:/usr/lib/jvm/java-6-sun-1.6.0.26/jre/lib/amd64:/usr/lib/jvm/java-6-sun-1.6.0.26/jre/../lib/amd64
SHELL=/bin/bash
DISPLAY=:0

Signal Handlers:
SIGSEGV: [libjvm.so+0x85f800], sa_mask[0]=0x7ffbfeff, sa_flags=0x10000004
SIGBUS: [libjvm.so+0x85f800], sa_mask[0]=0x7ffbfeff, sa_flags=0x10000004
SIGFPE: [libjvm.so+0x70e300], sa_mask[0]=0x7ffbfeff, sa_flags=0x10000004
SIGPIPE: [libjvm.so+0x70e300], sa_mask[0]=0x7ffbfeff, sa_flags=0x10000004
SIGXFSZ: [libjvm.so+0x70e300], sa_mask[0]=0x7ffbfeff, sa_flags=0x10000004
SIGILL: [libjvm.so+0x70e300], sa_mask[0]=0x7ffbfeff, sa_flags=0x10000004
SIGUSR1: SIG_DFL, sa_mask[0]=0x00000000, sa_flags=0x00000000
SIGUSR2: [libjvm.so+0x711110], sa_mask[0]=0x00000004, sa_flags=0x10000004
SIGHUP: [libjvm.so+0x710d10], sa_mask[0]=0x7ffbfeff, sa_flags=0x10000004
SIGINT: SIG_IGN, sa_mask[0]=0x00000000, sa_flags=0x00000000
SIGTERM: [libjvm.so+0x710d10], sa_mask[0]=0x7ffbfeff, sa_flags=0x10000004
SIGQUIT: [libjvm.so+0x710d10], sa_mask[0]=0x7ffbfeff, sa_flags=0x10000004


---------------  S Y S T E M  ---------------

OS:wheezy/sid

uname:Linux 3.0.0-17-generic #30-Ubuntu SMP Thu Mar 8 20:45:39 UTC 2012 x86_64
libc:glibc 2.13 NPTL 2.13 
rlimit: STACK 8192k, CORE 0k, NPROC 31363, NOFILE 4096, AS infinity
load average:0.11 0.08 0.11

/proc/meminfo:
MemTotal:        4038188 kB
MemFree:          136188 kB
Buffers:           55036 kB
Cached:           703188 kB
SwapCached:        44556 kB
Active:          2316300 kB
Inactive:        1085740 kB
Active(anon):    1932384 kB
Inactive(anon):   744656 kB
Active(file):     383916 kB
Inactive(file):   341084 kB
Unevictable:           0 kB
Mlocked:               0 kB
SwapTotal:       3904508 kB
SwapFree:        3804096 kB
Dirty:               148 kB
Writeback:             0 kB
AnonPages:       2601204 kB
Mapped:           240568 kB
Shmem:             33196 kB
Slab:             160076 kB
SReclaimable:     125444 kB
SUnreclaim:        34632 kB
KernelStack:        4608 kB
PageTables:        45404 kB
NFS_Unstable:          0 kB
Bounce:                0 kB
WritebackTmp:          0 kB
CommitLimit:     5923600 kB
Committed_AS:    5365452 kB
VmallocTotal:   34359738367 kB
VmallocUsed:      318908 kB
VmallocChunk:   34359417256 kB
HardwareCorrupted:     0 kB
AnonHugePages:         0 kB
HugePages_Total:       0
HugePages_Free:        0
HugePages_Rsvd:        0
HugePages_Surp:        0
Hugepagesize:       2048 kB
DirectMap4k:     1302528 kB
DirectMap2M:     2875392 kB


CPU:total 8 (4 cores per cpu, 2 threads per core) family 6 model 42 stepping 7, cmov, cx8, fxsr, mmx, sse, sse2, sse3, ssse3, sse4.1, sse4.2, popcnt, ht

/proc/cpuinfo:
processor	: 0
vendor_id	: GenuineIntel
cpu family	: 6
model		: 42
model name	: Intel(R) Core(TM) i7-2630QM CPU @ 2.00GHz
stepping	: 7
cpu MHz		: 800.000
cache size	: 6144 KB
physical id	: 0
siblings	: 8
core id		: 0
cpu cores	: 4
apicid		: 0
initial apicid	: 0
fpu		: yes
fpu_exception	: yes
cpuid level	: 13
wp		: yes
flags		: fpu vme de pse tsc msr pae mce cx8 apic sep mtrr pge mca cmov pat pse36 clflush dts acpi mmx fxsr sse sse2 ss ht tm pbe syscall nx rdtscp lm constant_tsc arch_perfmon pebs bts rep_good nopl xtopology nonstop_tsc aperfmperf pni pclmulqdq dtes64 monitor ds_cpl vmx est tm2 ssse3 cx16 xtpr pdcm sse4_1 sse4_2 x2apic popcnt xsave avx lahf_lm ida arat epb xsaveopt pln pts dts tpr_shadow vnmi flexpriority ept vpid
bogomips	: 3990.86
clflush size	: 64
cache_alignment	: 64
address sizes	: 36 bits physical, 48 bits virtual
power management:

processor	: 1
vendor_id	: GenuineIntel
cpu family	: 6
model		: 42
model name	: Intel(R) Core(TM) i7-2630QM CPU @ 2.00GHz
stepping	: 7
cpu MHz		: 2001.000
cache size	: 6144 KB
physical id	: 0
siblings	: 8
core id		: 0
cpu cores	: 4
apicid		: 1
initial apicid	: 1
fpu		: yes
fpu_exception	: yes
cpuid level	: 13
wp		: yes
flags		: fpu vme de pse tsc msr pae mce cx8 apic sep mtrr pge mca cmov pat pse36 clflush dts acpi mmx fxsr sse sse2 ss ht tm pbe syscall nx rdtscp lm constant_tsc arch_perfmon pebs bts rep_good nopl xtopology nonstop_tsc aperfmperf pni pclmulqdq dtes64 monitor ds_cpl vmx est tm2 ssse3 cx16 xtpr pdcm sse4_1 sse4_2 x2apic popcnt xsave avx lahf_lm ida arat epb xsaveopt pln pts dts tpr_shadow vnmi flexpriority ept vpid
bogomips	: 3990.80
clflush size	: 64
cache_alignment	: 64
address sizes	: 36 bits physical, 48 bits virtual
power management:

processor	: 2
vendor_id	: GenuineIntel
cpu family	: 6
model		: 42
model name	: Intel(R) Core(TM) i7-2630QM CPU @ 2.00GHz
stepping	: 7
cpu MHz		: 800.000
cache size	: 6144 KB
physical id	: 0
siblings	: 8
core id		: 1
cpu cores	: 4
apicid		: 2
initial apicid	: 2
fpu		: yes
fpu_exception	: yes
cpuid level	: 13
wp		: yes
flags		: fpu vme de pse tsc msr pae mce cx8 apic sep mtrr pge mca cmov pat pse36 clflush dts acpi mmx fxsr sse sse2 ss ht tm pbe syscall nx rdtscp lm constant_tsc arch_perfmon pebs bts rep_good nopl xtopology nonstop_tsc aperfmperf pni pclmulqdq dtes64 monitor ds_cpl vmx est tm2 ssse3 cx16 xtpr pdcm sse4_1 sse4_2 x2apic popcnt xsave avx lahf_lm ida arat epb xsaveopt pln pts dts tpr_shadow vnmi flexpriority ept vpid
bogomips	: 3990.83
clflush size	: 64
cache_alignment	: 64
address sizes	: 36 bits physical, 48 bits virtual
power management:

processor	: 3
vendor_id	: GenuineIntel
cpu family	: 6
model		: 42
model name	: Intel(R) Core(TM) i7-2630QM CPU @ 2.00GHz
stepping	: 7
cpu MHz		: 800.000
cache size	: 6144 KB
physical id	: 0
siblings	: 8
core id		: 1
cpu cores	: 4
apicid		: 3
initial apicid	: 3
fpu		: yes
fpu_exception	: yes
cpuid level	: 13
wp		: yes
flags		: fpu vme de pse tsc msr pae mce cx8 apic sep mtrr pge mca cmov pat pse36 clflush dts acpi mmx fxsr sse sse2 ss ht tm pbe syscall nx rdtscp lm constant_tsc arch_perfmon pebs bts rep_good nopl xtopology nonstop_tsc aperfmperf pni pclmulqdq dtes64 monitor ds_cpl vmx est tm2 ssse3 cx16 xtpr pdcm sse4_1 sse4_2 x2apic popcnt xsave avx lahf_lm ida arat epb xsaveopt pln pts dts tpr_shadow vnmi flexpriority ept vpid
bogomips	: 3990.83
clflush size	: 64
cache_alignment	: 64
address sizes	: 36 bits physical, 48 bits virtual
power management:

processor	: 4
vendor_id	: GenuineIntel
cpu family	: 6
model		: 42
model name	: Intel(R) Core(TM) i7-2630QM CPU @ 2.00GHz
stepping	: 7
cpu MHz		: 2001.000
cache size	: 6144 KB
physical id	: 0
siblings	: 8
core id		: 2
cpu cores	: 4
apicid		: 4
initial apicid	: 4
fpu		: yes
fpu_exception	: yes
cpuid level	: 13
wp		: yes
flags		: fpu vme de pse tsc msr pae mce cx8 apic sep mtrr pge mca cmov pat pse36 clflush dts acpi mmx fxsr sse sse2 ss ht tm pbe syscall nx rdtscp lm constant_tsc arch_perfmon pebs bts rep_good nopl xtopology nonstop_tsc aperfmperf pni pclmulqdq dtes64 monitor ds_cpl vmx est tm2 ssse3 cx16 xtpr pdcm sse4_1 sse4_2 x2apic popcnt xsave avx lahf_lm ida arat epb xsaveopt pln pts dts tpr_shadow vnmi flexpriority ept vpid
bogomips	: 3990.84
clflush size	: 64
cache_alignment	: 64
address sizes	: 36 bits physical, 48 bits virtual
power management:

processor	: 5
vendor_id	: GenuineIntel
cpu family	: 6
model		: 42
model name	: Intel(R) Core(TM) i7-2630QM CPU @ 2.00GHz
stepping	: 7
cpu MHz		: 2001.000
cache size	: 6144 KB
physical id	: 0
siblings	: 8
core id		: 2
cpu cores	: 4
apicid		: 5
initial apicid	: 5
fpu		: yes
fpu_exception	: yes
cpuid level	: 13
wp		: yes
flags		: fpu vme de pse tsc msr pae mce cx8 apic sep mtrr pge mca cmov pat pse36 clflush dts acpi mmx fxsr sse sse2 ss ht tm pbe syscall nx rdtscp lm constant_tsc arch_perfmon pebs bts rep_good nopl xtopology nonstop_tsc aperfmperf pni pclmulqdq dtes64 monitor ds_cpl vmx est tm2 ssse3 cx16 xtpr pdcm sse4_1 sse4_2 x2apic popcnt xsave avx lahf_lm ida arat epb xsaveopt pln pts dts tpr_shadow vnmi flexpriority ept vpid
bogomips	: 3990.83
clflush size	: 64
cache_alignment	: 64
address sizes	: 36 bits physical, 48 bits virtual
power management:

processor	: 6
vendor_id	: GenuineIntel
cpu family	: 6
model		: 42
model name	: Intel(R) Core(TM) i7-2630QM CPU @ 2.00GHz
stepping	: 7
cpu MHz		: 2001.000
cache size	: 6144 KB
physical id	: 0
siblings	: 8
core id		: 3
cpu cores	: 4
apicid		: 6
initial apicid	: 6
fpu		: yes
fpu_exception	: yes
cpuid level	: 13
wp		: yes
flags		: fpu vme de pse tsc msr pae mce cx8 apic sep mtrr pge mca cmov pat pse36 clflush dts acpi mmx fxsr sse sse2 ss ht tm pbe syscall nx rdtscp lm constant_tsc arch_perfmon pebs bts rep_good nopl xtopology nonstop_tsc aperfmperf pni pclmulqdq dtes64 monitor ds_cpl vmx est tm2 ssse3 cx16 xtpr pdcm sse4_1 sse4_2 x2apic popcnt xsave avx lahf_lm ida arat epb xsaveopt pln pts dts tpr_shadow vnmi flexpriority ept vpid
bogomips	: 3990.82
clflush size	: 64
cache_alignment	: 64
address sizes	: 36 bits physical, 48 bits virtual
power management:

processor	: 7
vendor_id	: GenuineIntel
cpu family	: 6
model		: 42
model name	: Intel(R) Core(TM) i7-2630QM CPU @ 2.00GHz
stepping	: 7
cpu MHz		: 800.000
cache size	: 6144 KB
physical id	: 0
siblings	: 8
core id		: 3
cpu cores	: 4
apicid		: 7
initial apicid	: 7
fpu		: yes
fpu_exception	: yes
cpuid level	: 13
wp		: yes
flags		: fpu vme de pse tsc msr pae mce cx8 apic sep mtrr pge mca cmov pat pse36 clflush dts acpi mmx fxsr sse sse2 ss ht tm pbe syscall nx rdtscp lm constant_tsc arch_perfmon pebs bts rep_good nopl xtopology nonstop_tsc aperfmperf pni pclmulqdq dtes64 monitor ds_cpl vmx est tm2 ssse3 cx16 xtpr pdcm sse4_1 sse4_2 x2apic popcnt xsave avx lahf_lm ida arat epb xsaveopt pln pts dts tpr_shadow vnmi flexpriority ept vpid
bogomips	: 3990.84
clflush size	: 64
cache_alignment	: 64
address sizes	: 36 bits physical, 48 bits virtual
power management:



Memory: 4k page, physical 4038188k(136188k free), swap 3904508k(3804096k free)

vm_info: Java HotSpot(TM) 64-Bit Server VM (20.1-b02) for linux-amd64 JRE (1.6.0_26-b03), built on May  4 2011 01:13:47 by "java_re" with gcc 3.2.2 (SuSE Linux)

time: Mon Apr 23 15:51:09 2012
elapsed time: 16 seconds

