#
# A fatal error has been detected by the Java Runtime Environment:
#
#  SIGSEGV (0xb) at pc=0x00007fa92b7cdc08, pid=31718, tid=140364758730528
#
# JRE version: 6.0_26-b03
# Java VM: Java HotSpot(TM) 64-Bit Server VM (20.1-b02 mixed mode linux-amd64 compressed oops)
# Problematic frame:
# C  [libX11.so.6+0x35c08]  XQueryExtension+0x28
#
# If you would like to submit a bug report, please visit:
#   http://java.sun.com/webapps/bugreport/crash.jsp
#

---------------  T H R E A D  ---------------

Current thread is native thread

siginfo:si_signo=SIGSEGV: si_errno=0, si_code=1 (SEGV_MAPERR), si_addr=0x000000002c315ac8

Registers:
RAX=0x0000000041e08f00, RBX=0x000000002c315160, RCX=0x00007fff2a776e48, RDX=0x00007fff2a776e44
RSP=0x00007fff2a776de0, RBP=0x00007fa9299b3932, RSI=0x00007fa9299b3932, RDI=0x000000002c315160
R8 =0x00007fff2a776e4c, R9 =0x0000000000000000, R10=0x00007fa93743fea8, R11=0x00007fa9370ddba0
R12=0x00007fff2a776e44, R13=0x00007fa9299b3932, R14=0x0000000041e08f00, R15=0x0000000000000000
RIP=0x00007fa92b7cdc08, EFLAGS=0x0000000000010202, CSGSFS=0x0000000000000033, ERR=0x0000000000000004
  TRAPNO=0x000000000000000e

Top of Stack: (sp=0x00007fff2a776de0)
0x00007fff2a776de0:   00007fa9370b05c8 00007fa937a619e8
0x00007fff2a776df0:   0000000000000000 0000000000000000
0x00007fff2a776e00:   000000000bea6495 000000002c315160
0x00007fff2a776e10:   00007fa9299b3932 0000000000000000
0x00007fff2a776e20:   00007fa9299b3932 0000000041e08f00
0x00007fff2a776e30:   0000000000000000 00007fa92b7c14f5
0x00007fff2a776e40:   00007fa937a85048 00007fa929aec520
0x00007fff2a776e50:   00007fa929aec520 000000002c315160
0x00007fff2a776e60:   00007fa92c31c9a0 00007fa92bade73b
0x00007fff2a776e70:   0101010101010101 00000011370b05c8
0x00007fff2a776e80:   00007fff2a776f00 0000000000000000
0x00007fff2a776e90:   00007fff2a776f00 000000002c315160
0x00007fff2a776ea0:   0000000000000000 00007fa937a85048
0x00007fff2a776eb0:   00007fa929b05d50 00007fa92995a119
0x00007fff2a776ec0:   0000000000000000 0000000000000033
0x00007fff2a776ed0:   00007fff2a776f00 00007fff2a776f20
0x00007fff2a776ee0:   0000000000000000 00007fa937a85048
0x00007fff2a776ef0:   00007fa92c30f2b0 00007fa929950b42
0x00007fff2a776f00:   00007fff2a777130 00007fa9299b38b1
0x00007fff2a776f10:   00007fff2a777130 00007fa937873135
0x00007fff2a776f20:   00007fa937a862c8 00007fa937a86858
0x00007fff2a776f30:   00007fa937a61000 0000000041a6a350
0x00007fff2a776f40:   0000000041a6a830 0000000041a6ad30
0x00007fff2a776f50:   0000000041a6f9e0 00007fa92c15ef20
0x00007fff2a776f60:   00007fa92c2dbc00 00007fa92c2d5490
0x00007fff2a776f70:   00007fa92c31d2b0 00007fa92c2d4ff0
0x00007fff2a776f80:   0000000041b78e90 0000000041bdedd0
0x00007fff2a776f90:   0000000041bde930 0000000041a6b5b0
0x00007fff2a776fa0:   0000000041a658d0 0000000041a65230
0x00007fff2a776fb0:   0000000041a62570 00007fa92c2d8530
0x00007fff2a776fc0:   00007fa92c27c4c0 00007fa92c2d89d0
0x00007fff2a776fd0:   00007fa92c30f2b0 00007fa92c31c430 

Instructions: (pc=0x00007fa92b7cdc08)
0x00007fa92b7cdbe8:   24 d8 48 89 fb 4c 89 64 24 e0 4c 89 6c 24 e8 49
0x00007fa92b7cdbf8:   89 d4 4c 89 74 24 f0 4c 89 7c 24 f8 48 83 ec 58
0x00007fa92b7cdc08:   48 8b 87 68 09 00 00 49 89 f5 48 89 cd 4d 89 c6
0x00007fa92b7cdc18:   48 85 c0 74 02 ff 10 4c 8b bb b0 00 00 00 49 8d 

Register to memory mapping:

RAX=0x0000000041e08f00 is an unknown value
RBX=0x000000002c315160 is an unknown value
RCX=0x00007fff2a776e48 is an unknown value
RDX=0x00007fff2a776e44 is an unknown value
RSP=0x00007fff2a776de0 is an unknown value
RBP=0x00007fa9299b3932: <offset 0x96932> in /usr/lib/fglrx/libGL.so.1 at 0x00007fa92991d000
RSI=0x00007fa9299b3932: <offset 0x96932> in /usr/lib/fglrx/libGL.so.1 at 0x00007fa92991d000
RDI=0x000000002c315160 is an unknown value
R8 =0x00007fff2a776e4c is an unknown value
R9 =0x0000000000000000 is an unknown value
R10=0x00007fa93743fea8: <offset 0x39dea8> in /lib/x86_64-linux-gnu/libc.so.6 at 0x00007fa9370a2000
R11=0x00007fa9370ddba0: __cxa_finalize+0 in /lib/x86_64-linux-gnu/libc.so.6 at 0x00007fa9370a2000
R12=0x00007fff2a776e44 is an unknown value
R13=0x00007fa9299b3932: <offset 0x96932> in /usr/lib/fglrx/libGL.so.1 at 0x00007fa92991d000
R14=0x0000000041e08f00 is an unknown value
R15=0x0000000000000000 is an unknown value


Stack: [0x00007fff2a679000,0x00007fff2a779000],  sp=0x00007fff2a776de0,  free space=1015k
Native frames: (J=compiled Java code, j=interpreted, Vv=VM code, C=native code)
C  [libX11.so.6+0x35c08]  XQueryExtension+0x28


---------------  P R O C E S S  ---------------

VM state:at safepoint (shutting down)

VM Mutex/Monitor currently owned by a thread:  ([mutex/lock_event])
[0x0000000041a68720] Threads_lock - owner thread: 0x0000000041ad1000

Heap
 PSYoungGen      total 18368K, used 4790K [0x00000000eb760000, 0x00000000ecbe0000, 0x0000000100000000)
  eden space 15744K, 21% used [0x00000000eb760000,0x00000000ebaa4f60,0x00000000ec6c0000)
  from space 2624K, 54% used [0x00000000ec6c0000,0x00000000ec828a00,0x00000000ec950000)
  to   space 2624K, 0% used [0x00000000ec950000,0x00000000ec950000,0x00000000ecbe0000)
 PSOldGen        total 42112K, used 0K [0x00000000c2600000, 0x00000000c4f20000, 0x00000000eb760000)
  object space 42112K, 0% used [0x00000000c2600000,0x00000000c2600000,0x00000000c4f20000)
 PSPermGen       total 21248K, used 13007K [0x00000000bd400000, 0x00000000be8c0000, 0x00000000c2600000)
  object space 21248K, 61% used [0x00000000bd400000,0x00000000be0b3dc0,0x00000000be8c0000)

Code Cache  [0x00007fa93237c000, 0x00007fa9325ec000, 0x00007fa93537c000)
 total_blobs=708 nmethods=198 adapters=464 free_code_cache=49319936 largest_free_block=12288

Dynamic libraries:
40000000-40009000 r-xp 00000000 08:06 3941148                            /usr/lib/jvm/java-6-sun-1.6.0.26/jre/bin/java
40108000-4010a000 rwxp 00008000 08:06 3941148                            /usr/lib/jvm/java-6-sun-1.6.0.26/jre/bin/java
41a62000-42875000 rwxp 00000000 00:00 0                                  [heap]
bd400000-be8c0000 rwxp 00000000 00:00 0 
be8c0000-c2600000 rwxp 00000000 00:00 0 
c2600000-c4f20000 rwxp 00000000 00:00 0 
c4f20000-eb760000 rwxp 00000000 00:00 0 
eb760000-ecbe0000 rwxp 00000000 00:00 0 
ecbe0000-100000000 rwxp 00000000 00:00 0 
7fa91e843000-7fa91e846000 ---p 00000000 00:00 0 
7fa91e846000-7fa91e944000 rwxp 00000000 00:00 0 
7fa91e944000-7fa91e945000 ---p 00000000 00:00 0 
7fa91e945000-7fa91f145000 rwxp 00000000 00:00 0 
7fa91f145000-7fa91f146000 ---p 00000000 00:00 0 
7fa91f146000-7fa91f946000 rwxp 00000000 00:00 0 
7fa91f946000-7fa91f947000 ---p 00000000 00:00 0 
7fa91f947000-7fa920147000 rwxp 00000000 00:00 0 
7fa924148000-7fa924149000 ---p 00000000 00:00 0 
7fa924149000-7fa924949000 rwxp 00000000 00:00 0 
7fa924949000-7fa924960000 r-xp 00000000 08:06 3280813                    /lib/x86_64-linux-gnu/libresolv-2.13.so
7fa924960000-7fa924b60000 ---p 00017000 08:06 3280813                    /lib/x86_64-linux-gnu/libresolv-2.13.so
7fa924b60000-7fa924b61000 r-xp 00017000 08:06 3280813                    /lib/x86_64-linux-gnu/libresolv-2.13.so
7fa924b61000-7fa924b62000 rwxp 00018000 08:06 3280813                    /lib/x86_64-linux-gnu/libresolv-2.13.so
7fa924b62000-7fa924b64000 rwxp 00000000 00:00 0 
7fa924b64000-7fa924b6a000 r-xp 00000000 08:06 3809389                    /usr/lib/x86_64-linux-gnu/libogg.so.0.7.1
7fa924b6a000-7fa924d69000 ---p 00006000 08:06 3809389                    /usr/lib/x86_64-linux-gnu/libogg.so.0.7.1
7fa924d69000-7fa924d6a000 r-xp 00005000 08:06 3809389                    /usr/lib/x86_64-linux-gnu/libogg.so.0.7.1
7fa924d6a000-7fa924d6b000 rwxp 00006000 08:06 3809389                    /usr/lib/x86_64-linux-gnu/libogg.so.0.7.1
7fa924d6b000-7fa924d96000 r-xp 00000000 08:06 3809461                    /usr/lib/x86_64-linux-gnu/libvorbis.so.0.4.5
7fa924d96000-7fa924f95000 ---p 0002b000 08:06 3809461                    /usr/lib/x86_64-linux-gnu/libvorbis.so.0.4.5
7fa924f95000-7fa924f96000 r-xp 0002a000 08:06 3809461                    /usr/lib/x86_64-linux-gnu/libvorbis.so.0.4.5
7fa924f96000-7fa924f97000 rwxp 0002b000 08:06 3809461                    /usr/lib/x86_64-linux-gnu/libvorbis.so.0.4.5
7fa924f97000-7fa92524a000 r-xp 00000000 08:06 3809456                    /usr/lib/x86_64-linux-gnu/libvorbisenc.so.2.0.8
7fa92524a000-7fa925449000 ---p 002b3000 08:06 3809456                    /usr/lib/x86_64-linux-gnu/libvorbisenc.so.2.0.8
7fa925449000-7fa925465000 r-xp 002b2000 08:06 3809456                    /usr/lib/x86_64-linux-gnu/libvorbisenc.so.2.0.8
7fa925465000-7fa925466000 rwxp 002ce000 08:06 3809456                    /usr/lib/x86_64-linux-gnu/libvorbisenc.so.2.0.8
7fa925466000-7fa9254ae000 r-xp 00000000 08:06 3809156                    /usr/lib/x86_64-linux-gnu/libFLAC.so.8.2.0
7fa9254ae000-7fa9256ae000 ---p 00048000 08:06 3809156                    /usr/lib/x86_64-linux-gnu/libFLAC.so.8.2.0
7fa9256ae000-7fa9256af000 r-xp 00048000 08:06 3809156                    /usr/lib/x86_64-linux-gnu/libFLAC.so.8.2.0
7fa9256af000-7fa9256b0000 rwxp 00049000 08:06 3809156                    /usr/lib/x86_64-linux-gnu/libFLAC.so.8.2.0
7fa9256b0000-7fa9256b5000 r-xp 00000000 08:06 3809265                    /usr/lib/x86_64-linux-gnu/libasyncns.so.0.3.1
7fa9256b5000-7fa9258b4000 ---p 00005000 08:06 3809265                    /usr/lib/x86_64-linux-gnu/libasyncns.so.0.3.1
7fa9258b4000-7fa9258b5000 r-xp 00004000 08:06 3809265                    /usr/lib/x86_64-linux-gnu/libasyncns.so.0.3.1
7fa9258b5000-7fa9258b6000 rwxp 00005000 08:06 3809265                    /usr/lib/x86_64-linux-gnu/libasyncns.so.0.3.1
7fa9258b6000-7fa925916000 r-xp 00000000 08:06 3809429                    /usr/lib/x86_64-linux-gnu/libsndfile.so.1.0.24
7fa925916000-7fa925b16000 ---p 00060000 08:06 3809429                    /usr/lib/x86_64-linux-gnu/libsndfile.so.1.0.24
7fa925b16000-7fa925b18000 r-xp 00060000 08:06 3809429                    /usr/lib/x86_64-linux-gnu/libsndfile.so.1.0.24
7fa925b18000-7fa925b19000 rwxp 00062000 08:06 3809429                    /usr/lib/x86_64-linux-gnu/libsndfile.so.1.0.24
7fa925b19000-7fa925b1d000 rwxp 00000000 00:00 0 
7fa925b1d000-7fa925b25000 r-xp 00000000 08:06 3280658                    /lib/x86_64-linux-gnu/libwrap.so.0.7.6
7fa925b25000-7fa925d24000 ---p 00008000 08:06 3280658                    /lib/x86_64-linux-gnu/libwrap.so.0.7.6
7fa925d24000-7fa925d25000 r-xp 00007000 08:06 3280658                    /lib/x86_64-linux-gnu/libwrap.so.0.7.6
7fa925d25000-7fa925d26000 rwxp 00008000 08:06 3280658                    /lib/x86_64-linux-gnu/libwrap.so.0.7.6
7fa925d26000-7fa925d68000 r-xp 00000000 08:06 3280587                    /lib/x86_64-linux-gnu/libdbus-1.so.3.5.7
7fa925d68000-7fa925f67000 ---p 00042000 08:06 3280587                    /lib/x86_64-linux-gnu/libdbus-1.so.3.5.7
7fa925f67000-7fa925f68000 r-xp 00041000 08:06 3280587                    /lib/x86_64-linux-gnu/libdbus-1.so.3.5.7
7fa925f68000-7fa925f69000 rwxp 00042000 08:06 3280587                    /lib/x86_64-linux-gnu/libdbus-1.so.3.5.7
7fa925f69000-7fa925fc5000 r-xp 00000000 08:06 3809314                    /usr/lib/x86_64-linux-gnu/libpulsecommon-1.0.so
7fa925fc5000-7fa9261c5000 ---p 0005c000 08:06 3809314                    /usr/lib/x86_64-linux-gnu/libpulsecommon-1.0.so
7fa9261c5000-7fa9261c6000 r-xp 0005c000 08:06 3809314                    /usr/lib/x86_64-linux-gnu/libpulsecommon-1.0.so
7fa9261c6000-7fa9261c7000 rwxp 0005d000 08:06 3809314                    /usr/lib/x86_64-linux-gnu/libpulsecommon-1.0.so
7fa9261c7000-7fa9261ce000 r-xp 00000000 08:06 3809363                    /usr/lib/x86_64-linux-gnu/libjson.so.0.0.1
7fa9261ce000-7fa9263cd000 ---p 00007000 08:06 3809363                    /usr/lib/x86_64-linux-gnu/libjson.so.0.0.1
7fa9263cd000-7fa9263ce000 r-xp 00006000 08:06 3809363                    /usr/lib/x86_64-linux-gnu/libjson.so.0.0.1
7fa9263ce000-7fa9263cf000 rwxp 00007000 08:06 3809363                    /usr/lib/x86_64-linux-gnu/libjson.so.0.0.1
7fa9263cf000-7fa926415000 r-xp 00000000 08:06 3809289                    /usr/lib/x86_64-linux-gnu/libpulse.so.0.13.4
7fa926415000-7fa926614000 ---p 00046000 08:06 3809289                    /usr/lib/x86_64-linux-gnu/libpulse.so.0.13.4
7fa926614000-7fa926615000 r-xp 00045000 08:06 3809289                    /usr/lib/x86_64-linux-gnu/libpulse.so.0.13.4
7fa926615000-7fa926616000 rwxp 00046000 08:06 3809289                    /usr/lib/x86_64-linux-gnu/libpulse.so.0.13.4
7fa9268a6000-7fa9268ee000 rwxp 00000000 00:00 0 
7fa9268ee000-7fa926fee000 rwxs 00006000 00:05 5873                       /dev/ati/card0
7fa926fee000-7fa9271ee000 rwxp 00000000 00:00 0 
7fa9271ee000-7fa9271f0000 r-xp 00000000 08:06 3809247                    /usr/lib/x86_64-linux-gnu/libXinerama.so.1.0.0
7fa9271f0000-7fa9273ef000 ---p 00002000 08:06 3809247                    /usr/lib/x86_64-linux-gnu/libXinerama.so.1.0.0
7fa9273ef000-7fa9273f0000 r-xp 00001000 08:06 3809247                    /usr/lib/x86_64-linux-gnu/libXinerama.so.1.0.0
7fa9273f0000-7fa9273f1000 rwxp 00002000 08:06 3809247                    /usr/lib/x86_64-linux-gnu/libXinerama.so.1.0.0
7fa9273f1000-7fa92742c000 r-xp 00000000 08:06 3804222                    /usr/lib/fglrx/libatiadlxx.so
7fa92742c000-7fa92752c000 ---p 0003b000 08:06 3804222                    /usr/lib/fglrx/libatiadlxx.so
7fa92752c000-7fa927535000 rwxp 0003b000 08:06 3804222                    /usr/lib/fglrx/libatiadlxx.so
7fa927535000-7fa927546000 rwxp 00000000 00:00 0 
7fa927546000-7fa92754d000 r-xp 00000000 08:06 3804253                    /usr/lib/fglrx/libatiuki.so.1.0
7fa92754d000-7fa92764d000 ---p 00007000 08:06 3804253                    /usr/lib/fglrx/libatiuki.so.1.0
7fa92764d000-7fa92764e000 rwxp 00007000 08:06 3804253                    /usr/lib/fglrx/libatiuki.so.1.0
7fa92764e000-7fa92764f000 rwxp 00000000 00:00 0 
7fa92764f000-7fa9295a9000 r-xp 00000000 08:06 3804265                    /usr/lib/fglrx/dri/fglrx_dri.so
7fa9295a9000-7fa9296a9000 ---p 01f5a000 08:06 3804265                    /usr/lib/fglrx/dri/fglrx_dri.so
7fa9296a9000-7fa9297f7000 rwxp 01f5a000 08:06 3804265                    /usr/lib/fglrx/dri/fglrx_dri.so
7fa9297f7000-7fa92991d000 rwxp 00000000 00:00 0 
7fa92991d000-7fa9299e0000 r-xp 00000000 08:06 3804219                    /usr/lib/fglrx/libGL.so.1.2
7fa9299e0000-7fa929adf000 ---p 000c3000 08:06 3804219                    /usr/lib/fglrx/libGL.so.1.2
7fa929adf000-7fa929b06000 rwxp 000c2000 08:06 3804219                    /usr/lib/fglrx/libGL.so.1.2
7fa929b06000-7fa929b26000 rwxp 00000000 00:00 0 
7fa929b26000-7fa929b29000 ---p 00000000 00:00 0 
7fa929b29000-7fa929c27000 rwxp 00000000 00:00 0 
7fa929c27000-7fa929c2c000 r-xp 00000000 08:06 3809259                    /usr/lib/x86_64-linux-gnu/libXxf86vm.so.1.0.0
7fa929c2c000-7fa929e2b000 ---p 00005000 08:06 3809259                    /usr/lib/x86_64-linux-gnu/libXxf86vm.so.1.0.0
7fa929e2b000-7fa929e2c000 r-xp 00004000 08:06 3809259                    /usr/lib/x86_64-linux-gnu/libXxf86vm.so.1.0.0
7fa929e2c000-7fa929e2d000 rwxp 00005000 08:06 3809259                    /usr/lib/x86_64-linux-gnu/libXxf86vm.so.1.0.0
7fa929e2d000-7fa929e35000 r-xp 00000000 08:06 3809249                    /usr/lib/x86_64-linux-gnu/libXrandr.so.2.2.0
7fa929e35000-7fa92a034000 ---p 00008000 08:06 3809249                    /usr/lib/x86_64-linux-gnu/libXrandr.so.2.2.0
7fa92a034000-7fa92a035000 r-xp 00007000 08:06 3809249                    /usr/lib/x86_64-linux-gnu/libXrandr.so.2.2.0
7fa92a035000-7fa92a036000 rwxp 00008000 08:06 3809249                    /usr/lib/x86_64-linux-gnu/libXrandr.so.2.2.0
7fa92a036000-7fa92a09c000 r-xp 00000000 08:07 10375991                   /home/aaron/Projects/jMonkeyProjects/jmeplanet/liblwjgl64.so
7fa92a09c000-7fa92a29c000 ---p 00066000 08:07 10375991                   /home/aaron/Projects/jMonkeyProjects/jmeplanet/liblwjgl64.so
7fa92a29c000-7fa92a29e000 r-xp 00066000 08:07 10375991                   /home/aaron/Projects/jMonkeyProjects/jmeplanet/liblwjgl64.so
7fa92a29e000-7fa92a29f000 rwxp 00068000 08:07 10375991                   /home/aaron/Projects/jMonkeyProjects/jmeplanet/liblwjgl64.so
7fa92a29f000-7fa92a2a0000 r-xp 00000000 08:06 3936931                    /usr/lib/jvm/java-6-sun-1.6.0.26/jre/lib/amd64/libjawt.so
7fa92a2a0000-7fa92a39f000 ---p 00001000 08:06 3936931                    /usr/lib/jvm/java-6-sun-1.6.0.26/jre/lib/amd64/libjawt.so
7fa92a39f000-7fa92a3a0000 rwxp 00000000 08:06 3936931                    /usr/lib/jvm/java-6-sun-1.6.0.26/jre/lib/amd64/libjawt.so
7fa92a3a0000-7fa92a3a3000 ---p 00000000 00:00 0 
7fa92a3a3000-7fa92a4a1000 rwxp 00000000 00:00 0 
7fa92a4a1000-7fa92a4a6000 r-xp 00000000 08:06 3809241                    /usr/lib/x86_64-linux-gnu/libXfixes.so.3.1.0
7fa92a4a6000-7fa92a6a5000 ---p 00005000 08:06 3809241                    /usr/lib/x86_64-linux-gnu/libXfixes.so.3.1.0
7fa92a6a5000-7fa92a6a6000 r-xp 00004000 08:06 3809241                    /usr/lib/x86_64-linux-gnu/libXfixes.so.3.1.0
7fa92a6a6000-7fa92a6a7000 rwxp 00005000 08:06 3809241                    /usr/lib/x86_64-linux-gnu/libXfixes.so.3.1.0
7fa92a6a7000-7fa92a6b0000 r-xp 00000000 08:06 3809251                    /usr/lib/x86_64-linux-gnu/libXrender.so.1.3.0
7fa92a6b0000-7fa92a8b0000 ---p 00009000 08:06 3809251                    /usr/lib/x86_64-linux-gnu/libXrender.so.1.3.0
7fa92a8b0000-7fa92a8b1000 r-xp 00009000 08:06 3809251                    /usr/lib/x86_64-linux-gnu/libXrender.so.1.3.0
7fa92a8b1000-7fa92a8b2000 rwxp 0000a000 08:06 3809251                    /usr/lib/x86_64-linux-gnu/libXrender.so.1.3.0
7fa92a8b2000-7fa92a8bb000 r-xp 00000000 08:06 3809233                    /usr/lib/x86_64-linux-gnu/libXcursor.so.1.0.2
7fa92a8bb000-7fa92aaba000 ---p 00009000 08:06 3809233                    /usr/lib/x86_64-linux-gnu/libXcursor.so.1.0.2
7fa92aaba000-7fa92aabb000 r-xp 00008000 08:06 3809233                    /usr/lib/x86_64-linux-gnu/libXcursor.so.1.0.2
7fa92aabb000-7fa92aabc000 rwxp 00009000 08:06 3809233                    /usr/lib/x86_64-linux-gnu/libXcursor.so.1.0.2
7fa92aabc000-7fa92aabf000 ---p 00000000 00:00 0 
7fa92aabf000-7fa92abbd000 rwxp 00000000 00:00 0 
7fa92abbd000-7fa92ac36000 r-xp 00000000 08:06 3936114                    /usr/lib/jvm/java-6-sun-1.6.0.26/jre/lib/amd64/libfontmanager.so
7fa92ac36000-7fa92ad35000 ---p 00079000 08:06 3936114                    /usr/lib/jvm/java-6-sun-1.6.0.26/jre/lib/amd64/libfontmanager.so
7fa92ad35000-7fa92ad4a000 rwxp 00078000 08:06 3936114                    /usr/lib/jvm/java-6-sun-1.6.0.26/jre/lib/amd64/libfontmanager.so
7fa92ad4a000-7fa92ad5b000 rwxp 00000000 00:00 0 
7fa92ad5b000-7fa92ad60000 r-xp 00000000 08:06 3809237                    /usr/lib/x86_64-linux-gnu/libXdmcp.so.6.0.0
7fa92ad60000-7fa92af5f000 ---p 00005000 08:06 3809237                    /usr/lib/x86_64-linux-gnu/libXdmcp.so.6.0.0
7fa92af5f000-7fa92af60000 r-xp 00004000 08:06 3809237                    /usr/lib/x86_64-linux-gnu/libXdmcp.so.6.0.0
7fa92af60000-7fa92af61000 rwxp 00005000 08:06 3809237                    /usr/lib/x86_64-linux-gnu/libXdmcp.so.6.0.0
7fa92af61000-7fa92af63000 r-xp 00000000 08:06 3809229                    /usr/lib/x86_64-linux-gnu/libXau.so.6.0.0
7fa92af63000-7fa92b162000 ---p 00002000 08:06 3809229                    /usr/lib/x86_64-linux-gnu/libXau.so.6.0.0
7fa92b162000-7fa92b163000 r-xp 00001000 08:06 3809229                    /usr/lib/x86_64-linux-gnu/libXau.so.6.0.0
7fa92b163000-7fa92b164000 rwxp 00002000 08:06 3809229                    /usr/lib/x86_64-linux-gnu/libXau.so.6.0.0
7fa92b164000-7fa92b181000 r-xp 00000000 08:06 3807879                    /usr/lib/x86_64-linux-gnu/libxcb.so.1.1.0
7fa92b181000-7fa92b380000 ---p 0001d000 08:06 3807879                    /usr/lib/x86_64-linux-gnu/libxcb.so.1.1.0
7fa92b380000-7fa92b381000 r-xp 0001c000 08:06 3807879                    /usr/lib/x86_64-linux-gnu/libxcb.so.1.1.0
7fa92b381000-7fa92b382000 rwxp 0001d000 08:06 3807879                    /usr/lib/x86_64-linux-gnu/libxcb.so.1.1.0
7fa92b382000-7fa92b391000 r-xp 00000000 08:06 3809245                    /usr/lib/x86_64-linux-gnu/libXi.so.6.1.0
7fa92b391000-7fa92b590000 ---p 0000f000 08:06 3809245                    /usr/lib/x86_64-linux-gnu/libXi.so.6.1.0
7fa92b590000-7fa92b591000 r-xp 0000e000 08:06 3809245                    /usr/lib/x86_64-linux-gnu/libXi.so.6.1.0
7fa92b591000-7fa92b592000 rwxp 0000f000 08:06 3809245                    /usr/lib/x86_64-linux-gnu/libXi.so.6.1.0
7fa92b592000-7fa92b597000 r-xp 00000000 08:06 3802679                    /usr/lib/libXtst.so.6.1.0
7fa92b597000-7fa92b796000 ---p 00005000 08:06 3802679                    /usr/lib/libXtst.so.6.1.0
7fa92b796000-7fa92b797000 r-xp 00004000 08:06 3802679                    /usr/lib/libXtst.so.6.1.0
7fa92b797000-7fa92b798000 rwxp 00005000 08:06 3802679                    /usr/lib/libXtst.so.6.1.0
7fa92b798000-7fa92b8cb000 r-xp 00000000 08:06 3809227                    /usr/lib/x86_64-linux-gnu/libX11.so.6.3.0
7fa92b8cb000-7fa92bacb000 ---p 00133000 08:06 3809227                    /usr/lib/x86_64-linux-gnu/libX11.so.6.3.0
7fa92bacb000-7fa92bacc000 r-xp 00133000 08:06 3809227                    /usr/lib/x86_64-linux-gnu/libX11.so.6.3.0
7fa92bacc000-7fa92bad0000 rwxp 00134000 08:06 3809227                    /usr/lib/x86_64-linux-gnu/libX11.so.6.3.0
7fa92bad0000-7fa92bae2000 r-xp 00000000 08:06 3809239                    /usr/lib/x86_64-linux-gnu/libXext.so.6.4.0
7fa92bae2000-7fa92bce1000 ---p 00012000 08:06 3809239                    /usr/lib/x86_64-linux-gnu/libXext.so.6.4.0
7fa92bce1000-7fa92bce2000 r-xp 00011000 08:06 3809239                    /usr/lib/x86_64-linux-gnu/libXext.so.6.4.0
7fa92bce2000-7fa92bce3000 rwxp 00012000 08:06 3809239                    /usr/lib/x86_64-linux-gnu/libXext.so.6.4.0
7fa92bce3000-7fa92bd25000 r-xp 00000000 08:06 3936066                    /usr/lib/jvm/java-6-sun-1.6.0.26/jre/lib/amd64/xawt/libmawt.so
7fa92bd25000-7fa92be24000 ---p 00042000 08:06 3936066                    /usr/lib/jvm/java-6-sun-1.6.0.26/jre/lib/amd64/xawt/libmawt.so
7fa92be24000-7fa92be30000 rwxp 00041000 08:06 3936066                    /usr/lib/jvm/java-6-sun-1.6.0.26/jre/lib/amd64/xawt/libmawt.so
7fa92be30000-7fa92be31000 rwxp 00000000 00:00 0 
7fa92be31000-7fa92bec3000 r-xp 00000000 08:06 3936072                    /usr/lib/jvm/java-6-sun-1.6.0.26/jre/lib/amd64/libawt.so
7fa92bec3000-7fa92bfc2000 ---p 00092000 08:06 3936072                    /usr/lib/jvm/java-6-sun-1.6.0.26/jre/lib/amd64/libawt.so
7fa92bfc2000-7fa92bfdc000 rwxp 00091000 08:06 3936072                    /usr/lib/jvm/java-6-sun-1.6.0.26/jre/lib/amd64/libawt.so
7fa92bfdc000-7fa92c000000 rwxp 00000000 00:00 0 
7fa92c000000-7fa92d50b000 rwxp 00000000 00:00 0 
7fa92d50b000-7fa930000000 ---p 00000000 00:00 0 
7fa930036000-7fa930056000 rwxs c4000000 00:05 5873                       /dev/ati/card0
7fa930056000-7fa930057000 r-xs 00000000 08:06 1058117                    /var/cache/fontconfig/c05880de57d1f5e948fdfacc138775d9-le64.cache-3
7fa930057000-7fa930060000 r-xs 00000000 08:06 1049056                    /var/cache/fontconfig/945677eb7aeaf62f1d50efc3fb3ec7d8-le64.cache-3
7fa930060000-7fa930064000 r-xs 00000000 08:06 1058114                    /var/cache/fontconfig/99e8ed0e538f840c565b6ed5dad60d56-le64.cache-3
7fa930064000-7fa93006c000 r-xs 00000000 08:06 1058144                    /var/cache/fontconfig/e383d7ea5fbe662a33d9b44caf393297-le64.cache-3
7fa93006c000-7fa930070000 r-xs 00000000 08:06 1058112                    /var/cache/fontconfig/2cd17615ca594fa2959ae173292e504c-le64.cache-3
7fa930070000-7fa930071000 r-xs 00000000 08:06 1058111                    /var/cache/fontconfig/e7071f4a29fa870f4323321c154eba04-le64.cache-3
7fa930071000-7fa930076000 r-xs 00000000 08:06 1058110                    /var/cache/fontconfig/6eb3985aa4124903f6ff08ba781cd364-le64.cache-3
7fa930076000-7fa930077000 r-xs 00000000 08:06 1058105                    /var/cache/fontconfig/4c73fe0c47614734b17d736dbde7580a-le64.cache-3
7fa930077000-7fa930078000 r-xs 00000000 08:06 1058103                    /var/cache/fontconfig/0d8c3b2ac0904cb8a57a757ad11a4a08-le64.cache-3
7fa930078000-7fa930079000 r-xs 00000000 08:06 1058101                    /var/cache/fontconfig/6a53c69dea097a2d716e069445527da8-le64.cache-3
7fa930079000-7fa93007f000 r-xs 00000000 08:06 1058100                    /var/cache/fontconfig/a755afe4a08bf5b97852ceb7400b47bc-le64.cache-3
7fa93007f000-7fa930088000 r-xs 00000000 08:06 1058098                    /var/cache/fontconfig/6d41288fd70b0be22e8c3a91e032eec0-le64.cache-3
7fa930088000-7fa930098000 r-xs 00000000 08:06 1058096                    /var/cache/fontconfig/0f34bcd4b6ee430af32735b75db7f02b-le64.cache-3
7fa930098000-7fa93009b000 r-xs 00000000 08:06 1058095                    /var/cache/fontconfig/d60319d88cac85ba9e1a07bd06cfbb8c-le64.cache-3
7fa93009b000-7fa93009c000 r-xs 00000000 08:06 1058093                    /var/cache/fontconfig/4794a0821666d79190d59a36cb4f44b5-le64.cache-3
7fa93009c000-7fa9300ac000 r-xs 00000000 08:06 1058092                    /var/cache/fontconfig/d52a8644073d54c13679302ca1180695-le64.cache-3
7fa9300ac000-7fa9300b7000 r-xs 00000000 08:06 1049051                    /var/cache/fontconfig/e13b20fdb08344e0e664864cc2ede53d-le64.cache-3
7fa9300b7000-7fa9300bb000 r-xs 00000000 08:06 1049036                    /var/cache/fontconfig/7ef2298fde41cc6eeb7af42e48b7d293-le64.cache-3
7fa9300bb000-7fa9300be000 ---p 00000000 00:00 0 
7fa9300be000-7fa9301bc000 rwxp 00000000 00:00 0 
7fa9301bc000-7fa9301c0000 r-xs 000cb000 08:06 3805216                    /usr/lib/jvm/java-6-sun-1.6.0.26/jre/lib/ext/localedata.jar
7fa9301c0000-7fa9301c3000 r-xs 0001a000 08:07 10618362                   /home/aaron/Apps/jmonkeyplatform/jmonkeyplatform/libs/xmlpull-xpp3.jar
7fa9301c3000-7fa9301c5000 r-xs 00012000 08:07 10618454                   /home/aaron/Apps/jmonkeyplatform/jmonkeyplatform/libs/eventbus.jar
7fa9301c5000-7fa9301c8000 r-xs 0000f000 08:07 10618145                   /home/aaron/Apps/jmonkeyplatform/jmonkeyplatform/libs/nifty-style-black.jar
7fa9301c8000-7fa9301d0000 r-xs 00033000 08:07 10617850                   /home/aaron/Apps/jmonkeyplatform/jmonkeyplatform/libs/nifty-default-controls.jar
7fa9301d0000-7fa9301da000 r-xs 0006c000 08:07 10618525                   /home/aaron/Apps/jmonkeyplatform/jmonkeyplatform/libs/nifty.jar
7fa9301da000-7fa9301db000 r-xs 00004000 08:07 10618878                   /home/aaron/Apps/jmonkeyplatform/jmonkeyplatform/libs/jME3-niftygui.jar
7fa9301db000-7fa9301dc000 r-xs 0000b000 08:07 10618394                   /home/aaron/Apps/jmonkeyplatform/jmonkeyplatform/libs/stack-alloc.jar
7fa9301dc000-7fa9301de000 r-xs 0003c000 08:07 10618568                   /home/aaron/Apps/jmonkeyplatform/jmonkeyplatform/libs/vecmath.jar
7fa9301de000-7fa9301e8000 r-xs 00079000 08:07 10618478                   /home/aaron/Apps/jmonkeyplatform/jmonkeyplatform/libs/jbullet.jar
7fa9301e8000-7fa9301eb000 r-xs 00020000 08:07 10618359                   /home/aaron/Apps/jmonkeyplatform/jmonkeyplatform/libs/jME3-jbullet.jar
7fa9301eb000-7fa9301f8000 r-xs 000d2000 08:07 10618524                   /home/aaron/Apps/jmonkeyplatform/jmonkeyplatform/libs/lwjgl.jar
7fa9301f8000-7fa9301fc000 r-xs 00030000 08:07 10618504                   /home/aaron/Apps/jmonkeyplatform/jmonkeyplatform/libs/jinput.jar
7fa9301fc000-7fa9301fe000 r-xs 001e9000 08:07 10618103                   /home/aaron/Apps/jmonkeyplatform/jmonkeyplatform/libs/jME3-lwjgl-natives.jar
7fa9301fe000-7fa930200000 r-xs 00016000 08:07 10618877                   /home/aaron/Apps/jmonkeyplatform/jmonkeyplatform/libs/jME3-lwjgl.jar
7fa930200000-7fa930204000 r-xs 00021000 08:07 10618880                   /home/aaron/Apps/jmonkeyplatform/jmonkeyplatform/libs/jME3-terrain.jar
7fa930204000-7fa930205000 r-xs 00009000 08:07 10618335                   /home/aaron/Apps/jmonkeyplatform/jmonkeyplatform/libs/j-ogg-vorbisd.jar
7fa930205000-7fa930207000 r-xs 00005000 08:07 10618417                   /home/aaron/Apps/jmonkeyplatform/jmonkeyplatform/libs/j-ogg-oggd.jar
7fa930207000-7fa930208000 r-xs 00002000 08:07 10618876                   /home/aaron/Apps/jmonkeyplatform/jmonkeyplatform/libs/jME3-jogg.jar
7fa930208000-7fa930209000 r-xs 0000f000 08:07 10618879                   /home/aaron/Apps/jmonkeyplatform/jmonkeyplatform/libs/jME3-plugins.jar
7fa930209000-7fa93020b000 r-xs 00032000 08:07 10618875                   /home/aaron/Apps/jmonkeyplatform/jmonkeyplatform/libs/jME3-desktop.jar
7fa93020b000-7fa93021d000 r-xs 00175000 08:07 10618874                   /home/aaron/Apps/jmonkeyplatform/jmonkeyplatform/libs/jME3-core.jar
7fa93021d000-7fa93021e000 ---p 00000000 00:00 0 
7fa93021e000-7fa93031e000 rwxp 00000000 00:00 0 
7fa93031e000-7fa930321000 ---p 00000000 00:00 0 
7fa930321000-7fa93041f000 rwxp 00000000 00:00 0 
7fa93041f000-7fa930422000 ---p 00000000 00:00 0 
7fa930422000-7fa930520000 rwxp 00000000 00:00 0 
7fa930520000-7fa930523000 ---p 00000000 00:00 0 
7fa930523000-7fa930621000 rwxp 00000000 00:00 0 
7fa930621000-7fa930624000 ---p 00000000 00:00 0 
7fa930624000-7fa930722000 rwxp 00000000 00:00 0 
7fa930722000-7fa9309eb000 r-xp 00000000 08:06 3807955                    /usr/lib/locale/locale-archive
7fa9309eb000-7fa9309ee000 ---p 00000000 00:00 0 
7fa9309ee000-7fa930aec000 rwxp 00000000 00:00 0 
7fa930aec000-7fa930aef000 ---p 00000000 00:00 0 
7fa930aef000-7fa930bed000 rwxp 00000000 00:00 0 
7fa930bed000-7fa930bee000 ---p 00000000 00:00 0 
7fa930bee000-7fa93162b000 rwxp 00000000 00:00 0 
7fa93162b000-7fa9317c3000 r-xs 03029000 08:06 3813223                    /usr/lib/jvm/java-6-sun-1.6.0.26/jre/lib/rt.jar
7fa9317c3000-7fa9317eb000 rwxp 00000000 00:00 0 
7fa9317eb000-7fa9317ec000 ---p 00000000 00:00 0 
7fa9317ec000-7fa9318ec000 rwxp 00000000 00:00 0 
7fa9318ec000-7fa9318ed000 ---p 00000000 00:00 0 
7fa9318ed000-7fa9319ed000 rwxp 00000000 00:00 0 
7fa9319ed000-7fa9319ee000 ---p 00000000 00:00 0 
7fa9319ee000-7fa931aee000 rwxp 00000000 00:00 0 
7fa931aee000-7fa931aef000 ---p 00000000 00:00 0 
7fa931aef000-7fa931bef000 rwxp 00000000 00:00 0 
7fa931bef000-7fa931bf0000 ---p 00000000 00:00 0 
7fa931bf0000-7fa931cf0000 rwxp 00000000 00:00 0 
7fa931cf0000-7fa931cf1000 ---p 00000000 00:00 0 
7fa931cf1000-7fa931df1000 rwxp 00000000 00:00 0 
7fa931df1000-7fa931df2000 ---p 00000000 00:00 0 
7fa931df2000-7fa931ef2000 rwxp 00000000 00:00 0 
7fa931ef2000-7fa931ef3000 ---p 00000000 00:00 0 
7fa931ef3000-7fa931ffe000 rwxp 00000000 00:00 0 
7fa931ffe000-7fa93201c000 rwxp 00000000 00:00 0 
7fa93201c000-7fa932031000 rwxp 00000000 00:00 0 
7fa932031000-7fa932165000 rwxp 00000000 00:00 0 
7fa932165000-7fa932170000 rwxp 00000000 00:00 0 
7fa932170000-7fa93218e000 rwxp 00000000 00:00 0 
7fa93218e000-7fa9321a3000 rwxp 00000000 00:00 0 
7fa9321a3000-7fa9322d6000 rwxp 00000000 00:00 0 
7fa9322d6000-7fa9322e1000 rwxp 00000000 00:00 0 
7fa9322e1000-7fa93237b000 rwxp 00000000 00:00 0 
7fa93237b000-7fa9325ec000 rwxp 00000000 00:00 0 
7fa9325ec000-7fa93537c000 rwxp 00000000 00:00 0 
7fa93537c000-7fa93538a000 r-xp 00000000 08:06 3936069                    /usr/lib/jvm/java-6-sun-1.6.0.26/jre/lib/amd64/libzip.so
7fa93538a000-7fa93548c000 ---p 0000e000 08:06 3936069                    /usr/lib/jvm/java-6-sun-1.6.0.26/jre/lib/amd64/libzip.so
7fa93548c000-7fa93548f000 rwxp 00010000 08:06 3936069                    /usr/lib/jvm/java-6-sun-1.6.0.26/jre/lib/amd64/libzip.so
7fa93548f000-7fa935490000 rwxp 00000000 00:00 0 
7fa935490000-7fa93549c000 r-xp 00000000 08:06 3280807                    /lib/x86_64-linux-gnu/libnss_files-2.13.so
7fa93549c000-7fa93569b000 ---p 0000c000 08:06 3280807                    /lib/x86_64-linux-gnu/libnss_files-2.13.so
7fa93569b000-7fa93569c000 r-xp 0000b000 08:06 3280807                    /lib/x86_64-linux-gnu/libnss_files-2.13.so
7fa93569c000-7fa93569d000 rwxp 0000c000 08:06 3280807                    /lib/x86_64-linux-gnu/libnss_files-2.13.so
7fa93569d000-7fa9356a7000 r-xp 00000000 08:06 3280809                    /lib/x86_64-linux-gnu/libnss_nis-2.13.so
7fa9356a7000-7fa9358a7000 ---p 0000a000 08:06 3280809                    /lib/x86_64-linux-gnu/libnss_nis-2.13.so
7fa9358a7000-7fa9358a8000 r-xp 0000a000 08:06 3280809                    /lib/x86_64-linux-gnu/libnss_nis-2.13.so
7fa9358a8000-7fa9358a9000 rwxp 0000b000 08:06 3280809                    /lib/x86_64-linux-gnu/libnss_nis-2.13.so
7fa9358a9000-7fa9358b1000 r-xp 00000000 08:06 3280805                    /lib/x86_64-linux-gnu/libnss_compat-2.13.so
7fa9358b1000-7fa935ab0000 ---p 00008000 08:06 3280805                    /lib/x86_64-linux-gnu/libnss_compat-2.13.so
7fa935ab0000-7fa935ab1000 r-xp 00007000 08:06 3280805                    /lib/x86_64-linux-gnu/libnss_compat-2.13.so
7fa935ab1000-7fa935ab2000 rwxp 00008000 08:06 3280805                    /lib/x86_64-linux-gnu/libnss_compat-2.13.so
7fa935ab2000-7fa935ac9000 r-xp 00000000 08:06 3280804                    /lib/x86_64-linux-gnu/libnsl-2.13.so
7fa935ac9000-7fa935cc8000 ---p 00017000 08:06 3280804                    /lib/x86_64-linux-gnu/libnsl-2.13.so
7fa935cc8000-7fa935cc9000 r-xp 00016000 08:06 3280804                    /lib/x86_64-linux-gnu/libnsl-2.13.so
7fa935cc9000-7fa935cca000 rwxp 00017000 08:06 3280804                    /lib/x86_64-linux-gnu/libnsl-2.13.so
7fa935cca000-7fa935ccc000 rwxp 00000000 00:00 0 
7fa935ccc000-7fa935cf5000 r-xp 00000000 08:06 3936438                    /usr/lib/jvm/java-6-sun-1.6.0.26/jre/lib/amd64/libjava.so
7fa935cf5000-7fa935df4000 ---p 00029000 08:06 3936438                    /usr/lib/jvm/java-6-sun-1.6.0.26/jre/lib/amd64/libjava.so
7fa935df4000-7fa935dfb000 rwxp 00028000 08:06 3936438                    /usr/lib/jvm/java-6-sun-1.6.0.26/jre/lib/amd64/libjava.so
7fa935dfb000-7fa935e08000 r-xp 00000000 08:06 3936071                    /usr/lib/jvm/java-6-sun-1.6.0.26/jre/lib/amd64/libverify.so
7fa935e08000-7fa935f07000 ---p 0000d000 08:06 3936071                    /usr/lib/jvm/java-6-sun-1.6.0.26/jre/lib/amd64/libverify.so
7fa935f07000-7fa935f0a000 rwxp 0000c000 08:06 3936071                    /usr/lib/jvm/java-6-sun-1.6.0.26/jre/lib/amd64/libverify.so
7fa935f0a000-7fa935f11000 r-xp 00000000 08:06 3280814                    /lib/x86_64-linux-gnu/librt-2.13.so
7fa935f11000-7fa936110000 ---p 00007000 08:06 3280814                    /lib/x86_64-linux-gnu/librt-2.13.so
7fa936110000-7fa936111000 r-xp 00006000 08:06 3280814                    /lib/x86_64-linux-gnu/librt-2.13.so
7fa936111000-7fa936112000 rwxp 00007000 08:06 3280814                    /lib/x86_64-linux-gnu/librt-2.13.so
7fa936112000-7fa936115000 ---p 00000000 00:00 0 
7fa936115000-7fa936213000 rwxp 00000000 00:00 0 
7fa936213000-7fa936296000 r-xp 00000000 08:06 3280802                    /lib/x86_64-linux-gnu/libm-2.13.so
7fa936296000-7fa936495000 ---p 00083000 08:06 3280802                    /lib/x86_64-linux-gnu/libm-2.13.so
7fa936495000-7fa936496000 r-xp 00082000 08:06 3280802                    /lib/x86_64-linux-gnu/libm-2.13.so
7fa936496000-7fa936497000 rwxp 00083000 08:06 3280802                    /lib/x86_64-linux-gnu/libm-2.13.so
7fa936497000-7fa936db1000 r-xp 00000000 08:06 3936947                    /usr/lib/jvm/java-6-sun-1.6.0.26/jre/lib/amd64/server/libjvm.so
7fa936db1000-7fa936eb3000 ---p 0091a000 08:06 3936947                    /usr/lib/jvm/java-6-sun-1.6.0.26/jre/lib/amd64/server/libjvm.so
7fa936eb3000-7fa937068000 rwxp 0091c000 08:06 3936947                    /usr/lib/jvm/java-6-sun-1.6.0.26/jre/lib/amd64/server/libjvm.so
7fa937068000-7fa9370a2000 rwxp 00000000 00:00 0 
7fa9370a2000-7fa937239000 r-xp 00000000 08:06 3280798                    /lib/x86_64-linux-gnu/libc-2.13.so
7fa937239000-7fa937438000 ---p 00197000 08:06 3280798                    /lib/x86_64-linux-gnu/libc-2.13.so
7fa937438000-7fa93743c000 r-xp 00196000 08:06 3280798                    /lib/x86_64-linux-gnu/libc-2.13.so
7fa93743c000-7fa93743d000 rwxp 0019a000 08:06 3280798                    /lib/x86_64-linux-gnu/libc-2.13.so
7fa93743d000-7fa937443000 rwxp 00000000 00:00 0 
7fa937443000-7fa937445000 r-xp 00000000 08:06 3280801                    /lib/x86_64-linux-gnu/libdl-2.13.so
7fa937445000-7fa937645000 ---p 00002000 08:06 3280801                    /lib/x86_64-linux-gnu/libdl-2.13.so
7fa937645000-7fa937646000 r-xp 00002000 08:06 3280801                    /lib/x86_64-linux-gnu/libdl-2.13.so
7fa937646000-7fa937647000 rwxp 00003000 08:06 3280801                    /lib/x86_64-linux-gnu/libdl-2.13.so
7fa937647000-7fa93765f000 r-xp 00000000 08:06 3280812                    /lib/x86_64-linux-gnu/libpthread-2.13.so
7fa93765f000-7fa93785e000 ---p 00018000 08:06 3280812                    /lib/x86_64-linux-gnu/libpthread-2.13.so
7fa93785e000-7fa93785f000 r-xp 00017000 08:06 3280812                    /lib/x86_64-linux-gnu/libpthread-2.13.so
7fa93785f000-7fa937860000 rwxp 00018000 08:06 3280812                    /lib/x86_64-linux-gnu/libpthread-2.13.so
7fa937860000-7fa937864000 rwxp 00000000 00:00 0 
7fa937864000-7fa937885000 r-xp 00000000 08:06 3277718                    /lib/x86_64-linux-gnu/ld-2.13.so
7fa937894000-7fa93789e000 rwxp 00000000 00:00 0 
7fa93789e000-7fa937954000 rwxp 00000000 00:00 0 
7fa937954000-7fa937957000 rwxp 00000000 00:00 0 
7fa937957000-7fa93795e000 r-xp 00000000 08:06 3936925                    /usr/lib/jvm/java-6-sun-1.6.0.26/jre/lib/amd64/jli/libjli.so
7fa93795e000-7fa937a5f000 ---p 00007000 08:06 3936925                    /usr/lib/jvm/java-6-sun-1.6.0.26/jre/lib/amd64/jli/libjli.so
7fa937a5f000-7fa937a61000 rwxp 00008000 08:06 3936925                    /usr/lib/jvm/java-6-sun-1.6.0.26/jre/lib/amd64/jli/libjli.so
7fa937a61000-7fa937a62000 rwxp 00000000 00:00 0 
7fa937a6e000-7fa937a75000 r-xs 00000000 08:06 3940598                    /usr/lib/x86_64-linux-gnu/gconv/gconv-modules.cache
7fa937a75000-7fa937a76000 rwxs 00005000 00:05 5873                       /dev/ati/card0
7fa937a76000-7fa937a78000 rwxs 00002000 00:05 5873                       /dev/ati/card0
7fa937a78000-7fa937a80000 rwxs 00000000 08:06 5380735                    /tmp/hsperfdata_aaron/31718 (deleted)
7fa937a80000-7fa937a81000 rwxp 00000000 00:00 0 
7fa937a81000-7fa937a82000 ---p 00000000 00:00 0 
7fa937a82000-7fa937a84000 rwxp 00000000 00:00 0 
7fa937a84000-7fa937a85000 r-xp 00020000 08:06 3277718                    /lib/x86_64-linux-gnu/ld-2.13.so
7fa937a85000-7fa937a87000 rwxp 00021000 08:06 3277718                    /lib/x86_64-linux-gnu/ld-2.13.so
7fff2a758000-7fff2a779000 rwxp 00000000 00:00 0                          [stack]
7fff2a7ff000-7fff2a800000 r-xp 00000000 00:00 0                          [vdso]
ffffffffff600000-ffffffffff601000 r-xp 00000000 00:00 0                  [vsyscall]

VM Arguments:
jvm_args: -Dfile.encoding=UTF-8 
java_command: jmeplanet.test.App
Launcher Type: SUN_STANDARD

Environment Variables:
PATH=/usr/local/sbin:/usr/local/bin:/usr/sbin:/usr/bin:/sbin:/bin:/usr/games
LD_LIBRARY_PATH=/usr/lib/jvm/java-6-sun-1.6.0.26/jre/lib/amd64/server:/usr/lib/jvm/java-6-sun-1.6.0.26/jre/lib/amd64:/usr/lib/jvm/java-6-sun-1.6.0.26/jre/../lib/amd64
SHELL=/bin/bash
DISPLAY=:0

Signal Handlers:
SIGSEGV: [libjvm.so+0x85f800], sa_mask[0]=0x7ffbfeff, sa_flags=0x10000004
SIGBUS: [libjvm.so+0x85f800], sa_mask[0]=0x7ffbfeff, sa_flags=0x10000004
SIGFPE: [libjvm.so+0x70e300], sa_mask[0]=0x7ffbfeff, sa_flags=0x10000004
SIGPIPE: [libjvm.so+0x70e300], sa_mask[0]=0x7ffbfeff, sa_flags=0x10000004
SIGXFSZ: [libjvm.so+0x70e300], sa_mask[0]=0x7ffbfeff, sa_flags=0x10000004
SIGILL: [libjvm.so+0x70e300], sa_mask[0]=0x7ffbfeff, sa_flags=0x10000004
SIGUSR1: SIG_DFL, sa_mask[0]=0x00000000, sa_flags=0x00000000
SIGUSR2: [libjvm.so+0x711110], sa_mask[0]=0x00000004, sa_flags=0x10000004
SIGHUP: [libjvm.so+0x710d10], sa_mask[0]=0x7ffbfeff, sa_flags=0x10000004
SIGINT: SIG_IGN, sa_mask[0]=0x00000000, sa_flags=0x00000000
SIGTERM: [libjvm.so+0x710d10], sa_mask[0]=0x7ffbfeff, sa_flags=0x10000004
SIGQUIT: [libjvm.so+0x710d10], sa_mask[0]=0x7ffbfeff, sa_flags=0x10000004


---------------  S Y S T E M  ---------------

OS:wheezy/sid

uname:Linux 3.0.0-17-generic #30-Ubuntu SMP Thu Mar 8 20:45:39 UTC 2012 x86_64
libc:glibc 2.13 NPTL 2.13 
rlimit: STACK 8192k, CORE 0k, NPROC 31363, NOFILE 4096, AS infinity
load average:0.07 0.09 0.12

/proc/meminfo:
MemTotal:        4038188 kB
MemFree:          138612 kB
Buffers:           57752 kB
Cached:           704024 kB
SwapCached:        44528 kB
Active:          2309124 kB
Inactive:        1089480 kB
Active(anon):    1925452 kB
Inactive(anon):   744808 kB
Active(file):     383672 kB
Inactive(file):   344672 kB
Unevictable:           0 kB
Mlocked:               0 kB
SwapTotal:       3904508 kB
SwapFree:        3804124 kB
Dirty:               324 kB
Writeback:             0 kB
AnonPages:       2594036 kB
Mapped:           240920 kB
Shmem:             33432 kB
Slab:             160048 kB
SReclaimable:     125436 kB
SUnreclaim:        34612 kB
KernelStack:        4592 kB
PageTables:        45400 kB
NFS_Unstable:          0 kB
Bounce:                0 kB
WritebackTmp:          0 kB
CommitLimit:     5923600 kB
Committed_AS:    5374684 kB
VmallocTotal:   34359738367 kB
VmallocUsed:      318908 kB
VmallocChunk:   34359417256 kB
HardwareCorrupted:     0 kB
AnonHugePages:         0 kB
HugePages_Total:       0
HugePages_Free:        0
HugePages_Rsvd:        0
HugePages_Surp:        0
Hugepagesize:       2048 kB
DirectMap4k:     1302528 kB
DirectMap2M:     2875392 kB


CPU:total 8 (4 cores per cpu, 2 threads per core) family 6 model 42 stepping 7, cmov, cx8, fxsr, mmx, sse, sse2, sse3, ssse3, sse4.1, sse4.2, popcnt, ht

/proc/cpuinfo:
processor	: 0
vendor_id	: GenuineIntel
cpu family	: 6
model		: 42
model name	: Intel(R) Core(TM) i7-2630QM CPU @ 2.00GHz
stepping	: 7
cpu MHz		: 800.000
cache size	: 6144 KB
physical id	: 0
siblings	: 8
core id		: 0
cpu cores	: 4
apicid		: 0
initial apicid	: 0
fpu		: yes
fpu_exception	: yes
cpuid level	: 13
wp		: yes
flags		: fpu vme de pse tsc msr pae mce cx8 apic sep mtrr pge mca cmov pat pse36 clflush dts acpi mmx fxsr sse sse2 ss ht tm pbe syscall nx rdtscp lm constant_tsc arch_perfmon pebs bts rep_good nopl xtopology nonstop_tsc aperfmperf pni pclmulqdq dtes64 monitor ds_cpl vmx est tm2 ssse3 cx16 xtpr pdcm sse4_1 sse4_2 x2apic popcnt xsave avx lahf_lm ida arat epb xsaveopt pln pts dts tpr_shadow vnmi flexpriority ept vpid
bogomips	: 3990.86
clflush size	: 64
cache_alignment	: 64
address sizes	: 36 bits physical, 48 bits virtual
power management:

processor	: 1
vendor_id	: GenuineIntel
cpu family	: 6
model		: 42
model name	: Intel(R) Core(TM) i7-2630QM CPU @ 2.00GHz
stepping	: 7
cpu MHz		: 800.000
cache size	: 6144 KB
physical id	: 0
siblings	: 8
core id		: 0
cpu cores	: 4
apicid		: 1
initial apicid	: 1
fpu		: yes
fpu_exception	: yes
cpuid level	: 13
wp		: yes
flags		: fpu vme de pse tsc msr pae mce cx8 apic sep mtrr pge mca cmov pat pse36 clflush dts acpi mmx fxsr sse sse2 ss ht tm pbe syscall nx rdtscp lm constant_tsc arch_perfmon pebs bts rep_good nopl xtopology nonstop_tsc aperfmperf pni pclmulqdq dtes64 monitor ds_cpl vmx est tm2 ssse3 cx16 xtpr pdcm sse4_1 sse4_2 x2apic popcnt xsave avx lahf_lm ida arat epb xsaveopt pln pts dts tpr_shadow vnmi flexpriority ept vpid
bogomips	: 3990.80
clflush size	: 64
cache_alignment	: 64
address sizes	: 36 bits physical, 48 bits virtual
power management:

processor	: 2
vendor_id	: GenuineIntel
cpu family	: 6
model		: 42
model name	: Intel(R) Core(TM) i7-2630QM CPU @ 2.00GHz
stepping	: 7
cpu MHz		: 800.000
cache size	: 6144 KB
physical id	: 0
siblings	: 8
core id		: 1
cpu cores	: 4
apicid		: 2
initial apicid	: 2
fpu		: yes
fpu_exception	: yes
cpuid level	: 13
wp		: yes
flags		: fpu vme de pse tsc msr pae mce cx8 apic sep mtrr pge mca cmov pat pse36 clflush dts acpi mmx fxsr sse sse2 ss ht tm pbe syscall nx rdtscp lm constant_tsc arch_perfmon pebs bts rep_good nopl xtopology nonstop_tsc aperfmperf pni pclmulqdq dtes64 monitor ds_cpl vmx est tm2 ssse3 cx16 xtpr pdcm sse4_1 sse4_2 x2apic popcnt xsave avx lahf_lm ida arat epb xsaveopt pln pts dts tpr_shadow vnmi flexpriority ept vpid
bogomips	: 3990.83
clflush size	: 64
cache_alignment	: 64
address sizes	: 36 bits physical, 48 bits virtual
power management:

processor	: 3
vendor_id	: GenuineIntel
cpu family	: 6
model		: 42
model name	: Intel(R) Core(TM) i7-2630QM CPU @ 2.00GHz
stepping	: 7
cpu MHz		: 2001.000
cache size	: 6144 KB
physical id	: 0
siblings	: 8
core id		: 1
cpu cores	: 4
apicid		: 3
initial apicid	: 3
fpu		: yes
fpu_exception	: yes
cpuid level	: 13
wp		: yes
flags		: fpu vme de pse tsc msr pae mce cx8 apic sep mtrr pge mca cmov pat pse36 clflush dts acpi mmx fxsr sse sse2 ss ht tm pbe syscall nx rdtscp lm constant_tsc arch_perfmon pebs bts rep_good nopl xtopology nonstop_tsc aperfmperf pni pclmulqdq dtes64 monitor ds_cpl vmx est tm2 ssse3 cx16 xtpr pdcm sse4_1 sse4_2 x2apic popcnt xsave avx lahf_lm ida arat epb xsaveopt pln pts dts tpr_shadow vnmi flexpriority ept vpid
bogomips	: 3990.83
clflush size	: 64
cache_alignment	: 64
address sizes	: 36 bits physical, 48 bits virtual
power management:

processor	: 4
vendor_id	: GenuineIntel
cpu family	: 6
model		: 42
model name	: Intel(R) Core(TM) i7-2630QM CPU @ 2.00GHz
stepping	: 7
cpu MHz		: 2001.000
cache size	: 6144 KB
physical id	: 0
siblings	: 8
core id		: 2
cpu cores	: 4
apicid		: 4
initial apicid	: 4
fpu		: yes
fpu_exception	: yes
cpuid level	: 13
wp		: yes
flags		: fpu vme de pse tsc msr pae mce cx8 apic sep mtrr pge mca cmov pat pse36 clflush dts acpi mmx fxsr sse sse2 ss ht tm pbe syscall nx rdtscp lm constant_tsc arch_perfmon pebs bts rep_good nopl xtopology nonstop_tsc aperfmperf pni pclmulqdq dtes64 monitor ds_cpl vmx est tm2 ssse3 cx16 xtpr pdcm sse4_1 sse4_2 x2apic popcnt xsave avx lahf_lm ida arat epb xsaveopt pln pts dts tpr_shadow vnmi flexpriority ept vpid
bogomips	: 3990.84
clflush size	: 64
cache_alignment	: 64
address sizes	: 36 bits physical, 48 bits virtual
power management:

processor	: 5
vendor_id	: GenuineIntel
cpu family	: 6
model		: 42
model name	: Intel(R) Core(TM) i7-2630QM CPU @ 2.00GHz
stepping	: 7
cpu MHz		: 800.000
cache size	: 6144 KB
physical id	: 0
siblings	: 8
core id		: 2
cpu cores	: 4
apicid		: 5
initial apicid	: 5
fpu		: yes
fpu_exception	: yes
cpuid level	: 13
wp		: yes
flags		: fpu vme de pse tsc msr pae mce cx8 apic sep mtrr pge mca cmov pat pse36 clflush dts acpi mmx fxsr sse sse2 ss ht tm pbe syscall nx rdtscp lm constant_tsc arch_perfmon pebs bts rep_good nopl xtopology nonstop_tsc aperfmperf pni pclmulqdq dtes64 monitor ds_cpl vmx est tm2 ssse3 cx16 xtpr pdcm sse4_1 sse4_2 x2apic popcnt xsave avx lahf_lm ida arat epb xsaveopt pln pts dts tpr_shadow vnmi flexpriority ept vpid
bogomips	: 3990.83
clflush size	: 64
cache_alignment	: 64
address sizes	: 36 bits physical, 48 bits virtual
power management:

processor	: 6
vendor_id	: GenuineIntel
cpu family	: 6
model		: 42
model name	: Intel(R) Core(TM) i7-2630QM CPU @ 2.00GHz
stepping	: 7
cpu MHz		: 800.000
cache size	: 6144 KB
physical id	: 0
siblings	: 8
core id		: 3
cpu cores	: 4
apicid		: 6
initial apicid	: 6
fpu		: yes
fpu_exception	: yes
cpuid level	: 13
wp		: yes
flags		: fpu vme de pse tsc msr pae mce cx8 apic sep mtrr pge mca cmov pat pse36 clflush dts acpi mmx fxsr sse sse2 ss ht tm pbe syscall nx rdtscp lm constant_tsc arch_perfmon pebs bts rep_good nopl xtopology nonstop_tsc aperfmperf pni pclmulqdq dtes64 monitor ds_cpl vmx est tm2 ssse3 cx16 xtpr pdcm sse4_1 sse4_2 x2apic popcnt xsave avx lahf_lm ida arat epb xsaveopt pln pts dts tpr_shadow vnmi flexpriority ept vpid
bogomips	: 3990.82
clflush size	: 64
cache_alignment	: 64
address sizes	: 36 bits physical, 48 bits virtual
power management:

processor	: 7
vendor_id	: GenuineIntel
cpu family	: 6
model		: 42
model name	: Intel(R) Core(TM) i7-2630QM CPU @ 2.00GHz
stepping	: 7
cpu MHz		: 800.000
cache size	: 6144 KB
physical id	: 0
siblings	: 8
core id		: 3
cpu cores	: 4
apicid		: 7
initial apicid	: 7
fpu		: yes
fpu_exception	: yes
cpuid level	: 13
wp		: yes
flags		: fpu vme de pse tsc msr pae mce cx8 apic sep mtrr pge mca cmov pat pse36 clflush dts acpi mmx fxsr sse sse2 ss ht tm pbe syscall nx rdtscp lm constant_tsc arch_perfmon pebs bts rep_good nopl xtopology nonstop_tsc aperfmperf pni pclmulqdq dtes64 monitor ds_cpl vmx est tm2 ssse3 cx16 xtpr pdcm sse4_1 sse4_2 x2apic popcnt xsave avx lahf_lm ida arat epb xsaveopt pln pts dts tpr_shadow vnmi flexpriority ept vpid
bogomips	: 3990.84
clflush size	: 64
cache_alignment	: 64
address sizes	: 36 bits physical, 48 bits virtual
power management:



Memory: 4k page, physical 4038188k(138612k free), swap 3904508k(3804124k free)

vm_info: Java HotSpot(TM) 64-Bit Server VM (20.1-b02) for linux-amd64 JRE (1.6.0_26-b03), built on May  4 2011 01:13:47 by "java_re" with gcc 3.2.2 (SuSE Linux)

time: Mon Apr 23 15:57:58 2012
elapsed time: 11 seconds

