#
# A fatal error has been detected by the Java Runtime Environment:
#
#  SIGSEGV (0xb) at pc=0x00007fd1f9d0ec08, pid=32017, tid=140539951294240
#
# JRE version: 6.0_26-b03
# Java VM: Java HotSpot(TM) 64-Bit Server VM (20.1-b02 mixed mode linux-amd64 compressed oops)
# Problematic frame:
# C  [libX11.so.6+0x35c08]  XQueryExtension+0x28
#
# If you would like to submit a bug report, please visit:
#   http://java.sun.com/webapps/bugreport/crash.jsp
#

---------------  T H R E A D  ---------------

Current thread is native thread

siginfo:si_signo=SIGSEGV: si_errno=0, si_code=1 (SEGV_MAPERR), si_addr=0xfffffffff44272b8

Registers:
RAX=0x00000000418415b0, RBX=0xfffffffff4426950, RCX=0x00007fffb35adfd8, RDX=0x00007fffb35adfd4
RSP=0x00007fffb35adf70, RBP=0x00007fd1f3d8c932, RSI=0x00007fd1f3d8c932, RDI=0xfffffffff4426950
R8 =0x00007fffb35adfdc, R9 =0x0000000000000000, R10=0x00007fd2018e5ea8, R11=0x00007fd201583ba0
R12=0x00007fffb35adfd4, R13=0x00007fd1f3d8c932, R14=0x00000000418415b0, R15=0x0000000000000000
RIP=0x00007fd1f9d0ec08, EFLAGS=0x0000000000010202, CSGSFS=0x0000000000000033, ERR=0x0000000000000005
  TRAPNO=0x000000000000000e

Top of Stack: (sp=0x00007fffb35adf70)
0x00007fffb35adf70:   00007fd2015565c8 00007fd201f079e8
0x00007fffb35adf80:   0000000000000000 0000000000000000
0x00007fffb35adf90:   000000000bea6495 fffffffff4426950
0x00007fffb35adfa0:   00007fd1f3d8c932 0000000000000000
0x00007fffb35adfb0:   00007fd1f3d8c932 00000000418415b0
0x00007fffb35adfc0:   0000000000000000 00007fd1f9d024f5
0x00007fffb35adfd0:   00007fd201f2b048 00007fd1f3ec5520
0x00007fffb35adfe0:   00007fd1f3ec5520 fffffffff4426950
0x00007fffb35adff0:   00007fd1f421f490 00007fd1fa01f73b
0x00007fffb35ae000:   0101010101010101 00000011015565c8
0x00007fffb35ae010:   00007fffb35ae090 0000000000000000
0x00007fffb35ae020:   00007fffb35ae090 fffffffff4426950
0x00007fffb35ae030:   0000000000000000 00007fd201f2b048
0x00007fffb35ae040:   00007fd1f3eded50 00007fd1f3d33119
0x00007fffb35ae050:   0000000000000000 0000000000000033
0x00007fffb35ae060:   00007fffb35ae090 00007fffb35ae0b0
0x00007fffb35ae070:   0000000000000000 00007fd201f2b048
0x00007fffb35ae080:   00007fd1f43815a0 00007fd1f3d29b42
0x00007fffb35ae090:   00007fffb35ae2c0 00007fd1f3d8c8b1
0x00007fffb35ae0a0:   00007fffb35ae2c0 00007fd201d19135
0x00007fffb35ae0b0:   00007fd201f2c2c8 00007fd201f2c858
0x00007fffb35ae0c0:   00007fd201f07000 0000000041848350
0x00007fffb35ae0d0:   0000000041848830 0000000041848d30
0x00007fffb35ae0e0:   000000004184d9e0 00007fd1f41ccd90
0x00007fffb35ae0f0:   00007fd1f4383ba0 00007fd1f437d430
0x00007fffb35ae100:   00007fd1f43bf6a0 00007fd1f437cf90
0x00007fffb35ae110:   00000000419c4310 000000004195ac00
0x00007fffb35ae120:   0000000041849a50 0000000041931130
0x00007fffb35ae130:   00000000418438d0 0000000041843230
0x00007fffb35ae140:   0000000041840570 00007fd1f4384070
0x00007fffb35ae150:   00007fd1f43a75d0 00007fd1f4384510
0x00007fffb35ae160:   00007fd1f43815a0 00007fd1f445a130 

Instructions: (pc=0x00007fd1f9d0ec08)
0x00007fd1f9d0ebe8:   24 d8 48 89 fb 4c 89 64 24 e0 4c 89 6c 24 e8 49
0x00007fd1f9d0ebf8:   89 d4 4c 89 74 24 f0 4c 89 7c 24 f8 48 83 ec 58
0x00007fd1f9d0ec08:   48 8b 87 68 09 00 00 49 89 f5 48 89 cd 4d 89 c6
0x00007fd1f9d0ec18:   48 85 c0 74 02 ff 10 4c 8b bb b0 00 00 00 49 8d 

Register to memory mapping:

RAX=0x00000000418415b0 is an unknown value
RBX=0xfffffffff4426950 is an unknown value
RCX=0x00007fffb35adfd8 is an unknown value
RDX=0x00007fffb35adfd4 is an unknown value
RSP=0x00007fffb35adf70 is an unknown value
RBP=0x00007fd1f3d8c932: <offset 0x96932> in /usr/lib/fglrx/libGL.so.1 at 0x00007fd1f3cf6000
RSI=0x00007fd1f3d8c932: <offset 0x96932> in /usr/lib/fglrx/libGL.so.1 at 0x00007fd1f3cf6000
RDI=0xfffffffff4426950 is an unknown value
R8 =0x00007fffb35adfdc is an unknown value
R9 =0x0000000000000000 is an unknown value
R10=0x00007fd2018e5ea8: <offset 0x39dea8> in /lib/x86_64-linux-gnu/libc.so.6 at 0x00007fd201548000
R11=0x00007fd201583ba0: __cxa_finalize+0 in /lib/x86_64-linux-gnu/libc.so.6 at 0x00007fd201548000
R12=0x00007fffb35adfd4 is an unknown value
R13=0x00007fd1f3d8c932: <offset 0x96932> in /usr/lib/fglrx/libGL.so.1 at 0x00007fd1f3cf6000
R14=0x00000000418415b0 is an unknown value
R15=0x0000000000000000 is an unknown value


Stack: [0x00007fffb34b1000,0x00007fffb35b1000],  sp=0x00007fffb35adf70,  free space=1011k
Native frames: (J=compiled Java code, j=interpreted, Vv=VM code, C=native code)
C  [libX11.so.6+0x35c08]  XQueryExtension+0x28


---------------  P R O C E S S  ---------------

VM state:at safepoint (shutting down)

VM Mutex/Monitor currently owned by a thread:  ([mutex/lock_event])
[0x0000000041846720] Threads_lock - owner thread: 0x00007fd1f4044800

Heap
 PSYoungGen      total 18368K, used 6891K [0x00000000eb760000, 0x00000000ecbe0000, 0x0000000100000000)
  eden space 15744K, 34% used [0x00000000eb760000,0x00000000ebcb62a8,0x00000000ec6c0000)
  from space 2624K, 54% used [0x00000000ec6c0000,0x00000000ec8249f0,0x00000000ec950000)
  to   space 2624K, 0% used [0x00000000ec950000,0x00000000ec950000,0x00000000ecbe0000)
 PSOldGen        total 42112K, used 0K [0x00000000c2600000, 0x00000000c4f20000, 0x00000000eb760000)
  object space 42112K, 0% used [0x00000000c2600000,0x00000000c2600000,0x00000000c4f20000)
 PSPermGen       total 21248K, used 13036K [0x00000000bd400000, 0x00000000be8c0000, 0x00000000c2600000)
  object space 21248K, 61% used [0x00000000bd400000,0x00000000be0bb0e0,0x00000000be8c0000)

Code Cache  [0x00007fd1fc822000, 0x00007fd1fca92000, 0x00007fd1ff822000)
 total_blobs=735 nmethods=225 adapters=464 free_code_cache=49269888 largest_free_block=12544

Dynamic libraries:
40000000-40009000 r-xp 00000000 08:06 3941148                            /usr/lib/jvm/java-6-sun-1.6.0.26/jre/bin/java
40108000-4010a000 rwxp 00008000 08:06 3941148                            /usr/lib/jvm/java-6-sun-1.6.0.26/jre/bin/java
41840000-42310000 rwxp 00000000 00:00 0                                  [heap]
bd400000-be8c0000 rwxp 00000000 00:00 0 
be8c0000-c2600000 rwxp 00000000 00:00 0 
c2600000-c4f20000 rwxp 00000000 00:00 0 
c4f20000-eb760000 rwxp 00000000 00:00 0 
eb760000-ecbe0000 rwxp 00000000 00:00 0 
ecbe0000-100000000 rwxp 00000000 00:00 0 
7fd1e8c59000-7fd1e8c5c000 ---p 00000000 00:00 0 
7fd1e8c5c000-7fd1e8d5a000 rwxp 00000000 00:00 0 
7fd1e8d5a000-7fd1e8d5b000 ---p 00000000 00:00 0 
7fd1e8d5b000-7fd1e955b000 rwxp 00000000 00:00 0 
7fd1e955b000-7fd1e955c000 ---p 00000000 00:00 0 
7fd1e955c000-7fd1e9d5c000 rwxp 00000000 00:00 0 
7fd1e9d5c000-7fd1e9d5d000 ---p 00000000 00:00 0 
7fd1e9d5d000-7fd1ea55d000 rwxp 00000000 00:00 0 
7fd1ee55e000-7fd1ee55f000 ---p 00000000 00:00 0 
7fd1ee55f000-7fd1eed5f000 rwxp 00000000 00:00 0 
7fd1eed5f000-7fd1eed76000 r-xp 00000000 08:06 3280813                    /lib/x86_64-linux-gnu/libresolv-2.13.so
7fd1eed76000-7fd1eef76000 ---p 00017000 08:06 3280813                    /lib/x86_64-linux-gnu/libresolv-2.13.so
7fd1eef76000-7fd1eef77000 r-xp 00017000 08:06 3280813                    /lib/x86_64-linux-gnu/libresolv-2.13.so
7fd1eef77000-7fd1eef78000 rwxp 00018000 08:06 3280813                    /lib/x86_64-linux-gnu/libresolv-2.13.so
7fd1eef78000-7fd1eef7a000 rwxp 00000000 00:00 0 
7fd1eef7a000-7fd1eef80000 r-xp 00000000 08:06 3809389                    /usr/lib/x86_64-linux-gnu/libogg.so.0.7.1
7fd1eef80000-7fd1ef17f000 ---p 00006000 08:06 3809389                    /usr/lib/x86_64-linux-gnu/libogg.so.0.7.1
7fd1ef17f000-7fd1ef180000 r-xp 00005000 08:06 3809389                    /usr/lib/x86_64-linux-gnu/libogg.so.0.7.1
7fd1ef180000-7fd1ef181000 rwxp 00006000 08:06 3809389                    /usr/lib/x86_64-linux-gnu/libogg.so.0.7.1
7fd1ef181000-7fd1ef1ac000 r-xp 00000000 08:06 3809461                    /usr/lib/x86_64-linux-gnu/libvorbis.so.0.4.5
7fd1ef1ac000-7fd1ef3ab000 ---p 0002b000 08:06 3809461                    /usr/lib/x86_64-linux-gnu/libvorbis.so.0.4.5
7fd1ef3ab000-7fd1ef3ac000 r-xp 0002a000 08:06 3809461                    /usr/lib/x86_64-linux-gnu/libvorbis.so.0.4.5
7fd1ef3ac000-7fd1ef3ad000 rwxp 0002b000 08:06 3809461                    /usr/lib/x86_64-linux-gnu/libvorbis.so.0.4.5
7fd1ef3ad000-7fd1ef660000 r-xp 00000000 08:06 3809456                    /usr/lib/x86_64-linux-gnu/libvorbisenc.so.2.0.8
7fd1ef660000-7fd1ef85f000 ---p 002b3000 08:06 3809456                    /usr/lib/x86_64-linux-gnu/libvorbisenc.so.2.0.8
7fd1ef85f000-7fd1ef87b000 r-xp 002b2000 08:06 3809456                    /usr/lib/x86_64-linux-gnu/libvorbisenc.so.2.0.8
7fd1ef87b000-7fd1ef87c000 rwxp 002ce000 08:06 3809456                    /usr/lib/x86_64-linux-gnu/libvorbisenc.so.2.0.8
7fd1ef87c000-7fd1ef8c4000 r-xp 00000000 08:06 3809156                    /usr/lib/x86_64-linux-gnu/libFLAC.so.8.2.0
7fd1ef8c4000-7fd1efac4000 ---p 00048000 08:06 3809156                    /usr/lib/x86_64-linux-gnu/libFLAC.so.8.2.0
7fd1efac4000-7fd1efac5000 r-xp 00048000 08:06 3809156                    /usr/lib/x86_64-linux-gnu/libFLAC.so.8.2.0
7fd1efac5000-7fd1efac6000 rwxp 00049000 08:06 3809156                    /usr/lib/x86_64-linux-gnu/libFLAC.so.8.2.0
7fd1efac6000-7fd1efacb000 r-xp 00000000 08:06 3809265                    /usr/lib/x86_64-linux-gnu/libasyncns.so.0.3.1
7fd1efacb000-7fd1efcca000 ---p 00005000 08:06 3809265                    /usr/lib/x86_64-linux-gnu/libasyncns.so.0.3.1
7fd1efcca000-7fd1efccb000 r-xp 00004000 08:06 3809265                    /usr/lib/x86_64-linux-gnu/libasyncns.so.0.3.1
7fd1efccb000-7fd1efccc000 rwxp 00005000 08:06 3809265                    /usr/lib/x86_64-linux-gnu/libasyncns.so.0.3.1
7fd1efccc000-7fd1efd2c000 r-xp 00000000 08:06 3809429                    /usr/lib/x86_64-linux-gnu/libsndfile.so.1.0.24
7fd1efd2c000-7fd1eff2c000 ---p 00060000 08:06 3809429                    /usr/lib/x86_64-linux-gnu/libsndfile.so.1.0.24
7fd1eff2c000-7fd1eff2e000 r-xp 00060000 08:06 3809429                    /usr/lib/x86_64-linux-gnu/libsndfile.so.1.0.24
7fd1eff2e000-7fd1eff2f000 rwxp 00062000 08:06 3809429                    /usr/lib/x86_64-linux-gnu/libsndfile.so.1.0.24
7fd1eff2f000-7fd1eff33000 rwxp 00000000 00:00 0 
7fd1eff33000-7fd1eff3b000 r-xp 00000000 08:06 3280658                    /lib/x86_64-linux-gnu/libwrap.so.0.7.6
7fd1eff3b000-7fd1f013a000 ---p 00008000 08:06 3280658                    /lib/x86_64-linux-gnu/libwrap.so.0.7.6
7fd1f013a000-7fd1f013b000 r-xp 00007000 08:06 3280658                    /lib/x86_64-linux-gnu/libwrap.so.0.7.6
7fd1f013b000-7fd1f013c000 rwxp 00008000 08:06 3280658                    /lib/x86_64-linux-gnu/libwrap.so.0.7.6
7fd1f013c000-7fd1f017e000 r-xp 00000000 08:06 3280587                    /lib/x86_64-linux-gnu/libdbus-1.so.3.5.7
7fd1f017e000-7fd1f037d000 ---p 00042000 08:06 3280587                    /lib/x86_64-linux-gnu/libdbus-1.so.3.5.7
7fd1f037d000-7fd1f037e000 r-xp 00041000 08:06 3280587                    /lib/x86_64-linux-gnu/libdbus-1.so.3.5.7
7fd1f037e000-7fd1f037f000 rwxp 00042000 08:06 3280587                    /lib/x86_64-linux-gnu/libdbus-1.so.3.5.7
7fd1f037f000-7fd1f03db000 r-xp 00000000 08:06 3809314                    /usr/lib/x86_64-linux-gnu/libpulsecommon-1.0.so
7fd1f03db000-7fd1f05db000 ---p 0005c000 08:06 3809314                    /usr/lib/x86_64-linux-gnu/libpulsecommon-1.0.so
7fd1f05db000-7fd1f05dc000 r-xp 0005c000 08:06 3809314                    /usr/lib/x86_64-linux-gnu/libpulsecommon-1.0.so
7fd1f05dc000-7fd1f05dd000 rwxp 0005d000 08:06 3809314                    /usr/lib/x86_64-linux-gnu/libpulsecommon-1.0.so
7fd1f05dd000-7fd1f05e4000 r-xp 00000000 08:06 3809363                    /usr/lib/x86_64-linux-gnu/libjson.so.0.0.1
7fd1f05e4000-7fd1f07e3000 ---p 00007000 08:06 3809363                    /usr/lib/x86_64-linux-gnu/libjson.so.0.0.1
7fd1f07e3000-7fd1f07e4000 r-xp 00006000 08:06 3809363                    /usr/lib/x86_64-linux-gnu/libjson.so.0.0.1
7fd1f07e4000-7fd1f07e5000 rwxp 00007000 08:06 3809363                    /usr/lib/x86_64-linux-gnu/libjson.so.0.0.1
7fd1f07e5000-7fd1f082b000 r-xp 00000000 08:06 3809289                    /usr/lib/x86_64-linux-gnu/libpulse.so.0.13.4
7fd1f082b000-7fd1f0a2a000 ---p 00046000 08:06 3809289                    /usr/lib/x86_64-linux-gnu/libpulse.so.0.13.4
7fd1f0a2a000-7fd1f0a2b000 r-xp 00045000 08:06 3809289                    /usr/lib/x86_64-linux-gnu/libpulse.so.0.13.4
7fd1f0a2b000-7fd1f0a2c000 rwxp 00046000 08:06 3809289                    /usr/lib/x86_64-linux-gnu/libpulse.so.0.13.4
7fd1f0d47000-7fd1f1447000 rwxs 00006000 00:05 5873                       /dev/ati/card0
7fd1f1447000-7fd1f15c7000 rwxp 00000000 00:00 0 
7fd1f15c7000-7fd1f15c9000 r-xp 00000000 08:06 3809247                    /usr/lib/x86_64-linux-gnu/libXinerama.so.1.0.0
7fd1f15c9000-7fd1f17c8000 ---p 00002000 08:06 3809247                    /usr/lib/x86_64-linux-gnu/libXinerama.so.1.0.0
7fd1f17c8000-7fd1f17c9000 r-xp 00001000 08:06 3809247                    /usr/lib/x86_64-linux-gnu/libXinerama.so.1.0.0
7fd1f17c9000-7fd1f17ca000 rwxp 00002000 08:06 3809247                    /usr/lib/x86_64-linux-gnu/libXinerama.so.1.0.0
7fd1f17ca000-7fd1f1805000 r-xp 00000000 08:06 3804222                    /usr/lib/fglrx/libatiadlxx.so
7fd1f1805000-7fd1f1905000 ---p 0003b000 08:06 3804222                    /usr/lib/fglrx/libatiadlxx.so
7fd1f1905000-7fd1f190e000 rwxp 0003b000 08:06 3804222                    /usr/lib/fglrx/libatiadlxx.so
7fd1f190e000-7fd1f191f000 rwxp 00000000 00:00 0 
7fd1f191f000-7fd1f1926000 r-xp 00000000 08:06 3804253                    /usr/lib/fglrx/libatiuki.so.1.0
7fd1f1926000-7fd1f1a26000 ---p 00007000 08:06 3804253                    /usr/lib/fglrx/libatiuki.so.1.0
7fd1f1a26000-7fd1f1a27000 rwxp 00007000 08:06 3804253                    /usr/lib/fglrx/libatiuki.so.1.0
7fd1f1a27000-7fd1f1a28000 rwxp 00000000 00:00 0 
7fd1f1a28000-7fd1f3982000 r-xp 00000000 08:06 3804265                    /usr/lib/fglrx/dri/fglrx_dri.so
7fd1f3982000-7fd1f3a82000 ---p 01f5a000 08:06 3804265                    /usr/lib/fglrx/dri/fglrx_dri.so
7fd1f3a82000-7fd1f3bd0000 rwxp 01f5a000 08:06 3804265                    /usr/lib/fglrx/dri/fglrx_dri.so
7fd1f3bd0000-7fd1f3cf6000 rwxp 00000000 00:00 0 
7fd1f3cf6000-7fd1f3db9000 r-xp 00000000 08:06 3804219                    /usr/lib/fglrx/libGL.so.1.2
7fd1f3db9000-7fd1f3eb8000 ---p 000c3000 08:06 3804219                    /usr/lib/fglrx/libGL.so.1.2
7fd1f3eb8000-7fd1f3edf000 rwxp 000c2000 08:06 3804219                    /usr/lib/fglrx/libGL.so.1.2
7fd1f3edf000-7fd1f3eff000 rwxp 00000000 00:00 0 
7fd1f3eff000-7fd1f3f02000 ---p 00000000 00:00 0 
7fd1f3f02000-7fd1f4000000 rwxp 00000000 00:00 0 
7fd1f4000000-7fd1f5c61000 rwxp 00000000 00:00 0 
7fd1f5c61000-7fd1f8000000 ---p 00000000 00:00 0 
7fd1f800d000-7fd1f8055000 rwxp 00000000 00:00 0 
7fd1f8055000-7fd1f805a000 r-xp 00000000 08:06 3809259                    /usr/lib/x86_64-linux-gnu/libXxf86vm.so.1.0.0
7fd1f805a000-7fd1f8259000 ---p 00005000 08:06 3809259                    /usr/lib/x86_64-linux-gnu/libXxf86vm.so.1.0.0
7fd1f8259000-7fd1f825a000 r-xp 00004000 08:06 3809259                    /usr/lib/x86_64-linux-gnu/libXxf86vm.so.1.0.0
7fd1f825a000-7fd1f825b000 rwxp 00005000 08:06 3809259                    /usr/lib/x86_64-linux-gnu/libXxf86vm.so.1.0.0
7fd1f825b000-7fd1f8263000 r-xp 00000000 08:06 3809249                    /usr/lib/x86_64-linux-gnu/libXrandr.so.2.2.0
7fd1f8263000-7fd1f8462000 ---p 00008000 08:06 3809249                    /usr/lib/x86_64-linux-gnu/libXrandr.so.2.2.0
7fd1f8462000-7fd1f8463000 r-xp 00007000 08:06 3809249                    /usr/lib/x86_64-linux-gnu/libXrandr.so.2.2.0
7fd1f8463000-7fd1f8464000 rwxp 00008000 08:06 3809249                    /usr/lib/x86_64-linux-gnu/libXrandr.so.2.2.0
7fd1f8464000-7fd1f84ca000 r-xp 00000000 08:07 10375991                   /home/aaron/Projects/jMonkeyProjects/jmeplanet/liblwjgl64.so
7fd1f84ca000-7fd1f86ca000 ---p 00066000 08:07 10375991                   /home/aaron/Projects/jMonkeyProjects/jmeplanet/liblwjgl64.so
7fd1f86ca000-7fd1f86cc000 r-xp 00066000 08:07 10375991                   /home/aaron/Projects/jMonkeyProjects/jmeplanet/liblwjgl64.so
7fd1f86cc000-7fd1f86cd000 rwxp 00068000 08:07 10375991                   /home/aaron/Projects/jMonkeyProjects/jmeplanet/liblwjgl64.so
7fd1f86cd000-7fd1f86ce000 r-xs 00000000 08:06 1058117                    /var/cache/fontconfig/c05880de57d1f5e948fdfacc138775d9-le64.cache-3
7fd1f86ce000-7fd1f86d7000 r-xs 00000000 08:06 1049056                    /var/cache/fontconfig/945677eb7aeaf62f1d50efc3fb3ec7d8-le64.cache-3
7fd1f86d7000-7fd1f86db000 r-xs 00000000 08:06 1058114                    /var/cache/fontconfig/99e8ed0e538f840c565b6ed5dad60d56-le64.cache-3
7fd1f86db000-7fd1f86e3000 r-xs 00000000 08:06 1058144                    /var/cache/fontconfig/e383d7ea5fbe662a33d9b44caf393297-le64.cache-3
7fd1f86e3000-7fd1f86e7000 r-xs 00000000 08:06 1058112                    /var/cache/fontconfig/2cd17615ca594fa2959ae173292e504c-le64.cache-3
7fd1f86e7000-7fd1f86e8000 r-xs 00000000 08:06 1058111                    /var/cache/fontconfig/e7071f4a29fa870f4323321c154eba04-le64.cache-3
7fd1f86e8000-7fd1f86ed000 r-xs 00000000 08:06 1058110                    /var/cache/fontconfig/6eb3985aa4124903f6ff08ba781cd364-le64.cache-3
7fd1f8720000-7fd1f87a0000 rwxp 00000000 00:00 0 
7fd1f87a0000-7fd1f87c0000 rwxs c4000000 00:05 5873                       /dev/ati/card0
7fd1f87c0000-7fd1f87c1000 r-xp 00000000 08:06 3936931                    /usr/lib/jvm/java-6-sun-1.6.0.26/jre/lib/amd64/libjawt.so
7fd1f87c1000-7fd1f88c0000 ---p 00001000 08:06 3936931                    /usr/lib/jvm/java-6-sun-1.6.0.26/jre/lib/amd64/libjawt.so
7fd1f88c0000-7fd1f88c1000 rwxp 00000000 08:06 3936931                    /usr/lib/jvm/java-6-sun-1.6.0.26/jre/lib/amd64/libjawt.so
7fd1f88c1000-7fd1f88c4000 ---p 00000000 00:00 0 
7fd1f88c4000-7fd1f89c2000 rwxp 00000000 00:00 0 
7fd1f89c2000-7fd1f89c7000 r-xp 00000000 08:06 3809241                    /usr/lib/x86_64-linux-gnu/libXfixes.so.3.1.0
7fd1f89c7000-7fd1f8bc6000 ---p 00005000 08:06 3809241                    /usr/lib/x86_64-linux-gnu/libXfixes.so.3.1.0
7fd1f8bc6000-7fd1f8bc7000 r-xp 00004000 08:06 3809241                    /usr/lib/x86_64-linux-gnu/libXfixes.so.3.1.0
7fd1f8bc7000-7fd1f8bc8000 rwxp 00005000 08:06 3809241                    /usr/lib/x86_64-linux-gnu/libXfixes.so.3.1.0
7fd1f8bc8000-7fd1f8bd1000 r-xp 00000000 08:06 3809251                    /usr/lib/x86_64-linux-gnu/libXrender.so.1.3.0
7fd1f8bd1000-7fd1f8dd1000 ---p 00009000 08:06 3809251                    /usr/lib/x86_64-linux-gnu/libXrender.so.1.3.0
7fd1f8dd1000-7fd1f8dd2000 r-xp 00009000 08:06 3809251                    /usr/lib/x86_64-linux-gnu/libXrender.so.1.3.0
7fd1f8dd2000-7fd1f8dd3000 rwxp 0000a000 08:06 3809251                    /usr/lib/x86_64-linux-gnu/libXrender.so.1.3.0
7fd1f8dd3000-7fd1f8ddc000 r-xp 00000000 08:06 3809233                    /usr/lib/x86_64-linux-gnu/libXcursor.so.1.0.2
7fd1f8ddc000-7fd1f8fdb000 ---p 00009000 08:06 3809233                    /usr/lib/x86_64-linux-gnu/libXcursor.so.1.0.2
7fd1f8fdb000-7fd1f8fdc000 r-xp 00008000 08:06 3809233                    /usr/lib/x86_64-linux-gnu/libXcursor.so.1.0.2
7fd1f8fdc000-7fd1f8fdd000 rwxp 00009000 08:06 3809233                    /usr/lib/x86_64-linux-gnu/libXcursor.so.1.0.2
7fd1f8ff3000-7fd1f8ffa000 r-xs 00000000 08:06 3940598                    /usr/lib/x86_64-linux-gnu/gconv/gconv-modules.cache
7fd1f8ffa000-7fd1f8ffb000 rwxs 00005000 00:05 5873                       /dev/ati/card0
7fd1f8ffb000-7fd1f8ffd000 rwxs 00002000 00:05 5873                       /dev/ati/card0
7fd1f8ffd000-7fd1f9000000 ---p 00000000 00:00 0 
7fd1f9000000-7fd1f90fe000 rwxp 00000000 00:00 0 
7fd1f90fe000-7fd1f9177000 r-xp 00000000 08:06 3936114                    /usr/lib/jvm/java-6-sun-1.6.0.26/jre/lib/amd64/libfontmanager.so
7fd1f9177000-7fd1f9276000 ---p 00079000 08:06 3936114                    /usr/lib/jvm/java-6-sun-1.6.0.26/jre/lib/amd64/libfontmanager.so
7fd1f9276000-7fd1f928b000 rwxp 00078000 08:06 3936114                    /usr/lib/jvm/java-6-sun-1.6.0.26/jre/lib/amd64/libfontmanager.so
7fd1f928b000-7fd1f929c000 rwxp 00000000 00:00 0 
7fd1f929c000-7fd1f92a1000 r-xp 00000000 08:06 3809237                    /usr/lib/x86_64-linux-gnu/libXdmcp.so.6.0.0
7fd1f92a1000-7fd1f94a0000 ---p 00005000 08:06 3809237                    /usr/lib/x86_64-linux-gnu/libXdmcp.so.6.0.0
7fd1f94a0000-7fd1f94a1000 r-xp 00004000 08:06 3809237                    /usr/lib/x86_64-linux-gnu/libXdmcp.so.6.0.0
7fd1f94a1000-7fd1f94a2000 rwxp 00005000 08:06 3809237                    /usr/lib/x86_64-linux-gnu/libXdmcp.so.6.0.0
7fd1f94a2000-7fd1f94a4000 r-xp 00000000 08:06 3809229                    /usr/lib/x86_64-linux-gnu/libXau.so.6.0.0
7fd1f94a4000-7fd1f96a3000 ---p 00002000 08:06 3809229                    /usr/lib/x86_64-linux-gnu/libXau.so.6.0.0
7fd1f96a3000-7fd1f96a4000 r-xp 00001000 08:06 3809229                    /usr/lib/x86_64-linux-gnu/libXau.so.6.0.0
7fd1f96a4000-7fd1f96a5000 rwxp 00002000 08:06 3809229                    /usr/lib/x86_64-linux-gnu/libXau.so.6.0.0
7fd1f96a5000-7fd1f96c2000 r-xp 00000000 08:06 3807879                    /usr/lib/x86_64-linux-gnu/libxcb.so.1.1.0
7fd1f96c2000-7fd1f98c1000 ---p 0001d000 08:06 3807879                    /usr/lib/x86_64-linux-gnu/libxcb.so.1.1.0
7fd1f98c1000-7fd1f98c2000 r-xp 0001c000 08:06 3807879                    /usr/lib/x86_64-linux-gnu/libxcb.so.1.1.0
7fd1f98c2000-7fd1f98c3000 rwxp 0001d000 08:06 3807879                    /usr/lib/x86_64-linux-gnu/libxcb.so.1.1.0
7fd1f98c3000-7fd1f98d2000 r-xp 00000000 08:06 3809245                    /usr/lib/x86_64-linux-gnu/libXi.so.6.1.0
7fd1f98d2000-7fd1f9ad1000 ---p 0000f000 08:06 3809245                    /usr/lib/x86_64-linux-gnu/libXi.so.6.1.0
7fd1f9ad1000-7fd1f9ad2000 r-xp 0000e000 08:06 3809245                    /usr/lib/x86_64-linux-gnu/libXi.so.6.1.0
7fd1f9ad2000-7fd1f9ad3000 rwxp 0000f000 08:06 3809245                    /usr/lib/x86_64-linux-gnu/libXi.so.6.1.0
7fd1f9ad3000-7fd1f9ad8000 r-xp 00000000 08:06 3802679                    /usr/lib/libXtst.so.6.1.0
7fd1f9ad8000-7fd1f9cd7000 ---p 00005000 08:06 3802679                    /usr/lib/libXtst.so.6.1.0
7fd1f9cd7000-7fd1f9cd8000 r-xp 00004000 08:06 3802679                    /usr/lib/libXtst.so.6.1.0
7fd1f9cd8000-7fd1f9cd9000 rwxp 00005000 08:06 3802679                    /usr/lib/libXtst.so.6.1.0
7fd1f9cd9000-7fd1f9e0c000 r-xp 00000000 08:06 3809227                    /usr/lib/x86_64-linux-gnu/libX11.so.6.3.0
7fd1f9e0c000-7fd1fa00c000 ---p 00133000 08:06 3809227                    /usr/lib/x86_64-linux-gnu/libX11.so.6.3.0
7fd1fa00c000-7fd1fa00d000 r-xp 00133000 08:06 3809227                    /usr/lib/x86_64-linux-gnu/libX11.so.6.3.0
7fd1fa00d000-7fd1fa011000 rwxp 00134000 08:06 3809227                    /usr/lib/x86_64-linux-gnu/libX11.so.6.3.0
7fd1fa011000-7fd1fa023000 r-xp 00000000 08:06 3809239                    /usr/lib/x86_64-linux-gnu/libXext.so.6.4.0
7fd1fa023000-7fd1fa222000 ---p 00012000 08:06 3809239                    /usr/lib/x86_64-linux-gnu/libXext.so.6.4.0
7fd1fa222000-7fd1fa223000 r-xp 00011000 08:06 3809239                    /usr/lib/x86_64-linux-gnu/libXext.so.6.4.0
7fd1fa223000-7fd1fa224000 rwxp 00012000 08:06 3809239                    /usr/lib/x86_64-linux-gnu/libXext.so.6.4.0
7fd1fa224000-7fd1fa234000 r-xs 00000000 08:06 1058096                    /var/cache/fontconfig/0f34bcd4b6ee430af32735b75db7f02b-le64.cache-3
7fd1fa234000-7fd1fa244000 r-xs 00000000 08:06 1058092                    /var/cache/fontconfig/d52a8644073d54c13679302ca1180695-le64.cache-3
7fd1fa244000-7fd1fa286000 r-xp 00000000 08:06 3936066                    /usr/lib/jvm/java-6-sun-1.6.0.26/jre/lib/amd64/xawt/libmawt.so
7fd1fa286000-7fd1fa385000 ---p 00042000 08:06 3936066                    /usr/lib/jvm/java-6-sun-1.6.0.26/jre/lib/amd64/xawt/libmawt.so
7fd1fa385000-7fd1fa391000 rwxp 00041000 08:06 3936066                    /usr/lib/jvm/java-6-sun-1.6.0.26/jre/lib/amd64/xawt/libmawt.so
7fd1fa391000-7fd1fa392000 rwxp 00000000 00:00 0 
7fd1fa392000-7fd1fa424000 r-xp 00000000 08:06 3936072                    /usr/lib/jvm/java-6-sun-1.6.0.26/jre/lib/amd64/libawt.so
7fd1fa424000-7fd1fa523000 ---p 00092000 08:06 3936072                    /usr/lib/jvm/java-6-sun-1.6.0.26/jre/lib/amd64/libawt.so
7fd1fa523000-7fd1fa53d000 rwxp 00091000 08:06 3936072                    /usr/lib/jvm/java-6-sun-1.6.0.26/jre/lib/amd64/libawt.so
7fd1fa53d000-7fd1fa561000 rwxp 00000000 00:00 0 
7fd1fa561000-7fd1fa564000 ---p 00000000 00:00 0 
7fd1fa564000-7fd1fa662000 rwxp 00000000 00:00 0 
7fd1fa662000-7fd1fa666000 r-xs 000cb000 08:06 3805216                    /usr/lib/jvm/java-6-sun-1.6.0.26/jre/lib/ext/localedata.jar
7fd1fa666000-7fd1fa669000 r-xs 0001a000 08:07 10618362                   /home/aaron/Apps/jmonkeyplatform/jmonkeyplatform/libs/xmlpull-xpp3.jar
7fd1fa669000-7fd1fa66b000 r-xs 00012000 08:07 10618454                   /home/aaron/Apps/jmonkeyplatform/jmonkeyplatform/libs/eventbus.jar
7fd1fa66b000-7fd1fa66e000 r-xs 0000f000 08:07 10618145                   /home/aaron/Apps/jmonkeyplatform/jmonkeyplatform/libs/nifty-style-black.jar
7fd1fa66e000-7fd1fa676000 r-xs 00033000 08:07 10617850                   /home/aaron/Apps/jmonkeyplatform/jmonkeyplatform/libs/nifty-default-controls.jar
7fd1fa676000-7fd1fa680000 r-xs 0006c000 08:07 10618525                   /home/aaron/Apps/jmonkeyplatform/jmonkeyplatform/libs/nifty.jar
7fd1fa680000-7fd1fa681000 r-xs 00004000 08:07 10618878                   /home/aaron/Apps/jmonkeyplatform/jmonkeyplatform/libs/jME3-niftygui.jar
7fd1fa681000-7fd1fa682000 r-xs 0000b000 08:07 10618394                   /home/aaron/Apps/jmonkeyplatform/jmonkeyplatform/libs/stack-alloc.jar
7fd1fa682000-7fd1fa684000 r-xs 0003c000 08:07 10618568                   /home/aaron/Apps/jmonkeyplatform/jmonkeyplatform/libs/vecmath.jar
7fd1fa684000-7fd1fa68e000 r-xs 00079000 08:07 10618478                   /home/aaron/Apps/jmonkeyplatform/jmonkeyplatform/libs/jbullet.jar
7fd1fa68e000-7fd1fa691000 r-xs 00020000 08:07 10618359                   /home/aaron/Apps/jmonkeyplatform/jmonkeyplatform/libs/jME3-jbullet.jar
7fd1fa691000-7fd1fa69e000 r-xs 000d2000 08:07 10618524                   /home/aaron/Apps/jmonkeyplatform/jmonkeyplatform/libs/lwjgl.jar
7fd1fa69e000-7fd1fa6a2000 r-xs 00030000 08:07 10618504                   /home/aaron/Apps/jmonkeyplatform/jmonkeyplatform/libs/jinput.jar
7fd1fa6a2000-7fd1fa6a4000 r-xs 001e9000 08:07 10618103                   /home/aaron/Apps/jmonkeyplatform/jmonkeyplatform/libs/jME3-lwjgl-natives.jar
7fd1fa6a4000-7fd1fa6a6000 r-xs 00016000 08:07 10618877                   /home/aaron/Apps/jmonkeyplatform/jmonkeyplatform/libs/jME3-lwjgl.jar
7fd1fa6a6000-7fd1fa6aa000 r-xs 00021000 08:07 10618880                   /home/aaron/Apps/jmonkeyplatform/jmonkeyplatform/libs/jME3-terrain.jar
7fd1fa6aa000-7fd1fa6ab000 r-xs 00009000 08:07 10618335                   /home/aaron/Apps/jmonkeyplatform/jmonkeyplatform/libs/j-ogg-vorbisd.jar
7fd1fa6ab000-7fd1fa6ad000 r-xs 00005000 08:07 10618417                   /home/aaron/Apps/jmonkeyplatform/jmonkeyplatform/libs/j-ogg-oggd.jar
7fd1fa6ad000-7fd1fa6ae000 r-xs 00002000 08:07 10618876                   /home/aaron/Apps/jmonkeyplatform/jmonkeyplatform/libs/jME3-jogg.jar
7fd1fa6ae000-7fd1fa6af000 r-xs 0000f000 08:07 10618879                   /home/aaron/Apps/jmonkeyplatform/jmonkeyplatform/libs/jME3-plugins.jar
7fd1fa6af000-7fd1fa6b1000 r-xs 00032000 08:07 10618875                   /home/aaron/Apps/jmonkeyplatform/jmonkeyplatform/libs/jME3-desktop.jar
7fd1fa6b1000-7fd1fa6c3000 r-xs 00175000 08:07 10618874                   /home/aaron/Apps/jmonkeyplatform/jmonkeyplatform/libs/jME3-core.jar
7fd1fa6c3000-7fd1fa6c4000 ---p 00000000 00:00 0 
7fd1fa6c4000-7fd1fa7c4000 rwxp 00000000 00:00 0 
7fd1fa7c4000-7fd1fa7c7000 ---p 00000000 00:00 0 
7fd1fa7c7000-7fd1fa8c5000 rwxp 00000000 00:00 0 
7fd1fa8c5000-7fd1fa8c8000 ---p 00000000 00:00 0 
7fd1fa8c8000-7fd1fa9c6000 rwxp 00000000 00:00 0 
7fd1fa9c6000-7fd1fa9c9000 ---p 00000000 00:00 0 
7fd1fa9c9000-7fd1faac7000 rwxp 00000000 00:00 0 
7fd1faac7000-7fd1faaca000 ---p 00000000 00:00 0 
7fd1faaca000-7fd1fabc8000 rwxp 00000000 00:00 0 
7fd1fabc8000-7fd1fae91000 r-xp 00000000 08:06 3807955                    /usr/lib/locale/locale-archive
7fd1fae91000-7fd1fae94000 ---p 00000000 00:00 0 
7fd1fae94000-7fd1faf92000 rwxp 00000000 00:00 0 
7fd1faf92000-7fd1faf95000 ---p 00000000 00:00 0 
7fd1faf95000-7fd1fb093000 rwxp 00000000 00:00 0 
7fd1fb093000-7fd1fb094000 ---p 00000000 00:00 0 
7fd1fb094000-7fd1fbad1000 rwxp 00000000 00:00 0 
7fd1fbad1000-7fd1fbc69000 r-xs 03029000 08:06 3813223                    /usr/lib/jvm/java-6-sun-1.6.0.26/jre/lib/rt.jar
7fd1fbc69000-7fd1fbc91000 rwxp 00000000 00:00 0 
7fd1fbc91000-7fd1fbc92000 ---p 00000000 00:00 0 
7fd1fbc92000-7fd1fbd92000 rwxp 00000000 00:00 0 
7fd1fbd92000-7fd1fbd93000 ---p 00000000 00:00 0 
7fd1fbd93000-7fd1fbe93000 rwxp 00000000 00:00 0 
7fd1fbe93000-7fd1fbe94000 ---p 00000000 00:00 0 
7fd1fbe94000-7fd1fbf94000 rwxp 00000000 00:00 0 
7fd1fbf94000-7fd1fbf95000 ---p 00000000 00:00 0 
7fd1fbf95000-7fd1fc095000 rwxp 00000000 00:00 0 
7fd1fc095000-7fd1fc096000 ---p 00000000 00:00 0 
7fd1fc096000-7fd1fc196000 rwxp 00000000 00:00 0 
7fd1fc196000-7fd1fc197000 ---p 00000000 00:00 0 
7fd1fc197000-7fd1fc297000 rwxp 00000000 00:00 0 
7fd1fc297000-7fd1fc298000 ---p 00000000 00:00 0 
7fd1fc298000-7fd1fc398000 rwxp 00000000 00:00 0 
7fd1fc398000-7fd1fc399000 ---p 00000000 00:00 0 
7fd1fc399000-7fd1fc4a4000 rwxp 00000000 00:00 0 
7fd1fc4a4000-7fd1fc4c2000 rwxp 00000000 00:00 0 
7fd1fc4c2000-7fd1fc4d7000 rwxp 00000000 00:00 0 
7fd1fc4d7000-7fd1fc60b000 rwxp 00000000 00:00 0 
7fd1fc60b000-7fd1fc616000 rwxp 00000000 00:00 0 
7fd1fc616000-7fd1fc634000 rwxp 00000000 00:00 0 
7fd1fc634000-7fd1fc649000 rwxp 00000000 00:00 0 
7fd1fc649000-7fd1fc77c000 rwxp 00000000 00:00 0 
7fd1fc77c000-7fd1fc787000 rwxp 00000000 00:00 0 
7fd1fc787000-7fd1fc821000 rwxp 00000000 00:00 0 
7fd1fc821000-7fd1fca92000 rwxp 00000000 00:00 0 
7fd1fca92000-7fd1ff822000 rwxp 00000000 00:00 0 
7fd1ff822000-7fd1ff830000 r-xp 00000000 08:06 3936069                    /usr/lib/jvm/java-6-sun-1.6.0.26/jre/lib/amd64/libzip.so
7fd1ff830000-7fd1ff932000 ---p 0000e000 08:06 3936069                    /usr/lib/jvm/java-6-sun-1.6.0.26/jre/lib/amd64/libzip.so
7fd1ff932000-7fd1ff935000 rwxp 00010000 08:06 3936069                    /usr/lib/jvm/java-6-sun-1.6.0.26/jre/lib/amd64/libzip.so
7fd1ff935000-7fd1ff936000 rwxp 00000000 00:00 0 
7fd1ff936000-7fd1ff942000 r-xp 00000000 08:06 3280807                    /lib/x86_64-linux-gnu/libnss_files-2.13.so
7fd1ff942000-7fd1ffb41000 ---p 0000c000 08:06 3280807                    /lib/x86_64-linux-gnu/libnss_files-2.13.so
7fd1ffb41000-7fd1ffb42000 r-xp 0000b000 08:06 3280807                    /lib/x86_64-linux-gnu/libnss_files-2.13.so
7fd1ffb42000-7fd1ffb43000 rwxp 0000c000 08:06 3280807                    /lib/x86_64-linux-gnu/libnss_files-2.13.so
7fd1ffb43000-7fd1ffb4d000 r-xp 00000000 08:06 3280809                    /lib/x86_64-linux-gnu/libnss_nis-2.13.so
7fd1ffb4d000-7fd1ffd4d000 ---p 0000a000 08:06 3280809                    /lib/x86_64-linux-gnu/libnss_nis-2.13.so
7fd1ffd4d000-7fd1ffd4e000 r-xp 0000a000 08:06 3280809                    /lib/x86_64-linux-gnu/libnss_nis-2.13.so
7fd1ffd4e000-7fd1ffd4f000 rwxp 0000b000 08:06 3280809                    /lib/x86_64-linux-gnu/libnss_nis-2.13.so
7fd1ffd4f000-7fd1ffd57000 r-xp 00000000 08:06 3280805                    /lib/x86_64-linux-gnu/libnss_compat-2.13.so
7fd1ffd57000-7fd1fff56000 ---p 00008000 08:06 3280805                    /lib/x86_64-linux-gnu/libnss_compat-2.13.so
7fd1fff56000-7fd1fff57000 r-xp 00007000 08:06 3280805                    /lib/x86_64-linux-gnu/libnss_compat-2.13.so
7fd1fff57000-7fd1fff58000 rwxp 00008000 08:06 3280805                    /lib/x86_64-linux-gnu/libnss_compat-2.13.so
7fd1fff58000-7fd1fff6f000 r-xp 00000000 08:06 3280804                    /lib/x86_64-linux-gnu/libnsl-2.13.so
7fd1fff6f000-7fd20016e000 ---p 00017000 08:06 3280804                    /lib/x86_64-linux-gnu/libnsl-2.13.so
7fd20016e000-7fd20016f000 r-xp 00016000 08:06 3280804                    /lib/x86_64-linux-gnu/libnsl-2.13.so
7fd20016f000-7fd200170000 rwxp 00017000 08:06 3280804                    /lib/x86_64-linux-gnu/libnsl-2.13.so
7fd200170000-7fd200172000 rwxp 00000000 00:00 0 
7fd200172000-7fd20019b000 r-xp 00000000 08:06 3936438                    /usr/lib/jvm/java-6-sun-1.6.0.26/jre/lib/amd64/libjava.so
7fd20019b000-7fd20029a000 ---p 00029000 08:06 3936438                    /usr/lib/jvm/java-6-sun-1.6.0.26/jre/lib/amd64/libjava.so
7fd20029a000-7fd2002a1000 rwxp 00028000 08:06 3936438                    /usr/lib/jvm/java-6-sun-1.6.0.26/jre/lib/amd64/libjava.so
7fd2002a1000-7fd2002ae000 r-xp 00000000 08:06 3936071                    /usr/lib/jvm/java-6-sun-1.6.0.26/jre/lib/amd64/libverify.so
7fd2002ae000-7fd2003ad000 ---p 0000d000 08:06 3936071                    /usr/lib/jvm/java-6-sun-1.6.0.26/jre/lib/amd64/libverify.so
7fd2003ad000-7fd2003b0000 rwxp 0000c000 08:06 3936071                    /usr/lib/jvm/java-6-sun-1.6.0.26/jre/lib/amd64/libverify.so
7fd2003b0000-7fd2003b7000 r-xp 00000000 08:06 3280814                    /lib/x86_64-linux-gnu/librt-2.13.so
7fd2003b7000-7fd2005b6000 ---p 00007000 08:06 3280814                    /lib/x86_64-linux-gnu/librt-2.13.so
7fd2005b6000-7fd2005b7000 r-xp 00006000 08:06 3280814                    /lib/x86_64-linux-gnu/librt-2.13.so
7fd2005b7000-7fd2005b8000 rwxp 00007000 08:06 3280814                    /lib/x86_64-linux-gnu/librt-2.13.so
7fd2005b8000-7fd2005bb000 ---p 00000000 00:00 0 
7fd2005bb000-7fd2006b9000 rwxp 00000000 00:00 0 
7fd2006b9000-7fd20073c000 r-xp 00000000 08:06 3280802                    /lib/x86_64-linux-gnu/libm-2.13.so
7fd20073c000-7fd20093b000 ---p 00083000 08:06 3280802                    /lib/x86_64-linux-gnu/libm-2.13.so
7fd20093b000-7fd20093c000 r-xp 00082000 08:06 3280802                    /lib/x86_64-linux-gnu/libm-2.13.so
7fd20093c000-7fd20093d000 rwxp 00083000 08:06 3280802                    /lib/x86_64-linux-gnu/libm-2.13.so
7fd20093d000-7fd201257000 r-xp 00000000 08:06 3936947                    /usr/lib/jvm/java-6-sun-1.6.0.26/jre/lib/amd64/server/libjvm.so
7fd201257000-7fd201359000 ---p 0091a000 08:06 3936947                    /usr/lib/jvm/java-6-sun-1.6.0.26/jre/lib/amd64/server/libjvm.so
7fd201359000-7fd20150e000 rwxp 0091c000 08:06 3936947                    /usr/lib/jvm/java-6-sun-1.6.0.26/jre/lib/amd64/server/libjvm.so
7fd20150e000-7fd201548000 rwxp 00000000 00:00 0 
7fd201548000-7fd2016df000 r-xp 00000000 08:06 3280798                    /lib/x86_64-linux-gnu/libc-2.13.so
7fd2016df000-7fd2018de000 ---p 00197000 08:06 3280798                    /lib/x86_64-linux-gnu/libc-2.13.so
7fd2018de000-7fd2018e2000 r-xp 00196000 08:06 3280798                    /lib/x86_64-linux-gnu/libc-2.13.so
7fd2018e2000-7fd2018e3000 rwxp 0019a000 08:06 3280798                    /lib/x86_64-linux-gnu/libc-2.13.so
7fd2018e3000-7fd2018e9000 rwxp 00000000 00:00 0 
7fd2018e9000-7fd2018eb000 r-xp 00000000 08:06 3280801                    /lib/x86_64-linux-gnu/libdl-2.13.so
7fd2018eb000-7fd201aeb000 ---p 00002000 08:06 3280801                    /lib/x86_64-linux-gnu/libdl-2.13.so
7fd201aeb000-7fd201aec000 r-xp 00002000 08:06 3280801                    /lib/x86_64-linux-gnu/libdl-2.13.so
7fd201aec000-7fd201aed000 rwxp 00003000 08:06 3280801                    /lib/x86_64-linux-gnu/libdl-2.13.so
7fd201aed000-7fd201b05000 r-xp 00000000 08:06 3280812                    /lib/x86_64-linux-gnu/libpthread-2.13.so
7fd201b05000-7fd201d04000 ---p 00018000 08:06 3280812                    /lib/x86_64-linux-gnu/libpthread-2.13.so
7fd201d04000-7fd201d05000 r-xp 00017000 08:06 3280812                    /lib/x86_64-linux-gnu/libpthread-2.13.so
7fd201d05000-7fd201d06000 rwxp 00018000 08:06 3280812                    /lib/x86_64-linux-gnu/libpthread-2.13.so
7fd201d06000-7fd201d0a000 rwxp 00000000 00:00 0 
7fd201d0a000-7fd201d2b000 r-xp 00000000 08:06 3277718                    /lib/x86_64-linux-gnu/ld-2.13.so
7fd201d2b000-7fd201d31000 r-xs 00000000 08:06 1058100                    /var/cache/fontconfig/a755afe4a08bf5b97852ceb7400b47bc-le64.cache-3
7fd201d31000-7fd201d3a000 r-xs 00000000 08:06 1058098                    /var/cache/fontconfig/6d41288fd70b0be22e8c3a91e032eec0-le64.cache-3
7fd201d3a000-7fd201d44000 rwxp 00000000 00:00 0 
7fd201d44000-7fd201dfa000 rwxp 00000000 00:00 0 
7fd201dfa000-7fd201dfd000 rwxp 00000000 00:00 0 
7fd201dfd000-7fd201e04000 r-xp 00000000 08:06 3936925                    /usr/lib/jvm/java-6-sun-1.6.0.26/jre/lib/amd64/jli/libjli.so
7fd201e04000-7fd201f05000 ---p 00007000 08:06 3936925                    /usr/lib/jvm/java-6-sun-1.6.0.26/jre/lib/amd64/jli/libjli.so
7fd201f05000-7fd201f07000 rwxp 00008000 08:06 3936925                    /usr/lib/jvm/java-6-sun-1.6.0.26/jre/lib/amd64/jli/libjli.so
7fd201f07000-7fd201f08000 rwxp 00000000 00:00 0 
7fd201f08000-7fd201f09000 r-xs 00000000 08:06 1058105                    /var/cache/fontconfig/4c73fe0c47614734b17d736dbde7580a-le64.cache-3
7fd201f09000-7fd201f0a000 r-xs 00000000 08:06 1058103                    /var/cache/fontconfig/0d8c3b2ac0904cb8a57a757ad11a4a08-le64.cache-3
7fd201f0a000-7fd201f0b000 r-xs 00000000 08:06 1058101                    /var/cache/fontconfig/6a53c69dea097a2d716e069445527da8-le64.cache-3
7fd201f0b000-7fd201f0e000 r-xs 00000000 08:06 1058095                    /var/cache/fontconfig/d60319d88cac85ba9e1a07bd06cfbb8c-le64.cache-3
7fd201f0e000-7fd201f0f000 r-xs 00000000 08:06 1058093                    /var/cache/fontconfig/4794a0821666d79190d59a36cb4f44b5-le64.cache-3
7fd201f0f000-7fd201f1a000 r-xs 00000000 08:06 1049051                    /var/cache/fontconfig/e13b20fdb08344e0e664864cc2ede53d-le64.cache-3
7fd201f1a000-7fd201f1e000 r-xs 00000000 08:06 1049036                    /var/cache/fontconfig/7ef2298fde41cc6eeb7af42e48b7d293-le64.cache-3
7fd201f1e000-7fd201f26000 rwxs 00000000 08:06 5380734                    /tmp/hsperfdata_aaron/32017 (deleted)
7fd201f26000-7fd201f27000 rwxp 00000000 00:00 0 
7fd201f27000-7fd201f28000 ---p 00000000 00:00 0 
7fd201f28000-7fd201f2a000 rwxp 00000000 00:00 0 
7fd201f2a000-7fd201f2b000 r-xp 00020000 08:06 3277718                    /lib/x86_64-linux-gnu/ld-2.13.so
7fd201f2b000-7fd201f2d000 rwxp 00021000 08:06 3277718                    /lib/x86_64-linux-gnu/ld-2.13.so
7fffb3590000-7fffb35b1000 rwxp 00000000 00:00 0                          [stack]
7fffb35ff000-7fffb3600000 r-xp 00000000 00:00 0                          [vdso]
ffffffffff600000-ffffffffff601000 r-xp 00000000 00:00 0                  [vsyscall]

VM Arguments:
jvm_args: -Dfile.encoding=UTF-8 
java_command: jmeplanet.test.App
Launcher Type: SUN_STANDARD

Environment Variables:
PATH=/usr/local/sbin:/usr/local/bin:/usr/sbin:/usr/bin:/sbin:/bin:/usr/games
LD_LIBRARY_PATH=/usr/lib/jvm/java-6-sun-1.6.0.26/jre/lib/amd64/server:/usr/lib/jvm/java-6-sun-1.6.0.26/jre/lib/amd64:/usr/lib/jvm/java-6-sun-1.6.0.26/jre/../lib/amd64
SHELL=/bin/bash
DISPLAY=:0

Signal Handlers:
SIGSEGV: [libjvm.so+0x85f800], sa_mask[0]=0x7ffbfeff, sa_flags=0x10000004
SIGBUS: [libjvm.so+0x85f800], sa_mask[0]=0x7ffbfeff, sa_flags=0x10000004
SIGFPE: [libjvm.so+0x70e300], sa_mask[0]=0x7ffbfeff, sa_flags=0x10000004
SIGPIPE: [libjvm.so+0x70e300], sa_mask[0]=0x7ffbfeff, sa_flags=0x10000004
SIGXFSZ: [libjvm.so+0x70e300], sa_mask[0]=0x7ffbfeff, sa_flags=0x10000004
SIGILL: [libjvm.so+0x70e300], sa_mask[0]=0x7ffbfeff, sa_flags=0x10000004
SIGUSR1: SIG_DFL, sa_mask[0]=0x00000000, sa_flags=0x00000000
SIGUSR2: [libjvm.so+0x711110], sa_mask[0]=0x00000004, sa_flags=0x10000004
SIGHUP: [libjvm.so+0x710d10], sa_mask[0]=0x7ffbfeff, sa_flags=0x10000004
SIGINT: SIG_IGN, sa_mask[0]=0x00000000, sa_flags=0x00000000
SIGTERM: [libjvm.so+0x710d10], sa_mask[0]=0x7ffbfeff, sa_flags=0x10000004
SIGQUIT: [libjvm.so+0x710d10], sa_mask[0]=0x7ffbfeff, sa_flags=0x10000004


---------------  S Y S T E M  ---------------

OS:wheezy/sid

uname:Linux 3.0.0-17-generic #30-Ubuntu SMP Thu Mar 8 20:45:39 UTC 2012 x86_64
libc:glibc 2.13 NPTL 2.13 
rlimit: STACK 8192k, CORE 0k, NPROC 31363, NOFILE 4096, AS infinity
load average:0.09 0.05 0.05

/proc/meminfo:
MemTotal:        4038188 kB
MemFree:          143620 kB
Buffers:           55940 kB
Cached:           639876 kB
SwapCached:        44624 kB
Active:          2305944 kB
Inactive:        1050320 kB
Active(anon):    1948816 kB
Inactive(anon):   752780 kB
Active(file):     357128 kB
Inactive(file):   297540 kB
Unevictable:           0 kB
Mlocked:               0 kB
SwapTotal:       3904508 kB
SwapFree:        3804220 kB
Dirty:               300 kB
Writeback:             0 kB
AnonPages:       2617640 kB
Mapped:           251704 kB
Shmem:             41148 kB
Slab:             155244 kB
SReclaimable:     120840 kB
SUnreclaim:        34404 kB
KernelStack:        4648 kB
PageTables:        46116 kB
NFS_Unstable:          0 kB
Bounce:                0 kB
WritebackTmp:          0 kB
CommitLimit:     5923600 kB
Committed_AS:    5427064 kB
VmallocTotal:   34359738367 kB
VmallocUsed:      318908 kB
VmallocChunk:   34359417256 kB
HardwareCorrupted:     0 kB
AnonHugePages:         0 kB
HugePages_Total:       0
HugePages_Free:        0
HugePages_Rsvd:        0
HugePages_Surp:        0
Hugepagesize:       2048 kB
DirectMap4k:     1302528 kB
DirectMap2M:     2875392 kB


CPU:total 8 (4 cores per cpu, 2 threads per core) family 6 model 42 stepping 7, cmov, cx8, fxsr, mmx, sse, sse2, sse3, ssse3, sse4.1, sse4.2, popcnt, ht

/proc/cpuinfo:
processor	: 0
vendor_id	: GenuineIntel
cpu family	: 6
model		: 42
model name	: Intel(R) Core(TM) i7-2630QM CPU @ 2.00GHz
stepping	: 7
cpu MHz		: 800.000
cache size	: 6144 KB
physical id	: 0
siblings	: 8
core id		: 0
cpu cores	: 4
apicid		: 0
initial apicid	: 0
fpu		: yes
fpu_exception	: yes
cpuid level	: 13
wp		: yes
flags		: fpu vme de pse tsc msr pae mce cx8 apic sep mtrr pge mca cmov pat pse36 clflush dts acpi mmx fxsr sse sse2 ss ht tm pbe syscall nx rdtscp lm constant_tsc arch_perfmon pebs bts rep_good nopl xtopology nonstop_tsc aperfmperf pni pclmulqdq dtes64 monitor ds_cpl vmx est tm2 ssse3 cx16 xtpr pdcm sse4_1 sse4_2 x2apic popcnt xsave avx lahf_lm ida arat epb xsaveopt pln pts dts tpr_shadow vnmi flexpriority ept vpid
bogomips	: 3990.86
clflush size	: 64
cache_alignment	: 64
address sizes	: 36 bits physical, 48 bits virtual
power management:

processor	: 1
vendor_id	: GenuineIntel
cpu family	: 6
model		: 42
model name	: Intel(R) Core(TM) i7-2630QM CPU @ 2.00GHz
stepping	: 7
cpu MHz		: 800.000
cache size	: 6144 KB
physical id	: 0
siblings	: 8
core id		: 0
cpu cores	: 4
apicid		: 1
initial apicid	: 1
fpu		: yes
fpu_exception	: yes
cpuid level	: 13
wp		: yes
flags		: fpu vme de pse tsc msr pae mce cx8 apic sep mtrr pge mca cmov pat pse36 clflush dts acpi mmx fxsr sse sse2 ss ht tm pbe syscall nx rdtscp lm constant_tsc arch_perfmon pebs bts rep_good nopl xtopology nonstop_tsc aperfmperf pni pclmulqdq dtes64 monitor ds_cpl vmx est tm2 ssse3 cx16 xtpr pdcm sse4_1 sse4_2 x2apic popcnt xsave avx lahf_lm ida arat epb xsaveopt pln pts dts tpr_shadow vnmi flexpriority ept vpid
bogomips	: 3990.80
clflush size	: 64
cache_alignment	: 64
address sizes	: 36 bits physical, 48 bits virtual
power management:

processor	: 2
vendor_id	: GenuineIntel
cpu family	: 6
model		: 42
model name	: Intel(R) Core(TM) i7-2630QM CPU @ 2.00GHz
stepping	: 7
cpu MHz		: 800.000
cache size	: 6144 KB
physical id	: 0
siblings	: 8
core id		: 1
cpu cores	: 4
apicid		: 2
initial apicid	: 2
fpu		: yes
fpu_exception	: yes
cpuid level	: 13
wp		: yes
flags		: fpu vme de pse tsc msr pae mce cx8 apic sep mtrr pge mca cmov pat pse36 clflush dts acpi mmx fxsr sse sse2 ss ht tm pbe syscall nx rdtscp lm constant_tsc arch_perfmon pebs bts rep_good nopl xtopology nonstop_tsc aperfmperf pni pclmulqdq dtes64 monitor ds_cpl vmx est tm2 ssse3 cx16 xtpr pdcm sse4_1 sse4_2 x2apic popcnt xsave avx lahf_lm ida arat epb xsaveopt pln pts dts tpr_shadow vnmi flexpriority ept vpid
bogomips	: 3990.83
clflush size	: 64
cache_alignment	: 64
address sizes	: 36 bits physical, 48 bits virtual
power management:

processor	: 3
vendor_id	: GenuineIntel
cpu family	: 6
model		: 42
model name	: Intel(R) Core(TM) i7-2630QM CPU @ 2.00GHz
stepping	: 7
cpu MHz		: 800.000
cache size	: 6144 KB
physical id	: 0
siblings	: 8
core id		: 1
cpu cores	: 4
apicid		: 3
initial apicid	: 3
fpu		: yes
fpu_exception	: yes
cpuid level	: 13
wp		: yes
flags		: fpu vme de pse tsc msr pae mce cx8 apic sep mtrr pge mca cmov pat pse36 clflush dts acpi mmx fxsr sse sse2 ss ht tm pbe syscall nx rdtscp lm constant_tsc arch_perfmon pebs bts rep_good nopl xtopology nonstop_tsc aperfmperf pni pclmulqdq dtes64 monitor ds_cpl vmx est tm2 ssse3 cx16 xtpr pdcm sse4_1 sse4_2 x2apic popcnt xsave avx lahf_lm ida arat epb xsaveopt pln pts dts tpr_shadow vnmi flexpriority ept vpid
bogomips	: 3990.83
clflush size	: 64
cache_alignment	: 64
address sizes	: 36 bits physical, 48 bits virtual
power management:

processor	: 4
vendor_id	: GenuineIntel
cpu family	: 6
model		: 42
model name	: Intel(R) Core(TM) i7-2630QM CPU @ 2.00GHz
stepping	: 7
cpu MHz		: 800.000
cache size	: 6144 KB
physical id	: 0
siblings	: 8
core id		: 2
cpu cores	: 4
apicid		: 4
initial apicid	: 4
fpu		: yes
fpu_exception	: yes
cpuid level	: 13
wp		: yes
flags		: fpu vme de pse tsc msr pae mce cx8 apic sep mtrr pge mca cmov pat pse36 clflush dts acpi mmx fxsr sse sse2 ss ht tm pbe syscall nx rdtscp lm constant_tsc arch_perfmon pebs bts rep_good nopl xtopology nonstop_tsc aperfmperf pni pclmulqdq dtes64 monitor ds_cpl vmx est tm2 ssse3 cx16 xtpr pdcm sse4_1 sse4_2 x2apic popcnt xsave avx lahf_lm ida arat epb xsaveopt pln pts dts tpr_shadow vnmi flexpriority ept vpid
bogomips	: 3990.84
clflush size	: 64
cache_alignment	: 64
address sizes	: 36 bits physical, 48 bits virtual
power management:

processor	: 5
vendor_id	: GenuineIntel
cpu family	: 6
model		: 42
model name	: Intel(R) Core(TM) i7-2630QM CPU @ 2.00GHz
stepping	: 7
cpu MHz		: 2001.000
cache size	: 6144 KB
physical id	: 0
siblings	: 8
core id		: 2
cpu cores	: 4
apicid		: 5
initial apicid	: 5
fpu		: yes
fpu_exception	: yes
cpuid level	: 13
wp		: yes
flags		: fpu vme de pse tsc msr pae mce cx8 apic sep mtrr pge mca cmov pat pse36 clflush dts acpi mmx fxsr sse sse2 ss ht tm pbe syscall nx rdtscp lm constant_tsc arch_perfmon pebs bts rep_good nopl xtopology nonstop_tsc aperfmperf pni pclmulqdq dtes64 monitor ds_cpl vmx est tm2 ssse3 cx16 xtpr pdcm sse4_1 sse4_2 x2apic popcnt xsave avx lahf_lm ida arat epb xsaveopt pln pts dts tpr_shadow vnmi flexpriority ept vpid
bogomips	: 3990.83
clflush size	: 64
cache_alignment	: 64
address sizes	: 36 bits physical, 48 bits virtual
power management:

processor	: 6
vendor_id	: GenuineIntel
cpu family	: 6
model		: 42
model name	: Intel(R) Core(TM) i7-2630QM CPU @ 2.00GHz
stepping	: 7
cpu MHz		: 800.000
cache size	: 6144 KB
physical id	: 0
siblings	: 8
core id		: 3
cpu cores	: 4
apicid		: 6
initial apicid	: 6
fpu		: yes
fpu_exception	: yes
cpuid level	: 13
wp		: yes
flags		: fpu vme de pse tsc msr pae mce cx8 apic sep mtrr pge mca cmov pat pse36 clflush dts acpi mmx fxsr sse sse2 ss ht tm pbe syscall nx rdtscp lm constant_tsc arch_perfmon pebs bts rep_good nopl xtopology nonstop_tsc aperfmperf pni pclmulqdq dtes64 monitor ds_cpl vmx est tm2 ssse3 cx16 xtpr pdcm sse4_1 sse4_2 x2apic popcnt xsave avx lahf_lm ida arat epb xsaveopt pln pts dts tpr_shadow vnmi flexpriority ept vpid
bogomips	: 3990.82
clflush size	: 64
cache_alignment	: 64
address sizes	: 36 bits physical, 48 bits virtual
power management:

processor	: 7
vendor_id	: GenuineIntel
cpu family	: 6
model		: 42
model name	: Intel(R) Core(TM) i7-2630QM CPU @ 2.00GHz
stepping	: 7
cpu MHz		: 800.000
cache size	: 6144 KB
physical id	: 0
siblings	: 8
core id		: 3
cpu cores	: 4
apicid		: 7
initial apicid	: 7
fpu		: yes
fpu_exception	: yes
cpuid level	: 13
wp		: yes
flags		: fpu vme de pse tsc msr pae mce cx8 apic sep mtrr pge mca cmov pat pse36 clflush dts acpi mmx fxsr sse sse2 ss ht tm pbe syscall nx rdtscp lm constant_tsc arch_perfmon pebs bts rep_good nopl xtopology nonstop_tsc aperfmperf pni pclmulqdq dtes64 monitor ds_cpl vmx est tm2 ssse3 cx16 xtpr pdcm sse4_1 sse4_2 x2apic popcnt xsave avx lahf_lm ida arat epb xsaveopt pln pts dts tpr_shadow vnmi flexpriority ept vpid
bogomips	: 3990.84
clflush size	: 64
cache_alignment	: 64
address sizes	: 36 bits physical, 48 bits virtual
power management:



Memory: 4k page, physical 4038188k(143620k free), swap 3904508k(3804220k free)

vm_info: Java HotSpot(TM) 64-Bit Server VM (20.1-b02) for linux-amd64 JRE (1.6.0_26-b03), built on May  4 2011 01:13:47 by "java_re" with gcc 3.2.2 (SuSE Linux)

time: Mon Apr 23 17:03:02 2012
elapsed time: 13 seconds

