#
# A fatal error has been detected by the Java Runtime Environment:
#
#  SIGSEGV (0xb) at pc=0x00007f9214ebdc08, pid=31596, tid=140265528137504
#
# JRE version: 6.0_26-b03
# Java VM: Java HotSpot(TM) 64-Bit Server VM (20.1-b02 mixed mode linux-amd64 compressed oops)
# Problematic frame:
# C  [libX11.so.6+0x35c08]  XQueryExtension+0x28
#
# If you would like to submit a bug report, please visit:
#   http://java.sun.com/webapps/bugreport/crash.jsp
#

---------------  T H R E A D  ---------------

Current thread is native thread

siginfo:si_signo=SIGSEGV: si_errno=0, si_code=1 (SEGV_MAPERR), si_addr=0x0000000010403a88

Registers:
RAX=0x000000004228faa0, RBX=0x0000000010403120, RCX=0x00007fff078dc1a8, RDX=0x00007fff078dc1a4
RSP=0x00007fff078dc140, RBP=0x00007f920eff8932, RSI=0x00007f920eff8932, RDI=0x0000000010403120
R8 =0x00007fff078dc1ac, R9 =0x0000000000000000, R10=0x00007f921ca94ea8, R11=0x00007f921c732ba0
R12=0x00007fff078dc1a4, R13=0x00007f920eff8932, R14=0x000000004228faa0, R15=0x0000000000000000
RIP=0x00007f9214ebdc08, EFLAGS=0x0000000000010202, CSGSFS=0x0000000000000033, ERR=0x0000000000000004
  TRAPNO=0x000000000000000e

Top of Stack: (sp=0x00007fff078dc140)
0x00007fff078dc140:   00007f921c7055c8 00007f921d0b69e8
0x00007fff078dc150:   0000000000000000 0000000000000000
0x00007fff078dc160:   000000000bea6495 0000000010403120
0x00007fff078dc170:   00007f920eff8932 0000000000000000
0x00007fff078dc180:   00007f920eff8932 000000004228faa0
0x00007fff078dc190:   0000000000000000 00007f9214eb14f5
0x00007fff078dc1a0:   00007f921d0da048 00007f920f131520
0x00007fff078dc1b0:   00007f920f131520 0000000010403120
0x00007fff078dc1c0:   00007f921040a770 00007f92151ce73b
0x00007fff078dc1d0:   0101010101010101 000000111c7055c8
0x00007fff078dc1e0:   00007fff078dc260 0000000000000000
0x00007fff078dc1f0:   00007fff078dc260 0000000010403120
0x00007fff078dc200:   0000000000000000 00007f921d0da048
0x00007fff078dc210:   00007f920f14ad50 00007f920ef9f119
0x00007fff078dc220:   0000000000000000 0000000000000033
0x00007fff078dc230:   00007fff078dc260 00007fff078dc280
0x00007fff078dc240:   0000000000000000 00007f921d0da048
0x00007fff078dc250:   00007f92103b5940 00007f920ef95b42
0x00007fff078dc260:   00007fff078dc490 00007f920eff88b1
0x00007fff078dc270:   00007fff078dc490 00007f921cec8135
0x00007fff078dc280:   00007f921d0db2c8 00007f921d0db858
0x00007fff078dc290:   00007f921d0b6000 000000004102b350
0x00007fff078dc2a0:   000000004102b830 000000004102bd30
0x00007fff078dc2b0:   00000000410309e0 000000004121bd50
0x00007fff078dc2c0:   0000000041321520 0000000041321050
0x00007fff078dc2d0:   00007f92102e1da0 00007f92101a6050
0x00007fff078dc2e0:   00000000411dd140 00000000411e07e0
0x00007fff078dc2f0:   00000000411e0340 00000000411dc640
0x00007fff078dc300:   00000000410268d0 0000000041026230
0x00007fff078dc310:   0000000041023570 00000000412d1820
0x00007fff078dc320:   00007f92102e2240 00000000412d1cc0
0x00007fff078dc330:   00007f92103b5940 00007f921026a950 

Instructions: (pc=0x00007f9214ebdc08)
0x00007f9214ebdbe8:   24 d8 48 89 fb 4c 89 64 24 e0 4c 89 6c 24 e8 49
0x00007f9214ebdbf8:   89 d4 4c 89 74 24 f0 4c 89 7c 24 f8 48 83 ec 58
0x00007f9214ebdc08:   48 8b 87 68 09 00 00 49 89 f5 48 89 cd 4d 89 c6
0x00007f9214ebdc18:   48 85 c0 74 02 ff 10 4c 8b bb b0 00 00 00 49 8d 

Register to memory mapping:

RAX=0x000000004228faa0 is an unknown value
RBX=0x0000000010403120 is an unknown value
RCX=0x00007fff078dc1a8 is an unknown value
RDX=0x00007fff078dc1a4 is an unknown value
RSP=0x00007fff078dc140 is an unknown value
RBP=0x00007f920eff8932: <offset 0x96932> in /usr/lib/fglrx/libGL.so.1 at 0x00007f920ef62000
RSI=0x00007f920eff8932: <offset 0x96932> in /usr/lib/fglrx/libGL.so.1 at 0x00007f920ef62000
RDI=0x0000000010403120 is an unknown value
R8 =0x00007fff078dc1ac is an unknown value
R9 =0x0000000000000000 is an unknown value
R10=0x00007f921ca94ea8: <offset 0x39dea8> in /lib/x86_64-linux-gnu/libc.so.6 at 0x00007f921c6f7000
R11=0x00007f921c732ba0: __cxa_finalize+0 in /lib/x86_64-linux-gnu/libc.so.6 at 0x00007f921c6f7000
R12=0x00007fff078dc1a4 is an unknown value
R13=0x00007f920eff8932: <offset 0x96932> in /usr/lib/fglrx/libGL.so.1 at 0x00007f920ef62000
R14=0x000000004228faa0 is an unknown value
R15=0x0000000000000000 is an unknown value


Stack: [0x00007fff077de000,0x00007fff078de000],  sp=0x00007fff078dc140,  free space=1016k
Native frames: (J=compiled Java code, j=interpreted, Vv=VM code, C=native code)
C  [libX11.so.6+0x35c08]  XQueryExtension+0x28


---------------  P R O C E S S  ---------------

VM state:at safepoint (shutting down)

VM Mutex/Monitor currently owned by a thread:  ([mutex/lock_event])
[0x0000000041029720] Threads_lock - owner thread: 0x0000000041092000

Heap
 PSYoungGen      total 18368K, used 3727K [0x00000000eb760000, 0x00000000ecbe0000, 0x0000000100000000)
  eden space 15744K, 14% used [0x00000000eb760000,0x00000000eb99f5d8,0x00000000ec6c0000)
  from space 2624K, 54% used [0x00000000ec6c0000,0x00000000ec8249f0,0x00000000ec950000)
  to   space 2624K, 0% used [0x00000000ec950000,0x00000000ec950000,0x00000000ecbe0000)
 PSOldGen        total 42112K, used 0K [0x00000000c2600000, 0x00000000c4f20000, 0x00000000eb760000)
  object space 42112K, 0% used [0x00000000c2600000,0x00000000c2600000,0x00000000c4f20000)
 PSPermGen       total 21248K, used 12982K [0x00000000bd400000, 0x00000000be8c0000, 0x00000000c2600000)
  object space 21248K, 61% used [0x00000000bd400000,0x00000000be0ad978,0x00000000be8c0000)

Code Cache  [0x00007f92179d1000, 0x00007f9217c41000, 0x00007f921a9d1000)
 total_blobs=685 nmethods=175 adapters=464 free_code_cache=49321600 largest_free_block=14592

Dynamic libraries:
40000000-40009000 r-xp 00000000 08:06 3941148                            /usr/lib/jvm/java-6-sun-1.6.0.26/jre/bin/java
40108000-4010a000 rwxp 00008000 08:06 3941148                            /usr/lib/jvm/java-6-sun-1.6.0.26/jre/bin/java
41023000-4286c000 rwxp 00000000 00:00 0                                  [heap]
bd400000-be8c0000 rwxp 00000000 00:00 0 
be8c0000-c2600000 rwxp 00000000 00:00 0 
c2600000-c4f20000 rwxp 00000000 00:00 0 
c4f20000-eb760000 rwxp 00000000 00:00 0 
eb760000-ecbe0000 rwxp 00000000 00:00 0 
ecbe0000-100000000 rwxp 00000000 00:00 0 
7f91fc000000-7f91fc111000 rwxp 00000000 00:00 0 
7f91fc111000-7f9200000000 ---p 00000000 00:00 0 
7f9203e46000-7f9203e49000 ---p 00000000 00:00 0 
7f9203e49000-7f9203f47000 rwxp 00000000 00:00 0 
7f9203f47000-7f9203f48000 ---p 00000000 00:00 0 
7f9203f48000-7f9204748000 rwxp 00000000 00:00 0 
7f9204748000-7f9204749000 ---p 00000000 00:00 0 
7f9204749000-7f9204f49000 rwxp 00000000 00:00 0 
7f9204f49000-7f9204f4a000 ---p 00000000 00:00 0 
7f9204f4a000-7f920574a000 rwxp 00000000 00:00 0 
7f920974b000-7f920974c000 ---p 00000000 00:00 0 
7f920974c000-7f9209f4c000 rwxp 00000000 00:00 0 
7f9209f4c000-7f9209f63000 r-xp 00000000 08:06 3280813                    /lib/x86_64-linux-gnu/libresolv-2.13.so
7f9209f63000-7f920a163000 ---p 00017000 08:06 3280813                    /lib/x86_64-linux-gnu/libresolv-2.13.so
7f920a163000-7f920a164000 r-xp 00017000 08:06 3280813                    /lib/x86_64-linux-gnu/libresolv-2.13.so
7f920a164000-7f920a165000 rwxp 00018000 08:06 3280813                    /lib/x86_64-linux-gnu/libresolv-2.13.so
7f920a165000-7f920a167000 rwxp 00000000 00:00 0 
7f920a167000-7f920a16d000 r-xp 00000000 08:06 3809389                    /usr/lib/x86_64-linux-gnu/libogg.so.0.7.1
7f920a16d000-7f920a36c000 ---p 00006000 08:06 3809389                    /usr/lib/x86_64-linux-gnu/libogg.so.0.7.1
7f920a36c000-7f920a36d000 r-xp 00005000 08:06 3809389                    /usr/lib/x86_64-linux-gnu/libogg.so.0.7.1
7f920a36d000-7f920a36e000 rwxp 00006000 08:06 3809389                    /usr/lib/x86_64-linux-gnu/libogg.so.0.7.1
7f920a36e000-7f920a399000 r-xp 00000000 08:06 3809461                    /usr/lib/x86_64-linux-gnu/libvorbis.so.0.4.5
7f920a399000-7f920a598000 ---p 0002b000 08:06 3809461                    /usr/lib/x86_64-linux-gnu/libvorbis.so.0.4.5
7f920a598000-7f920a599000 r-xp 0002a000 08:06 3809461                    /usr/lib/x86_64-linux-gnu/libvorbis.so.0.4.5
7f920a599000-7f920a59a000 rwxp 0002b000 08:06 3809461                    /usr/lib/x86_64-linux-gnu/libvorbis.so.0.4.5
7f920a59a000-7f920a84d000 r-xp 00000000 08:06 3809456                    /usr/lib/x86_64-linux-gnu/libvorbisenc.so.2.0.8
7f920a84d000-7f920aa4c000 ---p 002b3000 08:06 3809456                    /usr/lib/x86_64-linux-gnu/libvorbisenc.so.2.0.8
7f920aa4c000-7f920aa68000 r-xp 002b2000 08:06 3809456                    /usr/lib/x86_64-linux-gnu/libvorbisenc.so.2.0.8
7f920aa68000-7f920aa69000 rwxp 002ce000 08:06 3809456                    /usr/lib/x86_64-linux-gnu/libvorbisenc.so.2.0.8
7f920aa69000-7f920aab1000 r-xp 00000000 08:06 3809156                    /usr/lib/x86_64-linux-gnu/libFLAC.so.8.2.0
7f920aab1000-7f920acb1000 ---p 00048000 08:06 3809156                    /usr/lib/x86_64-linux-gnu/libFLAC.so.8.2.0
7f920acb1000-7f920acb2000 r-xp 00048000 08:06 3809156                    /usr/lib/x86_64-linux-gnu/libFLAC.so.8.2.0
7f920acb2000-7f920acb3000 rwxp 00049000 08:06 3809156                    /usr/lib/x86_64-linux-gnu/libFLAC.so.8.2.0
7f920acb3000-7f920acb8000 r-xp 00000000 08:06 3809265                    /usr/lib/x86_64-linux-gnu/libasyncns.so.0.3.1
7f920acb8000-7f920aeb7000 ---p 00005000 08:06 3809265                    /usr/lib/x86_64-linux-gnu/libasyncns.so.0.3.1
7f920aeb7000-7f920aeb8000 r-xp 00004000 08:06 3809265                    /usr/lib/x86_64-linux-gnu/libasyncns.so.0.3.1
7f920aeb8000-7f920aeb9000 rwxp 00005000 08:06 3809265                    /usr/lib/x86_64-linux-gnu/libasyncns.so.0.3.1
7f920aeb9000-7f920af19000 r-xp 00000000 08:06 3809429                    /usr/lib/x86_64-linux-gnu/libsndfile.so.1.0.24
7f920af19000-7f920b119000 ---p 00060000 08:06 3809429                    /usr/lib/x86_64-linux-gnu/libsndfile.so.1.0.24
7f920b119000-7f920b11b000 r-xp 00060000 08:06 3809429                    /usr/lib/x86_64-linux-gnu/libsndfile.so.1.0.24
7f920b11b000-7f920b11c000 rwxp 00062000 08:06 3809429                    /usr/lib/x86_64-linux-gnu/libsndfile.so.1.0.24
7f920b11c000-7f920b120000 rwxp 00000000 00:00 0 
7f920b120000-7f920b128000 r-xp 00000000 08:06 3280658                    /lib/x86_64-linux-gnu/libwrap.so.0.7.6
7f920b128000-7f920b327000 ---p 00008000 08:06 3280658                    /lib/x86_64-linux-gnu/libwrap.so.0.7.6
7f920b327000-7f920b328000 r-xp 00007000 08:06 3280658                    /lib/x86_64-linux-gnu/libwrap.so.0.7.6
7f920b328000-7f920b329000 rwxp 00008000 08:06 3280658                    /lib/x86_64-linux-gnu/libwrap.so.0.7.6
7f920b329000-7f920b36b000 r-xp 00000000 08:06 3280587                    /lib/x86_64-linux-gnu/libdbus-1.so.3.5.7
7f920b36b000-7f920b56a000 ---p 00042000 08:06 3280587                    /lib/x86_64-linux-gnu/libdbus-1.so.3.5.7
7f920b56a000-7f920b56b000 r-xp 00041000 08:06 3280587                    /lib/x86_64-linux-gnu/libdbus-1.so.3.5.7
7f920b56b000-7f920b56c000 rwxp 00042000 08:06 3280587                    /lib/x86_64-linux-gnu/libdbus-1.so.3.5.7
7f920b56c000-7f920b5c8000 r-xp 00000000 08:06 3809314                    /usr/lib/x86_64-linux-gnu/libpulsecommon-1.0.so
7f920b5c8000-7f920b7c8000 ---p 0005c000 08:06 3809314                    /usr/lib/x86_64-linux-gnu/libpulsecommon-1.0.so
7f920b7c8000-7f920b7c9000 r-xp 0005c000 08:06 3809314                    /usr/lib/x86_64-linux-gnu/libpulsecommon-1.0.so
7f920b7c9000-7f920b7ca000 rwxp 0005d000 08:06 3809314                    /usr/lib/x86_64-linux-gnu/libpulsecommon-1.0.so
7f920b7ca000-7f920b7d1000 r-xp 00000000 08:06 3809363                    /usr/lib/x86_64-linux-gnu/libjson.so.0.0.1
7f920b7d1000-7f920b9d0000 ---p 00007000 08:06 3809363                    /usr/lib/x86_64-linux-gnu/libjson.so.0.0.1
7f920b9d0000-7f920b9d1000 r-xp 00006000 08:06 3809363                    /usr/lib/x86_64-linux-gnu/libjson.so.0.0.1
7f920b9d1000-7f920b9d2000 rwxp 00007000 08:06 3809363                    /usr/lib/x86_64-linux-gnu/libjson.so.0.0.1
7f920b9d2000-7f920ba18000 r-xp 00000000 08:06 3809289                    /usr/lib/x86_64-linux-gnu/libpulse.so.0.13.4
7f920ba18000-7f920bc17000 ---p 00046000 08:06 3809289                    /usr/lib/x86_64-linux-gnu/libpulse.so.0.13.4
7f920bc17000-7f920bc18000 r-xp 00045000 08:06 3809289                    /usr/lib/x86_64-linux-gnu/libpulse.so.0.13.4
7f920bc18000-7f920bc19000 rwxp 00046000 08:06 3809289                    /usr/lib/x86_64-linux-gnu/libpulse.so.0.13.4
7f920bf33000-7f920c633000 rwxs 00006000 00:05 5873                       /dev/ati/card0
7f920c633000-7f920c833000 rwxp 00000000 00:00 0 
7f920c833000-7f920c835000 r-xp 00000000 08:06 3809247                    /usr/lib/x86_64-linux-gnu/libXinerama.so.1.0.0
7f920c835000-7f920ca34000 ---p 00002000 08:06 3809247                    /usr/lib/x86_64-linux-gnu/libXinerama.so.1.0.0
7f920ca34000-7f920ca35000 r-xp 00001000 08:06 3809247                    /usr/lib/x86_64-linux-gnu/libXinerama.so.1.0.0
7f920ca35000-7f920ca36000 rwxp 00002000 08:06 3809247                    /usr/lib/x86_64-linux-gnu/libXinerama.so.1.0.0
7f920ca36000-7f920ca71000 r-xp 00000000 08:06 3804222                    /usr/lib/fglrx/libatiadlxx.so
7f920ca71000-7f920cb71000 ---p 0003b000 08:06 3804222                    /usr/lib/fglrx/libatiadlxx.so
7f920cb71000-7f920cb7a000 rwxp 0003b000 08:06 3804222                    /usr/lib/fglrx/libatiadlxx.so
7f920cb7a000-7f920cb8b000 rwxp 00000000 00:00 0 
7f920cb8b000-7f920cb92000 r-xp 00000000 08:06 3804253                    /usr/lib/fglrx/libatiuki.so.1.0
7f920cb92000-7f920cc92000 ---p 00007000 08:06 3804253                    /usr/lib/fglrx/libatiuki.so.1.0
7f920cc92000-7f920cc93000 rwxp 00007000 08:06 3804253                    /usr/lib/fglrx/libatiuki.so.1.0
7f920cc93000-7f920cc94000 rwxp 00000000 00:00 0 
7f920cc94000-7f920ebee000 r-xp 00000000 08:06 3804265                    /usr/lib/fglrx/dri/fglrx_dri.so
7f920ebee000-7f920ecee000 ---p 01f5a000 08:06 3804265                    /usr/lib/fglrx/dri/fglrx_dri.so
7f920ecee000-7f920ee3c000 rwxp 01f5a000 08:06 3804265                    /usr/lib/fglrx/dri/fglrx_dri.so
7f920ee3c000-7f920ef62000 rwxp 00000000 00:00 0 
7f920ef62000-7f920f025000 r-xp 00000000 08:06 3804219                    /usr/lib/fglrx/libGL.so.1.2
7f920f025000-7f920f124000 ---p 000c3000 08:06 3804219                    /usr/lib/fglrx/libGL.so.1.2
7f920f124000-7f920f14b000 rwxp 000c2000 08:06 3804219                    /usr/lib/fglrx/libGL.so.1.2
7f920f14b000-7f920f16b000 rwxp 00000000 00:00 0 
7f920f16b000-7f920f16e000 ---p 00000000 00:00 0 
7f920f16e000-7f920f26c000 rwxp 00000000 00:00 0 
7f920f26c000-7f920f271000 r-xp 00000000 08:06 3809259                    /usr/lib/x86_64-linux-gnu/libXxf86vm.so.1.0.0
7f920f271000-7f920f470000 ---p 00005000 08:06 3809259                    /usr/lib/x86_64-linux-gnu/libXxf86vm.so.1.0.0
7f920f470000-7f920f471000 r-xp 00004000 08:06 3809259                    /usr/lib/x86_64-linux-gnu/libXxf86vm.so.1.0.0
7f920f471000-7f920f472000 rwxp 00005000 08:06 3809259                    /usr/lib/x86_64-linux-gnu/libXxf86vm.so.1.0.0
7f920f472000-7f920f47a000 r-xp 00000000 08:06 3809249                    /usr/lib/x86_64-linux-gnu/libXrandr.so.2.2.0
7f920f47a000-7f920f679000 ---p 00008000 08:06 3809249                    /usr/lib/x86_64-linux-gnu/libXrandr.so.2.2.0
7f920f679000-7f920f67a000 r-xp 00007000 08:06 3809249                    /usr/lib/x86_64-linux-gnu/libXrandr.so.2.2.0
7f920f67a000-7f920f67b000 rwxp 00008000 08:06 3809249                    /usr/lib/x86_64-linux-gnu/libXrandr.so.2.2.0
7f920f67b000-7f920f6e1000 r-xp 00000000 08:07 10375991                   /home/aaron/Projects/jMonkeyProjects/jmeplanet/liblwjgl64.so
7f920f6e1000-7f920f8e1000 ---p 00066000 08:07 10375991                   /home/aaron/Projects/jMonkeyProjects/jmeplanet/liblwjgl64.so
7f920f8e1000-7f920f8e3000 r-xp 00066000 08:07 10375991                   /home/aaron/Projects/jMonkeyProjects/jmeplanet/liblwjgl64.so
7f920f8e3000-7f920f8e4000 rwxp 00068000 08:07 10375991                   /home/aaron/Projects/jMonkeyProjects/jmeplanet/liblwjgl64.so
7f920f8e4000-7f920f8e5000 r-xp 00000000 08:06 3936931                    /usr/lib/jvm/java-6-sun-1.6.0.26/jre/lib/amd64/libjawt.so
7f920f8e5000-7f920f9e4000 ---p 00001000 08:06 3936931                    /usr/lib/jvm/java-6-sun-1.6.0.26/jre/lib/amd64/libjawt.so
7f920f9e4000-7f920f9e5000 rwxp 00000000 08:06 3936931                    /usr/lib/jvm/java-6-sun-1.6.0.26/jre/lib/amd64/libjawt.so
7f920f9e5000-7f920f9ea000 r-xp 00000000 08:06 3809241                    /usr/lib/x86_64-linux-gnu/libXfixes.so.3.1.0
7f920f9ea000-7f920fbe9000 ---p 00005000 08:06 3809241                    /usr/lib/x86_64-linux-gnu/libXfixes.so.3.1.0
7f920fbe9000-7f920fbea000 r-xp 00004000 08:06 3809241                    /usr/lib/x86_64-linux-gnu/libXfixes.so.3.1.0
7f920fbea000-7f920fbeb000 rwxp 00005000 08:06 3809241                    /usr/lib/x86_64-linux-gnu/libXfixes.so.3.1.0
7f920fbeb000-7f920fbf4000 r-xp 00000000 08:06 3809251                    /usr/lib/x86_64-linux-gnu/libXrender.so.1.3.0
7f920fbf4000-7f920fdf4000 ---p 00009000 08:06 3809251                    /usr/lib/x86_64-linux-gnu/libXrender.so.1.3.0
7f920fdf4000-7f920fdf5000 r-xp 00009000 08:06 3809251                    /usr/lib/x86_64-linux-gnu/libXrender.so.1.3.0
7f920fdf5000-7f920fdf6000 rwxp 0000a000 08:06 3809251                    /usr/lib/x86_64-linux-gnu/libXrender.so.1.3.0
7f920fdf6000-7f920fdff000 r-xp 00000000 08:06 3809233                    /usr/lib/x86_64-linux-gnu/libXcursor.so.1.0.2
7f920fdff000-7f920fffe000 ---p 00009000 08:06 3809233                    /usr/lib/x86_64-linux-gnu/libXcursor.so.1.0.2
7f920fffe000-7f920ffff000 r-xp 00008000 08:06 3809233                    /usr/lib/x86_64-linux-gnu/libXcursor.so.1.0.2
7f920ffff000-7f9210000000 rwxp 00009000 08:06 3809233                    /usr/lib/x86_64-linux-gnu/libXcursor.so.1.0.2
7f9210000000-7f9210ef4000 rwxp 00000000 00:00 0 
7f9210ef4000-7f9214000000 ---p 00000000 00:00 0 
7f9214019000-7f9214020000 r-xs 00000000 08:06 3940598                    /usr/lib/x86_64-linux-gnu/gconv/gconv-modules.cache
7f9214020000-7f9214068000 rwxp 00000000 00:00 0 
7f9214068000-7f9214069000 rwxs 00005000 00:05 5873                       /dev/ati/card0
7f9214069000-7f9214089000 rwxs c4000000 00:05 5873                       /dev/ati/card0
7f9214089000-7f921408b000 rwxs 00002000 00:05 5873                       /dev/ati/card0
7f921408b000-7f921408e000 ---p 00000000 00:00 0 
7f921408e000-7f921418c000 rwxp 00000000 00:00 0 
7f921418c000-7f921418d000 r-xs 00000000 08:06 1058117                    /var/cache/fontconfig/c05880de57d1f5e948fdfacc138775d9-le64.cache-3
7f921418d000-7f9214196000 r-xs 00000000 08:06 1049056                    /var/cache/fontconfig/945677eb7aeaf62f1d50efc3fb3ec7d8-le64.cache-3
7f9214196000-7f921419a000 r-xs 00000000 08:06 1058114                    /var/cache/fontconfig/99e8ed0e538f840c565b6ed5dad60d56-le64.cache-3
7f921419a000-7f92141a2000 r-xs 00000000 08:06 1058144                    /var/cache/fontconfig/e383d7ea5fbe662a33d9b44caf393297-le64.cache-3
7f92141a2000-7f92141a6000 r-xs 00000000 08:06 1058112                    /var/cache/fontconfig/2cd17615ca594fa2959ae173292e504c-le64.cache-3
7f92141a6000-7f92141a7000 r-xs 00000000 08:06 1058111                    /var/cache/fontconfig/e7071f4a29fa870f4323321c154eba04-le64.cache-3
7f92141a7000-7f92141ac000 r-xs 00000000 08:06 1058110                    /var/cache/fontconfig/6eb3985aa4124903f6ff08ba781cd364-le64.cache-3
7f92141ac000-7f92141af000 ---p 00000000 00:00 0 
7f92141af000-7f92142ad000 rwxp 00000000 00:00 0 
7f92142ad000-7f9214326000 r-xp 00000000 08:06 3936114                    /usr/lib/jvm/java-6-sun-1.6.0.26/jre/lib/amd64/libfontmanager.so
7f9214326000-7f9214425000 ---p 00079000 08:06 3936114                    /usr/lib/jvm/java-6-sun-1.6.0.26/jre/lib/amd64/libfontmanager.so
7f9214425000-7f921443a000 rwxp 00078000 08:06 3936114                    /usr/lib/jvm/java-6-sun-1.6.0.26/jre/lib/amd64/libfontmanager.so
7f921443a000-7f921444b000 rwxp 00000000 00:00 0 
7f921444b000-7f9214450000 r-xp 00000000 08:06 3809237                    /usr/lib/x86_64-linux-gnu/libXdmcp.so.6.0.0
7f9214450000-7f921464f000 ---p 00005000 08:06 3809237                    /usr/lib/x86_64-linux-gnu/libXdmcp.so.6.0.0
7f921464f000-7f9214650000 r-xp 00004000 08:06 3809237                    /usr/lib/x86_64-linux-gnu/libXdmcp.so.6.0.0
7f9214650000-7f9214651000 rwxp 00005000 08:06 3809237                    /usr/lib/x86_64-linux-gnu/libXdmcp.so.6.0.0
7f9214651000-7f9214653000 r-xp 00000000 08:06 3809229                    /usr/lib/x86_64-linux-gnu/libXau.so.6.0.0
7f9214653000-7f9214852000 ---p 00002000 08:06 3809229                    /usr/lib/x86_64-linux-gnu/libXau.so.6.0.0
7f9214852000-7f9214853000 r-xp 00001000 08:06 3809229                    /usr/lib/x86_64-linux-gnu/libXau.so.6.0.0
7f9214853000-7f9214854000 rwxp 00002000 08:06 3809229                    /usr/lib/x86_64-linux-gnu/libXau.so.6.0.0
7f9214854000-7f9214871000 r-xp 00000000 08:06 3807879                    /usr/lib/x86_64-linux-gnu/libxcb.so.1.1.0
7f9214871000-7f9214a70000 ---p 0001d000 08:06 3807879                    /usr/lib/x86_64-linux-gnu/libxcb.so.1.1.0
7f9214a70000-7f9214a71000 r-xp 0001c000 08:06 3807879                    /usr/lib/x86_64-linux-gnu/libxcb.so.1.1.0
7f9214a71000-7f9214a72000 rwxp 0001d000 08:06 3807879                    /usr/lib/x86_64-linux-gnu/libxcb.so.1.1.0
7f9214a72000-7f9214a81000 r-xp 00000000 08:06 3809245                    /usr/lib/x86_64-linux-gnu/libXi.so.6.1.0
7f9214a81000-7f9214c80000 ---p 0000f000 08:06 3809245                    /usr/lib/x86_64-linux-gnu/libXi.so.6.1.0
7f9214c80000-7f9214c81000 r-xp 0000e000 08:06 3809245                    /usr/lib/x86_64-linux-gnu/libXi.so.6.1.0
7f9214c81000-7f9214c82000 rwxp 0000f000 08:06 3809245                    /usr/lib/x86_64-linux-gnu/libXi.so.6.1.0
7f9214c82000-7f9214c87000 r-xp 00000000 08:06 3802679                    /usr/lib/libXtst.so.6.1.0
7f9214c87000-7f9214e86000 ---p 00005000 08:06 3802679                    /usr/lib/libXtst.so.6.1.0
7f9214e86000-7f9214e87000 r-xp 00004000 08:06 3802679                    /usr/lib/libXtst.so.6.1.0
7f9214e87000-7f9214e88000 rwxp 00005000 08:06 3802679                    /usr/lib/libXtst.so.6.1.0
7f9214e88000-7f9214fbb000 r-xp 00000000 08:06 3809227                    /usr/lib/x86_64-linux-gnu/libX11.so.6.3.0
7f9214fbb000-7f92151bb000 ---p 00133000 08:06 3809227                    /usr/lib/x86_64-linux-gnu/libX11.so.6.3.0
7f92151bb000-7f92151bc000 r-xp 00133000 08:06 3809227                    /usr/lib/x86_64-linux-gnu/libX11.so.6.3.0
7f92151bc000-7f92151c0000 rwxp 00134000 08:06 3809227                    /usr/lib/x86_64-linux-gnu/libX11.so.6.3.0
7f92151c0000-7f92151d2000 r-xp 00000000 08:06 3809239                    /usr/lib/x86_64-linux-gnu/libXext.so.6.4.0
7f92151d2000-7f92153d1000 ---p 00012000 08:06 3809239                    /usr/lib/x86_64-linux-gnu/libXext.so.6.4.0
7f92153d1000-7f92153d2000 r-xp 00011000 08:06 3809239                    /usr/lib/x86_64-linux-gnu/libXext.so.6.4.0
7f92153d2000-7f92153d3000 rwxp 00012000 08:06 3809239                    /usr/lib/x86_64-linux-gnu/libXext.so.6.4.0
7f92153d3000-7f92153e3000 r-xs 00000000 08:06 1058096                    /var/cache/fontconfig/0f34bcd4b6ee430af32735b75db7f02b-le64.cache-3
7f92153e3000-7f92153f3000 r-xs 00000000 08:06 1058092                    /var/cache/fontconfig/d52a8644073d54c13679302ca1180695-le64.cache-3
7f92153f3000-7f9215435000 r-xp 00000000 08:06 3936066                    /usr/lib/jvm/java-6-sun-1.6.0.26/jre/lib/amd64/xawt/libmawt.so
7f9215435000-7f9215534000 ---p 00042000 08:06 3936066                    /usr/lib/jvm/java-6-sun-1.6.0.26/jre/lib/amd64/xawt/libmawt.so
7f9215534000-7f9215540000 rwxp 00041000 08:06 3936066                    /usr/lib/jvm/java-6-sun-1.6.0.26/jre/lib/amd64/xawt/libmawt.so
7f9215540000-7f9215541000 rwxp 00000000 00:00 0 
7f9215541000-7f92155d3000 r-xp 00000000 08:06 3936072                    /usr/lib/jvm/java-6-sun-1.6.0.26/jre/lib/amd64/libawt.so
7f92155d3000-7f92156d2000 ---p 00092000 08:06 3936072                    /usr/lib/jvm/java-6-sun-1.6.0.26/jre/lib/amd64/libawt.so
7f92156d2000-7f92156ec000 rwxp 00091000 08:06 3936072                    /usr/lib/jvm/java-6-sun-1.6.0.26/jre/lib/amd64/libawt.so
7f92156ec000-7f9215710000 rwxp 00000000 00:00 0 
7f9215710000-7f9215713000 ---p 00000000 00:00 0 
7f9215713000-7f9215811000 rwxp 00000000 00:00 0 
7f9215811000-7f9215815000 r-xs 000cb000 08:06 3805216                    /usr/lib/jvm/java-6-sun-1.6.0.26/jre/lib/ext/localedata.jar
7f9215815000-7f9215818000 r-xs 0001a000 08:07 10618362                   /home/aaron/Apps/jmonkeyplatform/jmonkeyplatform/libs/xmlpull-xpp3.jar
7f9215818000-7f921581a000 r-xs 00012000 08:07 10618454                   /home/aaron/Apps/jmonkeyplatform/jmonkeyplatform/libs/eventbus.jar
7f921581a000-7f921581d000 r-xs 0000f000 08:07 10618145                   /home/aaron/Apps/jmonkeyplatform/jmonkeyplatform/libs/nifty-style-black.jar
7f921581d000-7f9215825000 r-xs 00033000 08:07 10617850                   /home/aaron/Apps/jmonkeyplatform/jmonkeyplatform/libs/nifty-default-controls.jar
7f9215825000-7f921582f000 r-xs 0006c000 08:07 10618525                   /home/aaron/Apps/jmonkeyplatform/jmonkeyplatform/libs/nifty.jar
7f921582f000-7f9215830000 r-xs 00004000 08:07 10618878                   /home/aaron/Apps/jmonkeyplatform/jmonkeyplatform/libs/jME3-niftygui.jar
7f9215830000-7f9215831000 r-xs 0000b000 08:07 10618394                   /home/aaron/Apps/jmonkeyplatform/jmonkeyplatform/libs/stack-alloc.jar
7f9215831000-7f9215833000 r-xs 0003c000 08:07 10618568                   /home/aaron/Apps/jmonkeyplatform/jmonkeyplatform/libs/vecmath.jar
7f9215833000-7f921583d000 r-xs 00079000 08:07 10618478                   /home/aaron/Apps/jmonkeyplatform/jmonkeyplatform/libs/jbullet.jar
7f921583d000-7f9215840000 r-xs 00020000 08:07 10618359                   /home/aaron/Apps/jmonkeyplatform/jmonkeyplatform/libs/jME3-jbullet.jar
7f9215840000-7f921584d000 r-xs 000d2000 08:07 10618524                   /home/aaron/Apps/jmonkeyplatform/jmonkeyplatform/libs/lwjgl.jar
7f921584d000-7f9215851000 r-xs 00030000 08:07 10618504                   /home/aaron/Apps/jmonkeyplatform/jmonkeyplatform/libs/jinput.jar
7f9215851000-7f9215853000 r-xs 001e9000 08:07 10618103                   /home/aaron/Apps/jmonkeyplatform/jmonkeyplatform/libs/jME3-lwjgl-natives.jar
7f9215853000-7f9215855000 r-xs 00016000 08:07 10618877                   /home/aaron/Apps/jmonkeyplatform/jmonkeyplatform/libs/jME3-lwjgl.jar
7f9215855000-7f9215859000 r-xs 00021000 08:07 10618880                   /home/aaron/Apps/jmonkeyplatform/jmonkeyplatform/libs/jME3-terrain.jar
7f9215859000-7f921585a000 r-xs 00009000 08:07 10618335                   /home/aaron/Apps/jmonkeyplatform/jmonkeyplatform/libs/j-ogg-vorbisd.jar
7f921585a000-7f921585c000 r-xs 00005000 08:07 10618417                   /home/aaron/Apps/jmonkeyplatform/jmonkeyplatform/libs/j-ogg-oggd.jar
7f921585c000-7f921585d000 r-xs 00002000 08:07 10618876                   /home/aaron/Apps/jmonkeyplatform/jmonkeyplatform/libs/jME3-jogg.jar
7f921585d000-7f921585e000 r-xs 0000f000 08:07 10618879                   /home/aaron/Apps/jmonkeyplatform/jmonkeyplatform/libs/jME3-plugins.jar
7f921585e000-7f9215860000 r-xs 00032000 08:07 10618875                   /home/aaron/Apps/jmonkeyplatform/jmonkeyplatform/libs/jME3-desktop.jar
7f9215860000-7f9215872000 r-xs 00175000 08:07 10618874                   /home/aaron/Apps/jmonkeyplatform/jmonkeyplatform/libs/jME3-core.jar
7f9215872000-7f9215873000 ---p 00000000 00:00 0 
7f9215873000-7f9215973000 rwxp 00000000 00:00 0 
7f9215973000-7f9215976000 ---p 00000000 00:00 0 
7f9215976000-7f9215a74000 rwxp 00000000 00:00 0 
7f9215a74000-7f9215a77000 ---p 00000000 00:00 0 
7f9215a77000-7f9215b75000 rwxp 00000000 00:00 0 
7f9215b75000-7f9215b78000 ---p 00000000 00:00 0 
7f9215b78000-7f9215c76000 rwxp 00000000 00:00 0 
7f9215c76000-7f9215c79000 ---p 00000000 00:00 0 
7f9215c79000-7f9215d77000 rwxp 00000000 00:00 0 
7f9215d77000-7f9216040000 r-xp 00000000 08:06 3807955                    /usr/lib/locale/locale-archive
7f9216040000-7f9216043000 ---p 00000000 00:00 0 
7f9216043000-7f9216141000 rwxp 00000000 00:00 0 
7f9216141000-7f9216144000 ---p 00000000 00:00 0 
7f9216144000-7f9216242000 rwxp 00000000 00:00 0 
7f9216242000-7f9216243000 ---p 00000000 00:00 0 
7f9216243000-7f9216c80000 rwxp 00000000 00:00 0 
7f9216c80000-7f9216e18000 r-xs 03029000 08:06 3813223                    /usr/lib/jvm/java-6-sun-1.6.0.26/jre/lib/rt.jar
7f9216e18000-7f9216e40000 rwxp 00000000 00:00 0 
7f9216e40000-7f9216e41000 ---p 00000000 00:00 0 
7f9216e41000-7f9216f41000 rwxp 00000000 00:00 0 
7f9216f41000-7f9216f42000 ---p 00000000 00:00 0 
7f9216f42000-7f9217042000 rwxp 00000000 00:00 0 
7f9217042000-7f9217043000 ---p 00000000 00:00 0 
7f9217043000-7f9217143000 rwxp 00000000 00:00 0 
7f9217143000-7f9217144000 ---p 00000000 00:00 0 
7f9217144000-7f9217244000 rwxp 00000000 00:00 0 
7f9217244000-7f9217245000 ---p 00000000 00:00 0 
7f9217245000-7f9217345000 rwxp 00000000 00:00 0 
7f9217345000-7f9217346000 ---p 00000000 00:00 0 
7f9217346000-7f9217446000 rwxp 00000000 00:00 0 
7f9217446000-7f9217447000 ---p 00000000 00:00 0 
7f9217447000-7f9217547000 rwxp 00000000 00:00 0 
7f9217547000-7f9217548000 ---p 00000000 00:00 0 
7f9217548000-7f9217653000 rwxp 00000000 00:00 0 
7f9217653000-7f9217671000 rwxp 00000000 00:00 0 
7f9217671000-7f9217686000 rwxp 00000000 00:00 0 
7f9217686000-7f92177ba000 rwxp 00000000 00:00 0 
7f92177ba000-7f92177c5000 rwxp 00000000 00:00 0 
7f92177c5000-7f92177e3000 rwxp 00000000 00:00 0 
7f92177e3000-7f92177f8000 rwxp 00000000 00:00 0 
7f92177f8000-7f921792b000 rwxp 00000000 00:00 0 
7f921792b000-7f9217936000 rwxp 00000000 00:00 0 
7f9217936000-7f92179d0000 rwxp 00000000 00:00 0 
7f92179d0000-7f9217c41000 rwxp 00000000 00:00 0 
7f9217c41000-7f921a9d1000 rwxp 00000000 00:00 0 
7f921a9d1000-7f921a9df000 r-xp 00000000 08:06 3936069                    /usr/lib/jvm/java-6-sun-1.6.0.26/jre/lib/amd64/libzip.so
7f921a9df000-7f921aae1000 ---p 0000e000 08:06 3936069                    /usr/lib/jvm/java-6-sun-1.6.0.26/jre/lib/amd64/libzip.so
7f921aae1000-7f921aae4000 rwxp 00010000 08:06 3936069                    /usr/lib/jvm/java-6-sun-1.6.0.26/jre/lib/amd64/libzip.so
7f921aae4000-7f921aae5000 rwxp 00000000 00:00 0 
7f921aae5000-7f921aaf1000 r-xp 00000000 08:06 3280807                    /lib/x86_64-linux-gnu/libnss_files-2.13.so
7f921aaf1000-7f921acf0000 ---p 0000c000 08:06 3280807                    /lib/x86_64-linux-gnu/libnss_files-2.13.so
7f921acf0000-7f921acf1000 r-xp 0000b000 08:06 3280807                    /lib/x86_64-linux-gnu/libnss_files-2.13.so
7f921acf1000-7f921acf2000 rwxp 0000c000 08:06 3280807                    /lib/x86_64-linux-gnu/libnss_files-2.13.so
7f921acf2000-7f921acfc000 r-xp 00000000 08:06 3280809                    /lib/x86_64-linux-gnu/libnss_nis-2.13.so
7f921acfc000-7f921aefc000 ---p 0000a000 08:06 3280809                    /lib/x86_64-linux-gnu/libnss_nis-2.13.so
7f921aefc000-7f921aefd000 r-xp 0000a000 08:06 3280809                    /lib/x86_64-linux-gnu/libnss_nis-2.13.so
7f921aefd000-7f921aefe000 rwxp 0000b000 08:06 3280809                    /lib/x86_64-linux-gnu/libnss_nis-2.13.so
7f921aefe000-7f921af06000 r-xp 00000000 08:06 3280805                    /lib/x86_64-linux-gnu/libnss_compat-2.13.so
7f921af06000-7f921b105000 ---p 00008000 08:06 3280805                    /lib/x86_64-linux-gnu/libnss_compat-2.13.so
7f921b105000-7f921b106000 r-xp 00007000 08:06 3280805                    /lib/x86_64-linux-gnu/libnss_compat-2.13.so
7f921b106000-7f921b107000 rwxp 00008000 08:06 3280805                    /lib/x86_64-linux-gnu/libnss_compat-2.13.so
7f921b107000-7f921b11e000 r-xp 00000000 08:06 3280804                    /lib/x86_64-linux-gnu/libnsl-2.13.so
7f921b11e000-7f921b31d000 ---p 00017000 08:06 3280804                    /lib/x86_64-linux-gnu/libnsl-2.13.so
7f921b31d000-7f921b31e000 r-xp 00016000 08:06 3280804                    /lib/x86_64-linux-gnu/libnsl-2.13.so
7f921b31e000-7f921b31f000 rwxp 00017000 08:06 3280804                    /lib/x86_64-linux-gnu/libnsl-2.13.so
7f921b31f000-7f921b321000 rwxp 00000000 00:00 0 
7f921b321000-7f921b34a000 r-xp 00000000 08:06 3936438                    /usr/lib/jvm/java-6-sun-1.6.0.26/jre/lib/amd64/libjava.so
7f921b34a000-7f921b449000 ---p 00029000 08:06 3936438                    /usr/lib/jvm/java-6-sun-1.6.0.26/jre/lib/amd64/libjava.so
7f921b449000-7f921b450000 rwxp 00028000 08:06 3936438                    /usr/lib/jvm/java-6-sun-1.6.0.26/jre/lib/amd64/libjava.so
7f921b450000-7f921b45d000 r-xp 00000000 08:06 3936071                    /usr/lib/jvm/java-6-sun-1.6.0.26/jre/lib/amd64/libverify.so
7f921b45d000-7f921b55c000 ---p 0000d000 08:06 3936071                    /usr/lib/jvm/java-6-sun-1.6.0.26/jre/lib/amd64/libverify.so
7f921b55c000-7f921b55f000 rwxp 0000c000 08:06 3936071                    /usr/lib/jvm/java-6-sun-1.6.0.26/jre/lib/amd64/libverify.so
7f921b55f000-7f921b566000 r-xp 00000000 08:06 3280814                    /lib/x86_64-linux-gnu/librt-2.13.so
7f921b566000-7f921b765000 ---p 00007000 08:06 3280814                    /lib/x86_64-linux-gnu/librt-2.13.so
7f921b765000-7f921b766000 r-xp 00006000 08:06 3280814                    /lib/x86_64-linux-gnu/librt-2.13.so
7f921b766000-7f921b767000 rwxp 00007000 08:06 3280814                    /lib/x86_64-linux-gnu/librt-2.13.so
7f921b767000-7f921b76a000 ---p 00000000 00:00 0 
7f921b76a000-7f921b868000 rwxp 00000000 00:00 0 
7f921b868000-7f921b8eb000 r-xp 00000000 08:06 3280802                    /lib/x86_64-linux-gnu/libm-2.13.so
7f921b8eb000-7f921baea000 ---p 00083000 08:06 3280802                    /lib/x86_64-linux-gnu/libm-2.13.so
7f921baea000-7f921baeb000 r-xp 00082000 08:06 3280802                    /lib/x86_64-linux-gnu/libm-2.13.so
7f921baeb000-7f921baec000 rwxp 00083000 08:06 3280802                    /lib/x86_64-linux-gnu/libm-2.13.so
7f921baec000-7f921c406000 r-xp 00000000 08:06 3936947                    /usr/lib/jvm/java-6-sun-1.6.0.26/jre/lib/amd64/server/libjvm.so
7f921c406000-7f921c508000 ---p 0091a000 08:06 3936947                    /usr/lib/jvm/java-6-sun-1.6.0.26/jre/lib/amd64/server/libjvm.so
7f921c508000-7f921c6bd000 rwxp 0091c000 08:06 3936947                    /usr/lib/jvm/java-6-sun-1.6.0.26/jre/lib/amd64/server/libjvm.so
7f921c6bd000-7f921c6f7000 rwxp 00000000 00:00 0 
7f921c6f7000-7f921c88e000 r-xp 00000000 08:06 3280798                    /lib/x86_64-linux-gnu/libc-2.13.so
7f921c88e000-7f921ca8d000 ---p 00197000 08:06 3280798                    /lib/x86_64-linux-gnu/libc-2.13.so
7f921ca8d000-7f921ca91000 r-xp 00196000 08:06 3280798                    /lib/x86_64-linux-gnu/libc-2.13.so
7f921ca91000-7f921ca92000 rwxp 0019a000 08:06 3280798                    /lib/x86_64-linux-gnu/libc-2.13.so
7f921ca92000-7f921ca98000 rwxp 00000000 00:00 0 
7f921ca98000-7f921ca9a000 r-xp 00000000 08:06 3280801                    /lib/x86_64-linux-gnu/libdl-2.13.so
7f921ca9a000-7f921cc9a000 ---p 00002000 08:06 3280801                    /lib/x86_64-linux-gnu/libdl-2.13.so
7f921cc9a000-7f921cc9b000 r-xp 00002000 08:06 3280801                    /lib/x86_64-linux-gnu/libdl-2.13.so
7f921cc9b000-7f921cc9c000 rwxp 00003000 08:06 3280801                    /lib/x86_64-linux-gnu/libdl-2.13.so
7f921cc9c000-7f921ccb4000 r-xp 00000000 08:06 3280812                    /lib/x86_64-linux-gnu/libpthread-2.13.so
7f921ccb4000-7f921ceb3000 ---p 00018000 08:06 3280812                    /lib/x86_64-linux-gnu/libpthread-2.13.so
7f921ceb3000-7f921ceb4000 r-xp 00017000 08:06 3280812                    /lib/x86_64-linux-gnu/libpthread-2.13.so
7f921ceb4000-7f921ceb5000 rwxp 00018000 08:06 3280812                    /lib/x86_64-linux-gnu/libpthread-2.13.so
7f921ceb5000-7f921ceb9000 rwxp 00000000 00:00 0 
7f921ceb9000-7f921ceda000 r-xp 00000000 08:06 3277718                    /lib/x86_64-linux-gnu/ld-2.13.so
7f921ceda000-7f921cee0000 r-xs 00000000 08:06 1058100                    /var/cache/fontconfig/a755afe4a08bf5b97852ceb7400b47bc-le64.cache-3
7f921cee0000-7f921cee9000 r-xs 00000000 08:06 1058098                    /var/cache/fontconfig/6d41288fd70b0be22e8c3a91e032eec0-le64.cache-3
7f921cee9000-7f921cef3000 rwxp 00000000 00:00 0 
7f921cef3000-7f921cfa9000 rwxp 00000000 00:00 0 
7f921cfa9000-7f921cfac000 rwxp 00000000 00:00 0 
7f921cfac000-7f921cfb3000 r-xp 00000000 08:06 3936925                    /usr/lib/jvm/java-6-sun-1.6.0.26/jre/lib/amd64/jli/libjli.so
7f921cfb3000-7f921d0b4000 ---p 00007000 08:06 3936925                    /usr/lib/jvm/java-6-sun-1.6.0.26/jre/lib/amd64/jli/libjli.so
7f921d0b4000-7f921d0b6000 rwxp 00008000 08:06 3936925                    /usr/lib/jvm/java-6-sun-1.6.0.26/jre/lib/amd64/jli/libjli.so
7f921d0b6000-7f921d0b7000 rwxp 00000000 00:00 0 
7f921d0b7000-7f921d0b8000 r-xs 00000000 08:06 1058105                    /var/cache/fontconfig/4c73fe0c47614734b17d736dbde7580a-le64.cache-3
7f921d0b8000-7f921d0b9000 r-xs 00000000 08:06 1058103                    /var/cache/fontconfig/0d8c3b2ac0904cb8a57a757ad11a4a08-le64.cache-3
7f921d0b9000-7f921d0ba000 r-xs 00000000 08:06 1058101                    /var/cache/fontconfig/6a53c69dea097a2d716e069445527da8-le64.cache-3
7f921d0ba000-7f921d0bd000 r-xs 00000000 08:06 1058095                    /var/cache/fontconfig/d60319d88cac85ba9e1a07bd06cfbb8c-le64.cache-3
7f921d0bd000-7f921d0be000 r-xs 00000000 08:06 1058093                    /var/cache/fontconfig/4794a0821666d79190d59a36cb4f44b5-le64.cache-3
7f921d0be000-7f921d0c9000 r-xs 00000000 08:06 1049051                    /var/cache/fontconfig/e13b20fdb08344e0e664864cc2ede53d-le64.cache-3
7f921d0c9000-7f921d0cd000 r-xs 00000000 08:06 1049036                    /var/cache/fontconfig/7ef2298fde41cc6eeb7af42e48b7d293-le64.cache-3
7f921d0cd000-7f921d0d5000 rwxs 00000000 08:06 5380737                    /tmp/hsperfdata_aaron/31596 (deleted)
7f921d0d5000-7f921d0d6000 rwxp 00000000 00:00 0 
7f921d0d6000-7f921d0d7000 ---p 00000000 00:00 0 
7f921d0d7000-7f921d0d9000 rwxp 00000000 00:00 0 
7f921d0d9000-7f921d0da000 r-xp 00020000 08:06 3277718                    /lib/x86_64-linux-gnu/ld-2.13.so
7f921d0da000-7f921d0dc000 rwxp 00021000 08:06 3277718                    /lib/x86_64-linux-gnu/ld-2.13.so
7fff078bd000-7fff078de000 rwxp 00000000 00:00 0                          [stack]
7fff079ff000-7fff07a00000 r-xp 00000000 00:00 0                          [vdso]
ffffffffff600000-ffffffffff601000 r-xp 00000000 00:00 0                  [vsyscall]

VM Arguments:
jvm_args: -Dfile.encoding=UTF-8 
java_command: jmeplanet.test.App
Launcher Type: SUN_STANDARD

Environment Variables:
PATH=/usr/local/sbin:/usr/local/bin:/usr/sbin:/usr/bin:/sbin:/bin:/usr/games
LD_LIBRARY_PATH=/usr/lib/jvm/java-6-sun-1.6.0.26/jre/lib/amd64/server:/usr/lib/jvm/java-6-sun-1.6.0.26/jre/lib/amd64:/usr/lib/jvm/java-6-sun-1.6.0.26/jre/../lib/amd64
SHELL=/bin/bash
DISPLAY=:0

Signal Handlers:
SIGSEGV: [libjvm.so+0x85f800], sa_mask[0]=0x7ffbfeff, sa_flags=0x10000004
SIGBUS: [libjvm.so+0x85f800], sa_mask[0]=0x7ffbfeff, sa_flags=0x10000004
SIGFPE: [libjvm.so+0x70e300], sa_mask[0]=0x7ffbfeff, sa_flags=0x10000004
SIGPIPE: [libjvm.so+0x70e300], sa_mask[0]=0x7ffbfeff, sa_flags=0x10000004
SIGXFSZ: [libjvm.so+0x70e300], sa_mask[0]=0x7ffbfeff, sa_flags=0x10000004
SIGILL: [libjvm.so+0x70e300], sa_mask[0]=0x7ffbfeff, sa_flags=0x10000004
SIGUSR1: SIG_DFL, sa_mask[0]=0x00000000, sa_flags=0x00000000
SIGUSR2: [libjvm.so+0x711110], sa_mask[0]=0x00000004, sa_flags=0x10000004
SIGHUP: [libjvm.so+0x710d10], sa_mask[0]=0x7ffbfeff, sa_flags=0x10000004
SIGINT: SIG_IGN, sa_mask[0]=0x00000000, sa_flags=0x00000000
SIGTERM: [libjvm.so+0x710d10], sa_mask[0]=0x7ffbfeff, sa_flags=0x10000004
SIGQUIT: [libjvm.so+0x710d10], sa_mask[0]=0x7ffbfeff, sa_flags=0x10000004


---------------  S Y S T E M  ---------------

OS:wheezy/sid

uname:Linux 3.0.0-17-generic #30-Ubuntu SMP Thu Mar 8 20:45:39 UTC 2012 x86_64
libc:glibc 2.13 NPTL 2.13 
rlimit: STACK 8192k, CORE 0k, NPROC 31363, NOFILE 4096, AS infinity
load average:0.06 0.10 0.12

/proc/meminfo:
MemTotal:        4038188 kB
MemFree:          133380 kB
Buffers:           57224 kB
Cached:           704460 kB
SwapCached:        44528 kB
Active:          2316352 kB
Inactive:        1089384 kB
Active(anon):    1932672 kB
Inactive(anon):   745352 kB
Active(file):     383680 kB
Inactive(file):   344032 kB
Unevictable:           0 kB
Mlocked:               0 kB
SwapTotal:       3904508 kB
SwapFree:        3804124 kB
Dirty:               600 kB
Writeback:             0 kB
AnonPages:       2601536 kB
Mapped:           241184 kB
Shmem:             33972 kB
Slab:             160060 kB
SReclaimable:     125380 kB
SUnreclaim:        34680 kB
KernelStack:        4592 kB
PageTables:        45460 kB
NFS_Unstable:          0 kB
Bounce:                0 kB
WritebackTmp:          0 kB
CommitLimit:     5923600 kB
Committed_AS:    5387292 kB
VmallocTotal:   34359738367 kB
VmallocUsed:      318908 kB
VmallocChunk:   34359417256 kB
HardwareCorrupted:     0 kB
AnonHugePages:         0 kB
HugePages_Total:       0
HugePages_Free:        0
HugePages_Rsvd:        0
HugePages_Surp:        0
Hugepagesize:       2048 kB
DirectMap4k:     1302528 kB
DirectMap2M:     2875392 kB


CPU:total 8 (4 cores per cpu, 2 threads per core) family 6 model 42 stepping 7, cmov, cx8, fxsr, mmx, sse, sse2, sse3, ssse3, sse4.1, sse4.2, popcnt, ht

/proc/cpuinfo:
processor	: 0
vendor_id	: GenuineIntel
cpu family	: 6
model		: 42
model name	: Intel(R) Core(TM) i7-2630QM CPU @ 2.00GHz
stepping	: 7
cpu MHz		: 800.000
cache size	: 6144 KB
physical id	: 0
siblings	: 8
core id		: 0
cpu cores	: 4
apicid		: 0
initial apicid	: 0
fpu		: yes
fpu_exception	: yes
cpuid level	: 13
wp		: yes
flags		: fpu vme de pse tsc msr pae mce cx8 apic sep mtrr pge mca cmov pat pse36 clflush dts acpi mmx fxsr sse sse2 ss ht tm pbe syscall nx rdtscp lm constant_tsc arch_perfmon pebs bts rep_good nopl xtopology nonstop_tsc aperfmperf pni pclmulqdq dtes64 monitor ds_cpl vmx est tm2 ssse3 cx16 xtpr pdcm sse4_1 sse4_2 x2apic popcnt xsave avx lahf_lm ida arat epb xsaveopt pln pts dts tpr_shadow vnmi flexpriority ept vpid
bogomips	: 3990.86
clflush size	: 64
cache_alignment	: 64
address sizes	: 36 bits physical, 48 bits virtual
power management:

processor	: 1
vendor_id	: GenuineIntel
cpu family	: 6
model		: 42
model name	: Intel(R) Core(TM) i7-2630QM CPU @ 2.00GHz
stepping	: 7
cpu MHz		: 800.000
cache size	: 6144 KB
physical id	: 0
siblings	: 8
core id		: 0
cpu cores	: 4
apicid		: 1
initial apicid	: 1
fpu		: yes
fpu_exception	: yes
cpuid level	: 13
wp		: yes
flags		: fpu vme de pse tsc msr pae mce cx8 apic sep mtrr pge mca cmov pat pse36 clflush dts acpi mmx fxsr sse sse2 ss ht tm pbe syscall nx rdtscp lm constant_tsc arch_perfmon pebs bts rep_good nopl xtopology nonstop_tsc aperfmperf pni pclmulqdq dtes64 monitor ds_cpl vmx est tm2 ssse3 cx16 xtpr pdcm sse4_1 sse4_2 x2apic popcnt xsave avx lahf_lm ida arat epb xsaveopt pln pts dts tpr_shadow vnmi flexpriority ept vpid
bogomips	: 3990.80
clflush size	: 64
cache_alignment	: 64
address sizes	: 36 bits physical, 48 bits virtual
power management:

processor	: 2
vendor_id	: GenuineIntel
cpu family	: 6
model		: 42
model name	: Intel(R) Core(TM) i7-2630QM CPU @ 2.00GHz
stepping	: 7
cpu MHz		: 800.000
cache size	: 6144 KB
physical id	: 0
siblings	: 8
core id		: 1
cpu cores	: 4
apicid		: 2
initial apicid	: 2
fpu		: yes
fpu_exception	: yes
cpuid level	: 13
wp		: yes
flags		: fpu vme de pse tsc msr pae mce cx8 apic sep mtrr pge mca cmov pat pse36 clflush dts acpi mmx fxsr sse sse2 ss ht tm pbe syscall nx rdtscp lm constant_tsc arch_perfmon pebs bts rep_good nopl xtopology nonstop_tsc aperfmperf pni pclmulqdq dtes64 monitor ds_cpl vmx est tm2 ssse3 cx16 xtpr pdcm sse4_1 sse4_2 x2apic popcnt xsave avx lahf_lm ida arat epb xsaveopt pln pts dts tpr_shadow vnmi flexpriority ept vpid
bogomips	: 3990.83
clflush size	: 64
cache_alignment	: 64
address sizes	: 36 bits physical, 48 bits virtual
power management:

processor	: 3
vendor_id	: GenuineIntel
cpu family	: 6
model		: 42
model name	: Intel(R) Core(TM) i7-2630QM CPU @ 2.00GHz
stepping	: 7
cpu MHz		: 2001.000
cache size	: 6144 KB
physical id	: 0
siblings	: 8
core id		: 1
cpu cores	: 4
apicid		: 3
initial apicid	: 3
fpu		: yes
fpu_exception	: yes
cpuid level	: 13
wp		: yes
flags		: fpu vme de pse tsc msr pae mce cx8 apic sep mtrr pge mca cmov pat pse36 clflush dts acpi mmx fxsr sse sse2 ss ht tm pbe syscall nx rdtscp lm constant_tsc arch_perfmon pebs bts rep_good nopl xtopology nonstop_tsc aperfmperf pni pclmulqdq dtes64 monitor ds_cpl vmx est tm2 ssse3 cx16 xtpr pdcm sse4_1 sse4_2 x2apic popcnt xsave avx lahf_lm ida arat epb xsaveopt pln pts dts tpr_shadow vnmi flexpriority ept vpid
bogomips	: 3990.83
clflush size	: 64
cache_alignment	: 64
address sizes	: 36 bits physical, 48 bits virtual
power management:

processor	: 4
vendor_id	: GenuineIntel
cpu family	: 6
model		: 42
model name	: Intel(R) Core(TM) i7-2630QM CPU @ 2.00GHz
stepping	: 7
cpu MHz		: 800.000
cache size	: 6144 KB
physical id	: 0
siblings	: 8
core id		: 2
cpu cores	: 4
apicid		: 4
initial apicid	: 4
fpu		: yes
fpu_exception	: yes
cpuid level	: 13
wp		: yes
flags		: fpu vme de pse tsc msr pae mce cx8 apic sep mtrr pge mca cmov pat pse36 clflush dts acpi mmx fxsr sse sse2 ss ht tm pbe syscall nx rdtscp lm constant_tsc arch_perfmon pebs bts rep_good nopl xtopology nonstop_tsc aperfmperf pni pclmulqdq dtes64 monitor ds_cpl vmx est tm2 ssse3 cx16 xtpr pdcm sse4_1 sse4_2 x2apic popcnt xsave avx lahf_lm ida arat epb xsaveopt pln pts dts tpr_shadow vnmi flexpriority ept vpid
bogomips	: 3990.84
clflush size	: 64
cache_alignment	: 64
address sizes	: 36 bits physical, 48 bits virtual
power management:

processor	: 5
vendor_id	: GenuineIntel
cpu family	: 6
model		: 42
model name	: Intel(R) Core(TM) i7-2630QM CPU @ 2.00GHz
stepping	: 7
cpu MHz		: 800.000
cache size	: 6144 KB
physical id	: 0
siblings	: 8
core id		: 2
cpu cores	: 4
apicid		: 5
initial apicid	: 5
fpu		: yes
fpu_exception	: yes
cpuid level	: 13
wp		: yes
flags		: fpu vme de pse tsc msr pae mce cx8 apic sep mtrr pge mca cmov pat pse36 clflush dts acpi mmx fxsr sse sse2 ss ht tm pbe syscall nx rdtscp lm constant_tsc arch_perfmon pebs bts rep_good nopl xtopology nonstop_tsc aperfmperf pni pclmulqdq dtes64 monitor ds_cpl vmx est tm2 ssse3 cx16 xtpr pdcm sse4_1 sse4_2 x2apic popcnt xsave avx lahf_lm ida arat epb xsaveopt pln pts dts tpr_shadow vnmi flexpriority ept vpid
bogomips	: 3990.83
clflush size	: 64
cache_alignment	: 64
address sizes	: 36 bits physical, 48 bits virtual
power management:

processor	: 6
vendor_id	: GenuineIntel
cpu family	: 6
model		: 42
model name	: Intel(R) Core(TM) i7-2630QM CPU @ 2.00GHz
stepping	: 7
cpu MHz		: 800.000
cache size	: 6144 KB
physical id	: 0
siblings	: 8
core id		: 3
cpu cores	: 4
apicid		: 6
initial apicid	: 6
fpu		: yes
fpu_exception	: yes
cpuid level	: 13
wp		: yes
flags		: fpu vme de pse tsc msr pae mce cx8 apic sep mtrr pge mca cmov pat pse36 clflush dts acpi mmx fxsr sse sse2 ss ht tm pbe syscall nx rdtscp lm constant_tsc arch_perfmon pebs bts rep_good nopl xtopology nonstop_tsc aperfmperf pni pclmulqdq dtes64 monitor ds_cpl vmx est tm2 ssse3 cx16 xtpr pdcm sse4_1 sse4_2 x2apic popcnt xsave avx lahf_lm ida arat epb xsaveopt pln pts dts tpr_shadow vnmi flexpriority ept vpid
bogomips	: 3990.82
clflush size	: 64
cache_alignment	: 64
address sizes	: 36 bits physical, 48 bits virtual
power management:

processor	: 7
vendor_id	: GenuineIntel
cpu family	: 6
model		: 42
model name	: Intel(R) Core(TM) i7-2630QM CPU @ 2.00GHz
stepping	: 7
cpu MHz		: 800.000
cache size	: 6144 KB
physical id	: 0
siblings	: 8
core id		: 3
cpu cores	: 4
apicid		: 7
initial apicid	: 7
fpu		: yes
fpu_exception	: yes
cpuid level	: 13
wp		: yes
flags		: fpu vme de pse tsc msr pae mce cx8 apic sep mtrr pge mca cmov pat pse36 clflush dts acpi mmx fxsr sse sse2 ss ht tm pbe syscall nx rdtscp lm constant_tsc arch_perfmon pebs bts rep_good nopl xtopology nonstop_tsc aperfmperf pni pclmulqdq dtes64 monitor ds_cpl vmx est tm2 ssse3 cx16 xtpr pdcm sse4_1 sse4_2 x2apic popcnt xsave avx lahf_lm ida arat epb xsaveopt pln pts dts tpr_shadow vnmi flexpriority ept vpid
bogomips	: 3990.84
clflush size	: 64
cache_alignment	: 64
address sizes	: 36 bits physical, 48 bits virtual
power management:



Memory: 4k page, physical 4038188k(133380k free), swap 3904508k(3804124k free)

vm_info: Java HotSpot(TM) 64-Bit Server VM (20.1-b02) for linux-amd64 JRE (1.6.0_26-b03), built on May  4 2011 01:13:47 by "java_re" with gcc 3.2.2 (SuSE Linux)

time: Mon Apr 23 15:56:37 2012
elapsed time: 7 seconds

