#
# A fatal error has been detected by the Java Runtime Environment:
#
#  SIGSEGV (0xb) at pc=0x00007fa739f98c08, pid=31289, tid=140356344104736
#
# JRE version: 6.0_26-b03
# Java VM: Java HotSpot(TM) 64-Bit Server VM (20.1-b02 mixed mode linux-amd64 compressed oops)
# Problematic frame:
# C  [libX11.so.6+0x35c08]  XQueryExtension+0x28
#
# If you would like to submit a bug report, please visit:
#   http://java.sun.com/webapps/bugreport/crash.jsp
#

---------------  T H R E A D  ---------------

Current thread is native thread

siginfo:si_signo=SIGSEGV: si_errno=0, si_code=1 (SEGV_MAPERR), si_addr=0x0000000034285018

Registers:
RAX=0x00000000416ef5b0, RBX=0x00000000342846b0, RCX=0x00007fff5d4c0998, RDX=0x00007fff5d4c0994
RSP=0x00007fff5d4c0930, RBP=0x00007fa733e8d932, RSI=0x00007fa733e8d932, RDI=0x00000000342846b0
R8 =0x00007fff5d4c099c, R9 =0x0000000000000000, R10=0x00007fa741b6fea8, R11=0x00007fa74180dba0
R12=0x00007fff5d4c0994, R13=0x00007fa733e8d932, R14=0x00000000416ef5b0, R15=0x0000000000000000
RIP=0x00007fa739f98c08, EFLAGS=0x0000000000010206, CSGSFS=0x0000000000000033, ERR=0x0000000000000004
  TRAPNO=0x000000000000000e

Top of Stack: (sp=0x00007fff5d4c0930)
0x00007fff5d4c0930:   00007fa7417e05c8 00007fa7421919e8
0x00007fff5d4c0940:   0000000000000000 0000000000000000
0x00007fff5d4c0950:   000000000bea6495 00000000342846b0
0x00007fff5d4c0960:   00007fa733e8d932 0000000000000000
0x00007fff5d4c0970:   00007fa733e8d932 00000000416ef5b0
0x00007fff5d4c0980:   0000000000000000 00007fa739f8c4f5
0x00007fff5d4c0990:   00007fa7421b5048 00007fa733fc6520
0x00007fff5d4c09a0:   00007fa733fc6520 00000000342846b0
0x00007fff5d4c09b0:   00007fa734209d50 00007fa73a2a973b
0x00007fff5d4c09c0:   0101010101010101 00000011417e05c8
0x00007fff5d4c09d0:   00007fff5d4c0a50 0000000000000000
0x00007fff5d4c09e0:   00007fff5d4c0a50 00000000342846b0
0x00007fff5d4c09f0:   0000000000000000 00007fa7421b5048
0x00007fff5d4c0a00:   00007fa733fdfd50 00007fa733e34119
0x00007fff5d4c0a10:   0000000000000000 0000000000000033
0x00007fff5d4c0a20:   00007fff5d4c0a50 00007fff5d4c0a70
0x00007fff5d4c0a30:   0000000000000000 00007fa7421b5048
0x00007fff5d4c0a40:   00007fa7342a8cc0 00007fa733e2ab42
0x00007fff5d4c0a50:   00007fff5d4c0c80 00007fa733e8d8b1
0x00007fff5d4c0a60:   00007fff5d4c0c80 00007fa741fa3135
0x00007fff5d4c0a70:   00007fa7421b62c8 00007fa7421b6858
0x00007fff5d4c0a80:   00007fa742191000 00000000416f6350
0x00007fff5d4c0a90:   00000000416f6830 00000000416f6d30
0x00007fff5d4c0aa0:   00000000416fb9e0 000000004186a690
0x00007fff5d4c0ab0:   00007fa73427bf50 00007fa73427ba80
0x00007fff5d4c0ac0:   00007fa734275bf0 00007fa734276530
0x00007fff5d4c0ad0:   00000000416f75b0 0000000041859ca0
0x00007fff5d4c0ae0:   0000000041859800 00000000417d6110
0x00007fff5d4c0af0:   00000000416f18d0 00000000416f1230
0x00007fff5d4c0b00:   00000000416ee570 00007fa73427c420
0x00007fff5d4c0b10:   00007fa734276090 00007fa73427c8c0
0x00007fff5d4c0b20:   00007fa7342a8cc0 00007fa73428ab10 

Instructions: (pc=0x00007fa739f98c08)
0x00007fa739f98be8:   24 d8 48 89 fb 4c 89 64 24 e0 4c 89 6c 24 e8 49
0x00007fa739f98bf8:   89 d4 4c 89 74 24 f0 4c 89 7c 24 f8 48 83 ec 58
0x00007fa739f98c08:   48 8b 87 68 09 00 00 49 89 f5 48 89 cd 4d 89 c6
0x00007fa739f98c18:   48 85 c0 74 02 ff 10 4c 8b bb b0 00 00 00 49 8d 

Register to memory mapping:

RAX=0x00000000416ef5b0 is an unknown value
RBX=0x00000000342846b0 is an unknown value
RCX=0x00007fff5d4c0998 is an unknown value
RDX=0x00007fff5d4c0994 is an unknown value
RSP=0x00007fff5d4c0930 is an unknown value
RBP=0x00007fa733e8d932: <offset 0x96932> in /usr/lib/fglrx/libGL.so.1 at 0x00007fa733df7000
RSI=0x00007fa733e8d932: <offset 0x96932> in /usr/lib/fglrx/libGL.so.1 at 0x00007fa733df7000
RDI=0x00000000342846b0 is an unknown value
R8 =0x00007fff5d4c099c is an unknown value
R9 =0x0000000000000000 is an unknown value
R10=0x00007fa741b6fea8: <offset 0x39dea8> in /lib/x86_64-linux-gnu/libc.so.6 at 0x00007fa7417d2000
R11=0x00007fa74180dba0: __cxa_finalize+0 in /lib/x86_64-linux-gnu/libc.so.6 at 0x00007fa7417d2000
R12=0x00007fff5d4c0994 is an unknown value
R13=0x00007fa733e8d932: <offset 0x96932> in /usr/lib/fglrx/libGL.so.1 at 0x00007fa733df7000
R14=0x00000000416ef5b0 is an unknown value
R15=0x0000000000000000 is an unknown value


Stack: [0x00007fff5d3c2000,0x00007fff5d4c2000],  sp=0x00007fff5d4c0930,  free space=1018k
Native frames: (J=compiled Java code, j=interpreted, Vv=VM code, C=native code)
C  [libX11.so.6+0x35c08]  XQueryExtension+0x28


---------------  P R O C E S S  ---------------

VM state:at safepoint (shutting down)

VM Mutex/Monitor currently owned by a thread:  ([mutex/lock_event])
[0x00000000416f4720] Threads_lock - owner thread: 0x00007fa734044800

Heap
 PSYoungGen      total 18368K, used 7164K [0x00000000eb760000, 0x00000000ecbe0000, 0x0000000100000000)
  eden space 15744K, 36% used [0x00000000eb760000,0x00000000ebcfe6e0,0x00000000ec6c0000)
  from space 2624K, 53% used [0x00000000ec6c0000,0x00000000ec8209e0,0x00000000ec950000)
  to   space 2624K, 0% used [0x00000000ec950000,0x00000000ec950000,0x00000000ecbe0000)
 PSOldGen        total 42112K, used 0K [0x00000000c2600000, 0x00000000c4f20000, 0x00000000eb760000)
  object space 42112K, 0% used [0x00000000c2600000,0x00000000c2600000,0x00000000c4f20000)
 PSPermGen       total 21248K, used 13032K [0x00000000bd400000, 0x00000000be8c0000, 0x00000000c2600000)
  object space 21248K, 61% used [0x00000000bd400000,0x00000000be0ba2b0,0x00000000be8c0000)

Code Cache  [0x00007fa73caac000, 0x00007fa73cd1c000, 0x00007fa73faac000)
 total_blobs=749 nmethods=239 adapters=464 free_code_cache=49238272 largest_free_block=8128

Dynamic libraries:
40000000-40009000 r-xp 00000000 08:06 3941148                            /usr/lib/jvm/java-6-sun-1.6.0.26/jre/bin/java
40108000-4010a000 rwxp 00008000 08:06 3941148                            /usr/lib/jvm/java-6-sun-1.6.0.26/jre/bin/java
416ee000-41e45000 rwxp 00000000 00:00 0                                  [heap]
bd400000-be8c0000 rwxp 00000000 00:00 0 
be8c0000-c2600000 rwxp 00000000 00:00 0 
c2600000-c4f20000 rwxp 00000000 00:00 0 
c4f20000-eb760000 rwxp 00000000 00:00 0 
eb760000-ecbe0000 rwxp 00000000 00:00 0 
ecbe0000-100000000 rwxp 00000000 00:00 0 
7fa728f6e000-7fa728f71000 ---p 00000000 00:00 0 
7fa728f71000-7fa72906f000 rwxp 00000000 00:00 0 
7fa72906f000-7fa729070000 ---p 00000000 00:00 0 
7fa729070000-7fa729870000 rwxp 00000000 00:00 0 
7fa729870000-7fa729871000 ---p 00000000 00:00 0 
7fa729871000-7fa72a071000 rwxp 00000000 00:00 0 
7fa72a071000-7fa72a072000 ---p 00000000 00:00 0 
7fa72a072000-7fa72a872000 rwxp 00000000 00:00 0 
7fa72e873000-7fa72e874000 ---p 00000000 00:00 0 
7fa72e874000-7fa72f074000 rwxp 00000000 00:00 0 
7fa72f074000-7fa72f08b000 r-xp 00000000 08:06 3280813                    /lib/x86_64-linux-gnu/libresolv-2.13.so
7fa72f08b000-7fa72f28b000 ---p 00017000 08:06 3280813                    /lib/x86_64-linux-gnu/libresolv-2.13.so
7fa72f28b000-7fa72f28c000 r-xp 00017000 08:06 3280813                    /lib/x86_64-linux-gnu/libresolv-2.13.so
7fa72f28c000-7fa72f28d000 rwxp 00018000 08:06 3280813                    /lib/x86_64-linux-gnu/libresolv-2.13.so
7fa72f28d000-7fa72f28f000 rwxp 00000000 00:00 0 
7fa72f28f000-7fa72f295000 r-xp 00000000 08:06 3809389                    /usr/lib/x86_64-linux-gnu/libogg.so.0.7.1
7fa72f295000-7fa72f494000 ---p 00006000 08:06 3809389                    /usr/lib/x86_64-linux-gnu/libogg.so.0.7.1
7fa72f494000-7fa72f495000 r-xp 00005000 08:06 3809389                    /usr/lib/x86_64-linux-gnu/libogg.so.0.7.1
7fa72f495000-7fa72f496000 rwxp 00006000 08:06 3809389                    /usr/lib/x86_64-linux-gnu/libogg.so.0.7.1
7fa72f496000-7fa72f4c1000 r-xp 00000000 08:06 3809461                    /usr/lib/x86_64-linux-gnu/libvorbis.so.0.4.5
7fa72f4c1000-7fa72f6c0000 ---p 0002b000 08:06 3809461                    /usr/lib/x86_64-linux-gnu/libvorbis.so.0.4.5
7fa72f6c0000-7fa72f6c1000 r-xp 0002a000 08:06 3809461                    /usr/lib/x86_64-linux-gnu/libvorbis.so.0.4.5
7fa72f6c1000-7fa72f6c2000 rwxp 0002b000 08:06 3809461                    /usr/lib/x86_64-linux-gnu/libvorbis.so.0.4.5
7fa72f6c2000-7fa72f975000 r-xp 00000000 08:06 3809456                    /usr/lib/x86_64-linux-gnu/libvorbisenc.so.2.0.8
7fa72f975000-7fa72fb74000 ---p 002b3000 08:06 3809456                    /usr/lib/x86_64-linux-gnu/libvorbisenc.so.2.0.8
7fa72fb74000-7fa72fb90000 r-xp 002b2000 08:06 3809456                    /usr/lib/x86_64-linux-gnu/libvorbisenc.so.2.0.8
7fa72fb90000-7fa72fb91000 rwxp 002ce000 08:06 3809456                    /usr/lib/x86_64-linux-gnu/libvorbisenc.so.2.0.8
7fa72fb91000-7fa72fbd9000 r-xp 00000000 08:06 3809156                    /usr/lib/x86_64-linux-gnu/libFLAC.so.8.2.0
7fa72fbd9000-7fa72fdd9000 ---p 00048000 08:06 3809156                    /usr/lib/x86_64-linux-gnu/libFLAC.so.8.2.0
7fa72fdd9000-7fa72fdda000 r-xp 00048000 08:06 3809156                    /usr/lib/x86_64-linux-gnu/libFLAC.so.8.2.0
7fa72fdda000-7fa72fddb000 rwxp 00049000 08:06 3809156                    /usr/lib/x86_64-linux-gnu/libFLAC.so.8.2.0
7fa72fddb000-7fa72fde0000 r-xp 00000000 08:06 3809265                    /usr/lib/x86_64-linux-gnu/libasyncns.so.0.3.1
7fa72fde0000-7fa72ffdf000 ---p 00005000 08:06 3809265                    /usr/lib/x86_64-linux-gnu/libasyncns.so.0.3.1
7fa72ffdf000-7fa72ffe0000 r-xp 00004000 08:06 3809265                    /usr/lib/x86_64-linux-gnu/libasyncns.so.0.3.1
7fa72ffe0000-7fa72ffe1000 rwxp 00005000 08:06 3809265                    /usr/lib/x86_64-linux-gnu/libasyncns.so.0.3.1
7fa72ffe1000-7fa730041000 r-xp 00000000 08:06 3809429                    /usr/lib/x86_64-linux-gnu/libsndfile.so.1.0.24
7fa730041000-7fa730241000 ---p 00060000 08:06 3809429                    /usr/lib/x86_64-linux-gnu/libsndfile.so.1.0.24
7fa730241000-7fa730243000 r-xp 00060000 08:06 3809429                    /usr/lib/x86_64-linux-gnu/libsndfile.so.1.0.24
7fa730243000-7fa730244000 rwxp 00062000 08:06 3809429                    /usr/lib/x86_64-linux-gnu/libsndfile.so.1.0.24
7fa730244000-7fa730248000 rwxp 00000000 00:00 0 
7fa730248000-7fa730250000 r-xp 00000000 08:06 3280658                    /lib/x86_64-linux-gnu/libwrap.so.0.7.6
7fa730250000-7fa73044f000 ---p 00008000 08:06 3280658                    /lib/x86_64-linux-gnu/libwrap.so.0.7.6
7fa73044f000-7fa730450000 r-xp 00007000 08:06 3280658                    /lib/x86_64-linux-gnu/libwrap.so.0.7.6
7fa730450000-7fa730451000 rwxp 00008000 08:06 3280658                    /lib/x86_64-linux-gnu/libwrap.so.0.7.6
7fa730451000-7fa730493000 r-xp 00000000 08:06 3280587                    /lib/x86_64-linux-gnu/libdbus-1.so.3.5.7
7fa730493000-7fa730692000 ---p 00042000 08:06 3280587                    /lib/x86_64-linux-gnu/libdbus-1.so.3.5.7
7fa730692000-7fa730693000 r-xp 00041000 08:06 3280587                    /lib/x86_64-linux-gnu/libdbus-1.so.3.5.7
7fa730693000-7fa730694000 rwxp 00042000 08:06 3280587                    /lib/x86_64-linux-gnu/libdbus-1.so.3.5.7
7fa730694000-7fa7306f0000 r-xp 00000000 08:06 3809314                    /usr/lib/x86_64-linux-gnu/libpulsecommon-1.0.so
7fa7306f0000-7fa7308f0000 ---p 0005c000 08:06 3809314                    /usr/lib/x86_64-linux-gnu/libpulsecommon-1.0.so
7fa7308f0000-7fa7308f1000 r-xp 0005c000 08:06 3809314                    /usr/lib/x86_64-linux-gnu/libpulsecommon-1.0.so
7fa7308f1000-7fa7308f2000 rwxp 0005d000 08:06 3809314                    /usr/lib/x86_64-linux-gnu/libpulsecommon-1.0.so
7fa7308f2000-7fa7308f9000 r-xp 00000000 08:06 3809363                    /usr/lib/x86_64-linux-gnu/libjson.so.0.0.1
7fa7308f9000-7fa730af8000 ---p 00007000 08:06 3809363                    /usr/lib/x86_64-linux-gnu/libjson.so.0.0.1
7fa730af8000-7fa730af9000 r-xp 00006000 08:06 3809363                    /usr/lib/x86_64-linux-gnu/libjson.so.0.0.1
7fa730af9000-7fa730afa000 rwxp 00007000 08:06 3809363                    /usr/lib/x86_64-linux-gnu/libjson.so.0.0.1
7fa730afa000-7fa730b40000 r-xp 00000000 08:06 3809289                    /usr/lib/x86_64-linux-gnu/libpulse.so.0.13.4
7fa730b40000-7fa730d3f000 ---p 00046000 08:06 3809289                    /usr/lib/x86_64-linux-gnu/libpulse.so.0.13.4
7fa730d3f000-7fa730d40000 r-xp 00045000 08:06 3809289                    /usr/lib/x86_64-linux-gnu/libpulse.so.0.13.4
7fa730d40000-7fa730d41000 rwxp 00046000 08:06 3809289                    /usr/lib/x86_64-linux-gnu/libpulse.so.0.13.4
7fa730fd1000-7fa7316d1000 rwxs 00006000 00:05 5873                       /dev/ati/card0
7fa7316d1000-7fa7317d1000 rwxp 00000000 00:00 0 
7fa7317d1000-7fa7317d3000 r-xp 00000000 08:06 3809247                    /usr/lib/x86_64-linux-gnu/libXinerama.so.1.0.0
7fa7317d3000-7fa7319d2000 ---p 00002000 08:06 3809247                    /usr/lib/x86_64-linux-gnu/libXinerama.so.1.0.0
7fa7319d2000-7fa7319d3000 r-xp 00001000 08:06 3809247                    /usr/lib/x86_64-linux-gnu/libXinerama.so.1.0.0
7fa7319d3000-7fa7319d4000 rwxp 00002000 08:06 3809247                    /usr/lib/x86_64-linux-gnu/libXinerama.so.1.0.0
7fa7319d4000-7fa731a0f000 r-xp 00000000 08:06 3804222                    /usr/lib/fglrx/libatiadlxx.so
7fa731a0f000-7fa731b0f000 ---p 0003b000 08:06 3804222                    /usr/lib/fglrx/libatiadlxx.so
7fa731b0f000-7fa731b18000 rwxp 0003b000 08:06 3804222                    /usr/lib/fglrx/libatiadlxx.so
7fa731b18000-7fa731b29000 rwxp 00000000 00:00 0 
7fa731b29000-7fa733a83000 r-xp 00000000 08:06 3804265                    /usr/lib/fglrx/dri/fglrx_dri.so
7fa733a83000-7fa733b83000 ---p 01f5a000 08:06 3804265                    /usr/lib/fglrx/dri/fglrx_dri.so
7fa733b83000-7fa733cd1000 rwxp 01f5a000 08:06 3804265                    /usr/lib/fglrx/dri/fglrx_dri.so
7fa733cd1000-7fa733df7000 rwxp 00000000 00:00 0 
7fa733df7000-7fa733eba000 r-xp 00000000 08:06 3804219                    /usr/lib/fglrx/libGL.so.1.2
7fa733eba000-7fa733fb9000 ---p 000c3000 08:06 3804219                    /usr/lib/fglrx/libGL.so.1.2
7fa733fb9000-7fa733fe0000 rwxp 000c2000 08:06 3804219                    /usr/lib/fglrx/libGL.so.1.2
7fa733fe0000-7fa734000000 rwxp 00000000 00:00 0 
7fa734000000-7fa7359f7000 rwxp 00000000 00:00 0 
7fa7359f7000-7fa738000000 ---p 00000000 00:00 0 
7fa73800d000-7fa7380d5000 rwxp 00000000 00:00 0 
7fa7380d5000-7fa7380dc000 r-xp 00000000 08:06 3804253                    /usr/lib/fglrx/libatiuki.so.1.0
7fa7380dc000-7fa7381dc000 ---p 00007000 08:06 3804253                    /usr/lib/fglrx/libatiuki.so.1.0
7fa7381dc000-7fa7381dd000 rwxp 00007000 08:06 3804253                    /usr/lib/fglrx/libatiuki.so.1.0
7fa7381dd000-7fa7381de000 rwxp 00000000 00:00 0 
7fa7381de000-7fa7381e1000 ---p 00000000 00:00 0 
7fa7381e1000-7fa7382df000 rwxp 00000000 00:00 0 
7fa7382df000-7fa7382e4000 r-xp 00000000 08:06 3809259                    /usr/lib/x86_64-linux-gnu/libXxf86vm.so.1.0.0
7fa7382e4000-7fa7384e3000 ---p 00005000 08:06 3809259                    /usr/lib/x86_64-linux-gnu/libXxf86vm.so.1.0.0
7fa7384e3000-7fa7384e4000 r-xp 00004000 08:06 3809259                    /usr/lib/x86_64-linux-gnu/libXxf86vm.so.1.0.0
7fa7384e4000-7fa7384e5000 rwxp 00005000 08:06 3809259                    /usr/lib/x86_64-linux-gnu/libXxf86vm.so.1.0.0
7fa7384e5000-7fa7384ed000 r-xp 00000000 08:06 3809249                    /usr/lib/x86_64-linux-gnu/libXrandr.so.2.2.0
7fa7384ed000-7fa7386ec000 ---p 00008000 08:06 3809249                    /usr/lib/x86_64-linux-gnu/libXrandr.so.2.2.0
7fa7386ec000-7fa7386ed000 r-xp 00007000 08:06 3809249                    /usr/lib/x86_64-linux-gnu/libXrandr.so.2.2.0
7fa7386ed000-7fa7386ee000 rwxp 00008000 08:06 3809249                    /usr/lib/x86_64-linux-gnu/libXrandr.so.2.2.0
7fa7386ee000-7fa738754000 r-xp 00000000 08:07 10375991                   /home/aaron/Projects/jMonkeyProjects/jmeplanet/liblwjgl64.so
7fa738754000-7fa738954000 ---p 00066000 08:07 10375991                   /home/aaron/Projects/jMonkeyProjects/jmeplanet/liblwjgl64.so
7fa738954000-7fa738956000 r-xp 00066000 08:07 10375991                   /home/aaron/Projects/jMonkeyProjects/jmeplanet/liblwjgl64.so
7fa738956000-7fa738957000 rwxp 00068000 08:07 10375991                   /home/aaron/Projects/jMonkeyProjects/jmeplanet/liblwjgl64.so
7fa738957000-7fa738958000 r-xs 00000000 08:06 1058117                    /var/cache/fontconfig/c05880de57d1f5e948fdfacc138775d9-le64.cache-3
7fa738958000-7fa738961000 r-xs 00000000 08:06 1049056                    /var/cache/fontconfig/945677eb7aeaf62f1d50efc3fb3ec7d8-le64.cache-3
7fa738961000-7fa738965000 r-xs 00000000 08:06 1058114                    /var/cache/fontconfig/99e8ed0e538f840c565b6ed5dad60d56-le64.cache-3
7fa738965000-7fa73896d000 r-xs 00000000 08:06 1058144                    /var/cache/fontconfig/e383d7ea5fbe662a33d9b44caf393297-le64.cache-3
7fa73896d000-7fa738971000 r-xs 00000000 08:06 1058112                    /var/cache/fontconfig/2cd17615ca594fa2959ae173292e504c-le64.cache-3
7fa738971000-7fa738972000 r-xs 00000000 08:06 1058111                    /var/cache/fontconfig/e7071f4a29fa870f4323321c154eba04-le64.cache-3
7fa738972000-7fa738977000 r-xs 00000000 08:06 1058110                    /var/cache/fontconfig/6eb3985aa4124903f6ff08ba781cd364-le64.cache-3
7fa7389aa000-7fa738a2a000 rwxp 00000000 00:00 0 
7fa738a2a000-7fa738a4a000 rwxs c4000000 00:05 5873                       /dev/ati/card0
7fa738a4a000-7fa738a4b000 r-xp 00000000 08:06 3936931                    /usr/lib/jvm/java-6-sun-1.6.0.26/jre/lib/amd64/libjawt.so
7fa738a4b000-7fa738b4a000 ---p 00001000 08:06 3936931                    /usr/lib/jvm/java-6-sun-1.6.0.26/jre/lib/amd64/libjawt.so
7fa738b4a000-7fa738b4b000 rwxp 00000000 08:06 3936931                    /usr/lib/jvm/java-6-sun-1.6.0.26/jre/lib/amd64/libjawt.so
7fa738b4b000-7fa738b4e000 ---p 00000000 00:00 0 
7fa738b4e000-7fa738c4c000 rwxp 00000000 00:00 0 
7fa738c4c000-7fa738c51000 r-xp 00000000 08:06 3809241                    /usr/lib/x86_64-linux-gnu/libXfixes.so.3.1.0
7fa738c51000-7fa738e50000 ---p 00005000 08:06 3809241                    /usr/lib/x86_64-linux-gnu/libXfixes.so.3.1.0
7fa738e50000-7fa738e51000 r-xp 00004000 08:06 3809241                    /usr/lib/x86_64-linux-gnu/libXfixes.so.3.1.0
7fa738e51000-7fa738e52000 rwxp 00005000 08:06 3809241                    /usr/lib/x86_64-linux-gnu/libXfixes.so.3.1.0
7fa738e52000-7fa738e5b000 r-xp 00000000 08:06 3809251                    /usr/lib/x86_64-linux-gnu/libXrender.so.1.3.0
7fa738e5b000-7fa73905b000 ---p 00009000 08:06 3809251                    /usr/lib/x86_64-linux-gnu/libXrender.so.1.3.0
7fa73905b000-7fa73905c000 r-xp 00009000 08:06 3809251                    /usr/lib/x86_64-linux-gnu/libXrender.so.1.3.0
7fa73905c000-7fa73905d000 rwxp 0000a000 08:06 3809251                    /usr/lib/x86_64-linux-gnu/libXrender.so.1.3.0
7fa73905d000-7fa739066000 r-xp 00000000 08:06 3809233                    /usr/lib/x86_64-linux-gnu/libXcursor.so.1.0.2
7fa739066000-7fa739265000 ---p 00009000 08:06 3809233                    /usr/lib/x86_64-linux-gnu/libXcursor.so.1.0.2
7fa739265000-7fa739266000 r-xp 00008000 08:06 3809233                    /usr/lib/x86_64-linux-gnu/libXcursor.so.1.0.2
7fa739266000-7fa739267000 rwxp 00009000 08:06 3809233                    /usr/lib/x86_64-linux-gnu/libXcursor.so.1.0.2
7fa73927d000-7fa739284000 r-xs 00000000 08:06 3940598                    /usr/lib/x86_64-linux-gnu/gconv/gconv-modules.cache
7fa739284000-7fa739285000 rwxs 00005000 00:05 5873                       /dev/ati/card0
7fa739285000-7fa739287000 rwxs 00002000 00:05 5873                       /dev/ati/card0
7fa739287000-7fa73928a000 ---p 00000000 00:00 0 
7fa73928a000-7fa739388000 rwxp 00000000 00:00 0 
7fa739388000-7fa739401000 r-xp 00000000 08:06 3936114                    /usr/lib/jvm/java-6-sun-1.6.0.26/jre/lib/amd64/libfontmanager.so
7fa739401000-7fa739500000 ---p 00079000 08:06 3936114                    /usr/lib/jvm/java-6-sun-1.6.0.26/jre/lib/amd64/libfontmanager.so
7fa739500000-7fa739515000 rwxp 00078000 08:06 3936114                    /usr/lib/jvm/java-6-sun-1.6.0.26/jre/lib/amd64/libfontmanager.so
7fa739515000-7fa739526000 rwxp 00000000 00:00 0 
7fa739526000-7fa73952b000 r-xp 00000000 08:06 3809237                    /usr/lib/x86_64-linux-gnu/libXdmcp.so.6.0.0
7fa73952b000-7fa73972a000 ---p 00005000 08:06 3809237                    /usr/lib/x86_64-linux-gnu/libXdmcp.so.6.0.0
7fa73972a000-7fa73972b000 r-xp 00004000 08:06 3809237                    /usr/lib/x86_64-linux-gnu/libXdmcp.so.6.0.0
7fa73972b000-7fa73972c000 rwxp 00005000 08:06 3809237                    /usr/lib/x86_64-linux-gnu/libXdmcp.so.6.0.0
7fa73972c000-7fa73972e000 r-xp 00000000 08:06 3809229                    /usr/lib/x86_64-linux-gnu/libXau.so.6.0.0
7fa73972e000-7fa73992d000 ---p 00002000 08:06 3809229                    /usr/lib/x86_64-linux-gnu/libXau.so.6.0.0
7fa73992d000-7fa73992e000 r-xp 00001000 08:06 3809229                    /usr/lib/x86_64-linux-gnu/libXau.so.6.0.0
7fa73992e000-7fa73992f000 rwxp 00002000 08:06 3809229                    /usr/lib/x86_64-linux-gnu/libXau.so.6.0.0
7fa73992f000-7fa73994c000 r-xp 00000000 08:06 3807879                    /usr/lib/x86_64-linux-gnu/libxcb.so.1.1.0
7fa73994c000-7fa739b4b000 ---p 0001d000 08:06 3807879                    /usr/lib/x86_64-linux-gnu/libxcb.so.1.1.0
7fa739b4b000-7fa739b4c000 r-xp 0001c000 08:06 3807879                    /usr/lib/x86_64-linux-gnu/libxcb.so.1.1.0
7fa739b4c000-7fa739b4d000 rwxp 0001d000 08:06 3807879                    /usr/lib/x86_64-linux-gnu/libxcb.so.1.1.0
7fa739b4d000-7fa739b5c000 r-xp 00000000 08:06 3809245                    /usr/lib/x86_64-linux-gnu/libXi.so.6.1.0
7fa739b5c000-7fa739d5b000 ---p 0000f000 08:06 3809245                    /usr/lib/x86_64-linux-gnu/libXi.so.6.1.0
7fa739d5b000-7fa739d5c000 r-xp 0000e000 08:06 3809245                    /usr/lib/x86_64-linux-gnu/libXi.so.6.1.0
7fa739d5c000-7fa739d5d000 rwxp 0000f000 08:06 3809245                    /usr/lib/x86_64-linux-gnu/libXi.so.6.1.0
7fa739d5d000-7fa739d62000 r-xp 00000000 08:06 3802679                    /usr/lib/libXtst.so.6.1.0
7fa739d62000-7fa739f61000 ---p 00005000 08:06 3802679                    /usr/lib/libXtst.so.6.1.0
7fa739f61000-7fa739f62000 r-xp 00004000 08:06 3802679                    /usr/lib/libXtst.so.6.1.0
7fa739f62000-7fa739f63000 rwxp 00005000 08:06 3802679                    /usr/lib/libXtst.so.6.1.0
7fa739f63000-7fa73a096000 r-xp 00000000 08:06 3809227                    /usr/lib/x86_64-linux-gnu/libX11.so.6.3.0
7fa73a096000-7fa73a296000 ---p 00133000 08:06 3809227                    /usr/lib/x86_64-linux-gnu/libX11.so.6.3.0
7fa73a296000-7fa73a297000 r-xp 00133000 08:06 3809227                    /usr/lib/x86_64-linux-gnu/libX11.so.6.3.0
7fa73a297000-7fa73a29b000 rwxp 00134000 08:06 3809227                    /usr/lib/x86_64-linux-gnu/libX11.so.6.3.0
7fa73a29b000-7fa73a2ad000 r-xp 00000000 08:06 3809239                    /usr/lib/x86_64-linux-gnu/libXext.so.6.4.0
7fa73a2ad000-7fa73a4ac000 ---p 00012000 08:06 3809239                    /usr/lib/x86_64-linux-gnu/libXext.so.6.4.0
7fa73a4ac000-7fa73a4ad000 r-xp 00011000 08:06 3809239                    /usr/lib/x86_64-linux-gnu/libXext.so.6.4.0
7fa73a4ad000-7fa73a4ae000 rwxp 00012000 08:06 3809239                    /usr/lib/x86_64-linux-gnu/libXext.so.6.4.0
7fa73a4ae000-7fa73a4be000 r-xs 00000000 08:06 1058096                    /var/cache/fontconfig/0f34bcd4b6ee430af32735b75db7f02b-le64.cache-3
7fa73a4be000-7fa73a4ce000 r-xs 00000000 08:06 1058092                    /var/cache/fontconfig/d52a8644073d54c13679302ca1180695-le64.cache-3
7fa73a4ce000-7fa73a510000 r-xp 00000000 08:06 3936066                    /usr/lib/jvm/java-6-sun-1.6.0.26/jre/lib/amd64/xawt/libmawt.so
7fa73a510000-7fa73a60f000 ---p 00042000 08:06 3936066                    /usr/lib/jvm/java-6-sun-1.6.0.26/jre/lib/amd64/xawt/libmawt.so
7fa73a60f000-7fa73a61b000 rwxp 00041000 08:06 3936066                    /usr/lib/jvm/java-6-sun-1.6.0.26/jre/lib/amd64/xawt/libmawt.so
7fa73a61b000-7fa73a61c000 rwxp 00000000 00:00 0 
7fa73a61c000-7fa73a6ae000 r-xp 00000000 08:06 3936072                    /usr/lib/jvm/java-6-sun-1.6.0.26/jre/lib/amd64/libawt.so
7fa73a6ae000-7fa73a7ad000 ---p 00092000 08:06 3936072                    /usr/lib/jvm/java-6-sun-1.6.0.26/jre/lib/amd64/libawt.so
7fa73a7ad000-7fa73a7c7000 rwxp 00091000 08:06 3936072                    /usr/lib/jvm/java-6-sun-1.6.0.26/jre/lib/amd64/libawt.so
7fa73a7c7000-7fa73a7eb000 rwxp 00000000 00:00 0 
7fa73a7eb000-7fa73a7ee000 ---p 00000000 00:00 0 
7fa73a7ee000-7fa73a8ec000 rwxp 00000000 00:00 0 
7fa73a8ec000-7fa73a8f0000 r-xs 000cb000 08:06 3805216                    /usr/lib/jvm/java-6-sun-1.6.0.26/jre/lib/ext/localedata.jar
7fa73a8f0000-7fa73a8f3000 r-xs 0001a000 08:07 10618362                   /home/aaron/Apps/jmonkeyplatform/jmonkeyplatform/libs/xmlpull-xpp3.jar
7fa73a8f3000-7fa73a8f5000 r-xs 00012000 08:07 10618454                   /home/aaron/Apps/jmonkeyplatform/jmonkeyplatform/libs/eventbus.jar
7fa73a8f5000-7fa73a8f8000 r-xs 0000f000 08:07 10618145                   /home/aaron/Apps/jmonkeyplatform/jmonkeyplatform/libs/nifty-style-black.jar
7fa73a8f8000-7fa73a900000 r-xs 00033000 08:07 10617850                   /home/aaron/Apps/jmonkeyplatform/jmonkeyplatform/libs/nifty-default-controls.jar
7fa73a900000-7fa73a90a000 r-xs 0006c000 08:07 10618525                   /home/aaron/Apps/jmonkeyplatform/jmonkeyplatform/libs/nifty.jar
7fa73a90a000-7fa73a90b000 r-xs 00004000 08:07 10618878                   /home/aaron/Apps/jmonkeyplatform/jmonkeyplatform/libs/jME3-niftygui.jar
7fa73a90b000-7fa73a90c000 r-xs 0000b000 08:07 10618394                   /home/aaron/Apps/jmonkeyplatform/jmonkeyplatform/libs/stack-alloc.jar
7fa73a90c000-7fa73a90e000 r-xs 0003c000 08:07 10618568                   /home/aaron/Apps/jmonkeyplatform/jmonkeyplatform/libs/vecmath.jar
7fa73a90e000-7fa73a918000 r-xs 00079000 08:07 10618478                   /home/aaron/Apps/jmonkeyplatform/jmonkeyplatform/libs/jbullet.jar
7fa73a918000-7fa73a91b000 r-xs 00020000 08:07 10618359                   /home/aaron/Apps/jmonkeyplatform/jmonkeyplatform/libs/jME3-jbullet.jar
7fa73a91b000-7fa73a928000 r-xs 000d2000 08:07 10618524                   /home/aaron/Apps/jmonkeyplatform/jmonkeyplatform/libs/lwjgl.jar
7fa73a928000-7fa73a92c000 r-xs 00030000 08:07 10618504                   /home/aaron/Apps/jmonkeyplatform/jmonkeyplatform/libs/jinput.jar
7fa73a92c000-7fa73a92e000 r-xs 001e9000 08:07 10618103                   /home/aaron/Apps/jmonkeyplatform/jmonkeyplatform/libs/jME3-lwjgl-natives.jar
7fa73a92e000-7fa73a930000 r-xs 00016000 08:07 10618877                   /home/aaron/Apps/jmonkeyplatform/jmonkeyplatform/libs/jME3-lwjgl.jar
7fa73a930000-7fa73a934000 r-xs 00021000 08:07 10618880                   /home/aaron/Apps/jmonkeyplatform/jmonkeyplatform/libs/jME3-terrain.jar
7fa73a934000-7fa73a935000 r-xs 00009000 08:07 10618335                   /home/aaron/Apps/jmonkeyplatform/jmonkeyplatform/libs/j-ogg-vorbisd.jar
7fa73a935000-7fa73a937000 r-xs 00005000 08:07 10618417                   /home/aaron/Apps/jmonkeyplatform/jmonkeyplatform/libs/j-ogg-oggd.jar
7fa73a937000-7fa73a938000 r-xs 00002000 08:07 10618876                   /home/aaron/Apps/jmonkeyplatform/jmonkeyplatform/libs/jME3-jogg.jar
7fa73a938000-7fa73a939000 r-xs 0000f000 08:07 10618879                   /home/aaron/Apps/jmonkeyplatform/jmonkeyplatform/libs/jME3-plugins.jar
7fa73a939000-7fa73a93b000 r-xs 00032000 08:07 10618875                   /home/aaron/Apps/jmonkeyplatform/jmonkeyplatform/libs/jME3-desktop.jar
7fa73a93b000-7fa73a94d000 r-xs 00175000 08:07 10618874                   /home/aaron/Apps/jmonkeyplatform/jmonkeyplatform/libs/jME3-core.jar
7fa73a94d000-7fa73a94e000 ---p 00000000 00:00 0 
7fa73a94e000-7fa73aa4e000 rwxp 00000000 00:00 0 
7fa73aa4e000-7fa73aa51000 ---p 00000000 00:00 0 
7fa73aa51000-7fa73ab4f000 rwxp 00000000 00:00 0 
7fa73ab4f000-7fa73ab52000 ---p 00000000 00:00 0 
7fa73ab52000-7fa73ac50000 rwxp 00000000 00:00 0 
7fa73ac50000-7fa73ac53000 ---p 00000000 00:00 0 
7fa73ac53000-7fa73ad51000 rwxp 00000000 00:00 0 
7fa73ad51000-7fa73ad54000 ---p 00000000 00:00 0 
7fa73ad54000-7fa73ae52000 rwxp 00000000 00:00 0 
7fa73ae52000-7fa73b11b000 r-xp 00000000 08:06 3807955                    /usr/lib/locale/locale-archive
7fa73b11b000-7fa73b11e000 ---p 00000000 00:00 0 
7fa73b11e000-7fa73b21c000 rwxp 00000000 00:00 0 
7fa73b21c000-7fa73b21f000 ---p 00000000 00:00 0 
7fa73b21f000-7fa73b31d000 rwxp 00000000 00:00 0 
7fa73b31d000-7fa73b31e000 ---p 00000000 00:00 0 
7fa73b31e000-7fa73bd5b000 rwxp 00000000 00:00 0 
7fa73bd5b000-7fa73bef3000 r-xs 03029000 08:06 3813223                    /usr/lib/jvm/java-6-sun-1.6.0.26/jre/lib/rt.jar
7fa73bef3000-7fa73bf1b000 rwxp 00000000 00:00 0 
7fa73bf1b000-7fa73bf1c000 ---p 00000000 00:00 0 
7fa73bf1c000-7fa73c01c000 rwxp 00000000 00:00 0 
7fa73c01c000-7fa73c01d000 ---p 00000000 00:00 0 
7fa73c01d000-7fa73c11d000 rwxp 00000000 00:00 0 
7fa73c11d000-7fa73c11e000 ---p 00000000 00:00 0 
7fa73c11e000-7fa73c21e000 rwxp 00000000 00:00 0 
7fa73c21e000-7fa73c21f000 ---p 00000000 00:00 0 
7fa73c21f000-7fa73c31f000 rwxp 00000000 00:00 0 
7fa73c31f000-7fa73c320000 ---p 00000000 00:00 0 
7fa73c320000-7fa73c420000 rwxp 00000000 00:00 0 
7fa73c420000-7fa73c421000 ---p 00000000 00:00 0 
7fa73c421000-7fa73c521000 rwxp 00000000 00:00 0 
7fa73c521000-7fa73c522000 ---p 00000000 00:00 0 
7fa73c522000-7fa73c622000 rwxp 00000000 00:00 0 
7fa73c622000-7fa73c623000 ---p 00000000 00:00 0 
7fa73c623000-7fa73c72e000 rwxp 00000000 00:00 0 
7fa73c72e000-7fa73c74c000 rwxp 00000000 00:00 0 
7fa73c74c000-7fa73c761000 rwxp 00000000 00:00 0 
7fa73c761000-7fa73c895000 rwxp 00000000 00:00 0 
7fa73c895000-7fa73c8a0000 rwxp 00000000 00:00 0 
7fa73c8a0000-7fa73c8be000 rwxp 00000000 00:00 0 
7fa73c8be000-7fa73c8d3000 rwxp 00000000 00:00 0 
7fa73c8d3000-7fa73ca06000 rwxp 00000000 00:00 0 
7fa73ca06000-7fa73ca11000 rwxp 00000000 00:00 0 
7fa73ca11000-7fa73caab000 rwxp 00000000 00:00 0 
7fa73caab000-7fa73cd1c000 rwxp 00000000 00:00 0 
7fa73cd1c000-7fa73faac000 rwxp 00000000 00:00 0 
7fa73faac000-7fa73faba000 r-xp 00000000 08:06 3936069                    /usr/lib/jvm/java-6-sun-1.6.0.26/jre/lib/amd64/libzip.so
7fa73faba000-7fa73fbbc000 ---p 0000e000 08:06 3936069                    /usr/lib/jvm/java-6-sun-1.6.0.26/jre/lib/amd64/libzip.so
7fa73fbbc000-7fa73fbbf000 rwxp 00010000 08:06 3936069                    /usr/lib/jvm/java-6-sun-1.6.0.26/jre/lib/amd64/libzip.so
7fa73fbbf000-7fa73fbc0000 rwxp 00000000 00:00 0 
7fa73fbc0000-7fa73fbcc000 r-xp 00000000 08:06 3280807                    /lib/x86_64-linux-gnu/libnss_files-2.13.so
7fa73fbcc000-7fa73fdcb000 ---p 0000c000 08:06 3280807                    /lib/x86_64-linux-gnu/libnss_files-2.13.so
7fa73fdcb000-7fa73fdcc000 r-xp 0000b000 08:06 3280807                    /lib/x86_64-linux-gnu/libnss_files-2.13.so
7fa73fdcc000-7fa73fdcd000 rwxp 0000c000 08:06 3280807                    /lib/x86_64-linux-gnu/libnss_files-2.13.so
7fa73fdcd000-7fa73fdd7000 r-xp 00000000 08:06 3280809                    /lib/x86_64-linux-gnu/libnss_nis-2.13.so
7fa73fdd7000-7fa73ffd7000 ---p 0000a000 08:06 3280809                    /lib/x86_64-linux-gnu/libnss_nis-2.13.so
7fa73ffd7000-7fa73ffd8000 r-xp 0000a000 08:06 3280809                    /lib/x86_64-linux-gnu/libnss_nis-2.13.so
7fa73ffd8000-7fa73ffd9000 rwxp 0000b000 08:06 3280809                    /lib/x86_64-linux-gnu/libnss_nis-2.13.so
7fa73ffd9000-7fa73ffe1000 r-xp 00000000 08:06 3280805                    /lib/x86_64-linux-gnu/libnss_compat-2.13.so
7fa73ffe1000-7fa7401e0000 ---p 00008000 08:06 3280805                    /lib/x86_64-linux-gnu/libnss_compat-2.13.so
7fa7401e0000-7fa7401e1000 r-xp 00007000 08:06 3280805                    /lib/x86_64-linux-gnu/libnss_compat-2.13.so
7fa7401e1000-7fa7401e2000 rwxp 00008000 08:06 3280805                    /lib/x86_64-linux-gnu/libnss_compat-2.13.so
7fa7401e2000-7fa7401f9000 r-xp 00000000 08:06 3280804                    /lib/x86_64-linux-gnu/libnsl-2.13.so
7fa7401f9000-7fa7403f8000 ---p 00017000 08:06 3280804                    /lib/x86_64-linux-gnu/libnsl-2.13.so
7fa7403f8000-7fa7403f9000 r-xp 00016000 08:06 3280804                    /lib/x86_64-linux-gnu/libnsl-2.13.so
7fa7403f9000-7fa7403fa000 rwxp 00017000 08:06 3280804                    /lib/x86_64-linux-gnu/libnsl-2.13.so
7fa7403fa000-7fa7403fc000 rwxp 00000000 00:00 0 
7fa7403fc000-7fa740425000 r-xp 00000000 08:06 3936438                    /usr/lib/jvm/java-6-sun-1.6.0.26/jre/lib/amd64/libjava.so
7fa740425000-7fa740524000 ---p 00029000 08:06 3936438                    /usr/lib/jvm/java-6-sun-1.6.0.26/jre/lib/amd64/libjava.so
7fa740524000-7fa74052b000 rwxp 00028000 08:06 3936438                    /usr/lib/jvm/java-6-sun-1.6.0.26/jre/lib/amd64/libjava.so
7fa74052b000-7fa740538000 r-xp 00000000 08:06 3936071                    /usr/lib/jvm/java-6-sun-1.6.0.26/jre/lib/amd64/libverify.so
7fa740538000-7fa740637000 ---p 0000d000 08:06 3936071                    /usr/lib/jvm/java-6-sun-1.6.0.26/jre/lib/amd64/libverify.so
7fa740637000-7fa74063a000 rwxp 0000c000 08:06 3936071                    /usr/lib/jvm/java-6-sun-1.6.0.26/jre/lib/amd64/libverify.so
7fa74063a000-7fa740641000 r-xp 00000000 08:06 3280814                    /lib/x86_64-linux-gnu/librt-2.13.so
7fa740641000-7fa740840000 ---p 00007000 08:06 3280814                    /lib/x86_64-linux-gnu/librt-2.13.so
7fa740840000-7fa740841000 r-xp 00006000 08:06 3280814                    /lib/x86_64-linux-gnu/librt-2.13.so
7fa740841000-7fa740842000 rwxp 00007000 08:06 3280814                    /lib/x86_64-linux-gnu/librt-2.13.so
7fa740842000-7fa740845000 ---p 00000000 00:00 0 
7fa740845000-7fa740943000 rwxp 00000000 00:00 0 
7fa740943000-7fa7409c6000 r-xp 00000000 08:06 3280802                    /lib/x86_64-linux-gnu/libm-2.13.so
7fa7409c6000-7fa740bc5000 ---p 00083000 08:06 3280802                    /lib/x86_64-linux-gnu/libm-2.13.so
7fa740bc5000-7fa740bc6000 r-xp 00082000 08:06 3280802                    /lib/x86_64-linux-gnu/libm-2.13.so
7fa740bc6000-7fa740bc7000 rwxp 00083000 08:06 3280802                    /lib/x86_64-linux-gnu/libm-2.13.so
7fa740bc7000-7fa7414e1000 r-xp 00000000 08:06 3936947                    /usr/lib/jvm/java-6-sun-1.6.0.26/jre/lib/amd64/server/libjvm.so
7fa7414e1000-7fa7415e3000 ---p 0091a000 08:06 3936947                    /usr/lib/jvm/java-6-sun-1.6.0.26/jre/lib/amd64/server/libjvm.so
7fa7415e3000-7fa741798000 rwxp 0091c000 08:06 3936947                    /usr/lib/jvm/java-6-sun-1.6.0.26/jre/lib/amd64/server/libjvm.so
7fa741798000-7fa7417d2000 rwxp 00000000 00:00 0 
7fa7417d2000-7fa741969000 r-xp 00000000 08:06 3280798                    /lib/x86_64-linux-gnu/libc-2.13.so
7fa741969000-7fa741b68000 ---p 00197000 08:06 3280798                    /lib/x86_64-linux-gnu/libc-2.13.so
7fa741b68000-7fa741b6c000 r-xp 00196000 08:06 3280798                    /lib/x86_64-linux-gnu/libc-2.13.so
7fa741b6c000-7fa741b6d000 rwxp 0019a000 08:06 3280798                    /lib/x86_64-linux-gnu/libc-2.13.so
7fa741b6d000-7fa741b73000 rwxp 00000000 00:00 0 
7fa741b73000-7fa741b75000 r-xp 00000000 08:06 3280801                    /lib/x86_64-linux-gnu/libdl-2.13.so
7fa741b75000-7fa741d75000 ---p 00002000 08:06 3280801                    /lib/x86_64-linux-gnu/libdl-2.13.so
7fa741d75000-7fa741d76000 r-xp 00002000 08:06 3280801                    /lib/x86_64-linux-gnu/libdl-2.13.so
7fa741d76000-7fa741d77000 rwxp 00003000 08:06 3280801                    /lib/x86_64-linux-gnu/libdl-2.13.so
7fa741d77000-7fa741d8f000 r-xp 00000000 08:06 3280812                    /lib/x86_64-linux-gnu/libpthread-2.13.so
7fa741d8f000-7fa741f8e000 ---p 00018000 08:06 3280812                    /lib/x86_64-linux-gnu/libpthread-2.13.so
7fa741f8e000-7fa741f8f000 r-xp 00017000 08:06 3280812                    /lib/x86_64-linux-gnu/libpthread-2.13.so
7fa741f8f000-7fa741f90000 rwxp 00018000 08:06 3280812                    /lib/x86_64-linux-gnu/libpthread-2.13.so
7fa741f90000-7fa741f94000 rwxp 00000000 00:00 0 
7fa741f94000-7fa741fb5000 r-xp 00000000 08:06 3277718                    /lib/x86_64-linux-gnu/ld-2.13.so
7fa741fb5000-7fa741fbb000 r-xs 00000000 08:06 1058100                    /var/cache/fontconfig/a755afe4a08bf5b97852ceb7400b47bc-le64.cache-3
7fa741fbb000-7fa741fc4000 r-xs 00000000 08:06 1058098                    /var/cache/fontconfig/6d41288fd70b0be22e8c3a91e032eec0-le64.cache-3
7fa741fc4000-7fa741fce000 rwxp 00000000 00:00 0 
7fa741fce000-7fa742084000 rwxp 00000000 00:00 0 
7fa742084000-7fa742087000 rwxp 00000000 00:00 0 
7fa742087000-7fa74208e000 r-xp 00000000 08:06 3936925                    /usr/lib/jvm/java-6-sun-1.6.0.26/jre/lib/amd64/jli/libjli.so
7fa74208e000-7fa74218f000 ---p 00007000 08:06 3936925                    /usr/lib/jvm/java-6-sun-1.6.0.26/jre/lib/amd64/jli/libjli.so
7fa74218f000-7fa742191000 rwxp 00008000 08:06 3936925                    /usr/lib/jvm/java-6-sun-1.6.0.26/jre/lib/amd64/jli/libjli.so
7fa742191000-7fa742192000 rwxp 00000000 00:00 0 
7fa742192000-7fa742193000 r-xs 00000000 08:06 1058105                    /var/cache/fontconfig/4c73fe0c47614734b17d736dbde7580a-le64.cache-3
7fa742193000-7fa742194000 r-xs 00000000 08:06 1058103                    /var/cache/fontconfig/0d8c3b2ac0904cb8a57a757ad11a4a08-le64.cache-3
7fa742194000-7fa742195000 r-xs 00000000 08:06 1058101                    /var/cache/fontconfig/6a53c69dea097a2d716e069445527da8-le64.cache-3
7fa742195000-7fa742198000 r-xs 00000000 08:06 1058095                    /var/cache/fontconfig/d60319d88cac85ba9e1a07bd06cfbb8c-le64.cache-3
7fa742198000-7fa742199000 r-xs 00000000 08:06 1058093                    /var/cache/fontconfig/4794a0821666d79190d59a36cb4f44b5-le64.cache-3
7fa742199000-7fa7421a4000 r-xs 00000000 08:06 1049051                    /var/cache/fontconfig/e13b20fdb08344e0e664864cc2ede53d-le64.cache-3
7fa7421a4000-7fa7421a8000 r-xs 00000000 08:06 1049036                    /var/cache/fontconfig/7ef2298fde41cc6eeb7af42e48b7d293-le64.cache-3
7fa7421a8000-7fa7421b0000 rwxs 00000000 08:06 5380735                    /tmp/hsperfdata_aaron/31289 (deleted)
7fa7421b0000-7fa7421b1000 rwxp 00000000 00:00 0 
7fa7421b1000-7fa7421b2000 ---p 00000000 00:00 0 
7fa7421b2000-7fa7421b4000 rwxp 00000000 00:00 0 
7fa7421b4000-7fa7421b5000 r-xp 00020000 08:06 3277718                    /lib/x86_64-linux-gnu/ld-2.13.so
7fa7421b5000-7fa7421b7000 rwxp 00021000 08:06 3277718                    /lib/x86_64-linux-gnu/ld-2.13.so
7fff5d4a1000-7fff5d4c2000 rwxp 00000000 00:00 0                          [stack]
7fff5d5ff000-7fff5d600000 r-xp 00000000 00:00 0                          [vdso]
ffffffffff600000-ffffffffff601000 r-xp 00000000 00:00 0                  [vsyscall]

VM Arguments:
jvm_args: -Dfile.encoding=UTF-8 
java_command: jmeplanet.test.App
Launcher Type: SUN_STANDARD

Environment Variables:
PATH=/usr/local/sbin:/usr/local/bin:/usr/sbin:/usr/bin:/sbin:/bin:/usr/games
LD_LIBRARY_PATH=/usr/lib/jvm/java-6-sun-1.6.0.26/jre/lib/amd64/server:/usr/lib/jvm/java-6-sun-1.6.0.26/jre/lib/amd64:/usr/lib/jvm/java-6-sun-1.6.0.26/jre/../lib/amd64
SHELL=/bin/bash
DISPLAY=:0

Signal Handlers:
SIGSEGV: [libjvm.so+0x85f800], sa_mask[0]=0x7ffbfeff, sa_flags=0x10000004
SIGBUS: [libjvm.so+0x85f800], sa_mask[0]=0x7ffbfeff, sa_flags=0x10000004
SIGFPE: [libjvm.so+0x70e300], sa_mask[0]=0x7ffbfeff, sa_flags=0x10000004
SIGPIPE: [libjvm.so+0x70e300], sa_mask[0]=0x7ffbfeff, sa_flags=0x10000004
SIGXFSZ: [libjvm.so+0x70e300], sa_mask[0]=0x7ffbfeff, sa_flags=0x10000004
SIGILL: [libjvm.so+0x70e300], sa_mask[0]=0x7ffbfeff, sa_flags=0x10000004
SIGUSR1: SIG_DFL, sa_mask[0]=0x00000000, sa_flags=0x00000000
SIGUSR2: [libjvm.so+0x711110], sa_mask[0]=0x00000004, sa_flags=0x10000004
SIGHUP: [libjvm.so+0x710d10], sa_mask[0]=0x7ffbfeff, sa_flags=0x10000004
SIGINT: SIG_IGN, sa_mask[0]=0x00000000, sa_flags=0x00000000
SIGTERM: [libjvm.so+0x710d10], sa_mask[0]=0x7ffbfeff, sa_flags=0x10000004
SIGQUIT: [libjvm.so+0x710d10], sa_mask[0]=0x7ffbfeff, sa_flags=0x10000004


---------------  S Y S T E M  ---------------

OS:wheezy/sid

uname:Linux 3.0.0-17-generic #30-Ubuntu SMP Thu Mar 8 20:45:39 UTC 2012 x86_64
libc:glibc 2.13 NPTL 2.13 
rlimit: STACK 8192k, CORE 0k, NPROC 31363, NOFILE 4096, AS infinity
load average:0.09 0.08 0.11

/proc/meminfo:
MemTotal:        4038188 kB
MemFree:          141548 kB
Buffers:           55728 kB
Cached:           703792 kB
SwapCached:        44540 kB
Active:          2308564 kB
Inactive:        1087288 kB
Active(anon):    1924952 kB
Inactive(anon):   744872 kB
Active(file):     383612 kB
Inactive(file):   342416 kB
Unevictable:           0 kB
Mlocked:               0 kB
SwapTotal:       3904508 kB
SwapFree:        3804112 kB
Dirty:               324 kB
Writeback:             0 kB
AnonPages:       2593728 kB
Mapped:           240752 kB
Shmem:             33492 kB
Slab:             159932 kB
SReclaimable:     125300 kB
SUnreclaim:        34632 kB
KernelStack:        4600 kB
PageTables:        45376 kB
NFS_Unstable:          0 kB
Bounce:                0 kB
WritebackTmp:          0 kB
CommitLimit:     5923600 kB
Committed_AS:    5351696 kB
VmallocTotal:   34359738367 kB
VmallocUsed:      318908 kB
VmallocChunk:   34359417256 kB
HardwareCorrupted:     0 kB
AnonHugePages:         0 kB
HugePages_Total:       0
HugePages_Free:        0
HugePages_Rsvd:        0
HugePages_Surp:        0
Hugepagesize:       2048 kB
DirectMap4k:     1302528 kB
DirectMap2M:     2875392 kB


CPU:total 8 (4 cores per cpu, 2 threads per core) family 6 model 42 stepping 7, cmov, cx8, fxsr, mmx, sse, sse2, sse3, ssse3, sse4.1, sse4.2, popcnt, ht

/proc/cpuinfo:
processor	: 0
vendor_id	: GenuineIntel
cpu family	: 6
model		: 42
model name	: Intel(R) Core(TM) i7-2630QM CPU @ 2.00GHz
stepping	: 7
cpu MHz		: 800.000
cache size	: 6144 KB
physical id	: 0
siblings	: 8
core id		: 0
cpu cores	: 4
apicid		: 0
initial apicid	: 0
fpu		: yes
fpu_exception	: yes
cpuid level	: 13
wp		: yes
flags		: fpu vme de pse tsc msr pae mce cx8 apic sep mtrr pge mca cmov pat pse36 clflush dts acpi mmx fxsr sse sse2 ss ht tm pbe syscall nx rdtscp lm constant_tsc arch_perfmon pebs bts rep_good nopl xtopology nonstop_tsc aperfmperf pni pclmulqdq dtes64 monitor ds_cpl vmx est tm2 ssse3 cx16 xtpr pdcm sse4_1 sse4_2 x2apic popcnt xsave avx lahf_lm ida arat epb xsaveopt pln pts dts tpr_shadow vnmi flexpriority ept vpid
bogomips	: 3990.86
clflush size	: 64
cache_alignment	: 64
address sizes	: 36 bits physical, 48 bits virtual
power management:

processor	: 1
vendor_id	: GenuineIntel
cpu family	: 6
model		: 42
model name	: Intel(R) Core(TM) i7-2630QM CPU @ 2.00GHz
stepping	: 7
cpu MHz		: 2001.000
cache size	: 6144 KB
physical id	: 0
siblings	: 8
core id		: 0
cpu cores	: 4
apicid		: 1
initial apicid	: 1
fpu		: yes
fpu_exception	: yes
cpuid level	: 13
wp		: yes
flags		: fpu vme de pse tsc msr pae mce cx8 apic sep mtrr pge mca cmov pat pse36 clflush dts acpi mmx fxsr sse sse2 ss ht tm pbe syscall nx rdtscp lm constant_tsc arch_perfmon pebs bts rep_good nopl xtopology nonstop_tsc aperfmperf pni pclmulqdq dtes64 monitor ds_cpl vmx est tm2 ssse3 cx16 xtpr pdcm sse4_1 sse4_2 x2apic popcnt xsave avx lahf_lm ida arat epb xsaveopt pln pts dts tpr_shadow vnmi flexpriority ept vpid
bogomips	: 3990.80
clflush size	: 64
cache_alignment	: 64
address sizes	: 36 bits physical, 48 bits virtual
power management:

processor	: 2
vendor_id	: GenuineIntel
cpu family	: 6
model		: 42
model name	: Intel(R) Core(TM) i7-2630QM CPU @ 2.00GHz
stepping	: 7
cpu MHz		: 800.000
cache size	: 6144 KB
physical id	: 0
siblings	: 8
core id		: 1
cpu cores	: 4
apicid		: 2
initial apicid	: 2
fpu		: yes
fpu_exception	: yes
cpuid level	: 13
wp		: yes
flags		: fpu vme de pse tsc msr pae mce cx8 apic sep mtrr pge mca cmov pat pse36 clflush dts acpi mmx fxsr sse sse2 ss ht tm pbe syscall nx rdtscp lm constant_tsc arch_perfmon pebs bts rep_good nopl xtopology nonstop_tsc aperfmperf pni pclmulqdq dtes64 monitor ds_cpl vmx est tm2 ssse3 cx16 xtpr pdcm sse4_1 sse4_2 x2apic popcnt xsave avx lahf_lm ida arat epb xsaveopt pln pts dts tpr_shadow vnmi flexpriority ept vpid
bogomips	: 3990.83
clflush size	: 64
cache_alignment	: 64
address sizes	: 36 bits physical, 48 bits virtual
power management:

processor	: 3
vendor_id	: GenuineIntel
cpu family	: 6
model		: 42
model name	: Intel(R) Core(TM) i7-2630QM CPU @ 2.00GHz
stepping	: 7
cpu MHz		: 800.000
cache size	: 6144 KB
physical id	: 0
siblings	: 8
core id		: 1
cpu cores	: 4
apicid		: 3
initial apicid	: 3
fpu		: yes
fpu_exception	: yes
cpuid level	: 13
wp		: yes
flags		: fpu vme de pse tsc msr pae mce cx8 apic sep mtrr pge mca cmov pat pse36 clflush dts acpi mmx fxsr sse sse2 ss ht tm pbe syscall nx rdtscp lm constant_tsc arch_perfmon pebs bts rep_good nopl xtopology nonstop_tsc aperfmperf pni pclmulqdq dtes64 monitor ds_cpl vmx est tm2 ssse3 cx16 xtpr pdcm sse4_1 sse4_2 x2apic popcnt xsave avx lahf_lm ida arat epb xsaveopt pln pts dts tpr_shadow vnmi flexpriority ept vpid
bogomips	: 3990.83
clflush size	: 64
cache_alignment	: 64
address sizes	: 36 bits physical, 48 bits virtual
power management:

processor	: 4
vendor_id	: GenuineIntel
cpu family	: 6
model		: 42
model name	: Intel(R) Core(TM) i7-2630QM CPU @ 2.00GHz
stepping	: 7
cpu MHz		: 800.000
cache size	: 6144 KB
physical id	: 0
siblings	: 8
core id		: 2
cpu cores	: 4
apicid		: 4
initial apicid	: 4
fpu		: yes
fpu_exception	: yes
cpuid level	: 13
wp		: yes
flags		: fpu vme de pse tsc msr pae mce cx8 apic sep mtrr pge mca cmov pat pse36 clflush dts acpi mmx fxsr sse sse2 ss ht tm pbe syscall nx rdtscp lm constant_tsc arch_perfmon pebs bts rep_good nopl xtopology nonstop_tsc aperfmperf pni pclmulqdq dtes64 monitor ds_cpl vmx est tm2 ssse3 cx16 xtpr pdcm sse4_1 sse4_2 x2apic popcnt xsave avx lahf_lm ida arat epb xsaveopt pln pts dts tpr_shadow vnmi flexpriority ept vpid
bogomips	: 3990.84
clflush size	: 64
cache_alignment	: 64
address sizes	: 36 bits physical, 48 bits virtual
power management:

processor	: 5
vendor_id	: GenuineIntel
cpu family	: 6
model		: 42
model name	: Intel(R) Core(TM) i7-2630QM CPU @ 2.00GHz
stepping	: 7
cpu MHz		: 800.000
cache size	: 6144 KB
physical id	: 0
siblings	: 8
core id		: 2
cpu cores	: 4
apicid		: 5
initial apicid	: 5
fpu		: yes
fpu_exception	: yes
cpuid level	: 13
wp		: yes
flags		: fpu vme de pse tsc msr pae mce cx8 apic sep mtrr pge mca cmov pat pse36 clflush dts acpi mmx fxsr sse sse2 ss ht tm pbe syscall nx rdtscp lm constant_tsc arch_perfmon pebs bts rep_good nopl xtopology nonstop_tsc aperfmperf pni pclmulqdq dtes64 monitor ds_cpl vmx est tm2 ssse3 cx16 xtpr pdcm sse4_1 sse4_2 x2apic popcnt xsave avx lahf_lm ida arat epb xsaveopt pln pts dts tpr_shadow vnmi flexpriority ept vpid
bogomips	: 3990.83
clflush size	: 64
cache_alignment	: 64
address sizes	: 36 bits physical, 48 bits virtual
power management:

processor	: 6
vendor_id	: GenuineIntel
cpu family	: 6
model		: 42
model name	: Intel(R) Core(TM) i7-2630QM CPU @ 2.00GHz
stepping	: 7
cpu MHz		: 800.000
cache size	: 6144 KB
physical id	: 0
siblings	: 8
core id		: 3
cpu cores	: 4
apicid		: 6
initial apicid	: 6
fpu		: yes
fpu_exception	: yes
cpuid level	: 13
wp		: yes
flags		: fpu vme de pse tsc msr pae mce cx8 apic sep mtrr pge mca cmov pat pse36 clflush dts acpi mmx fxsr sse sse2 ss ht tm pbe syscall nx rdtscp lm constant_tsc arch_perfmon pebs bts rep_good nopl xtopology nonstop_tsc aperfmperf pni pclmulqdq dtes64 monitor ds_cpl vmx est tm2 ssse3 cx16 xtpr pdcm sse4_1 sse4_2 x2apic popcnt xsave avx lahf_lm ida arat epb xsaveopt pln pts dts tpr_shadow vnmi flexpriority ept vpid
bogomips	: 3990.82
clflush size	: 64
cache_alignment	: 64
address sizes	: 36 bits physical, 48 bits virtual
power management:

processor	: 7
vendor_id	: GenuineIntel
cpu family	: 6
model		: 42
model name	: Intel(R) Core(TM) i7-2630QM CPU @ 2.00GHz
stepping	: 7
cpu MHz		: 800.000
cache size	: 6144 KB
physical id	: 0
siblings	: 8
core id		: 3
cpu cores	: 4
apicid		: 7
initial apicid	: 7
fpu		: yes
fpu_exception	: yes
cpuid level	: 13
wp		: yes
flags		: fpu vme de pse tsc msr pae mce cx8 apic sep mtrr pge mca cmov pat pse36 clflush dts acpi mmx fxsr sse sse2 ss ht tm pbe syscall nx rdtscp lm constant_tsc arch_perfmon pebs bts rep_good nopl xtopology nonstop_tsc aperfmperf pni pclmulqdq dtes64 monitor ds_cpl vmx est tm2 ssse3 cx16 xtpr pdcm sse4_1 sse4_2 x2apic popcnt xsave avx lahf_lm ida arat epb xsaveopt pln pts dts tpr_shadow vnmi flexpriority ept vpid
bogomips	: 3990.84
clflush size	: 64
cache_alignment	: 64
address sizes	: 36 bits physical, 48 bits virtual
power management:



Memory: 4k page, physical 4038188k(141548k free), swap 3904508k(3804112k free)

vm_info: Java HotSpot(TM) 64-Bit Server VM (20.1-b02) for linux-amd64 JRE (1.6.0_26-b03), built on May  4 2011 01:13:47 by "java_re" with gcc 3.2.2 (SuSE Linux)

time: Mon Apr 23 15:54:12 2012
elapsed time: 18 seconds

