#
# A fatal error has been detected by the Java Runtime Environment:
#
#  SIGSEGV (0xb) at pc=0x00007f3442132c08, pid=30646, tid=139862626387744
#
# JRE version: 6.0_26-b03
# Java VM: Java HotSpot(TM) 64-Bit Server VM (20.1-b02 mixed mode linux-amd64 compressed oops)
# Problematic frame:
# C  [libX11.so.6+0x35c08]  XQueryExtension+0x28
#
# If you would like to submit a bug report, please visit:
#   http://java.sun.com/webapps/bugreport/crash.jsp
#

---------------  T H R E A D  ---------------

Current thread is native thread

siginfo:si_signo=SIGSEGV: si_errno=0, si_code=1 (SEGV_MAPERR), si_addr=0x0000000044275a78

Registers:
RAX=0x0000000040802480, RBX=0x0000000044275110, RCX=0x00007ffffb673138, RDX=0x00007ffffb673134
RSP=0x00007ffffb6730d0, RBP=0x00007f3440318932, RSI=0x00007f3440318932, RDI=0x0000000044275110
R8 =0x00007ffffb67313c, R9 =0x0000000000000000, R10=0x00007f344dd87ea8, R11=0x00007f344da25ba0
R12=0x00007ffffb673134, R13=0x00007f3440318932, R14=0x0000000040802480, R15=0x0000000000000000
RIP=0x00007f3442132c08, EFLAGS=0x0000000000010202, CSGSFS=0x0000000000000033, ERR=0x0000000000000004
  TRAPNO=0x000000000000000e

Top of Stack: (sp=0x00007ffffb6730d0)
0x00007ffffb6730d0:   00007f344d9f85c8 00007f344e3a99e8
0x00007ffffb6730e0:   0000000000000000 0000000000000000
0x00007ffffb6730f0:   000000000bea6495 0000000044275110
0x00007ffffb673100:   00007f3440318932 0000000000000000
0x00007ffffb673110:   00007f3440318932 0000000040802480
0x00007ffffb673120:   0000000000000000 00007f34421264f5
0x00007ffffb673130:   00007f344e3cd048 00007f3440451520
0x00007ffffb673140:   00007f3440451520 0000000044275110
0x00007ffffb673150:   00007f3444274780 00007f344244373b
0x00007ffffb673160:   0101010101010101 000000114d9f85c8
0x00007ffffb673170:   00007ffffb6731f0 0000000000000000
0x00007ffffb673180:   00007ffffb6731f0 0000000044275110
0x00007ffffb673190:   0000000000000000 00007f344e3cd048
0x00007ffffb6731a0:   00007f344046ad50 00007f34402bf119
0x00007ffffb6731b0:   0000000000000000 0000000000000033
0x00007ffffb6731c0:   00007ffffb6731f0 00007ffffb673210
0x00007ffffb6731d0:   0000000000000000 00007f344e3cd048
0x00007ffffb6731e0:   00007f34442737b0 00007f34402b5b42
0x00007ffffb6731f0:   00007ffffb673420 00007f34403188b1
0x00007ffffb673200:   00007ffffb673420 00007f344e1bb135
0x00007ffffb673210:   00007f344e3ce2c8 00007f344e3ce858
0x00007ffffb673220:   00007f344e3a9000 0000000040497350
0x00007ffffb673230:   0000000040497830 0000000040497d30
0x00007ffffb673240:   000000004049c9e0 00007f344417d710
0x00007ffffb673250:   00007f3444269850 00007f3444269380
0x00007ffffb673260:   00007f34442634f0 00007f3444263e30
0x00007ffffb673270:   00000000405e2070 00000000406657a0
0x00007ffffb673280:   0000000040498a50 00000000405c8f20
0x00007ffffb673290:   00000000404928d0 0000000040492230
0x00007ffffb6732a0:   000000004048f570 00007f3444269d20
0x00007ffffb6732b0:   00007f3444263990 00007f344426a1c0
0x00007ffffb6732c0:   00007f34442737b0 00007f3444277d70 

Instructions: (pc=0x00007f3442132c08)
0x00007f3442132be8:   24 d8 48 89 fb 4c 89 64 24 e0 4c 89 6c 24 e8 49
0x00007f3442132bf8:   89 d4 4c 89 74 24 f0 4c 89 7c 24 f8 48 83 ec 58
0x00007f3442132c08:   48 8b 87 68 09 00 00 49 89 f5 48 89 cd 4d 89 c6
0x00007f3442132c18:   48 85 c0 74 02 ff 10 4c 8b bb b0 00 00 00 49 8d 

Register to memory mapping:

RAX=0x0000000040802480 is an unknown value
RBX=0x0000000044275110 is an unknown value
RCX=0x00007ffffb673138 is an unknown value
RDX=0x00007ffffb673134 is an unknown value
RSP=0x00007ffffb6730d0 is an unknown value
RBP=0x00007f3440318932: <offset 0x96932> in /usr/lib/fglrx/libGL.so.1 at 0x00007f3440282000
RSI=0x00007f3440318932: <offset 0x96932> in /usr/lib/fglrx/libGL.so.1 at 0x00007f3440282000
RDI=0x0000000044275110 is an unknown value
R8 =0x00007ffffb67313c is an unknown value
R9 =0x0000000000000000 is an unknown value
R10=0x00007f344dd87ea8: <offset 0x39dea8> in /lib/x86_64-linux-gnu/libc.so.6 at 0x00007f344d9ea000
R11=0x00007f344da25ba0: __cxa_finalize+0 in /lib/x86_64-linux-gnu/libc.so.6 at 0x00007f344d9ea000
R12=0x00007ffffb673134 is an unknown value
R13=0x00007f3440318932: <offset 0x96932> in /usr/lib/fglrx/libGL.so.1 at 0x00007f3440282000
R14=0x0000000040802480 is an unknown value
R15=0x0000000000000000 is an unknown value


Stack: [0x00007ffffb576000,0x00007ffffb676000],  sp=0x00007ffffb6730d0,  free space=1012k
Native frames: (J=compiled Java code, j=interpreted, Vv=VM code, C=native code)
C  [libX11.so.6+0x35c08]  XQueryExtension+0x28


---------------  P R O C E S S  ---------------

VM state:at safepoint (shutting down)

VM Mutex/Monitor currently owned by a thread:  ([mutex/lock_event])
[0x0000000040495720] Threads_lock - owner thread: 0x00000000404fe000

Heap
 PSYoungGen      total 35520K, used 29996K [0x00000000eb760000, 0x00000000ee700000, 0x0000000100000000)
  eden space 26752K, 79% used [0x00000000eb760000,0x00000000ecc1b2f0,0x00000000ed180000)
  from space 8768K, 99% used [0x00000000edbd0000,0x00000000ee45feb0,0x00000000ee460000)
  to   space 10560K, 0% used [0x00000000ed180000,0x00000000ed180000,0x00000000edbd0000)
 PSOldGen        total 42112K, used 7288K [0x00000000c2600000, 0x00000000c4f20000, 0x00000000eb760000)
  object space 42112K, 17% used [0x00000000c2600000,0x00000000c2d1e2c8,0x00000000c4f20000)
 PSPermGen       total 21248K, used 13063K [0x00000000bd400000, 0x00000000be8c0000, 0x00000000c2600000)
  object space 21248K, 61% used [0x00000000bd400000,0x00000000be0c1e70,0x00000000be8c0000)

Code Cache  [0x00007f3448cc4000, 0x00007f3448f34000, 0x00007f344bcc4000)
 total_blobs=780 nmethods=270 adapters=464 free_code_cache=49092416 largest_free_block=11776

Dynamic libraries:
40000000-40009000 r-xp 00000000 08:06 3941148                            /usr/lib/jvm/java-6-sun-1.6.0.26/jre/bin/java
40108000-4010a000 rwxp 00008000 08:06 3941148                            /usr/lib/jvm/java-6-sun-1.6.0.26/jre/bin/java
4048f000-43302000 rwxp 00000000 00:00 0                                  [heap]
bd400000-be8c0000 rwxp 00000000 00:00 0 
be8c0000-c2600000 rwxp 00000000 00:00 0 
c2600000-c4f20000 rwxp 00000000 00:00 0 
c4f20000-eb760000 rwxp 00000000 00:00 0 
eb760000-ee700000 rwxp 00000000 00:00 0 
ee700000-100000000 rwxp 00000000 00:00 0 
7f343511d000-7f3435120000 ---p 00000000 00:00 0 
7f3435120000-7f343521e000 rwxp 00000000 00:00 0 
7f343521e000-7f343521f000 ---p 00000000 00:00 0 
7f343521f000-7f3435a1f000 rwxp 00000000 00:00 0 
7f3435a1f000-7f3435a20000 ---p 00000000 00:00 0 
7f3435a20000-7f3436220000 rwxp 00000000 00:00 0 
7f3436220000-7f3436221000 ---p 00000000 00:00 0 
7f3436221000-7f3436a21000 rwxp 00000000 00:00 0 
7f343a921000-7f343a924000 ---p 00000000 00:00 0 
7f343a924000-7f343aa22000 rwxp 00000000 00:00 0 
7f343aa22000-7f343aa23000 ---p 00000000 00:00 0 
7f343aa23000-7f343b223000 rwxp 00000000 00:00 0 
7f343b223000-7f343b23a000 r-xp 00000000 08:06 3280813                    /lib/x86_64-linux-gnu/libresolv-2.13.so
7f343b23a000-7f343b43a000 ---p 00017000 08:06 3280813                    /lib/x86_64-linux-gnu/libresolv-2.13.so
7f343b43a000-7f343b43b000 r-xp 00017000 08:06 3280813                    /lib/x86_64-linux-gnu/libresolv-2.13.so
7f343b43b000-7f343b43c000 rwxp 00018000 08:06 3280813                    /lib/x86_64-linux-gnu/libresolv-2.13.so
7f343b43c000-7f343b43e000 rwxp 00000000 00:00 0 
7f343b43e000-7f343b444000 r-xp 00000000 08:06 3809389                    /usr/lib/x86_64-linux-gnu/libogg.so.0.7.1
7f343b444000-7f343b643000 ---p 00006000 08:06 3809389                    /usr/lib/x86_64-linux-gnu/libogg.so.0.7.1
7f343b643000-7f343b644000 r-xp 00005000 08:06 3809389                    /usr/lib/x86_64-linux-gnu/libogg.so.0.7.1
7f343b644000-7f343b645000 rwxp 00006000 08:06 3809389                    /usr/lib/x86_64-linux-gnu/libogg.so.0.7.1
7f343b645000-7f343b670000 r-xp 00000000 08:06 3809461                    /usr/lib/x86_64-linux-gnu/libvorbis.so.0.4.5
7f343b670000-7f343b86f000 ---p 0002b000 08:06 3809461                    /usr/lib/x86_64-linux-gnu/libvorbis.so.0.4.5
7f343b86f000-7f343b870000 r-xp 0002a000 08:06 3809461                    /usr/lib/x86_64-linux-gnu/libvorbis.so.0.4.5
7f343b870000-7f343b871000 rwxp 0002b000 08:06 3809461                    /usr/lib/x86_64-linux-gnu/libvorbis.so.0.4.5
7f343b871000-7f343bb24000 r-xp 00000000 08:06 3809456                    /usr/lib/x86_64-linux-gnu/libvorbisenc.so.2.0.8
7f343bb24000-7f343bd23000 ---p 002b3000 08:06 3809456                    /usr/lib/x86_64-linux-gnu/libvorbisenc.so.2.0.8
7f343bd23000-7f343bd3f000 r-xp 002b2000 08:06 3809456                    /usr/lib/x86_64-linux-gnu/libvorbisenc.so.2.0.8
7f343bd3f000-7f343bd40000 rwxp 002ce000 08:06 3809456                    /usr/lib/x86_64-linux-gnu/libvorbisenc.so.2.0.8
7f343bd40000-7f343bd88000 r-xp 00000000 08:06 3809156                    /usr/lib/x86_64-linux-gnu/libFLAC.so.8.2.0
7f343bd88000-7f343bf88000 ---p 00048000 08:06 3809156                    /usr/lib/x86_64-linux-gnu/libFLAC.so.8.2.0
7f343bf88000-7f343bf89000 r-xp 00048000 08:06 3809156                    /usr/lib/x86_64-linux-gnu/libFLAC.so.8.2.0
7f343bf89000-7f343bf8a000 rwxp 00049000 08:06 3809156                    /usr/lib/x86_64-linux-gnu/libFLAC.so.8.2.0
7f343bf8a000-7f343bf8f000 r-xp 00000000 08:06 3809265                    /usr/lib/x86_64-linux-gnu/libasyncns.so.0.3.1
7f343bf8f000-7f343c18e000 ---p 00005000 08:06 3809265                    /usr/lib/x86_64-linux-gnu/libasyncns.so.0.3.1
7f343c18e000-7f343c18f000 r-xp 00004000 08:06 3809265                    /usr/lib/x86_64-linux-gnu/libasyncns.so.0.3.1
7f343c18f000-7f343c190000 rwxp 00005000 08:06 3809265                    /usr/lib/x86_64-linux-gnu/libasyncns.so.0.3.1
7f343c190000-7f343c1f0000 r-xp 00000000 08:06 3809429                    /usr/lib/x86_64-linux-gnu/libsndfile.so.1.0.24
7f343c1f0000-7f343c3f0000 ---p 00060000 08:06 3809429                    /usr/lib/x86_64-linux-gnu/libsndfile.so.1.0.24
7f343c3f0000-7f343c3f2000 r-xp 00060000 08:06 3809429                    /usr/lib/x86_64-linux-gnu/libsndfile.so.1.0.24
7f343c3f2000-7f343c3f3000 rwxp 00062000 08:06 3809429                    /usr/lib/x86_64-linux-gnu/libsndfile.so.1.0.24
7f343c3f3000-7f343c3f7000 rwxp 00000000 00:00 0 
7f343c3f7000-7f343c3ff000 r-xp 00000000 08:06 3280658                    /lib/x86_64-linux-gnu/libwrap.so.0.7.6
7f343c3ff000-7f343c5fe000 ---p 00008000 08:06 3280658                    /lib/x86_64-linux-gnu/libwrap.so.0.7.6
7f343c5fe000-7f343c5ff000 r-xp 00007000 08:06 3280658                    /lib/x86_64-linux-gnu/libwrap.so.0.7.6
7f343c5ff000-7f343c600000 rwxp 00008000 08:06 3280658                    /lib/x86_64-linux-gnu/libwrap.so.0.7.6
7f343c600000-7f343c642000 r-xp 00000000 08:06 3280587                    /lib/x86_64-linux-gnu/libdbus-1.so.3.5.7
7f343c642000-7f343c841000 ---p 00042000 08:06 3280587                    /lib/x86_64-linux-gnu/libdbus-1.so.3.5.7
7f343c841000-7f343c842000 r-xp 00041000 08:06 3280587                    /lib/x86_64-linux-gnu/libdbus-1.so.3.5.7
7f343c842000-7f343c843000 rwxp 00042000 08:06 3280587                    /lib/x86_64-linux-gnu/libdbus-1.so.3.5.7
7f343c843000-7f343c89f000 r-xp 00000000 08:06 3809314                    /usr/lib/x86_64-linux-gnu/libpulsecommon-1.0.so
7f343c89f000-7f343ca9f000 ---p 0005c000 08:06 3809314                    /usr/lib/x86_64-linux-gnu/libpulsecommon-1.0.so
7f343ca9f000-7f343caa0000 r-xp 0005c000 08:06 3809314                    /usr/lib/x86_64-linux-gnu/libpulsecommon-1.0.so
7f343caa0000-7f343caa1000 rwxp 0005d000 08:06 3809314                    /usr/lib/x86_64-linux-gnu/libpulsecommon-1.0.so
7f343caa1000-7f343caa8000 r-xp 00000000 08:06 3809363                    /usr/lib/x86_64-linux-gnu/libjson.so.0.0.1
7f343caa8000-7f343cca7000 ---p 00007000 08:06 3809363                    /usr/lib/x86_64-linux-gnu/libjson.so.0.0.1
7f343cca7000-7f343cca8000 r-xp 00006000 08:06 3809363                    /usr/lib/x86_64-linux-gnu/libjson.so.0.0.1
7f343cca8000-7f343cca9000 rwxp 00007000 08:06 3809363                    /usr/lib/x86_64-linux-gnu/libjson.so.0.0.1
7f343cca9000-7f343ccef000 r-xp 00000000 08:06 3809289                    /usr/lib/x86_64-linux-gnu/libpulse.so.0.13.4
7f343ccef000-7f343ceee000 ---p 00046000 08:06 3809289                    /usr/lib/x86_64-linux-gnu/libpulse.so.0.13.4
7f343ceee000-7f343ceef000 r-xp 00045000 08:06 3809289                    /usr/lib/x86_64-linux-gnu/libpulse.so.0.13.4
7f343ceef000-7f343cef0000 rwxp 00046000 08:06 3809289                    /usr/lib/x86_64-linux-gnu/libpulse.so.0.13.4
7f343d20b000-7f343d253000 rwxp 00000000 00:00 0 
7f343d253000-7f343d953000 rwxs 00006000 00:05 5873                       /dev/ati/card0
7f343d953000-7f343db53000 rwxp 00000000 00:00 0 
7f343db53000-7f343db55000 r-xp 00000000 08:06 3809247                    /usr/lib/x86_64-linux-gnu/libXinerama.so.1.0.0
7f343db55000-7f343dd54000 ---p 00002000 08:06 3809247                    /usr/lib/x86_64-linux-gnu/libXinerama.so.1.0.0
7f343dd54000-7f343dd55000 r-xp 00001000 08:06 3809247                    /usr/lib/x86_64-linux-gnu/libXinerama.so.1.0.0
7f343dd55000-7f343dd56000 rwxp 00002000 08:06 3809247                    /usr/lib/x86_64-linux-gnu/libXinerama.so.1.0.0
7f343dd56000-7f343dd91000 r-xp 00000000 08:06 3804222                    /usr/lib/fglrx/libatiadlxx.so
7f343dd91000-7f343de91000 ---p 0003b000 08:06 3804222                    /usr/lib/fglrx/libatiadlxx.so
7f343de91000-7f343de9a000 rwxp 0003b000 08:06 3804222                    /usr/lib/fglrx/libatiadlxx.so
7f343de9a000-7f343deab000 rwxp 00000000 00:00 0 
7f343deab000-7f343deb2000 r-xp 00000000 08:06 3804253                    /usr/lib/fglrx/libatiuki.so.1.0
7f343deb2000-7f343dfb2000 ---p 00007000 08:06 3804253                    /usr/lib/fglrx/libatiuki.so.1.0
7f343dfb2000-7f343dfb3000 rwxp 00007000 08:06 3804253                    /usr/lib/fglrx/libatiuki.so.1.0
7f343dfb3000-7f343dfb4000 rwxp 00000000 00:00 0 
7f343dfb4000-7f343ff0e000 r-xp 00000000 08:06 3804265                    /usr/lib/fglrx/dri/fglrx_dri.so
7f343ff0e000-7f344000e000 ---p 01f5a000 08:06 3804265                    /usr/lib/fglrx/dri/fglrx_dri.so
7f344000e000-7f344015c000 rwxp 01f5a000 08:06 3804265                    /usr/lib/fglrx/dri/fglrx_dri.so
7f344015c000-7f3440282000 rwxp 00000000 00:00 0 
7f3440282000-7f3440345000 r-xp 00000000 08:06 3804219                    /usr/lib/fglrx/libGL.so.1.2
7f3440345000-7f3440444000 ---p 000c3000 08:06 3804219                    /usr/lib/fglrx/libGL.so.1.2
7f3440444000-7f344046b000 rwxp 000c2000 08:06 3804219                    /usr/lib/fglrx/libGL.so.1.2
7f344046b000-7f344048b000 rwxp 00000000 00:00 0 
7f344048b000-7f344048e000 ---p 00000000 00:00 0 
7f344048e000-7f344058c000 rwxp 00000000 00:00 0 
7f344058c000-7f3440591000 r-xp 00000000 08:06 3809259                    /usr/lib/x86_64-linux-gnu/libXxf86vm.so.1.0.0
7f3440591000-7f3440790000 ---p 00005000 08:06 3809259                    /usr/lib/x86_64-linux-gnu/libXxf86vm.so.1.0.0
7f3440790000-7f3440791000 r-xp 00004000 08:06 3809259                    /usr/lib/x86_64-linux-gnu/libXxf86vm.so.1.0.0
7f3440791000-7f3440792000 rwxp 00005000 08:06 3809259                    /usr/lib/x86_64-linux-gnu/libXxf86vm.so.1.0.0
7f3440792000-7f344079a000 r-xp 00000000 08:06 3809249                    /usr/lib/x86_64-linux-gnu/libXrandr.so.2.2.0
7f344079a000-7f3440999000 ---p 00008000 08:06 3809249                    /usr/lib/x86_64-linux-gnu/libXrandr.so.2.2.0
7f3440999000-7f344099a000 r-xp 00007000 08:06 3809249                    /usr/lib/x86_64-linux-gnu/libXrandr.so.2.2.0
7f344099a000-7f344099b000 rwxp 00008000 08:06 3809249                    /usr/lib/x86_64-linux-gnu/libXrandr.so.2.2.0
7f344099b000-7f3440a01000 r-xp 00000000 08:07 10375991                   /home/aaron/Projects/jMonkeyProjects/jmeplanet/liblwjgl64.so
7f3440a01000-7f3440c01000 ---p 00066000 08:07 10375991                   /home/aaron/Projects/jMonkeyProjects/jmeplanet/liblwjgl64.so
7f3440c01000-7f3440c03000 r-xp 00066000 08:07 10375991                   /home/aaron/Projects/jMonkeyProjects/jmeplanet/liblwjgl64.so
7f3440c03000-7f3440c04000 rwxp 00068000 08:07 10375991                   /home/aaron/Projects/jMonkeyProjects/jmeplanet/liblwjgl64.so
7f3440c04000-7f3440c05000 r-xp 00000000 08:06 3936931                    /usr/lib/jvm/java-6-sun-1.6.0.26/jre/lib/amd64/libjawt.so
7f3440c05000-7f3440d04000 ---p 00001000 08:06 3936931                    /usr/lib/jvm/java-6-sun-1.6.0.26/jre/lib/amd64/libjawt.so
7f3440d04000-7f3440d05000 rwxp 00000000 08:06 3936931                    /usr/lib/jvm/java-6-sun-1.6.0.26/jre/lib/amd64/libjawt.so
7f3440d05000-7f3440d08000 ---p 00000000 00:00 0 
7f3440d08000-7f3440e06000 rwxp 00000000 00:00 0 
7f3440e06000-7f3440e0b000 r-xp 00000000 08:06 3809241                    /usr/lib/x86_64-linux-gnu/libXfixes.so.3.1.0
7f3440e0b000-7f344100a000 ---p 00005000 08:06 3809241                    /usr/lib/x86_64-linux-gnu/libXfixes.so.3.1.0
7f344100a000-7f344100b000 r-xp 00004000 08:06 3809241                    /usr/lib/x86_64-linux-gnu/libXfixes.so.3.1.0
7f344100b000-7f344100c000 rwxp 00005000 08:06 3809241                    /usr/lib/x86_64-linux-gnu/libXfixes.so.3.1.0
7f344100c000-7f3441015000 r-xp 00000000 08:06 3809251                    /usr/lib/x86_64-linux-gnu/libXrender.so.1.3.0
7f3441015000-7f3441215000 ---p 00009000 08:06 3809251                    /usr/lib/x86_64-linux-gnu/libXrender.so.1.3.0
7f3441215000-7f3441216000 r-xp 00009000 08:06 3809251                    /usr/lib/x86_64-linux-gnu/libXrender.so.1.3.0
7f3441216000-7f3441217000 rwxp 0000a000 08:06 3809251                    /usr/lib/x86_64-linux-gnu/libXrender.so.1.3.0
7f3441217000-7f3441220000 r-xp 00000000 08:06 3809233                    /usr/lib/x86_64-linux-gnu/libXcursor.so.1.0.2
7f3441220000-7f344141f000 ---p 00009000 08:06 3809233                    /usr/lib/x86_64-linux-gnu/libXcursor.so.1.0.2
7f344141f000-7f3441420000 r-xp 00008000 08:06 3809233                    /usr/lib/x86_64-linux-gnu/libXcursor.so.1.0.2
7f3441420000-7f3441421000 rwxp 00009000 08:06 3809233                    /usr/lib/x86_64-linux-gnu/libXcursor.so.1.0.2
7f3441421000-7f3441424000 ---p 00000000 00:00 0 
7f3441424000-7f3441522000 rwxp 00000000 00:00 0 
7f3441522000-7f344159b000 r-xp 00000000 08:06 3936114                    /usr/lib/jvm/java-6-sun-1.6.0.26/jre/lib/amd64/libfontmanager.so
7f344159b000-7f344169a000 ---p 00079000 08:06 3936114                    /usr/lib/jvm/java-6-sun-1.6.0.26/jre/lib/amd64/libfontmanager.so
7f344169a000-7f34416af000 rwxp 00078000 08:06 3936114                    /usr/lib/jvm/java-6-sun-1.6.0.26/jre/lib/amd64/libfontmanager.so
7f34416af000-7f34416c0000 rwxp 00000000 00:00 0 
7f34416c0000-7f34416c5000 r-xp 00000000 08:06 3809237                    /usr/lib/x86_64-linux-gnu/libXdmcp.so.6.0.0
7f34416c5000-7f34418c4000 ---p 00005000 08:06 3809237                    /usr/lib/x86_64-linux-gnu/libXdmcp.so.6.0.0
7f34418c4000-7f34418c5000 r-xp 00004000 08:06 3809237                    /usr/lib/x86_64-linux-gnu/libXdmcp.so.6.0.0
7f34418c5000-7f34418c6000 rwxp 00005000 08:06 3809237                    /usr/lib/x86_64-linux-gnu/libXdmcp.so.6.0.0
7f34418c6000-7f34418c8000 r-xp 00000000 08:06 3809229                    /usr/lib/x86_64-linux-gnu/libXau.so.6.0.0
7f34418c8000-7f3441ac7000 ---p 00002000 08:06 3809229                    /usr/lib/x86_64-linux-gnu/libXau.so.6.0.0
7f3441ac7000-7f3441ac8000 r-xp 00001000 08:06 3809229                    /usr/lib/x86_64-linux-gnu/libXau.so.6.0.0
7f3441ac8000-7f3441ac9000 rwxp 00002000 08:06 3809229                    /usr/lib/x86_64-linux-gnu/libXau.so.6.0.0
7f3441ac9000-7f3441ae6000 r-xp 00000000 08:06 3807879                    /usr/lib/x86_64-linux-gnu/libxcb.so.1.1.0
7f3441ae6000-7f3441ce5000 ---p 0001d000 08:06 3807879                    /usr/lib/x86_64-linux-gnu/libxcb.so.1.1.0
7f3441ce5000-7f3441ce6000 r-xp 0001c000 08:06 3807879                    /usr/lib/x86_64-linux-gnu/libxcb.so.1.1.0
7f3441ce6000-7f3441ce7000 rwxp 0001d000 08:06 3807879                    /usr/lib/x86_64-linux-gnu/libxcb.so.1.1.0
7f3441ce7000-7f3441cf6000 r-xp 00000000 08:06 3809245                    /usr/lib/x86_64-linux-gnu/libXi.so.6.1.0
7f3441cf6000-7f3441ef5000 ---p 0000f000 08:06 3809245                    /usr/lib/x86_64-linux-gnu/libXi.so.6.1.0
7f3441ef5000-7f3441ef6000 r-xp 0000e000 08:06 3809245                    /usr/lib/x86_64-linux-gnu/libXi.so.6.1.0
7f3441ef6000-7f3441ef7000 rwxp 0000f000 08:06 3809245                    /usr/lib/x86_64-linux-gnu/libXi.so.6.1.0
7f3441ef7000-7f3441efc000 r-xp 00000000 08:06 3802679                    /usr/lib/libXtst.so.6.1.0
7f3441efc000-7f34420fb000 ---p 00005000 08:06 3802679                    /usr/lib/libXtst.so.6.1.0
7f34420fb000-7f34420fc000 r-xp 00004000 08:06 3802679                    /usr/lib/libXtst.so.6.1.0
7f34420fc000-7f34420fd000 rwxp 00005000 08:06 3802679                    /usr/lib/libXtst.so.6.1.0
7f34420fd000-7f3442230000 r-xp 00000000 08:06 3809227                    /usr/lib/x86_64-linux-gnu/libX11.so.6.3.0
7f3442230000-7f3442430000 ---p 00133000 08:06 3809227                    /usr/lib/x86_64-linux-gnu/libX11.so.6.3.0
7f3442430000-7f3442431000 r-xp 00133000 08:06 3809227                    /usr/lib/x86_64-linux-gnu/libX11.so.6.3.0
7f3442431000-7f3442435000 rwxp 00134000 08:06 3809227                    /usr/lib/x86_64-linux-gnu/libX11.so.6.3.0
7f3442435000-7f3442447000 r-xp 00000000 08:06 3809239                    /usr/lib/x86_64-linux-gnu/libXext.so.6.4.0
7f3442447000-7f3442646000 ---p 00012000 08:06 3809239                    /usr/lib/x86_64-linux-gnu/libXext.so.6.4.0
7f3442646000-7f3442647000 r-xp 00011000 08:06 3809239                    /usr/lib/x86_64-linux-gnu/libXext.so.6.4.0
7f3442647000-7f3442648000 rwxp 00012000 08:06 3809239                    /usr/lib/x86_64-linux-gnu/libXext.so.6.4.0
7f3442648000-7f344268a000 r-xp 00000000 08:06 3936066                    /usr/lib/jvm/java-6-sun-1.6.0.26/jre/lib/amd64/xawt/libmawt.so
7f344268a000-7f3442789000 ---p 00042000 08:06 3936066                    /usr/lib/jvm/java-6-sun-1.6.0.26/jre/lib/amd64/xawt/libmawt.so
7f3442789000-7f3442795000 rwxp 00041000 08:06 3936066                    /usr/lib/jvm/java-6-sun-1.6.0.26/jre/lib/amd64/xawt/libmawt.so
7f3442795000-7f3442796000 rwxp 00000000 00:00 0 
7f3442796000-7f3442828000 r-xp 00000000 08:06 3936072                    /usr/lib/jvm/java-6-sun-1.6.0.26/jre/lib/amd64/libawt.so
7f3442828000-7f3442927000 ---p 00092000 08:06 3936072                    /usr/lib/jvm/java-6-sun-1.6.0.26/jre/lib/amd64/libawt.so
7f3442927000-7f3442941000 rwxp 00091000 08:06 3936072                    /usr/lib/jvm/java-6-sun-1.6.0.26/jre/lib/amd64/libawt.so
7f3442941000-7f3442965000 rwxp 00000000 00:00 0 
7f3442965000-7f3442968000 ---p 00000000 00:00 0 
7f3442968000-7f3442a66000 rwxp 00000000 00:00 0 
7f3442a66000-7f3442a67000 ---p 00000000 00:00 0 
7f3442a67000-7f3442b67000 rwxp 00000000 00:00 0 
7f3442b67000-7f3442b6a000 ---p 00000000 00:00 0 
7f3442b6a000-7f3442c68000 rwxp 00000000 00:00 0 
7f3442c68000-7f3442c6b000 ---p 00000000 00:00 0 
7f3442c6b000-7f3442d69000 rwxp 00000000 00:00 0 
7f3442d69000-7f3442d6c000 ---p 00000000 00:00 0 
7f3442d6c000-7f3442e6a000 rwxp 00000000 00:00 0 
7f3442e6a000-7f3442e6d000 ---p 00000000 00:00 0 
7f3442e6d000-7f3442f6b000 rwxp 00000000 00:00 0 
7f3442f6b000-7f3443234000 r-xp 00000000 08:06 3807955                    /usr/lib/locale/locale-archive
7f3443234000-7f3443237000 ---p 00000000 00:00 0 
7f3443237000-7f3443335000 rwxp 00000000 00:00 0 
7f3443335000-7f3443338000 ---p 00000000 00:00 0 
7f3443338000-7f3443436000 rwxp 00000000 00:00 0 
7f3443436000-7f3443437000 ---p 00000000 00:00 0 
7f3443437000-7f3443e40000 rwxp 00000000 00:00 0 
7f3443e40000-7f3443fd8000 r-xs 03029000 08:06 3813223                    /usr/lib/jvm/java-6-sun-1.6.0.26/jre/lib/rt.jar
7f3443fd8000-7f3444000000 rwxp 00000000 00:00 0 
7f3444000000-7f344668d000 rwxp 00000000 00:00 0 
7f344668d000-7f3448000000 ---p 00000000 00:00 0 
7f3448034000-7f344803b000 r-xs 00000000 08:06 3940598                    /usr/lib/x86_64-linux-gnu/gconv/gconv-modules.cache
7f344803b000-7f344803c000 rwxs 00005000 00:05 5873                       /dev/ati/card0
7f344803c000-7f344805c000 rwxs c4000000 00:05 5873                       /dev/ati/card0
7f344805c000-7f344805e000 rwxs 00002000 00:05 5873                       /dev/ati/card0
7f344805e000-7f344805f000 r-xs 00000000 08:06 1058117                    /var/cache/fontconfig/c05880de57d1f5e948fdfacc138775d9-le64.cache-3
7f344805f000-7f3448068000 r-xs 00000000 08:06 1049056                    /var/cache/fontconfig/945677eb7aeaf62f1d50efc3fb3ec7d8-le64.cache-3
7f3448068000-7f344806c000 r-xs 00000000 08:06 1058114                    /var/cache/fontconfig/99e8ed0e538f840c565b6ed5dad60d56-le64.cache-3
7f344806c000-7f3448074000 r-xs 00000000 08:06 1058144                    /var/cache/fontconfig/e383d7ea5fbe662a33d9b44caf393297-le64.cache-3
7f3448074000-7f3448078000 r-xs 00000000 08:06 1058112                    /var/cache/fontconfig/2cd17615ca594fa2959ae173292e504c-le64.cache-3
7f3448078000-7f3448079000 r-xs 00000000 08:06 1058111                    /var/cache/fontconfig/e7071f4a29fa870f4323321c154eba04-le64.cache-3
7f3448079000-7f344807e000 r-xs 00000000 08:06 1058110                    /var/cache/fontconfig/6eb3985aa4124903f6ff08ba781cd364-le64.cache-3
7f344807e000-7f344807f000 r-xs 00000000 08:06 1058105                    /var/cache/fontconfig/4c73fe0c47614734b17d736dbde7580a-le64.cache-3
7f344807f000-7f3448080000 r-xs 00000000 08:06 1058103                    /var/cache/fontconfig/0d8c3b2ac0904cb8a57a757ad11a4a08-le64.cache-3
7f3448080000-7f3448081000 r-xs 00000000 08:06 1058101                    /var/cache/fontconfig/6a53c69dea097a2d716e069445527da8-le64.cache-3
7f3448081000-7f3448087000 r-xs 00000000 08:06 1058100                    /var/cache/fontconfig/a755afe4a08bf5b97852ceb7400b47bc-le64.cache-3
7f3448087000-7f3448090000 r-xs 00000000 08:06 1058098                    /var/cache/fontconfig/6d41288fd70b0be22e8c3a91e032eec0-le64.cache-3
7f3448090000-7f34480a0000 r-xs 00000000 08:06 1058096                    /var/cache/fontconfig/0f34bcd4b6ee430af32735b75db7f02b-le64.cache-3
7f34480a0000-7f34480a3000 r-xs 00000000 08:06 1058095                    /var/cache/fontconfig/d60319d88cac85ba9e1a07bd06cfbb8c-le64.cache-3
7f34480a3000-7f34480a4000 r-xs 00000000 08:06 1058093                    /var/cache/fontconfig/4794a0821666d79190d59a36cb4f44b5-le64.cache-3
7f34480a4000-7f34480b4000 r-xs 00000000 08:06 1058092                    /var/cache/fontconfig/d52a8644073d54c13679302ca1180695-le64.cache-3
7f34480b4000-7f34480bf000 r-xs 00000000 08:06 1049051                    /var/cache/fontconfig/e13b20fdb08344e0e664864cc2ede53d-le64.cache-3
7f34480bf000-7f34480c3000 r-xs 00000000 08:06 1049036                    /var/cache/fontconfig/7ef2298fde41cc6eeb7af42e48b7d293-le64.cache-3
7f34480c3000-7f34480c7000 r-xs 000cb000 08:06 3805216                    /usr/lib/jvm/java-6-sun-1.6.0.26/jre/lib/ext/localedata.jar
7f34480c7000-7f34480ca000 r-xs 0001a000 08:07 10618362                   /home/aaron/Apps/jmonkeyplatform/jmonkeyplatform/libs/xmlpull-xpp3.jar
7f34480ca000-7f34480cc000 r-xs 00012000 08:07 10618454                   /home/aaron/Apps/jmonkeyplatform/jmonkeyplatform/libs/eventbus.jar
7f34480cc000-7f34480cf000 r-xs 0000f000 08:07 10618145                   /home/aaron/Apps/jmonkeyplatform/jmonkeyplatform/libs/nifty-style-black.jar
7f34480cf000-7f34480d7000 r-xs 00033000 08:07 10617850                   /home/aaron/Apps/jmonkeyplatform/jmonkeyplatform/libs/nifty-default-controls.jar
7f34480d7000-7f34480e1000 r-xs 0006c000 08:07 10618525                   /home/aaron/Apps/jmonkeyplatform/jmonkeyplatform/libs/nifty.jar
7f34480e1000-7f34480e2000 r-xs 00004000 08:07 10618878                   /home/aaron/Apps/jmonkeyplatform/jmonkeyplatform/libs/jME3-niftygui.jar
7f34480e2000-7f34480e3000 r-xs 0000b000 08:07 10618394                   /home/aaron/Apps/jmonkeyplatform/jmonkeyplatform/libs/stack-alloc.jar
7f34480e3000-7f34480e5000 r-xs 0003c000 08:07 10618568                   /home/aaron/Apps/jmonkeyplatform/jmonkeyplatform/libs/vecmath.jar
7f34480e5000-7f34480ef000 r-xs 00079000 08:07 10618478                   /home/aaron/Apps/jmonkeyplatform/jmonkeyplatform/libs/jbullet.jar
7f34480ef000-7f34480f2000 r-xs 00020000 08:07 10618359                   /home/aaron/Apps/jmonkeyplatform/jmonkeyplatform/libs/jME3-jbullet.jar
7f34480f2000-7f34480ff000 r-xs 000d2000 08:07 10618524                   /home/aaron/Apps/jmonkeyplatform/jmonkeyplatform/libs/lwjgl.jar
7f34480ff000-7f3448133000 rwxp 00000000 00:00 0 
7f3448133000-7f3448134000 ---p 00000000 00:00 0 
7f3448134000-7f3448234000 rwxp 00000000 00:00 0 
7f3448234000-7f3448235000 ---p 00000000 00:00 0 
7f3448235000-7f3448335000 rwxp 00000000 00:00 0 
7f3448335000-7f3448336000 ---p 00000000 00:00 0 
7f3448336000-7f3448436000 rwxp 00000000 00:00 0 
7f3448436000-7f3448437000 ---p 00000000 00:00 0 
7f3448437000-7f3448537000 rwxp 00000000 00:00 0 
7f3448537000-7f3448538000 ---p 00000000 00:00 0 
7f3448538000-7f3448638000 rwxp 00000000 00:00 0 
7f3448638000-7f3448639000 ---p 00000000 00:00 0 
7f3448639000-7f3448739000 rwxp 00000000 00:00 0 
7f3448739000-7f344873a000 ---p 00000000 00:00 0 
7f344873a000-7f344883a000 rwxp 00000000 00:00 0 
7f344883a000-7f344883b000 ---p 00000000 00:00 0 
7f344883b000-7f3448946000 rwxp 00000000 00:00 0 
7f3448946000-7f3448964000 rwxp 00000000 00:00 0 
7f3448964000-7f3448979000 rwxp 00000000 00:00 0 
7f3448979000-7f3448aad000 rwxp 00000000 00:00 0 
7f3448aad000-7f3448ab8000 rwxp 00000000 00:00 0 
7f3448ab8000-7f3448ad6000 rwxp 00000000 00:00 0 
7f3448ad6000-7f3448aeb000 rwxp 00000000 00:00 0 
7f3448aeb000-7f3448c1e000 rwxp 00000000 00:00 0 
7f3448c1e000-7f3448c37000 rwxp 00000000 00:00 0 
7f3448c37000-7f3448cc3000 rwxp 00000000 00:00 0 
7f3448cc3000-7f3448f34000 rwxp 00000000 00:00 0 
7f3448f34000-7f344bcc4000 rwxp 00000000 00:00 0 
7f344bcc4000-7f344bcd2000 r-xp 00000000 08:06 3936069                    /usr/lib/jvm/java-6-sun-1.6.0.26/jre/lib/amd64/libzip.so
7f344bcd2000-7f344bdd4000 ---p 0000e000 08:06 3936069                    /usr/lib/jvm/java-6-sun-1.6.0.26/jre/lib/amd64/libzip.so
7f344bdd4000-7f344bdd7000 rwxp 00010000 08:06 3936069                    /usr/lib/jvm/java-6-sun-1.6.0.26/jre/lib/amd64/libzip.so
7f344bdd7000-7f344bdd8000 rwxp 00000000 00:00 0 
7f344bdd8000-7f344bde4000 r-xp 00000000 08:06 3280807                    /lib/x86_64-linux-gnu/libnss_files-2.13.so
7f344bde4000-7f344bfe3000 ---p 0000c000 08:06 3280807                    /lib/x86_64-linux-gnu/libnss_files-2.13.so
7f344bfe3000-7f344bfe4000 r-xp 0000b000 08:06 3280807                    /lib/x86_64-linux-gnu/libnss_files-2.13.so
7f344bfe4000-7f344bfe5000 rwxp 0000c000 08:06 3280807                    /lib/x86_64-linux-gnu/libnss_files-2.13.so
7f344bfe5000-7f344bfef000 r-xp 00000000 08:06 3280809                    /lib/x86_64-linux-gnu/libnss_nis-2.13.so
7f344bfef000-7f344c1ef000 ---p 0000a000 08:06 3280809                    /lib/x86_64-linux-gnu/libnss_nis-2.13.so
7f344c1ef000-7f344c1f0000 r-xp 0000a000 08:06 3280809                    /lib/x86_64-linux-gnu/libnss_nis-2.13.so
7f344c1f0000-7f344c1f1000 rwxp 0000b000 08:06 3280809                    /lib/x86_64-linux-gnu/libnss_nis-2.13.so
7f344c1f1000-7f344c1f9000 r-xp 00000000 08:06 3280805                    /lib/x86_64-linux-gnu/libnss_compat-2.13.so
7f344c1f9000-7f344c3f8000 ---p 00008000 08:06 3280805                    /lib/x86_64-linux-gnu/libnss_compat-2.13.so
7f344c3f8000-7f344c3f9000 r-xp 00007000 08:06 3280805                    /lib/x86_64-linux-gnu/libnss_compat-2.13.so
7f344c3f9000-7f344c3fa000 rwxp 00008000 08:06 3280805                    /lib/x86_64-linux-gnu/libnss_compat-2.13.so
7f344c3fa000-7f344c411000 r-xp 00000000 08:06 3280804                    /lib/x86_64-linux-gnu/libnsl-2.13.so
7f344c411000-7f344c610000 ---p 00017000 08:06 3280804                    /lib/x86_64-linux-gnu/libnsl-2.13.so
7f344c610000-7f344c611000 r-xp 00016000 08:06 3280804                    /lib/x86_64-linux-gnu/libnsl-2.13.so
7f344c611000-7f344c612000 rwxp 00017000 08:06 3280804                    /lib/x86_64-linux-gnu/libnsl-2.13.so
7f344c612000-7f344c614000 rwxp 00000000 00:00 0 
7f344c614000-7f344c63d000 r-xp 00000000 08:06 3936438                    /usr/lib/jvm/java-6-sun-1.6.0.26/jre/lib/amd64/libjava.so
7f344c63d000-7f344c73c000 ---p 00029000 08:06 3936438                    /usr/lib/jvm/java-6-sun-1.6.0.26/jre/lib/amd64/libjava.so
7f344c73c000-7f344c743000 rwxp 00028000 08:06 3936438                    /usr/lib/jvm/java-6-sun-1.6.0.26/jre/lib/amd64/libjava.so
7f344c743000-7f344c750000 r-xp 00000000 08:06 3936071                    /usr/lib/jvm/java-6-sun-1.6.0.26/jre/lib/amd64/libverify.so
7f344c750000-7f344c84f000 ---p 0000d000 08:06 3936071                    /usr/lib/jvm/java-6-sun-1.6.0.26/jre/lib/amd64/libverify.so
7f344c84f000-7f344c852000 rwxp 0000c000 08:06 3936071                    /usr/lib/jvm/java-6-sun-1.6.0.26/jre/lib/amd64/libverify.so
7f344c852000-7f344c859000 r-xp 00000000 08:06 3280814                    /lib/x86_64-linux-gnu/librt-2.13.so
7f344c859000-7f344ca58000 ---p 00007000 08:06 3280814                    /lib/x86_64-linux-gnu/librt-2.13.so
7f344ca58000-7f344ca59000 r-xp 00006000 08:06 3280814                    /lib/x86_64-linux-gnu/librt-2.13.so
7f344ca59000-7f344ca5a000 rwxp 00007000 08:06 3280814                    /lib/x86_64-linux-gnu/librt-2.13.so
7f344ca5a000-7f344ca5d000 ---p 00000000 00:00 0 
7f344ca5d000-7f344cb5b000 rwxp 00000000 00:00 0 
7f344cb5b000-7f344cbde000 r-xp 00000000 08:06 3280802                    /lib/x86_64-linux-gnu/libm-2.13.so
7f344cbde000-7f344cddd000 ---p 00083000 08:06 3280802                    /lib/x86_64-linux-gnu/libm-2.13.so
7f344cddd000-7f344cdde000 r-xp 00082000 08:06 3280802                    /lib/x86_64-linux-gnu/libm-2.13.so
7f344cdde000-7f344cddf000 rwxp 00083000 08:06 3280802                    /lib/x86_64-linux-gnu/libm-2.13.so
7f344cddf000-7f344d6f9000 r-xp 00000000 08:06 3936947                    /usr/lib/jvm/java-6-sun-1.6.0.26/jre/lib/amd64/server/libjvm.so
7f344d6f9000-7f344d7fb000 ---p 0091a000 08:06 3936947                    /usr/lib/jvm/java-6-sun-1.6.0.26/jre/lib/amd64/server/libjvm.so
7f344d7fb000-7f344d9b0000 rwxp 0091c000 08:06 3936947                    /usr/lib/jvm/java-6-sun-1.6.0.26/jre/lib/amd64/server/libjvm.so
7f344d9b0000-7f344d9ea000 rwxp 00000000 00:00 0 
7f344d9ea000-7f344db81000 r-xp 00000000 08:06 3280798                    /lib/x86_64-linux-gnu/libc-2.13.so
7f344db81000-7f344dd80000 ---p 00197000 08:06 3280798                    /lib/x86_64-linux-gnu/libc-2.13.so
7f344dd80000-7f344dd84000 r-xp 00196000 08:06 3280798                    /lib/x86_64-linux-gnu/libc-2.13.so
7f344dd84000-7f344dd85000 rwxp 0019a000 08:06 3280798                    /lib/x86_64-linux-gnu/libc-2.13.so
7f344dd85000-7f344dd8b000 rwxp 00000000 00:00 0 
7f344dd8b000-7f344dd8d000 r-xp 00000000 08:06 3280801                    /lib/x86_64-linux-gnu/libdl-2.13.so
7f344dd8d000-7f344df8d000 ---p 00002000 08:06 3280801                    /lib/x86_64-linux-gnu/libdl-2.13.so
7f344df8d000-7f344df8e000 r-xp 00002000 08:06 3280801                    /lib/x86_64-linux-gnu/libdl-2.13.so
7f344df8e000-7f344df8f000 rwxp 00003000 08:06 3280801                    /lib/x86_64-linux-gnu/libdl-2.13.so
7f344df8f000-7f344dfa7000 r-xp 00000000 08:06 3280812                    /lib/x86_64-linux-gnu/libpthread-2.13.so
7f344dfa7000-7f344e1a6000 ---p 00018000 08:06 3280812                    /lib/x86_64-linux-gnu/libpthread-2.13.so
7f344e1a6000-7f344e1a7000 r-xp 00017000 08:06 3280812                    /lib/x86_64-linux-gnu/libpthread-2.13.so
7f344e1a7000-7f344e1a8000 rwxp 00018000 08:06 3280812                    /lib/x86_64-linux-gnu/libpthread-2.13.so
7f344e1a8000-7f344e1ac000 rwxp 00000000 00:00 0 
7f344e1ac000-7f344e1cd000 r-xp 00000000 08:06 3277718                    /lib/x86_64-linux-gnu/ld-2.13.so
7f344e1cd000-7f344e1d1000 r-xs 00030000 08:07 10618504                   /home/aaron/Apps/jmonkeyplatform/jmonkeyplatform/libs/jinput.jar
7f344e1d1000-7f344e1d3000 r-xs 001e9000 08:07 10618103                   /home/aaron/Apps/jmonkeyplatform/jmonkeyplatform/libs/jME3-lwjgl-natives.jar
7f344e1d3000-7f344e1d5000 r-xs 00016000 08:07 10618877                   /home/aaron/Apps/jmonkeyplatform/jmonkeyplatform/libs/jME3-lwjgl.jar
7f344e1d5000-7f344e1d9000 r-xs 00021000 08:07 10618880                   /home/aaron/Apps/jmonkeyplatform/jmonkeyplatform/libs/jME3-terrain.jar
7f344e1d9000-7f344e1da000 r-xs 00009000 08:07 10618335                   /home/aaron/Apps/jmonkeyplatform/jmonkeyplatform/libs/j-ogg-vorbisd.jar
7f344e1da000-7f344e1dc000 r-xs 00005000 08:07 10618417                   /home/aaron/Apps/jmonkeyplatform/jmonkeyplatform/libs/j-ogg-oggd.jar
7f344e1dc000-7f344e1e6000 rwxp 00000000 00:00 0 
7f344e1e6000-7f344e29c000 rwxp 00000000 00:00 0 
7f344e29c000-7f344e29f000 rwxp 00000000 00:00 0 
7f344e29f000-7f344e2a6000 r-xp 00000000 08:06 3936925                    /usr/lib/jvm/java-6-sun-1.6.0.26/jre/lib/amd64/jli/libjli.so
7f344e2a6000-7f344e3a7000 ---p 00007000 08:06 3936925                    /usr/lib/jvm/java-6-sun-1.6.0.26/jre/lib/amd64/jli/libjli.so
7f344e3a7000-7f344e3a9000 rwxp 00008000 08:06 3936925                    /usr/lib/jvm/java-6-sun-1.6.0.26/jre/lib/amd64/jli/libjli.so
7f344e3a9000-7f344e3aa000 rwxp 00000000 00:00 0 
7f344e3aa000-7f344e3ab000 r-xs 00002000 08:07 10618876                   /home/aaron/Apps/jmonkeyplatform/jmonkeyplatform/libs/jME3-jogg.jar
7f344e3ab000-7f344e3ac000 r-xs 0000f000 08:07 10618879                   /home/aaron/Apps/jmonkeyplatform/jmonkeyplatform/libs/jME3-plugins.jar
7f344e3ac000-7f344e3ae000 r-xs 00032000 08:07 10618875                   /home/aaron/Apps/jmonkeyplatform/jmonkeyplatform/libs/jME3-desktop.jar
7f344e3ae000-7f344e3c0000 r-xs 00175000 08:07 10618874                   /home/aaron/Apps/jmonkeyplatform/jmonkeyplatform/libs/jME3-core.jar
7f344e3c0000-7f344e3c8000 rwxs 00000000 08:06 5380734                    /tmp/hsperfdata_aaron/30646 (deleted)
7f344e3c8000-7f344e3c9000 rwxp 00000000 00:00 0 
7f344e3c9000-7f344e3ca000 ---p 00000000 00:00 0 
7f344e3ca000-7f344e3cc000 rwxp 00000000 00:00 0 
7f344e3cc000-7f344e3cd000 r-xp 00020000 08:06 3277718                    /lib/x86_64-linux-gnu/ld-2.13.so
7f344e3cd000-7f344e3cf000 rwxp 00021000 08:06 3277718                    /lib/x86_64-linux-gnu/ld-2.13.so
7ffffb655000-7ffffb676000 rwxp 00000000 00:00 0                          [stack]
7ffffb73b000-7ffffb73c000 r-xp 00000000 00:00 0                          [vdso]
ffffffffff600000-ffffffffff601000 r-xp 00000000 00:00 0                  [vsyscall]

VM Arguments:
jvm_args: -Dfile.encoding=UTF-8 
java_command: jmeplanet.test.App
Launcher Type: SUN_STANDARD

Environment Variables:
PATH=/usr/local/sbin:/usr/local/bin:/usr/sbin:/usr/bin:/sbin:/bin:/usr/games
LD_LIBRARY_PATH=/usr/lib/jvm/java-6-sun-1.6.0.26/jre/lib/amd64/server:/usr/lib/jvm/java-6-sun-1.6.0.26/jre/lib/amd64:/usr/lib/jvm/java-6-sun-1.6.0.26/jre/../lib/amd64
SHELL=/bin/bash
DISPLAY=:0

Signal Handlers:
SIGSEGV: [libjvm.so+0x85f800], sa_mask[0]=0x7ffbfeff, sa_flags=0x10000004
SIGBUS: [libjvm.so+0x85f800], sa_mask[0]=0x7ffbfeff, sa_flags=0x10000004
SIGFPE: [libjvm.so+0x70e300], sa_mask[0]=0x7ffbfeff, sa_flags=0x10000004
SIGPIPE: [libjvm.so+0x70e300], sa_mask[0]=0x7ffbfeff, sa_flags=0x10000004
SIGXFSZ: [libjvm.so+0x70e300], sa_mask[0]=0x7ffbfeff, sa_flags=0x10000004
SIGILL: [libjvm.so+0x70e300], sa_mask[0]=0x7ffbfeff, sa_flags=0x10000004
SIGUSR1: SIG_DFL, sa_mask[0]=0x00000000, sa_flags=0x00000000
SIGUSR2: [libjvm.so+0x711110], sa_mask[0]=0x00000004, sa_flags=0x10000004
SIGHUP: [libjvm.so+0x710d10], sa_mask[0]=0x7ffbfeff, sa_flags=0x10000004
SIGINT: SIG_IGN, sa_mask[0]=0x00000000, sa_flags=0x00000000
SIGTERM: [libjvm.so+0x710d10], sa_mask[0]=0x7ffbfeff, sa_flags=0x10000004
SIGQUIT: [libjvm.so+0x710d10], sa_mask[0]=0x7ffbfeff, sa_flags=0x10000004


---------------  S Y S T E M  ---------------

OS:wheezy/sid

uname:Linux 3.0.0-17-generic #30-Ubuntu SMP Thu Mar 8 20:45:39 UTC 2012 x86_64
libc:glibc 2.13 NPTL 2.13 
rlimit: STACK 8192k, CORE 0k, NPROC 31363, NOFILE 4096, AS infinity
load average:0.29 0.16 0.15

/proc/meminfo:
MemTotal:        4038188 kB
MemFree:          130048 kB
Buffers:           55240 kB
Cached:           717888 kB
SwapCached:        44616 kB
Active:          2293728 kB
Inactive:        1092564 kB
Active(anon):    1901724 kB
Inactive(anon):   744516 kB
Active(file):     392004 kB
Inactive(file):   348048 kB
Unevictable:           0 kB
Mlocked:               0 kB
SwapTotal:       3904508 kB
SwapFree:        3804032 kB
Dirty:               664 kB
Writeback:             0 kB
AnonPages:       2570708 kB
Mapped:           241164 kB
Shmem:             33076 kB
Slab:             162332 kB
SReclaimable:     127584 kB
SUnreclaim:        34748 kB
KernelStack:        4624 kB
PageTables:        45316 kB
NFS_Unstable:          0 kB
Bounce:                0 kB
WritebackTmp:          0 kB
CommitLimit:     5923600 kB
Committed_AS:    5346200 kB
VmallocTotal:   34359738367 kB
VmallocUsed:      318908 kB
VmallocChunk:   34359417256 kB
HardwareCorrupted:     0 kB
AnonHugePages:         0 kB
HugePages_Total:       0
HugePages_Free:        0
HugePages_Rsvd:        0
HugePages_Surp:        0
Hugepagesize:       2048 kB
DirectMap4k:     1302528 kB
DirectMap2M:     2875392 kB


CPU:total 8 (4 cores per cpu, 2 threads per core) family 6 model 42 stepping 7, cmov, cx8, fxsr, mmx, sse, sse2, sse3, ssse3, sse4.1, sse4.2, popcnt, ht

/proc/cpuinfo:
processor	: 0
vendor_id	: GenuineIntel
cpu family	: 6
model		: 42
model name	: Intel(R) Core(TM) i7-2630QM CPU @ 2.00GHz
stepping	: 7
cpu MHz		: 2001.000
cache size	: 6144 KB
physical id	: 0
siblings	: 8
core id		: 0
cpu cores	: 4
apicid		: 0
initial apicid	: 0
fpu		: yes
fpu_exception	: yes
cpuid level	: 13
wp		: yes
flags		: fpu vme de pse tsc msr pae mce cx8 apic sep mtrr pge mca cmov pat pse36 clflush dts acpi mmx fxsr sse sse2 ss ht tm pbe syscall nx rdtscp lm constant_tsc arch_perfmon pebs bts rep_good nopl xtopology nonstop_tsc aperfmperf pni pclmulqdq dtes64 monitor ds_cpl vmx est tm2 ssse3 cx16 xtpr pdcm sse4_1 sse4_2 x2apic popcnt xsave avx lahf_lm ida arat epb xsaveopt pln pts dts tpr_shadow vnmi flexpriority ept vpid
bogomips	: 3990.86
clflush size	: 64
cache_alignment	: 64
address sizes	: 36 bits physical, 48 bits virtual
power management:

processor	: 1
vendor_id	: GenuineIntel
cpu family	: 6
model		: 42
model name	: Intel(R) Core(TM) i7-2630QM CPU @ 2.00GHz
stepping	: 7
cpu MHz		: 2001.000
cache size	: 6144 KB
physical id	: 0
siblings	: 8
core id		: 0
cpu cores	: 4
apicid		: 1
initial apicid	: 1
fpu		: yes
fpu_exception	: yes
cpuid level	: 13
wp		: yes
flags		: fpu vme de pse tsc msr pae mce cx8 apic sep mtrr pge mca cmov pat pse36 clflush dts acpi mmx fxsr sse sse2 ss ht tm pbe syscall nx rdtscp lm constant_tsc arch_perfmon pebs bts rep_good nopl xtopology nonstop_tsc aperfmperf pni pclmulqdq dtes64 monitor ds_cpl vmx est tm2 ssse3 cx16 xtpr pdcm sse4_1 sse4_2 x2apic popcnt xsave avx lahf_lm ida arat epb xsaveopt pln pts dts tpr_shadow vnmi flexpriority ept vpid
bogomips	: 3990.80
clflush size	: 64
cache_alignment	: 64
address sizes	: 36 bits physical, 48 bits virtual
power management:

processor	: 2
vendor_id	: GenuineIntel
cpu family	: 6
model		: 42
model name	: Intel(R) Core(TM) i7-2630QM CPU @ 2.00GHz
stepping	: 7
cpu MHz		: 800.000
cache size	: 6144 KB
physical id	: 0
siblings	: 8
core id		: 1
cpu cores	: 4
apicid		: 2
initial apicid	: 2
fpu		: yes
fpu_exception	: yes
cpuid level	: 13
wp		: yes
flags		: fpu vme de pse tsc msr pae mce cx8 apic sep mtrr pge mca cmov pat pse36 clflush dts acpi mmx fxsr sse sse2 ss ht tm pbe syscall nx rdtscp lm constant_tsc arch_perfmon pebs bts rep_good nopl xtopology nonstop_tsc aperfmperf pni pclmulqdq dtes64 monitor ds_cpl vmx est tm2 ssse3 cx16 xtpr pdcm sse4_1 sse4_2 x2apic popcnt xsave avx lahf_lm ida arat epb xsaveopt pln pts dts tpr_shadow vnmi flexpriority ept vpid
bogomips	: 3990.83
clflush size	: 64
cache_alignment	: 64
address sizes	: 36 bits physical, 48 bits virtual
power management:

processor	: 3
vendor_id	: GenuineIntel
cpu family	: 6
model		: 42
model name	: Intel(R) Core(TM) i7-2630QM CPU @ 2.00GHz
stepping	: 7
cpu MHz		: 800.000
cache size	: 6144 KB
physical id	: 0
siblings	: 8
core id		: 1
cpu cores	: 4
apicid		: 3
initial apicid	: 3
fpu		: yes
fpu_exception	: yes
cpuid level	: 13
wp		: yes
flags		: fpu vme de pse tsc msr pae mce cx8 apic sep mtrr pge mca cmov pat pse36 clflush dts acpi mmx fxsr sse sse2 ss ht tm pbe syscall nx rdtscp lm constant_tsc arch_perfmon pebs bts rep_good nopl xtopology nonstop_tsc aperfmperf pni pclmulqdq dtes64 monitor ds_cpl vmx est tm2 ssse3 cx16 xtpr pdcm sse4_1 sse4_2 x2apic popcnt xsave avx lahf_lm ida arat epb xsaveopt pln pts dts tpr_shadow vnmi flexpriority ept vpid
bogomips	: 3990.83
clflush size	: 64
cache_alignment	: 64
address sizes	: 36 bits physical, 48 bits virtual
power management:

processor	: 4
vendor_id	: GenuineIntel
cpu family	: 6
model		: 42
model name	: Intel(R) Core(TM) i7-2630QM CPU @ 2.00GHz
stepping	: 7
cpu MHz		: 800.000
cache size	: 6144 KB
physical id	: 0
siblings	: 8
core id		: 2
cpu cores	: 4
apicid		: 4
initial apicid	: 4
fpu		: yes
fpu_exception	: yes
cpuid level	: 13
wp		: yes
flags		: fpu vme de pse tsc msr pae mce cx8 apic sep mtrr pge mca cmov pat pse36 clflush dts acpi mmx fxsr sse sse2 ss ht tm pbe syscall nx rdtscp lm constant_tsc arch_perfmon pebs bts rep_good nopl xtopology nonstop_tsc aperfmperf pni pclmulqdq dtes64 monitor ds_cpl vmx est tm2 ssse3 cx16 xtpr pdcm sse4_1 sse4_2 x2apic popcnt xsave avx lahf_lm ida arat epb xsaveopt pln pts dts tpr_shadow vnmi flexpriority ept vpid
bogomips	: 3990.84
clflush size	: 64
cache_alignment	: 64
address sizes	: 36 bits physical, 48 bits virtual
power management:

processor	: 5
vendor_id	: GenuineIntel
cpu family	: 6
model		: 42
model name	: Intel(R) Core(TM) i7-2630QM CPU @ 2.00GHz
stepping	: 7
cpu MHz		: 800.000
cache size	: 6144 KB
physical id	: 0
siblings	: 8
core id		: 2
cpu cores	: 4
apicid		: 5
initial apicid	: 5
fpu		: yes
fpu_exception	: yes
cpuid level	: 13
wp		: yes
flags		: fpu vme de pse tsc msr pae mce cx8 apic sep mtrr pge mca cmov pat pse36 clflush dts acpi mmx fxsr sse sse2 ss ht tm pbe syscall nx rdtscp lm constant_tsc arch_perfmon pebs bts rep_good nopl xtopology nonstop_tsc aperfmperf pni pclmulqdq dtes64 monitor ds_cpl vmx est tm2 ssse3 cx16 xtpr pdcm sse4_1 sse4_2 x2apic popcnt xsave avx lahf_lm ida arat epb xsaveopt pln pts dts tpr_shadow vnmi flexpriority ept vpid
bogomips	: 3990.83
clflush size	: 64
cache_alignment	: 64
address sizes	: 36 bits physical, 48 bits virtual
power management:

processor	: 6
vendor_id	: GenuineIntel
cpu family	: 6
model		: 42
model name	: Intel(R) Core(TM) i7-2630QM CPU @ 2.00GHz
stepping	: 7
cpu MHz		: 800.000
cache size	: 6144 KB
physical id	: 0
siblings	: 8
core id		: 3
cpu cores	: 4
apicid		: 6
initial apicid	: 6
fpu		: yes
fpu_exception	: yes
cpuid level	: 13
wp		: yes
flags		: fpu vme de pse tsc msr pae mce cx8 apic sep mtrr pge mca cmov pat pse36 clflush dts acpi mmx fxsr sse sse2 ss ht tm pbe syscall nx rdtscp lm constant_tsc arch_perfmon pebs bts rep_good nopl xtopology nonstop_tsc aperfmperf pni pclmulqdq dtes64 monitor ds_cpl vmx est tm2 ssse3 cx16 xtpr pdcm sse4_1 sse4_2 x2apic popcnt xsave avx lahf_lm ida arat epb xsaveopt pln pts dts tpr_shadow vnmi flexpriority ept vpid
bogomips	: 3990.82
clflush size	: 64
cache_alignment	: 64
address sizes	: 36 bits physical, 48 bits virtual
power management:

processor	: 7
vendor_id	: GenuineIntel
cpu family	: 6
model		: 42
model name	: Intel(R) Core(TM) i7-2630QM CPU @ 2.00GHz
stepping	: 7
cpu MHz		: 2001.000
cache size	: 6144 KB
physical id	: 0
siblings	: 8
core id		: 3
cpu cores	: 4
apicid		: 7
initial apicid	: 7
fpu		: yes
fpu_exception	: yes
cpuid level	: 13
wp		: yes
flags		: fpu vme de pse tsc msr pae mce cx8 apic sep mtrr pge mca cmov pat pse36 clflush dts acpi mmx fxsr sse sse2 ss ht tm pbe syscall nx rdtscp lm constant_tsc arch_perfmon pebs bts rep_good nopl xtopology nonstop_tsc aperfmperf pni pclmulqdq dtes64 monitor ds_cpl vmx est tm2 ssse3 cx16 xtpr pdcm sse4_1 sse4_2 x2apic popcnt xsave avx lahf_lm ida arat epb xsaveopt pln pts dts tpr_shadow vnmi flexpriority ept vpid
bogomips	: 3990.84
clflush size	: 64
cache_alignment	: 64
address sizes	: 36 bits physical, 48 bits virtual
power management:



Memory: 4k page, physical 4038188k(130048k free), swap 3904508k(3804032k free)

vm_info: Java HotSpot(TM) 64-Bit Server VM (20.1-b02) for linux-amd64 JRE (1.6.0_26-b03), built on May  4 2011 01:13:47 by "java_re" with gcc 3.2.2 (SuSE Linux)

time: Mon Apr 23 15:33:04 2012
elapsed time: 13 seconds

