#
# A fatal error has been detected by the Java Runtime Environment:
#
#  SIGSEGV (0xb) at pc=0x00007fad6979ac08, pid=30981, tid=140382910834464
#
# JRE version: 6.0_26-b03
# Java VM: Java HotSpot(TM) 64-Bit Server VM (20.1-b02 mixed mode linux-amd64 compressed oops)
# Problematic frame:
# C  [libX11.so.6+0x35c08]  XQueryExtension+0x28
#
# If you would like to submit a bug report, please visit:
#   http://java.sun.com/webapps/bugreport/crash.jsp
#

---------------  T H R E A D  ---------------

Current thread is native thread

siginfo:si_signo=SIGSEGV: si_errno=0, si_code=1 (SEGV_MAPERR), si_addr=0x000000005c083938

Registers:
RAX=0x00000000403a25b0, RBX=0x000000005c082fd0, RCX=0x00007fff27f5f288, RDX=0x00007fff27f5f284
RSP=0x00007fff27f5f220, RBP=0x00007fad63815932, RSI=0x00007fad63815932, RDI=0x000000005c082fd0
R8 =0x00007fff27f5f28c, R9 =0x0000000000000000, R10=0x00007fad71371ea8, R11=0x00007fad7100fba0
R12=0x00007fff27f5f284, R13=0x00007fad63815932, R14=0x00000000403a25b0, R15=0x0000000000000000
RIP=0x00007fad6979ac08, EFLAGS=0x0000000000010202, CSGSFS=0x0000000000000033, ERR=0x0000000000000004
  TRAPNO=0x000000000000000e

Top of Stack: (sp=0x00007fff27f5f220)
0x00007fff27f5f220:   00007fad70fe25c8 00007fad719939e8
0x00007fff27f5f230:   0000000000000000 0000000000000000
0x00007fff27f5f240:   000000000bea6495 000000005c082fd0
0x00007fff27f5f250:   00007fad63815932 0000000000000000
0x00007fff27f5f260:   00007fad63815932 00000000403a25b0
0x00007fff27f5f270:   0000000000000000 00007fad6978e4f5
0x00007fff27f5f280:   00007fad719b7048 00007fad6394e520
0x00007fff27f5f290:   00007fad6394e520 000000005c082fd0
0x00007fff27f5f2a0:   00007fad5c07a540 00007fad69aab73b
0x00007fff27f5f2b0:   0101010101010101 0000001170fe25c8
0x00007fff27f5f2c0:   00007fff27f5f340 0000000000000000
0x00007fff27f5f2d0:   00007fff27f5f340 000000005c082fd0
0x00007fff27f5f2e0:   0000000000000000 00007fad719b7048
0x00007fff27f5f2f0:   00007fad63967d50 00007fad637bc119
0x00007fff27f5f300:   0000000000000000 0000000000000033
0x00007fff27f5f310:   00007fff27f5f340 00007fff27f5f360
0x00007fff27f5f320:   0000000000000000 00007fad719b7048
0x00007fff27f5f330:   00007fad5c07a6c0 00007fad637b2b42
0x00007fff27f5f340:   00007fff27f5f570 00007fad638158b1
0x00007fff27f5f350:   00007fff27f5f570 00007fad717a5135
0x00007fff27f5f360:   00007fad719b82c8 00007fad719b8858
0x00007fff27f5f370:   00007fad71993000 00000000403a9350
0x00007fff27f5f380:   00000000403a9830 00000000403a9d30
0x00007fff27f5f390:   00000000403ae9e0 00007fad64111fb0
0x00007fff27f5f3a0:   00007fad5c064e80 00007fad5c05dc20
0x00007fff27f5f3b0:   00007fad5c055300 00007fad5c055c80
0x00007fff27f5f3c0:   0000000040511610 0000000040571560
0x00007fff27f5f3d0:   0000000040570cf0 00000000403aa5b0
0x00007fff27f5f3e0:   00000000403a48d0 00000000403a4230
0x00007fff27f5f3f0:   00000000403a1570 00007fad5c065350
0x00007fff27f5f400:   00007fad5c0557a0 00007fad5c0657f0
0x00007fff27f5f410:   00007fad5c07a6c0 00007fad5c069c70 

Instructions: (pc=0x00007fad6979ac08)
0x00007fad6979abe8:   24 d8 48 89 fb 4c 89 64 24 e0 4c 89 6c 24 e8 49
0x00007fad6979abf8:   89 d4 4c 89 74 24 f0 4c 89 7c 24 f8 48 83 ec 58
0x00007fad6979ac08:   48 8b 87 68 09 00 00 49 89 f5 48 89 cd 4d 89 c6
0x00007fad6979ac18:   48 85 c0 74 02 ff 10 4c 8b bb b0 00 00 00 49 8d 

Register to memory mapping:

RAX=0x00000000403a25b0 is an unknown value
RBX=0x000000005c082fd0 is an unknown value
RCX=0x00007fff27f5f288 is an unknown value
RDX=0x00007fff27f5f284 is an unknown value
RSP=0x00007fff27f5f220 is an unknown value
RBP=0x00007fad63815932: <offset 0x96932> in /usr/lib/fglrx/libGL.so.1 at 0x00007fad6377f000
RSI=0x00007fad63815932: <offset 0x96932> in /usr/lib/fglrx/libGL.so.1 at 0x00007fad6377f000
RDI=0x000000005c082fd0 is an unknown value
R8 =0x00007fff27f5f28c is an unknown value
R9 =0x0000000000000000 is an unknown value
R10=0x00007fad71371ea8: <offset 0x39dea8> in /lib/x86_64-linux-gnu/libc.so.6 at 0x00007fad70fd4000
R11=0x00007fad7100fba0: __cxa_finalize+0 in /lib/x86_64-linux-gnu/libc.so.6 at 0x00007fad70fd4000
R12=0x00007fff27f5f284 is an unknown value
R13=0x00007fad63815932: <offset 0x96932> in /usr/lib/fglrx/libGL.so.1 at 0x00007fad6377f000
R14=0x00000000403a25b0 is an unknown value
R15=0x0000000000000000 is an unknown value


Stack: [0x00007fff27e62000,0x00007fff27f62000],  sp=0x00007fff27f5f220,  free space=1012k
Native frames: (J=compiled Java code, j=interpreted, Vv=VM code, C=native code)
C  [libX11.so.6+0x35c08]  XQueryExtension+0x28


---------------  P R O C E S S  ---------------

VM state:at safepoint (shutting down)

VM Mutex/Monitor currently owned by a thread:  ([mutex/lock_event])
[0x00000000403a7720] Threads_lock - owner thread: 0x0000000040410000

Heap
 PSYoungGen      total 18368K, used 4101K [0x00000000eb760000, 0x00000000ecbe0000, 0x0000000100000000)
  eden space 15744K, 16% used [0x00000000eb760000,0x00000000eb9e8d08,0x00000000ec6c0000)
  from space 2624K, 57% used [0x00000000ec6c0000,0x00000000ec838a00,0x00000000ec950000)
  to   space 2624K, 0% used [0x00000000ec950000,0x00000000ec950000,0x00000000ecbe0000)
 PSOldGen        total 42112K, used 0K [0x00000000c2600000, 0x00000000c4f20000, 0x00000000eb760000)
  object space 42112K, 0% used [0x00000000c2600000,0x00000000c2600000,0x00000000c4f20000)
 PSPermGen       total 21248K, used 12975K [0x00000000bd400000, 0x00000000be8c0000, 0x00000000c2600000)
  object space 21248K, 61% used [0x00000000bd400000,0x00000000be0abf70,0x00000000be8c0000)

Code Cache  [0x00007fad6c2ae000, 0x00007fad6c51e000, 0x00007fad6f2ae000)
 total_blobs=673 nmethods=163 adapters=464 free_code_cache=49372608 largest_free_block=6912

Dynamic libraries:
40000000-40009000 r-xp 00000000 08:06 3941148                            /usr/lib/jvm/java-6-sun-1.6.0.26/jre/bin/java
40108000-4010a000 rwxp 00008000 08:06 3941148                            /usr/lib/jvm/java-6-sun-1.6.0.26/jre/bin/java
403a1000-40c29000 rwxp 00000000 00:00 0                                  [heap]
bd400000-be8c0000 rwxp 00000000 00:00 0 
be8c0000-c2600000 rwxp 00000000 00:00 0 
c2600000-c4f20000 rwxp 00000000 00:00 0 
c4f20000-eb760000 rwxp 00000000 00:00 0 
eb760000-ecbe0000 rwxp 00000000 00:00 0 
ecbe0000-100000000 rwxp 00000000 00:00 0 
7fad5467c000-7fad5467f000 ---p 00000000 00:00 0 
7fad5467f000-7fad5477d000 rwxp 00000000 00:00 0 
7fad5477d000-7fad5477e000 ---p 00000000 00:00 0 
7fad5477e000-7fad54f7e000 rwxp 00000000 00:00 0 
7fad54f7e000-7fad54f7f000 ---p 00000000 00:00 0 
7fad54f7f000-7fad5577f000 rwxp 00000000 00:00 0 
7fad5577f000-7fad55780000 ---p 00000000 00:00 0 
7fad55780000-7fad55f80000 rwxp 00000000 00:00 0 
7fad59f81000-7fad59f82000 ---p 00000000 00:00 0 
7fad59f82000-7fad5a782000 rwxp 00000000 00:00 0 
7fad5a782000-7fad5a799000 r-xp 00000000 08:06 3280813                    /lib/x86_64-linux-gnu/libresolv-2.13.so
7fad5a799000-7fad5a999000 ---p 00017000 08:06 3280813                    /lib/x86_64-linux-gnu/libresolv-2.13.so
7fad5a999000-7fad5a99a000 r-xp 00017000 08:06 3280813                    /lib/x86_64-linux-gnu/libresolv-2.13.so
7fad5a99a000-7fad5a99b000 rwxp 00018000 08:06 3280813                    /lib/x86_64-linux-gnu/libresolv-2.13.so
7fad5a99b000-7fad5a99d000 rwxp 00000000 00:00 0 
7fad5a99d000-7fad5a9a3000 r-xp 00000000 08:06 3809389                    /usr/lib/x86_64-linux-gnu/libogg.so.0.7.1
7fad5a9a3000-7fad5aba2000 ---p 00006000 08:06 3809389                    /usr/lib/x86_64-linux-gnu/libogg.so.0.7.1
7fad5aba2000-7fad5aba3000 r-xp 00005000 08:06 3809389                    /usr/lib/x86_64-linux-gnu/libogg.so.0.7.1
7fad5aba3000-7fad5aba4000 rwxp 00006000 08:06 3809389                    /usr/lib/x86_64-linux-gnu/libogg.so.0.7.1
7fad5aba4000-7fad5abcf000 r-xp 00000000 08:06 3809461                    /usr/lib/x86_64-linux-gnu/libvorbis.so.0.4.5
7fad5abcf000-7fad5adce000 ---p 0002b000 08:06 3809461                    /usr/lib/x86_64-linux-gnu/libvorbis.so.0.4.5
7fad5adce000-7fad5adcf000 r-xp 0002a000 08:06 3809461                    /usr/lib/x86_64-linux-gnu/libvorbis.so.0.4.5
7fad5adcf000-7fad5add0000 rwxp 0002b000 08:06 3809461                    /usr/lib/x86_64-linux-gnu/libvorbis.so.0.4.5
7fad5add0000-7fad5b083000 r-xp 00000000 08:06 3809456                    /usr/lib/x86_64-linux-gnu/libvorbisenc.so.2.0.8
7fad5b083000-7fad5b282000 ---p 002b3000 08:06 3809456                    /usr/lib/x86_64-linux-gnu/libvorbisenc.so.2.0.8
7fad5b282000-7fad5b29e000 r-xp 002b2000 08:06 3809456                    /usr/lib/x86_64-linux-gnu/libvorbisenc.so.2.0.8
7fad5b29e000-7fad5b29f000 rwxp 002ce000 08:06 3809456                    /usr/lib/x86_64-linux-gnu/libvorbisenc.so.2.0.8
7fad5b29f000-7fad5b2e7000 r-xp 00000000 08:06 3809156                    /usr/lib/x86_64-linux-gnu/libFLAC.so.8.2.0
7fad5b2e7000-7fad5b4e7000 ---p 00048000 08:06 3809156                    /usr/lib/x86_64-linux-gnu/libFLAC.so.8.2.0
7fad5b4e7000-7fad5b4e8000 r-xp 00048000 08:06 3809156                    /usr/lib/x86_64-linux-gnu/libFLAC.so.8.2.0
7fad5b4e8000-7fad5b4e9000 rwxp 00049000 08:06 3809156                    /usr/lib/x86_64-linux-gnu/libFLAC.so.8.2.0
7fad5b4e9000-7fad5b4ee000 r-xp 00000000 08:06 3809265                    /usr/lib/x86_64-linux-gnu/libasyncns.so.0.3.1
7fad5b4ee000-7fad5b6ed000 ---p 00005000 08:06 3809265                    /usr/lib/x86_64-linux-gnu/libasyncns.so.0.3.1
7fad5b6ed000-7fad5b6ee000 r-xp 00004000 08:06 3809265                    /usr/lib/x86_64-linux-gnu/libasyncns.so.0.3.1
7fad5b6ee000-7fad5b6ef000 rwxp 00005000 08:06 3809265                    /usr/lib/x86_64-linux-gnu/libasyncns.so.0.3.1
7fad5b6ef000-7fad5b74f000 r-xp 00000000 08:06 3809429                    /usr/lib/x86_64-linux-gnu/libsndfile.so.1.0.24
7fad5b74f000-7fad5b94f000 ---p 00060000 08:06 3809429                    /usr/lib/x86_64-linux-gnu/libsndfile.so.1.0.24
7fad5b94f000-7fad5b951000 r-xp 00060000 08:06 3809429                    /usr/lib/x86_64-linux-gnu/libsndfile.so.1.0.24
7fad5b951000-7fad5b952000 rwxp 00062000 08:06 3809429                    /usr/lib/x86_64-linux-gnu/libsndfile.so.1.0.24
7fad5b952000-7fad5b956000 rwxp 00000000 00:00 0 
7fad5b956000-7fad5b95e000 r-xp 00000000 08:06 3280658                    /lib/x86_64-linux-gnu/libwrap.so.0.7.6
7fad5b95e000-7fad5bb5d000 ---p 00008000 08:06 3280658                    /lib/x86_64-linux-gnu/libwrap.so.0.7.6
7fad5bb5d000-7fad5bb5e000 r-xp 00007000 08:06 3280658                    /lib/x86_64-linux-gnu/libwrap.so.0.7.6
7fad5bb5e000-7fad5bb5f000 rwxp 00008000 08:06 3280658                    /lib/x86_64-linux-gnu/libwrap.so.0.7.6
7fad5bb5f000-7fad5bba1000 r-xp 00000000 08:06 3280587                    /lib/x86_64-linux-gnu/libdbus-1.so.3.5.7
7fad5bba1000-7fad5bda0000 ---p 00042000 08:06 3280587                    /lib/x86_64-linux-gnu/libdbus-1.so.3.5.7
7fad5bda0000-7fad5bda1000 r-xp 00041000 08:06 3280587                    /lib/x86_64-linux-gnu/libdbus-1.so.3.5.7
7fad5bda1000-7fad5bda2000 rwxp 00042000 08:06 3280587                    /lib/x86_64-linux-gnu/libdbus-1.so.3.5.7
7fad5bda2000-7fad5bdfe000 r-xp 00000000 08:06 3809314                    /usr/lib/x86_64-linux-gnu/libpulsecommon-1.0.so
7fad5bdfe000-7fad5bffe000 ---p 0005c000 08:06 3809314                    /usr/lib/x86_64-linux-gnu/libpulsecommon-1.0.so
7fad5bffe000-7fad5bfff000 r-xp 0005c000 08:06 3809314                    /usr/lib/x86_64-linux-gnu/libpulsecommon-1.0.so
7fad5bfff000-7fad5c000000 rwxp 0005d000 08:06 3809314                    /usr/lib/x86_64-linux-gnu/libpulsecommon-1.0.so
7fad5c000000-7fad5d0b1000 rwxp 00000000 00:00 0 
7fad5d0b1000-7fad60000000 ---p 00000000 00:00 0 
7fad60066000-7fad6006d000 r-xp 00000000 08:06 3809363                    /usr/lib/x86_64-linux-gnu/libjson.so.0.0.1
7fad6006d000-7fad6026c000 ---p 00007000 08:06 3809363                    /usr/lib/x86_64-linux-gnu/libjson.so.0.0.1
7fad6026c000-7fad6026d000 r-xp 00006000 08:06 3809363                    /usr/lib/x86_64-linux-gnu/libjson.so.0.0.1
7fad6026d000-7fad6026e000 rwxp 00007000 08:06 3809363                    /usr/lib/x86_64-linux-gnu/libjson.so.0.0.1
7fad6026e000-7fad602b4000 r-xp 00000000 08:06 3809289                    /usr/lib/x86_64-linux-gnu/libpulse.so.0.13.4
7fad602b4000-7fad604b3000 ---p 00046000 08:06 3809289                    /usr/lib/x86_64-linux-gnu/libpulse.so.0.13.4
7fad604b3000-7fad604b4000 r-xp 00045000 08:06 3809289                    /usr/lib/x86_64-linux-gnu/libpulse.so.0.13.4
7fad604b4000-7fad604b5000 rwxp 00046000 08:06 3809289                    /usr/lib/x86_64-linux-gnu/libpulse.so.0.13.4
7fad607d0000-7fad60ed0000 rwxs 00006000 00:05 5873                       /dev/ati/card0
7fad60ed0000-7fad61050000 rwxp 00000000 00:00 0 
7fad61050000-7fad61052000 r-xp 00000000 08:06 3809247                    /usr/lib/x86_64-linux-gnu/libXinerama.so.1.0.0
7fad61052000-7fad61251000 ---p 00002000 08:06 3809247                    /usr/lib/x86_64-linux-gnu/libXinerama.so.1.0.0
7fad61251000-7fad61252000 r-xp 00001000 08:06 3809247                    /usr/lib/x86_64-linux-gnu/libXinerama.so.1.0.0
7fad61252000-7fad61253000 rwxp 00002000 08:06 3809247                    /usr/lib/x86_64-linux-gnu/libXinerama.so.1.0.0
7fad61253000-7fad6128e000 r-xp 00000000 08:06 3804222                    /usr/lib/fglrx/libatiadlxx.so
7fad6128e000-7fad6138e000 ---p 0003b000 08:06 3804222                    /usr/lib/fglrx/libatiadlxx.so
7fad6138e000-7fad61397000 rwxp 0003b000 08:06 3804222                    /usr/lib/fglrx/libatiadlxx.so
7fad61397000-7fad613a8000 rwxp 00000000 00:00 0 
7fad613a8000-7fad613af000 r-xp 00000000 08:06 3804253                    /usr/lib/fglrx/libatiuki.so.1.0
7fad613af000-7fad614af000 ---p 00007000 08:06 3804253                    /usr/lib/fglrx/libatiuki.so.1.0
7fad614af000-7fad614b0000 rwxp 00007000 08:06 3804253                    /usr/lib/fglrx/libatiuki.so.1.0
7fad614b0000-7fad614b1000 rwxp 00000000 00:00 0 
7fad614b1000-7fad6340b000 r-xp 00000000 08:06 3804265                    /usr/lib/fglrx/dri/fglrx_dri.so
7fad6340b000-7fad6350b000 ---p 01f5a000 08:06 3804265                    /usr/lib/fglrx/dri/fglrx_dri.so
7fad6350b000-7fad63659000 rwxp 01f5a000 08:06 3804265                    /usr/lib/fglrx/dri/fglrx_dri.so
7fad63659000-7fad6377f000 rwxp 00000000 00:00 0 
7fad6377f000-7fad63842000 r-xp 00000000 08:06 3804219                    /usr/lib/fglrx/libGL.so.1.2
7fad63842000-7fad63941000 ---p 000c3000 08:06 3804219                    /usr/lib/fglrx/libGL.so.1.2
7fad63941000-7fad63968000 rwxp 000c2000 08:06 3804219                    /usr/lib/fglrx/libGL.so.1.2
7fad63968000-7fad63988000 rwxp 00000000 00:00 0 
7fad63988000-7fad6398d000 r-xp 00000000 08:06 3809259                    /usr/lib/x86_64-linux-gnu/libXxf86vm.so.1.0.0
7fad6398d000-7fad63b8c000 ---p 00005000 08:06 3809259                    /usr/lib/x86_64-linux-gnu/libXxf86vm.so.1.0.0
7fad63b8c000-7fad63b8d000 r-xp 00004000 08:06 3809259                    /usr/lib/x86_64-linux-gnu/libXxf86vm.so.1.0.0
7fad63b8d000-7fad63b8e000 rwxp 00005000 08:06 3809259                    /usr/lib/x86_64-linux-gnu/libXxf86vm.so.1.0.0
7fad63b8e000-7fad63b96000 r-xp 00000000 08:06 3809249                    /usr/lib/x86_64-linux-gnu/libXrandr.so.2.2.0
7fad63b96000-7fad63d95000 ---p 00008000 08:06 3809249                    /usr/lib/x86_64-linux-gnu/libXrandr.so.2.2.0
7fad63d95000-7fad63d96000 r-xp 00007000 08:06 3809249                    /usr/lib/x86_64-linux-gnu/libXrandr.so.2.2.0
7fad63d96000-7fad63d97000 rwxp 00008000 08:06 3809249                    /usr/lib/x86_64-linux-gnu/libXrandr.so.2.2.0
7fad63d97000-7fad63dfd000 r-xp 00000000 08:07 10375991                   /home/aaron/Projects/jMonkeyProjects/jmeplanet/liblwjgl64.so
7fad63dfd000-7fad63ffd000 ---p 00066000 08:07 10375991                   /home/aaron/Projects/jMonkeyProjects/jmeplanet/liblwjgl64.so
7fad63ffd000-7fad63fff000 r-xp 00066000 08:07 10375991                   /home/aaron/Projects/jMonkeyProjects/jmeplanet/liblwjgl64.so
7fad63fff000-7fad64000000 rwxp 00068000 08:07 10375991                   /home/aaron/Projects/jMonkeyProjects/jmeplanet/liblwjgl64.so
7fad64000000-7fad64b69000 rwxp 00000000 00:00 0 
7fad64b69000-7fad68000000 ---p 00000000 00:00 0 
7fad68010000-7fad68058000 rwxp 00000000 00:00 0 
7fad68058000-7fad6805b000 ---p 00000000 00:00 0 
7fad6805b000-7fad68159000 rwxp 00000000 00:00 0 
7fad68159000-7fad6815a000 r-xs 00000000 08:06 1058117                    /var/cache/fontconfig/c05880de57d1f5e948fdfacc138775d9-le64.cache-3
7fad6815a000-7fad68163000 r-xs 00000000 08:06 1049056                    /var/cache/fontconfig/945677eb7aeaf62f1d50efc3fb3ec7d8-le64.cache-3
7fad68163000-7fad68167000 r-xs 00000000 08:06 1058114                    /var/cache/fontconfig/99e8ed0e538f840c565b6ed5dad60d56-le64.cache-3
7fad68167000-7fad6816f000 r-xs 00000000 08:06 1058144                    /var/cache/fontconfig/e383d7ea5fbe662a33d9b44caf393297-le64.cache-3
7fad6816f000-7fad68173000 r-xs 00000000 08:06 1058112                    /var/cache/fontconfig/2cd17615ca594fa2959ae173292e504c-le64.cache-3
7fad68173000-7fad68174000 r-xs 00000000 08:06 1058111                    /var/cache/fontconfig/e7071f4a29fa870f4323321c154eba04-le64.cache-3
7fad68174000-7fad68179000 r-xs 00000000 08:06 1058110                    /var/cache/fontconfig/6eb3985aa4124903f6ff08ba781cd364-le64.cache-3
7fad681ac000-7fad6822c000 rwxp 00000000 00:00 0 
7fad6822c000-7fad6824c000 rwxs c4000000 00:05 5873                       /dev/ati/card0
7fad6824c000-7fad6824d000 r-xp 00000000 08:06 3936931                    /usr/lib/jvm/java-6-sun-1.6.0.26/jre/lib/amd64/libjawt.so
7fad6824d000-7fad6834c000 ---p 00001000 08:06 3936931                    /usr/lib/jvm/java-6-sun-1.6.0.26/jre/lib/amd64/libjawt.so
7fad6834c000-7fad6834d000 rwxp 00000000 08:06 3936931                    /usr/lib/jvm/java-6-sun-1.6.0.26/jre/lib/amd64/libjawt.so
7fad6834d000-7fad68350000 ---p 00000000 00:00 0 
7fad68350000-7fad6844e000 rwxp 00000000 00:00 0 
7fad6844e000-7fad68453000 r-xp 00000000 08:06 3809241                    /usr/lib/x86_64-linux-gnu/libXfixes.so.3.1.0
7fad68453000-7fad68652000 ---p 00005000 08:06 3809241                    /usr/lib/x86_64-linux-gnu/libXfixes.so.3.1.0
7fad68652000-7fad68653000 r-xp 00004000 08:06 3809241                    /usr/lib/x86_64-linux-gnu/libXfixes.so.3.1.0
7fad68653000-7fad68654000 rwxp 00005000 08:06 3809241                    /usr/lib/x86_64-linux-gnu/libXfixes.so.3.1.0
7fad68654000-7fad6865d000 r-xp 00000000 08:06 3809251                    /usr/lib/x86_64-linux-gnu/libXrender.so.1.3.0
7fad6865d000-7fad6885d000 ---p 00009000 08:06 3809251                    /usr/lib/x86_64-linux-gnu/libXrender.so.1.3.0
7fad6885d000-7fad6885e000 r-xp 00009000 08:06 3809251                    /usr/lib/x86_64-linux-gnu/libXrender.so.1.3.0
7fad6885e000-7fad6885f000 rwxp 0000a000 08:06 3809251                    /usr/lib/x86_64-linux-gnu/libXrender.so.1.3.0
7fad6885f000-7fad68868000 r-xp 00000000 08:06 3809233                    /usr/lib/x86_64-linux-gnu/libXcursor.so.1.0.2
7fad68868000-7fad68a67000 ---p 00009000 08:06 3809233                    /usr/lib/x86_64-linux-gnu/libXcursor.so.1.0.2
7fad68a67000-7fad68a68000 r-xp 00008000 08:06 3809233                    /usr/lib/x86_64-linux-gnu/libXcursor.so.1.0.2
7fad68a68000-7fad68a69000 rwxp 00009000 08:06 3809233                    /usr/lib/x86_64-linux-gnu/libXcursor.so.1.0.2
7fad68a7f000-7fad68a86000 r-xs 00000000 08:06 3940598                    /usr/lib/x86_64-linux-gnu/gconv/gconv-modules.cache
7fad68a86000-7fad68a87000 rwxs 00005000 00:05 5873                       /dev/ati/card0
7fad68a87000-7fad68a89000 rwxs 00002000 00:05 5873                       /dev/ati/card0
7fad68a89000-7fad68a8c000 ---p 00000000 00:00 0 
7fad68a8c000-7fad68b8a000 rwxp 00000000 00:00 0 
7fad68b8a000-7fad68c03000 r-xp 00000000 08:06 3936114                    /usr/lib/jvm/java-6-sun-1.6.0.26/jre/lib/amd64/libfontmanager.so
7fad68c03000-7fad68d02000 ---p 00079000 08:06 3936114                    /usr/lib/jvm/java-6-sun-1.6.0.26/jre/lib/amd64/libfontmanager.so
7fad68d02000-7fad68d17000 rwxp 00078000 08:06 3936114                    /usr/lib/jvm/java-6-sun-1.6.0.26/jre/lib/amd64/libfontmanager.so
7fad68d17000-7fad68d28000 rwxp 00000000 00:00 0 
7fad68d28000-7fad68d2d000 r-xp 00000000 08:06 3809237                    /usr/lib/x86_64-linux-gnu/libXdmcp.so.6.0.0
7fad68d2d000-7fad68f2c000 ---p 00005000 08:06 3809237                    /usr/lib/x86_64-linux-gnu/libXdmcp.so.6.0.0
7fad68f2c000-7fad68f2d000 r-xp 00004000 08:06 3809237                    /usr/lib/x86_64-linux-gnu/libXdmcp.so.6.0.0
7fad68f2d000-7fad68f2e000 rwxp 00005000 08:06 3809237                    /usr/lib/x86_64-linux-gnu/libXdmcp.so.6.0.0
7fad68f2e000-7fad68f30000 r-xp 00000000 08:06 3809229                    /usr/lib/x86_64-linux-gnu/libXau.so.6.0.0
7fad68f30000-7fad6912f000 ---p 00002000 08:06 3809229                    /usr/lib/x86_64-linux-gnu/libXau.so.6.0.0
7fad6912f000-7fad69130000 r-xp 00001000 08:06 3809229                    /usr/lib/x86_64-linux-gnu/libXau.so.6.0.0
7fad69130000-7fad69131000 rwxp 00002000 08:06 3809229                    /usr/lib/x86_64-linux-gnu/libXau.so.6.0.0
7fad69131000-7fad6914e000 r-xp 00000000 08:06 3807879                    /usr/lib/x86_64-linux-gnu/libxcb.so.1.1.0
7fad6914e000-7fad6934d000 ---p 0001d000 08:06 3807879                    /usr/lib/x86_64-linux-gnu/libxcb.so.1.1.0
7fad6934d000-7fad6934e000 r-xp 0001c000 08:06 3807879                    /usr/lib/x86_64-linux-gnu/libxcb.so.1.1.0
7fad6934e000-7fad6934f000 rwxp 0001d000 08:06 3807879                    /usr/lib/x86_64-linux-gnu/libxcb.so.1.1.0
7fad6934f000-7fad6935e000 r-xp 00000000 08:06 3809245                    /usr/lib/x86_64-linux-gnu/libXi.so.6.1.0
7fad6935e000-7fad6955d000 ---p 0000f000 08:06 3809245                    /usr/lib/x86_64-linux-gnu/libXi.so.6.1.0
7fad6955d000-7fad6955e000 r-xp 0000e000 08:06 3809245                    /usr/lib/x86_64-linux-gnu/libXi.so.6.1.0
7fad6955e000-7fad6955f000 rwxp 0000f000 08:06 3809245                    /usr/lib/x86_64-linux-gnu/libXi.so.6.1.0
7fad6955f000-7fad69564000 r-xp 00000000 08:06 3802679                    /usr/lib/libXtst.so.6.1.0
7fad69564000-7fad69763000 ---p 00005000 08:06 3802679                    /usr/lib/libXtst.so.6.1.0
7fad69763000-7fad69764000 r-xp 00004000 08:06 3802679                    /usr/lib/libXtst.so.6.1.0
7fad69764000-7fad69765000 rwxp 00005000 08:06 3802679                    /usr/lib/libXtst.so.6.1.0
7fad69765000-7fad69898000 r-xp 00000000 08:06 3809227                    /usr/lib/x86_64-linux-gnu/libX11.so.6.3.0
7fad69898000-7fad69a98000 ---p 00133000 08:06 3809227                    /usr/lib/x86_64-linux-gnu/libX11.so.6.3.0
7fad69a98000-7fad69a99000 r-xp 00133000 08:06 3809227                    /usr/lib/x86_64-linux-gnu/libX11.so.6.3.0
7fad69a99000-7fad69a9d000 rwxp 00134000 08:06 3809227                    /usr/lib/x86_64-linux-gnu/libX11.so.6.3.0
7fad69a9d000-7fad69aaf000 r-xp 00000000 08:06 3809239                    /usr/lib/x86_64-linux-gnu/libXext.so.6.4.0
7fad69aaf000-7fad69cae000 ---p 00012000 08:06 3809239                    /usr/lib/x86_64-linux-gnu/libXext.so.6.4.0
7fad69cae000-7fad69caf000 r-xp 00011000 08:06 3809239                    /usr/lib/x86_64-linux-gnu/libXext.so.6.4.0
7fad69caf000-7fad69cb0000 rwxp 00012000 08:06 3809239                    /usr/lib/x86_64-linux-gnu/libXext.so.6.4.0
7fad69cb0000-7fad69cc0000 r-xs 00000000 08:06 1058096                    /var/cache/fontconfig/0f34bcd4b6ee430af32735b75db7f02b-le64.cache-3
7fad69cc0000-7fad69cd0000 r-xs 00000000 08:06 1058092                    /var/cache/fontconfig/d52a8644073d54c13679302ca1180695-le64.cache-3
7fad69cd0000-7fad69d12000 r-xp 00000000 08:06 3936066                    /usr/lib/jvm/java-6-sun-1.6.0.26/jre/lib/amd64/xawt/libmawt.so
7fad69d12000-7fad69e11000 ---p 00042000 08:06 3936066                    /usr/lib/jvm/java-6-sun-1.6.0.26/jre/lib/amd64/xawt/libmawt.so
7fad69e11000-7fad69e1d000 rwxp 00041000 08:06 3936066                    /usr/lib/jvm/java-6-sun-1.6.0.26/jre/lib/amd64/xawt/libmawt.so
7fad69e1d000-7fad69e1e000 rwxp 00000000 00:00 0 
7fad69e1e000-7fad69eb0000 r-xp 00000000 08:06 3936072                    /usr/lib/jvm/java-6-sun-1.6.0.26/jre/lib/amd64/libawt.so
7fad69eb0000-7fad69faf000 ---p 00092000 08:06 3936072                    /usr/lib/jvm/java-6-sun-1.6.0.26/jre/lib/amd64/libawt.so
7fad69faf000-7fad69fc9000 rwxp 00091000 08:06 3936072                    /usr/lib/jvm/java-6-sun-1.6.0.26/jre/lib/amd64/libawt.so
7fad69fc9000-7fad69fed000 rwxp 00000000 00:00 0 
7fad69fed000-7fad69ff0000 ---p 00000000 00:00 0 
7fad69ff0000-7fad6a0ee000 rwxp 00000000 00:00 0 
7fad6a0ee000-7fad6a0f2000 r-xs 000cb000 08:06 3805216                    /usr/lib/jvm/java-6-sun-1.6.0.26/jre/lib/ext/localedata.jar
7fad6a0f2000-7fad6a0f5000 r-xs 0001a000 08:07 10618362                   /home/aaron/Apps/jmonkeyplatform/jmonkeyplatform/libs/xmlpull-xpp3.jar
7fad6a0f5000-7fad6a0f7000 r-xs 00012000 08:07 10618454                   /home/aaron/Apps/jmonkeyplatform/jmonkeyplatform/libs/eventbus.jar
7fad6a0f7000-7fad6a0fa000 r-xs 0000f000 08:07 10618145                   /home/aaron/Apps/jmonkeyplatform/jmonkeyplatform/libs/nifty-style-black.jar
7fad6a0fa000-7fad6a102000 r-xs 00033000 08:07 10617850                   /home/aaron/Apps/jmonkeyplatform/jmonkeyplatform/libs/nifty-default-controls.jar
7fad6a102000-7fad6a10c000 r-xs 0006c000 08:07 10618525                   /home/aaron/Apps/jmonkeyplatform/jmonkeyplatform/libs/nifty.jar
7fad6a10c000-7fad6a10d000 r-xs 00004000 08:07 10618878                   /home/aaron/Apps/jmonkeyplatform/jmonkeyplatform/libs/jME3-niftygui.jar
7fad6a10d000-7fad6a10e000 r-xs 0000b000 08:07 10618394                   /home/aaron/Apps/jmonkeyplatform/jmonkeyplatform/libs/stack-alloc.jar
7fad6a10e000-7fad6a110000 r-xs 0003c000 08:07 10618568                   /home/aaron/Apps/jmonkeyplatform/jmonkeyplatform/libs/vecmath.jar
7fad6a110000-7fad6a11a000 r-xs 00079000 08:07 10618478                   /home/aaron/Apps/jmonkeyplatform/jmonkeyplatform/libs/jbullet.jar
7fad6a11a000-7fad6a11d000 r-xs 00020000 08:07 10618359                   /home/aaron/Apps/jmonkeyplatform/jmonkeyplatform/libs/jME3-jbullet.jar
7fad6a11d000-7fad6a12a000 r-xs 000d2000 08:07 10618524                   /home/aaron/Apps/jmonkeyplatform/jmonkeyplatform/libs/lwjgl.jar
7fad6a12a000-7fad6a12e000 r-xs 00030000 08:07 10618504                   /home/aaron/Apps/jmonkeyplatform/jmonkeyplatform/libs/jinput.jar
7fad6a12e000-7fad6a130000 r-xs 001e9000 08:07 10618103                   /home/aaron/Apps/jmonkeyplatform/jmonkeyplatform/libs/jME3-lwjgl-natives.jar
7fad6a130000-7fad6a132000 r-xs 00016000 08:07 10618877                   /home/aaron/Apps/jmonkeyplatform/jmonkeyplatform/libs/jME3-lwjgl.jar
7fad6a132000-7fad6a136000 r-xs 00021000 08:07 10618880                   /home/aaron/Apps/jmonkeyplatform/jmonkeyplatform/libs/jME3-terrain.jar
7fad6a136000-7fad6a137000 r-xs 00009000 08:07 10618335                   /home/aaron/Apps/jmonkeyplatform/jmonkeyplatform/libs/j-ogg-vorbisd.jar
7fad6a137000-7fad6a139000 r-xs 00005000 08:07 10618417                   /home/aaron/Apps/jmonkeyplatform/jmonkeyplatform/libs/j-ogg-oggd.jar
7fad6a139000-7fad6a13a000 r-xs 00002000 08:07 10618876                   /home/aaron/Apps/jmonkeyplatform/jmonkeyplatform/libs/jME3-jogg.jar
7fad6a13a000-7fad6a13b000 r-xs 0000f000 08:07 10618879                   /home/aaron/Apps/jmonkeyplatform/jmonkeyplatform/libs/jME3-plugins.jar
7fad6a13b000-7fad6a13d000 r-xs 00032000 08:07 10618875                   /home/aaron/Apps/jmonkeyplatform/jmonkeyplatform/libs/jME3-desktop.jar
7fad6a13d000-7fad6a14f000 r-xs 00175000 08:07 10618874                   /home/aaron/Apps/jmonkeyplatform/jmonkeyplatform/libs/jME3-core.jar
7fad6a14f000-7fad6a150000 ---p 00000000 00:00 0 
7fad6a150000-7fad6a250000 rwxp 00000000 00:00 0 
7fad6a250000-7fad6a253000 ---p 00000000 00:00 0 
7fad6a253000-7fad6a351000 rwxp 00000000 00:00 0 
7fad6a351000-7fad6a354000 ---p 00000000 00:00 0 
7fad6a354000-7fad6a452000 rwxp 00000000 00:00 0 
7fad6a452000-7fad6a455000 ---p 00000000 00:00 0 
7fad6a455000-7fad6a553000 rwxp 00000000 00:00 0 
7fad6a553000-7fad6a556000 ---p 00000000 00:00 0 
7fad6a556000-7fad6a654000 rwxp 00000000 00:00 0 
7fad6a654000-7fad6a91d000 r-xp 00000000 08:06 3807955                    /usr/lib/locale/locale-archive
7fad6a91d000-7fad6a920000 ---p 00000000 00:00 0 
7fad6a920000-7fad6aa1e000 rwxp 00000000 00:00 0 
7fad6aa1e000-7fad6aa21000 ---p 00000000 00:00 0 
7fad6aa21000-7fad6ab1f000 rwxp 00000000 00:00 0 
7fad6ab1f000-7fad6ab20000 ---p 00000000 00:00 0 
7fad6ab20000-7fad6b55d000 rwxp 00000000 00:00 0 
7fad6b55d000-7fad6b6f5000 r-xs 03029000 08:06 3813223                    /usr/lib/jvm/java-6-sun-1.6.0.26/jre/lib/rt.jar
7fad6b6f5000-7fad6b71d000 rwxp 00000000 00:00 0 
7fad6b71d000-7fad6b71e000 ---p 00000000 00:00 0 
7fad6b71e000-7fad6b81e000 rwxp 00000000 00:00 0 
7fad6b81e000-7fad6b81f000 ---p 00000000 00:00 0 
7fad6b81f000-7fad6b91f000 rwxp 00000000 00:00 0 
7fad6b91f000-7fad6b920000 ---p 00000000 00:00 0 
7fad6b920000-7fad6ba20000 rwxp 00000000 00:00 0 
7fad6ba20000-7fad6ba21000 ---p 00000000 00:00 0 
7fad6ba21000-7fad6bb21000 rwxp 00000000 00:00 0 
7fad6bb21000-7fad6bb22000 ---p 00000000 00:00 0 
7fad6bb22000-7fad6bc22000 rwxp 00000000 00:00 0 
7fad6bc22000-7fad6bc23000 ---p 00000000 00:00 0 
7fad6bc23000-7fad6bd23000 rwxp 00000000 00:00 0 
7fad6bd23000-7fad6bd24000 ---p 00000000 00:00 0 
7fad6bd24000-7fad6be24000 rwxp 00000000 00:00 0 
7fad6be24000-7fad6be25000 ---p 00000000 00:00 0 
7fad6be25000-7fad6bf30000 rwxp 00000000 00:00 0 
7fad6bf30000-7fad6bf4e000 rwxp 00000000 00:00 0 
7fad6bf4e000-7fad6bf63000 rwxp 00000000 00:00 0 
7fad6bf63000-7fad6c097000 rwxp 00000000 00:00 0 
7fad6c097000-7fad6c0a2000 rwxp 00000000 00:00 0 
7fad6c0a2000-7fad6c0c0000 rwxp 00000000 00:00 0 
7fad6c0c0000-7fad6c0d5000 rwxp 00000000 00:00 0 
7fad6c0d5000-7fad6c208000 rwxp 00000000 00:00 0 
7fad6c208000-7fad6c213000 rwxp 00000000 00:00 0 
7fad6c213000-7fad6c2ad000 rwxp 00000000 00:00 0 
7fad6c2ad000-7fad6c51e000 rwxp 00000000 00:00 0 
7fad6c51e000-7fad6f2ae000 rwxp 00000000 00:00 0 
7fad6f2ae000-7fad6f2bc000 r-xp 00000000 08:06 3936069                    /usr/lib/jvm/java-6-sun-1.6.0.26/jre/lib/amd64/libzip.so
7fad6f2bc000-7fad6f3be000 ---p 0000e000 08:06 3936069                    /usr/lib/jvm/java-6-sun-1.6.0.26/jre/lib/amd64/libzip.so
7fad6f3be000-7fad6f3c1000 rwxp 00010000 08:06 3936069                    /usr/lib/jvm/java-6-sun-1.6.0.26/jre/lib/amd64/libzip.so
7fad6f3c1000-7fad6f3c2000 rwxp 00000000 00:00 0 
7fad6f3c2000-7fad6f3ce000 r-xp 00000000 08:06 3280807                    /lib/x86_64-linux-gnu/libnss_files-2.13.so
7fad6f3ce000-7fad6f5cd000 ---p 0000c000 08:06 3280807                    /lib/x86_64-linux-gnu/libnss_files-2.13.so
7fad6f5cd000-7fad6f5ce000 r-xp 0000b000 08:06 3280807                    /lib/x86_64-linux-gnu/libnss_files-2.13.so
7fad6f5ce000-7fad6f5cf000 rwxp 0000c000 08:06 3280807                    /lib/x86_64-linux-gnu/libnss_files-2.13.so
7fad6f5cf000-7fad6f5d9000 r-xp 00000000 08:06 3280809                    /lib/x86_64-linux-gnu/libnss_nis-2.13.so
7fad6f5d9000-7fad6f7d9000 ---p 0000a000 08:06 3280809                    /lib/x86_64-linux-gnu/libnss_nis-2.13.so
7fad6f7d9000-7fad6f7da000 r-xp 0000a000 08:06 3280809                    /lib/x86_64-linux-gnu/libnss_nis-2.13.so
7fad6f7da000-7fad6f7db000 rwxp 0000b000 08:06 3280809                    /lib/x86_64-linux-gnu/libnss_nis-2.13.so
7fad6f7db000-7fad6f7e3000 r-xp 00000000 08:06 3280805                    /lib/x86_64-linux-gnu/libnss_compat-2.13.so
7fad6f7e3000-7fad6f9e2000 ---p 00008000 08:06 3280805                    /lib/x86_64-linux-gnu/libnss_compat-2.13.so
7fad6f9e2000-7fad6f9e3000 r-xp 00007000 08:06 3280805                    /lib/x86_64-linux-gnu/libnss_compat-2.13.so
7fad6f9e3000-7fad6f9e4000 rwxp 00008000 08:06 3280805                    /lib/x86_64-linux-gnu/libnss_compat-2.13.so
7fad6f9e4000-7fad6f9fb000 r-xp 00000000 08:06 3280804                    /lib/x86_64-linux-gnu/libnsl-2.13.so
7fad6f9fb000-7fad6fbfa000 ---p 00017000 08:06 3280804                    /lib/x86_64-linux-gnu/libnsl-2.13.so
7fad6fbfa000-7fad6fbfb000 r-xp 00016000 08:06 3280804                    /lib/x86_64-linux-gnu/libnsl-2.13.so
7fad6fbfb000-7fad6fbfc000 rwxp 00017000 08:06 3280804                    /lib/x86_64-linux-gnu/libnsl-2.13.so
7fad6fbfc000-7fad6fbfe000 rwxp 00000000 00:00 0 
7fad6fbfe000-7fad6fc27000 r-xp 00000000 08:06 3936438                    /usr/lib/jvm/java-6-sun-1.6.0.26/jre/lib/amd64/libjava.so
7fad6fc27000-7fad6fd26000 ---p 00029000 08:06 3936438                    /usr/lib/jvm/java-6-sun-1.6.0.26/jre/lib/amd64/libjava.so
7fad6fd26000-7fad6fd2d000 rwxp 00028000 08:06 3936438                    /usr/lib/jvm/java-6-sun-1.6.0.26/jre/lib/amd64/libjava.so
7fad6fd2d000-7fad6fd3a000 r-xp 00000000 08:06 3936071                    /usr/lib/jvm/java-6-sun-1.6.0.26/jre/lib/amd64/libverify.so
7fad6fd3a000-7fad6fe39000 ---p 0000d000 08:06 3936071                    /usr/lib/jvm/java-6-sun-1.6.0.26/jre/lib/amd64/libverify.so
7fad6fe39000-7fad6fe3c000 rwxp 0000c000 08:06 3936071                    /usr/lib/jvm/java-6-sun-1.6.0.26/jre/lib/amd64/libverify.so
7fad6fe3c000-7fad6fe43000 r-xp 00000000 08:06 3280814                    /lib/x86_64-linux-gnu/librt-2.13.so
7fad6fe43000-7fad70042000 ---p 00007000 08:06 3280814                    /lib/x86_64-linux-gnu/librt-2.13.so
7fad70042000-7fad70043000 r-xp 00006000 08:06 3280814                    /lib/x86_64-linux-gnu/librt-2.13.so
7fad70043000-7fad70044000 rwxp 00007000 08:06 3280814                    /lib/x86_64-linux-gnu/librt-2.13.so
7fad70044000-7fad70047000 ---p 00000000 00:00 0 
7fad70047000-7fad70145000 rwxp 00000000 00:00 0 
7fad70145000-7fad701c8000 r-xp 00000000 08:06 3280802                    /lib/x86_64-linux-gnu/libm-2.13.so
7fad701c8000-7fad703c7000 ---p 00083000 08:06 3280802                    /lib/x86_64-linux-gnu/libm-2.13.so
7fad703c7000-7fad703c8000 r-xp 00082000 08:06 3280802                    /lib/x86_64-linux-gnu/libm-2.13.so
7fad703c8000-7fad703c9000 rwxp 00083000 08:06 3280802                    /lib/x86_64-linux-gnu/libm-2.13.so
7fad703c9000-7fad70ce3000 r-xp 00000000 08:06 3936947                    /usr/lib/jvm/java-6-sun-1.6.0.26/jre/lib/amd64/server/libjvm.so
7fad70ce3000-7fad70de5000 ---p 0091a000 08:06 3936947                    /usr/lib/jvm/java-6-sun-1.6.0.26/jre/lib/amd64/server/libjvm.so
7fad70de5000-7fad70f9a000 rwxp 0091c000 08:06 3936947                    /usr/lib/jvm/java-6-sun-1.6.0.26/jre/lib/amd64/server/libjvm.so
7fad70f9a000-7fad70fd4000 rwxp 00000000 00:00 0 
7fad70fd4000-7fad7116b000 r-xp 00000000 08:06 3280798                    /lib/x86_64-linux-gnu/libc-2.13.so
7fad7116b000-7fad7136a000 ---p 00197000 08:06 3280798                    /lib/x86_64-linux-gnu/libc-2.13.so
7fad7136a000-7fad7136e000 r-xp 00196000 08:06 3280798                    /lib/x86_64-linux-gnu/libc-2.13.so
7fad7136e000-7fad7136f000 rwxp 0019a000 08:06 3280798                    /lib/x86_64-linux-gnu/libc-2.13.so
7fad7136f000-7fad71375000 rwxp 00000000 00:00 0 
7fad71375000-7fad71377000 r-xp 00000000 08:06 3280801                    /lib/x86_64-linux-gnu/libdl-2.13.so
7fad71377000-7fad71577000 ---p 00002000 08:06 3280801                    /lib/x86_64-linux-gnu/libdl-2.13.so
7fad71577000-7fad71578000 r-xp 00002000 08:06 3280801                    /lib/x86_64-linux-gnu/libdl-2.13.so
7fad71578000-7fad71579000 rwxp 00003000 08:06 3280801                    /lib/x86_64-linux-gnu/libdl-2.13.so
7fad71579000-7fad71591000 r-xp 00000000 08:06 3280812                    /lib/x86_64-linux-gnu/libpthread-2.13.so
7fad71591000-7fad71790000 ---p 00018000 08:06 3280812                    /lib/x86_64-linux-gnu/libpthread-2.13.so
7fad71790000-7fad71791000 r-xp 00017000 08:06 3280812                    /lib/x86_64-linux-gnu/libpthread-2.13.so
7fad71791000-7fad71792000 rwxp 00018000 08:06 3280812                    /lib/x86_64-linux-gnu/libpthread-2.13.so
7fad71792000-7fad71796000 rwxp 00000000 00:00 0 
7fad71796000-7fad717b7000 r-xp 00000000 08:06 3277718                    /lib/x86_64-linux-gnu/ld-2.13.so
7fad717b7000-7fad717bd000 r-xs 00000000 08:06 1058100                    /var/cache/fontconfig/a755afe4a08bf5b97852ceb7400b47bc-le64.cache-3
7fad717bd000-7fad717c6000 r-xs 00000000 08:06 1058098                    /var/cache/fontconfig/6d41288fd70b0be22e8c3a91e032eec0-le64.cache-3
7fad717c6000-7fad717d0000 rwxp 00000000 00:00 0 
7fad717d0000-7fad71886000 rwxp 00000000 00:00 0 
7fad71886000-7fad71889000 rwxp 00000000 00:00 0 
7fad71889000-7fad71890000 r-xp 00000000 08:06 3936925                    /usr/lib/jvm/java-6-sun-1.6.0.26/jre/lib/amd64/jli/libjli.so
7fad71890000-7fad71991000 ---p 00007000 08:06 3936925                    /usr/lib/jvm/java-6-sun-1.6.0.26/jre/lib/amd64/jli/libjli.so
7fad71991000-7fad71993000 rwxp 00008000 08:06 3936925                    /usr/lib/jvm/java-6-sun-1.6.0.26/jre/lib/amd64/jli/libjli.so
7fad71993000-7fad71994000 rwxp 00000000 00:00 0 
7fad71994000-7fad71995000 r-xs 00000000 08:06 1058105                    /var/cache/fontconfig/4c73fe0c47614734b17d736dbde7580a-le64.cache-3
7fad71995000-7fad71996000 r-xs 00000000 08:06 1058103                    /var/cache/fontconfig/0d8c3b2ac0904cb8a57a757ad11a4a08-le64.cache-3
7fad71996000-7fad71997000 r-xs 00000000 08:06 1058101                    /var/cache/fontconfig/6a53c69dea097a2d716e069445527da8-le64.cache-3
7fad71997000-7fad7199a000 r-xs 00000000 08:06 1058095                    /var/cache/fontconfig/d60319d88cac85ba9e1a07bd06cfbb8c-le64.cache-3
7fad7199a000-7fad7199b000 r-xs 00000000 08:06 1058093                    /var/cache/fontconfig/4794a0821666d79190d59a36cb4f44b5-le64.cache-3
7fad7199b000-7fad719a6000 r-xs 00000000 08:06 1049051                    /var/cache/fontconfig/e13b20fdb08344e0e664864cc2ede53d-le64.cache-3
7fad719a6000-7fad719aa000 r-xs 00000000 08:06 1049036                    /var/cache/fontconfig/7ef2298fde41cc6eeb7af42e48b7d293-le64.cache-3
7fad719aa000-7fad719b2000 rwxs 00000000 08:06 5380735                    /tmp/hsperfdata_aaron/30981 (deleted)
7fad719b2000-7fad719b3000 rwxp 00000000 00:00 0 
7fad719b3000-7fad719b4000 ---p 00000000 00:00 0 
7fad719b4000-7fad719b6000 rwxp 00000000 00:00 0 
7fad719b6000-7fad719b7000 r-xp 00020000 08:06 3277718                    /lib/x86_64-linux-gnu/ld-2.13.so
7fad719b7000-7fad719b9000 rwxp 00021000 08:06 3277718                    /lib/x86_64-linux-gnu/ld-2.13.so
7fff27f41000-7fff27f62000 rwxp 00000000 00:00 0                          [stack]
7fff27fff000-7fff28000000 r-xp 00000000 00:00 0                          [vdso]
ffffffffff600000-ffffffffff601000 r-xp 00000000 00:00 0                  [vsyscall]

VM Arguments:
jvm_args: -Dfile.encoding=UTF-8 
java_command: jmeplanet.test.App
Launcher Type: SUN_STANDARD

Environment Variables:
PATH=/usr/local/sbin:/usr/local/bin:/usr/sbin:/usr/bin:/sbin:/bin:/usr/games
LD_LIBRARY_PATH=/usr/lib/jvm/java-6-sun-1.6.0.26/jre/lib/amd64/server:/usr/lib/jvm/java-6-sun-1.6.0.26/jre/lib/amd64:/usr/lib/jvm/java-6-sun-1.6.0.26/jre/../lib/amd64
SHELL=/bin/bash
DISPLAY=:0

Signal Handlers:
SIGSEGV: [libjvm.so+0x85f800], sa_mask[0]=0x7ffbfeff, sa_flags=0x10000004
SIGBUS: [libjvm.so+0x85f800], sa_mask[0]=0x7ffbfeff, sa_flags=0x10000004
SIGFPE: [libjvm.so+0x70e300], sa_mask[0]=0x7ffbfeff, sa_flags=0x10000004
SIGPIPE: [libjvm.so+0x70e300], sa_mask[0]=0x7ffbfeff, sa_flags=0x10000004
SIGXFSZ: [libjvm.so+0x70e300], sa_mask[0]=0x7ffbfeff, sa_flags=0x10000004
SIGILL: [libjvm.so+0x70e300], sa_mask[0]=0x7ffbfeff, sa_flags=0x10000004
SIGUSR1: SIG_DFL, sa_mask[0]=0x00000000, sa_flags=0x00000000
SIGUSR2: [libjvm.so+0x711110], sa_mask[0]=0x00000004, sa_flags=0x10000004
SIGHUP: [libjvm.so+0x710d10], sa_mask[0]=0x7ffbfeff, sa_flags=0x10000004
SIGINT: SIG_IGN, sa_mask[0]=0x00000000, sa_flags=0x00000000
SIGTERM: [libjvm.so+0x710d10], sa_mask[0]=0x7ffbfeff, sa_flags=0x10000004
SIGQUIT: [libjvm.so+0x710d10], sa_mask[0]=0x7ffbfeff, sa_flags=0x10000004


---------------  S Y S T E M  ---------------

OS:wheezy/sid

uname:Linux 3.0.0-17-generic #30-Ubuntu SMP Thu Mar 8 20:45:39 UTC 2012 x86_64
libc:glibc 2.13 NPTL 2.13 
rlimit: STACK 8192k, CORE 0k, NPROC 31363, NOFILE 4096, AS infinity
load average:0.04 0.09 0.13

/proc/meminfo:
MemTotal:        4038188 kB
MemFree:          119764 kB
Buffers:           58760 kB
Cached:           732160 kB
SwapCached:        44616 kB
Active:          2317028 kB
Inactive:        1100728 kB
Active(anon):    1915096 kB
Inactive(anon):   744712 kB
Active(file):     401932 kB
Inactive(file):   356016 kB
Unevictable:           0 kB
Mlocked:               0 kB
SwapTotal:       3904508 kB
SwapFree:        3804096 kB
Dirty:               180 kB
Writeback:             0 kB
AnonPages:       2584128 kB
Mapped:           241308 kB
Shmem:             32972 kB
Slab:             162200 kB
SReclaimable:     127428 kB
SUnreclaim:        34772 kB
KernelStack:        4608 kB
PageTables:        45340 kB
NFS_Unstable:          0 kB
Bounce:                0 kB
WritebackTmp:          0 kB
CommitLimit:     5923600 kB
Committed_AS:    5342268 kB
VmallocTotal:   34359738367 kB
VmallocUsed:      318908 kB
VmallocChunk:   34359417256 kB
HardwareCorrupted:     0 kB
AnonHugePages:         0 kB
HugePages_Total:       0
HugePages_Free:        0
HugePages_Rsvd:        0
HugePages_Surp:        0
Hugepagesize:       2048 kB
DirectMap4k:     1302528 kB
DirectMap2M:     2875392 kB


CPU:total 8 (4 cores per cpu, 2 threads per core) family 6 model 42 stepping 7, cmov, cx8, fxsr, mmx, sse, sse2, sse3, ssse3, sse4.1, sse4.2, popcnt, ht

/proc/cpuinfo:
processor	: 0
vendor_id	: GenuineIntel
cpu family	: 6
model		: 42
model name	: Intel(R) Core(TM) i7-2630QM CPU @ 2.00GHz
stepping	: 7
cpu MHz		: 1100.000
cache size	: 6144 KB
physical id	: 0
siblings	: 8
core id		: 0
cpu cores	: 4
apicid		: 0
initial apicid	: 0
fpu		: yes
fpu_exception	: yes
cpuid level	: 13
wp		: yes
flags		: fpu vme de pse tsc msr pae mce cx8 apic sep mtrr pge mca cmov pat pse36 clflush dts acpi mmx fxsr sse sse2 ss ht tm pbe syscall nx rdtscp lm constant_tsc arch_perfmon pebs bts rep_good nopl xtopology nonstop_tsc aperfmperf pni pclmulqdq dtes64 monitor ds_cpl vmx est tm2 ssse3 cx16 xtpr pdcm sse4_1 sse4_2 x2apic popcnt xsave avx lahf_lm ida arat epb xsaveopt pln pts dts tpr_shadow vnmi flexpriority ept vpid
bogomips	: 3990.86
clflush size	: 64
cache_alignment	: 64
address sizes	: 36 bits physical, 48 bits virtual
power management:

processor	: 1
vendor_id	: GenuineIntel
cpu family	: 6
model		: 42
model name	: Intel(R) Core(TM) i7-2630QM CPU @ 2.00GHz
stepping	: 7
cpu MHz		: 2001.000
cache size	: 6144 KB
physical id	: 0
siblings	: 8
core id		: 0
cpu cores	: 4
apicid		: 1
initial apicid	: 1
fpu		: yes
fpu_exception	: yes
cpuid level	: 13
wp		: yes
flags		: fpu vme de pse tsc msr pae mce cx8 apic sep mtrr pge mca cmov pat pse36 clflush dts acpi mmx fxsr sse sse2 ss ht tm pbe syscall nx rdtscp lm constant_tsc arch_perfmon pebs bts rep_good nopl xtopology nonstop_tsc aperfmperf pni pclmulqdq dtes64 monitor ds_cpl vmx est tm2 ssse3 cx16 xtpr pdcm sse4_1 sse4_2 x2apic popcnt xsave avx lahf_lm ida arat epb xsaveopt pln pts dts tpr_shadow vnmi flexpriority ept vpid
bogomips	: 3990.80
clflush size	: 64
cache_alignment	: 64
address sizes	: 36 bits physical, 48 bits virtual
power management:

processor	: 2
vendor_id	: GenuineIntel
cpu family	: 6
model		: 42
model name	: Intel(R) Core(TM) i7-2630QM CPU @ 2.00GHz
stepping	: 7
cpu MHz		: 2001.000
cache size	: 6144 KB
physical id	: 0
siblings	: 8
core id		: 1
cpu cores	: 4
apicid		: 2
initial apicid	: 2
fpu		: yes
fpu_exception	: yes
cpuid level	: 13
wp		: yes
flags		: fpu vme de pse tsc msr pae mce cx8 apic sep mtrr pge mca cmov pat pse36 clflush dts acpi mmx fxsr sse sse2 ss ht tm pbe syscall nx rdtscp lm constant_tsc arch_perfmon pebs bts rep_good nopl xtopology nonstop_tsc aperfmperf pni pclmulqdq dtes64 monitor ds_cpl vmx est tm2 ssse3 cx16 xtpr pdcm sse4_1 sse4_2 x2apic popcnt xsave avx lahf_lm ida arat epb xsaveopt pln pts dts tpr_shadow vnmi flexpriority ept vpid
bogomips	: 3990.83
clflush size	: 64
cache_alignment	: 64
address sizes	: 36 bits physical, 48 bits virtual
power management:

processor	: 3
vendor_id	: GenuineIntel
cpu family	: 6
model		: 42
model name	: Intel(R) Core(TM) i7-2630QM CPU @ 2.00GHz
stepping	: 7
cpu MHz		: 2001.000
cache size	: 6144 KB
physical id	: 0
siblings	: 8
core id		: 1
cpu cores	: 4
apicid		: 3
initial apicid	: 3
fpu		: yes
fpu_exception	: yes
cpuid level	: 13
wp		: yes
flags		: fpu vme de pse tsc msr pae mce cx8 apic sep mtrr pge mca cmov pat pse36 clflush dts acpi mmx fxsr sse sse2 ss ht tm pbe syscall nx rdtscp lm constant_tsc arch_perfmon pebs bts rep_good nopl xtopology nonstop_tsc aperfmperf pni pclmulqdq dtes64 monitor ds_cpl vmx est tm2 ssse3 cx16 xtpr pdcm sse4_1 sse4_2 x2apic popcnt xsave avx lahf_lm ida arat epb xsaveopt pln pts dts tpr_shadow vnmi flexpriority ept vpid
bogomips	: 3990.83
clflush size	: 64
cache_alignment	: 64
address sizes	: 36 bits physical, 48 bits virtual
power management:

processor	: 4
vendor_id	: GenuineIntel
cpu family	: 6
model		: 42
model name	: Intel(R) Core(TM) i7-2630QM CPU @ 2.00GHz
stepping	: 7
cpu MHz		: 800.000
cache size	: 6144 KB
physical id	: 0
siblings	: 8
core id		: 2
cpu cores	: 4
apicid		: 4
initial apicid	: 4
fpu		: yes
fpu_exception	: yes
cpuid level	: 13
wp		: yes
flags		: fpu vme de pse tsc msr pae mce cx8 apic sep mtrr pge mca cmov pat pse36 clflush dts acpi mmx fxsr sse sse2 ss ht tm pbe syscall nx rdtscp lm constant_tsc arch_perfmon pebs bts rep_good nopl xtopology nonstop_tsc aperfmperf pni pclmulqdq dtes64 monitor ds_cpl vmx est tm2 ssse3 cx16 xtpr pdcm sse4_1 sse4_2 x2apic popcnt xsave avx lahf_lm ida arat epb xsaveopt pln pts dts tpr_shadow vnmi flexpriority ept vpid
bogomips	: 3990.84
clflush size	: 64
cache_alignment	: 64
address sizes	: 36 bits physical, 48 bits virtual
power management:

processor	: 5
vendor_id	: GenuineIntel
cpu family	: 6
model		: 42
model name	: Intel(R) Core(TM) i7-2630QM CPU @ 2.00GHz
stepping	: 7
cpu MHz		: 2001.000
cache size	: 6144 KB
physical id	: 0
siblings	: 8
core id		: 2
cpu cores	: 4
apicid		: 5
initial apicid	: 5
fpu		: yes
fpu_exception	: yes
cpuid level	: 13
wp		: yes
flags		: fpu vme de pse tsc msr pae mce cx8 apic sep mtrr pge mca cmov pat pse36 clflush dts acpi mmx fxsr sse sse2 ss ht tm pbe syscall nx rdtscp lm constant_tsc arch_perfmon pebs bts rep_good nopl xtopology nonstop_tsc aperfmperf pni pclmulqdq dtes64 monitor ds_cpl vmx est tm2 ssse3 cx16 xtpr pdcm sse4_1 sse4_2 x2apic popcnt xsave avx lahf_lm ida arat epb xsaveopt pln pts dts tpr_shadow vnmi flexpriority ept vpid
bogomips	: 3990.83
clflush size	: 64
cache_alignment	: 64
address sizes	: 36 bits physical, 48 bits virtual
power management:

processor	: 6
vendor_id	: GenuineIntel
cpu family	: 6
model		: 42
model name	: Intel(R) Core(TM) i7-2630QM CPU @ 2.00GHz
stepping	: 7
cpu MHz		: 2001.000
cache size	: 6144 KB
physical id	: 0
siblings	: 8
core id		: 3
cpu cores	: 4
apicid		: 6
initial apicid	: 6
fpu		: yes
fpu_exception	: yes
cpuid level	: 13
wp		: yes
flags		: fpu vme de pse tsc msr pae mce cx8 apic sep mtrr pge mca cmov pat pse36 clflush dts acpi mmx fxsr sse sse2 ss ht tm pbe syscall nx rdtscp lm constant_tsc arch_perfmon pebs bts rep_good nopl xtopology nonstop_tsc aperfmperf pni pclmulqdq dtes64 monitor ds_cpl vmx est tm2 ssse3 cx16 xtpr pdcm sse4_1 sse4_2 x2apic popcnt xsave avx lahf_lm ida arat epb xsaveopt pln pts dts tpr_shadow vnmi flexpriority ept vpid
bogomips	: 3990.82
clflush size	: 64
cache_alignment	: 64
address sizes	: 36 bits physical, 48 bits virtual
power management:

processor	: 7
vendor_id	: GenuineIntel
cpu family	: 6
model		: 42
model name	: Intel(R) Core(TM) i7-2630QM CPU @ 2.00GHz
stepping	: 7
cpu MHz		: 2001.000
cache size	: 6144 KB
physical id	: 0
siblings	: 8
core id		: 3
cpu cores	: 4
apicid		: 7
initial apicid	: 7
fpu		: yes
fpu_exception	: yes
cpuid level	: 13
wp		: yes
flags		: fpu vme de pse tsc msr pae mce cx8 apic sep mtrr pge mca cmov pat pse36 clflush dts acpi mmx fxsr sse sse2 ss ht tm pbe syscall nx rdtscp lm constant_tsc arch_perfmon pebs bts rep_good nopl xtopology nonstop_tsc aperfmperf pni pclmulqdq dtes64 monitor ds_cpl vmx est tm2 ssse3 cx16 xtpr pdcm sse4_1 sse4_2 x2apic popcnt xsave avx lahf_lm ida arat epb xsaveopt pln pts dts tpr_shadow vnmi flexpriority ept vpid
bogomips	: 3990.84
clflush size	: 64
cache_alignment	: 64
address sizes	: 36 bits physical, 48 bits virtual
power management:



Memory: 4k page, physical 4038188k(119764k free), swap 3904508k(3804096k free)

vm_info: Java HotSpot(TM) 64-Bit Server VM (20.1-b02) for linux-amd64 JRE (1.6.0_26-b03), built on May  4 2011 01:13:47 by "java_re" with gcc 3.2.2 (SuSE Linux)

time: Mon Apr 23 15:46:26 2012
elapsed time: 4 seconds

