#
# A fatal error has been detected by the Java Runtime Environment:
#
#  SIGSEGV (0xb) at pc=0x00007ff89f5abc08, pid=30758, tid=140706004281120
#
# JRE version: 6.0_26-b03
# Java VM: Java HotSpot(TM) 64-Bit Server VM (20.1-b02 mixed mode linux-amd64 compressed oops)
# Problematic frame:
# C  [libX11.so.6+0x35c08]  XQueryExtension+0x28
#
# If you would like to submit a bug report, please visit:
#   http://java.sun.com/webapps/bugreport/crash.jsp
#

---------------  T H R E A D  ---------------

Current thread is native thread

siginfo:si_signo=SIGSEGV: si_errno=0, si_code=1 (SEGV_MAPERR), si_addr=0xffffffffa02a05b8

Registers:
RAX=0x00000000404575b0, RBX=0xffffffffa029fc50, RCX=0x00007fffc2b34e48, RDX=0x00007fffc2b34e44
RSP=0x00007fffc2b34de0, RBP=0x00007ff89d659932, RSI=0x00007ff89d659932, RDI=0xffffffffa029fc50
R8 =0x00007fffc2b34e4c, R9 =0x0000000000000000, R10=0x00007ff8ab15dea8, R11=0x00007ff8aadfbba0
R12=0x00007fffc2b34e44, R13=0x00007ff89d659932, R14=0x00000000404575b0, R15=0x0000000000000000
RIP=0x00007ff89f5abc08, EFLAGS=0x0000000000010202, CSGSFS=0x0000000000000033, ERR=0x0000000000000005
  TRAPNO=0x000000000000000e

Top of Stack: (sp=0x00007fffc2b34de0)
0x00007fffc2b34de0:   00007ff8aadce5c8 00007ff8ab77f9e8
0x00007fffc2b34df0:   0000000000000000 0000000000000000
0x00007fffc2b34e00:   000000000bea6495 ffffffffa029fc50
0x00007fffc2b34e10:   00007ff89d659932 0000000000000000
0x00007fffc2b34e20:   00007ff89d659932 00000000404575b0
0x00007fffc2b34e30:   0000000000000000 00007ff89f59f4f5
0x00007fffc2b34e40:   00007ff8ab7a3048 00007ff89d792520
0x00007fffc2b34e50:   00007ff89d792520 ffffffffa029fc50
0x00007fffc2b34e60:   00007ff8a02c1780 00007ff89f8bc73b
0x00007fffc2b34e70:   0101010101010101 00000011aadce5c8
0x00007fffc2b34e80:   00007fffc2b34f00 0000000000000000
0x00007fffc2b34e90:   00007fffc2b34f00 ffffffffa029fc50
0x00007fffc2b34ea0:   0000000000000000 00007ff8ab7a3048
0x00007fffc2b34eb0:   00007ff89d7abd50 00007ff89d600119
0x00007fffc2b34ec0:   0000000000000000 0000000000000033
0x00007fffc2b34ed0:   00007fffc2b34f00 00007fffc2b34f20
0x00007fffc2b34ee0:   0000000000000000 00007ff8ab7a3048
0x00007fffc2b34ef0:   00007ff8a0298e20 00007ff89d5f6b42
0x00007fffc2b34f00:   00007fffc2b35130 00007ff89d6598b1
0x00007fffc2b34f10:   00007fffc2b35130 00007ff8ab591135
0x00007fffc2b34f20:   00007ff8ab7a42c8 00007ff8ab7a4858
0x00007fffc2b34f30:   00007ff8ab77f000 000000004045e350
0x00007fffc2b34f40:   000000004045e830 000000004045ed30
0x00007fffc2b34f50:   00000000404639e0 0000000040620b80
0x00007fffc2b34f60:   00007ff8a0294790 00007ff8a028d4f0
0x00007fffc2b34f70:   00007ff8a0284cf0 00007ff8a0285630
0x00007fffc2b34f80:   000000004045fa80 0000000040606c90
0x00007fffc2b34f90:   00000000406067f0 000000004045f5b0
0x00007fffc2b34fa0:   00000000404598d0 0000000040459230
0x00007fffc2b34fb0:   0000000040456570 00007ff8a0294c60
0x00007fffc2b34fc0:   00007ff8a0285190 00007ff8a0295100
0x00007fffc2b34fd0:   00007ff8a0298e20 00007ff8a02c0170 

Instructions: (pc=0x00007ff89f5abc08)
0x00007ff89f5abbe8:   24 d8 48 89 fb 4c 89 64 24 e0 4c 89 6c 24 e8 49
0x00007ff89f5abbf8:   89 d4 4c 89 74 24 f0 4c 89 7c 24 f8 48 83 ec 58
0x00007ff89f5abc08:   48 8b 87 68 09 00 00 49 89 f5 48 89 cd 4d 89 c6
0x00007ff89f5abc18:   48 85 c0 74 02 ff 10 4c 8b bb b0 00 00 00 49 8d 

Register to memory mapping:

RAX=0x00000000404575b0 is an unknown value
RBX=0xffffffffa029fc50 is an unknown value
RCX=0x00007fffc2b34e48 is an unknown value
RDX=0x00007fffc2b34e44 is an unknown value
RSP=0x00007fffc2b34de0 is an unknown value
RBP=0x00007ff89d659932: <offset 0x96932> in /usr/lib/fglrx/libGL.so.1 at 0x00007ff89d5c3000
RSI=0x00007ff89d659932: <offset 0x96932> in /usr/lib/fglrx/libGL.so.1 at 0x00007ff89d5c3000
RDI=0xffffffffa029fc50 is an unknown value
R8 =0x00007fffc2b34e4c is an unknown value
R9 =0x0000000000000000 is an unknown value
R10=0x00007ff8ab15dea8: <offset 0x39dea8> in /lib/x86_64-linux-gnu/libc.so.6 at 0x00007ff8aadc0000
R11=0x00007ff8aadfbba0: __cxa_finalize+0 in /lib/x86_64-linux-gnu/libc.so.6 at 0x00007ff8aadc0000
R12=0x00007fffc2b34e44 is an unknown value
R13=0x00007ff89d659932: <offset 0x96932> in /usr/lib/fglrx/libGL.so.1 at 0x00007ff89d5c3000
R14=0x00000000404575b0 is an unknown value
R15=0x0000000000000000 is an unknown value


Stack: [0x00007fffc2a38000,0x00007fffc2b38000],  sp=0x00007fffc2b34de0,  free space=1011k
Native frames: (J=compiled Java code, j=interpreted, Vv=VM code, C=native code)
C  [libX11.so.6+0x35c08]  XQueryExtension+0x28


---------------  P R O C E S S  ---------------

VM state:at safepoint (shutting down)

VM Mutex/Monitor currently owned by a thread:  ([mutex/lock_event])
[0x000000004045c720] Threads_lock - owner thread: 0x00000000404c5000

Heap
 PSYoungGen      total 18368K, used 16507K [0x00000000eb760000, 0x00000000edb40000, 0x0000000100000000)
  eden space 15744K, 91% used [0x00000000eb760000,0x00000000ec55faf8,0x00000000ec6c0000)
  from space 2624K, 82% used [0x00000000ec950000,0x00000000ecb6f298,0x00000000ecbe0000)
  to   space 2624K, 0% used [0x00000000ec6c0000,0x00000000ec6c0000,0x00000000ec950000)
 PSOldGen        total 42112K, used 0K [0x00000000c2600000, 0x00000000c4f20000, 0x00000000eb760000)
  object space 42112K, 0% used [0x00000000c2600000,0x00000000c2600000,0x00000000c4f20000)
 PSPermGen       total 21248K, used 12996K [0x00000000bd400000, 0x00000000be8c0000, 0x00000000c2600000)
  object space 21248K, 61% used [0x00000000bd400000,0x00000000be0b1238,0x00000000be8c0000)

Code Cache  [0x00007ff8a609a000, 0x00007ff8a630a000, 0x00007ff8a909a000)
 total_blobs=722 nmethods=212 adapters=464 free_code_cache=49240832 largest_free_block=17088

Dynamic libraries:
40000000-40009000 r-xp 00000000 08:06 3941148                            /usr/lib/jvm/java-6-sun-1.6.0.26/jre/bin/java
40108000-4010a000 rwxp 00008000 08:06 3941148                            /usr/lib/jvm/java-6-sun-1.6.0.26/jre/bin/java
40456000-40d9b000 rwxp 00000000 00:00 0                                  [heap]
bd400000-be8c0000 rwxp 00000000 00:00 0 
be8c0000-c2600000 rwxp 00000000 00:00 0 
c2600000-c4f20000 rwxp 00000000 00:00 0 
c4f20000-eb760000 rwxp 00000000 00:00 0 
eb760000-edb40000 rwxp 00000000 00:00 0 
edb40000-100000000 rwxp 00000000 00:00 0 
7ff88e4af000-7ff88e4b0000 ---p 00000000 00:00 0 
7ff88e4b0000-7ff88ecb0000 rwxp 00000000 00:00 0 
7ff88ecb0000-7ff88ecb1000 ---p 00000000 00:00 0 
7ff88ecb1000-7ff88f4b1000 rwxp 00000000 00:00 0 
7ff88f4b1000-7ff88f4b2000 ---p 00000000 00:00 0 
7ff88f4b2000-7ff88fcb2000 rwxp 00000000 00:00 0 
7ff893cb3000-7ff893cb4000 ---p 00000000 00:00 0 
7ff893cb4000-7ff8944b4000 rwxp 00000000 00:00 0 
7ff8944b4000-7ff8944cb000 r-xp 00000000 08:06 3280813                    /lib/x86_64-linux-gnu/libresolv-2.13.so
7ff8944cb000-7ff8946cb000 ---p 00017000 08:06 3280813                    /lib/x86_64-linux-gnu/libresolv-2.13.so
7ff8946cb000-7ff8946cc000 r-xp 00017000 08:06 3280813                    /lib/x86_64-linux-gnu/libresolv-2.13.so
7ff8946cc000-7ff8946cd000 rwxp 00018000 08:06 3280813                    /lib/x86_64-linux-gnu/libresolv-2.13.so
7ff8946cd000-7ff8946cf000 rwxp 00000000 00:00 0 
7ff8946cf000-7ff8946d5000 r-xp 00000000 08:06 3809389                    /usr/lib/x86_64-linux-gnu/libogg.so.0.7.1
7ff8946d5000-7ff8948d4000 ---p 00006000 08:06 3809389                    /usr/lib/x86_64-linux-gnu/libogg.so.0.7.1
7ff8948d4000-7ff8948d5000 r-xp 00005000 08:06 3809389                    /usr/lib/x86_64-linux-gnu/libogg.so.0.7.1
7ff8948d5000-7ff8948d6000 rwxp 00006000 08:06 3809389                    /usr/lib/x86_64-linux-gnu/libogg.so.0.7.1
7ff8948d6000-7ff894901000 r-xp 00000000 08:06 3809461                    /usr/lib/x86_64-linux-gnu/libvorbis.so.0.4.5
7ff894901000-7ff894b00000 ---p 0002b000 08:06 3809461                    /usr/lib/x86_64-linux-gnu/libvorbis.so.0.4.5
7ff894b00000-7ff894b01000 r-xp 0002a000 08:06 3809461                    /usr/lib/x86_64-linux-gnu/libvorbis.so.0.4.5
7ff894b01000-7ff894b02000 rwxp 0002b000 08:06 3809461                    /usr/lib/x86_64-linux-gnu/libvorbis.so.0.4.5
7ff894b02000-7ff894db5000 r-xp 00000000 08:06 3809456                    /usr/lib/x86_64-linux-gnu/libvorbisenc.so.2.0.8
7ff894db5000-7ff894fb4000 ---p 002b3000 08:06 3809456                    /usr/lib/x86_64-linux-gnu/libvorbisenc.so.2.0.8
7ff894fb4000-7ff894fd0000 r-xp 002b2000 08:06 3809456                    /usr/lib/x86_64-linux-gnu/libvorbisenc.so.2.0.8
7ff894fd0000-7ff894fd1000 rwxp 002ce000 08:06 3809456                    /usr/lib/x86_64-linux-gnu/libvorbisenc.so.2.0.8
7ff894fd1000-7ff895019000 r-xp 00000000 08:06 3809156                    /usr/lib/x86_64-linux-gnu/libFLAC.so.8.2.0
7ff895019000-7ff895219000 ---p 00048000 08:06 3809156                    /usr/lib/x86_64-linux-gnu/libFLAC.so.8.2.0
7ff895219000-7ff89521a000 r-xp 00048000 08:06 3809156                    /usr/lib/x86_64-linux-gnu/libFLAC.so.8.2.0
7ff89521a000-7ff89521b000 rwxp 00049000 08:06 3809156                    /usr/lib/x86_64-linux-gnu/libFLAC.so.8.2.0
7ff89521b000-7ff895220000 r-xp 00000000 08:06 3809265                    /usr/lib/x86_64-linux-gnu/libasyncns.so.0.3.1
7ff895220000-7ff89541f000 ---p 00005000 08:06 3809265                    /usr/lib/x86_64-linux-gnu/libasyncns.so.0.3.1
7ff89541f000-7ff895420000 r-xp 00004000 08:06 3809265                    /usr/lib/x86_64-linux-gnu/libasyncns.so.0.3.1
7ff895420000-7ff895421000 rwxp 00005000 08:06 3809265                    /usr/lib/x86_64-linux-gnu/libasyncns.so.0.3.1
7ff895421000-7ff895481000 r-xp 00000000 08:06 3809429                    /usr/lib/x86_64-linux-gnu/libsndfile.so.1.0.24
7ff895481000-7ff895681000 ---p 00060000 08:06 3809429                    /usr/lib/x86_64-linux-gnu/libsndfile.so.1.0.24
7ff895681000-7ff895683000 r-xp 00060000 08:06 3809429                    /usr/lib/x86_64-linux-gnu/libsndfile.so.1.0.24
7ff895683000-7ff895684000 rwxp 00062000 08:06 3809429                    /usr/lib/x86_64-linux-gnu/libsndfile.so.1.0.24
7ff895684000-7ff895688000 rwxp 00000000 00:00 0 
7ff895688000-7ff895690000 r-xp 00000000 08:06 3280658                    /lib/x86_64-linux-gnu/libwrap.so.0.7.6
7ff895690000-7ff89588f000 ---p 00008000 08:06 3280658                    /lib/x86_64-linux-gnu/libwrap.so.0.7.6
7ff89588f000-7ff895890000 r-xp 00007000 08:06 3280658                    /lib/x86_64-linux-gnu/libwrap.so.0.7.6
7ff895890000-7ff895891000 rwxp 00008000 08:06 3280658                    /lib/x86_64-linux-gnu/libwrap.so.0.7.6
7ff895891000-7ff8958d3000 r-xp 00000000 08:06 3280587                    /lib/x86_64-linux-gnu/libdbus-1.so.3.5.7
7ff8958d3000-7ff895ad2000 ---p 00042000 08:06 3280587                    /lib/x86_64-linux-gnu/libdbus-1.so.3.5.7
7ff895ad2000-7ff895ad3000 r-xp 00041000 08:06 3280587                    /lib/x86_64-linux-gnu/libdbus-1.so.3.5.7
7ff895ad3000-7ff895ad4000 rwxp 00042000 08:06 3280587                    /lib/x86_64-linux-gnu/libdbus-1.so.3.5.7
7ff895ad4000-7ff895b30000 r-xp 00000000 08:06 3809314                    /usr/lib/x86_64-linux-gnu/libpulsecommon-1.0.so
7ff895b30000-7ff895d30000 ---p 0005c000 08:06 3809314                    /usr/lib/x86_64-linux-gnu/libpulsecommon-1.0.so
7ff895d30000-7ff895d31000 r-xp 0005c000 08:06 3809314                    /usr/lib/x86_64-linux-gnu/libpulsecommon-1.0.so
7ff895d31000-7ff895d32000 rwxp 0005d000 08:06 3809314                    /usr/lib/x86_64-linux-gnu/libpulsecommon-1.0.so
7ff895d32000-7ff897c8c000 r-xp 00000000 08:06 3804265                    /usr/lib/fglrx/dri/fglrx_dri.so
7ff897c8c000-7ff897d8c000 ---p 01f5a000 08:06 3804265                    /usr/lib/fglrx/dri/fglrx_dri.so
7ff897d8c000-7ff897eda000 rwxp 01f5a000 08:06 3804265                    /usr/lib/fglrx/dri/fglrx_dri.so
7ff897eda000-7ff898000000 rwxp 00000000 00:00 0 
7ff898000000-7ff89892b000 rwxp 00000000 00:00 0 
7ff89892b000-7ff89c000000 ---p 00000000 00:00 0 
7ff89c0ba000-7ff89c0bd000 ---p 00000000 00:00 0 
7ff89c0bd000-7ff89c1bb000 rwxp 00000000 00:00 0 
7ff89c1bb000-7ff89c1c2000 r-xp 00000000 08:06 3809363                    /usr/lib/x86_64-linux-gnu/libjson.so.0.0.1
7ff89c1c2000-7ff89c3c1000 ---p 00007000 08:06 3809363                    /usr/lib/x86_64-linux-gnu/libjson.so.0.0.1
7ff89c3c1000-7ff89c3c2000 r-xp 00006000 08:06 3809363                    /usr/lib/x86_64-linux-gnu/libjson.so.0.0.1
7ff89c3c2000-7ff89c3c3000 rwxp 00007000 08:06 3809363                    /usr/lib/x86_64-linux-gnu/libjson.so.0.0.1
7ff89c3c3000-7ff89c409000 r-xp 00000000 08:06 3809289                    /usr/lib/x86_64-linux-gnu/libpulse.so.0.13.4
7ff89c409000-7ff89c608000 ---p 00046000 08:06 3809289                    /usr/lib/x86_64-linux-gnu/libpulse.so.0.13.4
7ff89c608000-7ff89c609000 r-xp 00045000 08:06 3809289                    /usr/lib/x86_64-linux-gnu/libpulse.so.0.13.4
7ff89c609000-7ff89c60a000 rwxp 00046000 08:06 3809289                    /usr/lib/x86_64-linux-gnu/libpulse.so.0.13.4
7ff89c89a000-7ff89c8e2000 rwxp 00000000 00:00 0 
7ff89c8e2000-7ff89cfe2000 rwxs 00006000 00:05 5873                       /dev/ati/card0
7ff89cfe2000-7ff89d162000 rwxp 00000000 00:00 0 
7ff89d162000-7ff89d164000 r-xp 00000000 08:06 3809247                    /usr/lib/x86_64-linux-gnu/libXinerama.so.1.0.0
7ff89d164000-7ff89d363000 ---p 00002000 08:06 3809247                    /usr/lib/x86_64-linux-gnu/libXinerama.so.1.0.0
7ff89d363000-7ff89d364000 r-xp 00001000 08:06 3809247                    /usr/lib/x86_64-linux-gnu/libXinerama.so.1.0.0
7ff89d364000-7ff89d365000 rwxp 00002000 08:06 3809247                    /usr/lib/x86_64-linux-gnu/libXinerama.so.1.0.0
7ff89d365000-7ff89d3a0000 r-xp 00000000 08:06 3804222                    /usr/lib/fglrx/libatiadlxx.so
7ff89d3a0000-7ff89d4a0000 ---p 0003b000 08:06 3804222                    /usr/lib/fglrx/libatiadlxx.so
7ff89d4a0000-7ff89d4a9000 rwxp 0003b000 08:06 3804222                    /usr/lib/fglrx/libatiadlxx.so
7ff89d4a9000-7ff89d4ba000 rwxp 00000000 00:00 0 
7ff89d4ba000-7ff89d4c1000 r-xp 00000000 08:06 3804253                    /usr/lib/fglrx/libatiuki.so.1.0
7ff89d4c1000-7ff89d5c1000 ---p 00007000 08:06 3804253                    /usr/lib/fglrx/libatiuki.so.1.0
7ff89d5c1000-7ff89d5c2000 rwxp 00007000 08:06 3804253                    /usr/lib/fglrx/libatiuki.so.1.0
7ff89d5c2000-7ff89d5c3000 rwxp 00000000 00:00 0 
7ff89d5c3000-7ff89d686000 r-xp 00000000 08:06 3804219                    /usr/lib/fglrx/libGL.so.1.2
7ff89d686000-7ff89d785000 ---p 000c3000 08:06 3804219                    /usr/lib/fglrx/libGL.so.1.2
7ff89d785000-7ff89d7ac000 rwxp 000c2000 08:06 3804219                    /usr/lib/fglrx/libGL.so.1.2
7ff89d7ac000-7ff89d7cc000 rwxp 00000000 00:00 0 
7ff89d7cc000-7ff89d7cf000 ---p 00000000 00:00 0 
7ff89d7cf000-7ff89d8cd000 rwxp 00000000 00:00 0 
7ff89d8cd000-7ff89d8d2000 r-xp 00000000 08:06 3809259                    /usr/lib/x86_64-linux-gnu/libXxf86vm.so.1.0.0
7ff89d8d2000-7ff89dad1000 ---p 00005000 08:06 3809259                    /usr/lib/x86_64-linux-gnu/libXxf86vm.so.1.0.0
7ff89dad1000-7ff89dad2000 r-xp 00004000 08:06 3809259                    /usr/lib/x86_64-linux-gnu/libXxf86vm.so.1.0.0
7ff89dad2000-7ff89dad3000 rwxp 00005000 08:06 3809259                    /usr/lib/x86_64-linux-gnu/libXxf86vm.so.1.0.0
7ff89dad3000-7ff89dadb000 r-xp 00000000 08:06 3809249                    /usr/lib/x86_64-linux-gnu/libXrandr.so.2.2.0
7ff89dadb000-7ff89dcda000 ---p 00008000 08:06 3809249                    /usr/lib/x86_64-linux-gnu/libXrandr.so.2.2.0
7ff89dcda000-7ff89dcdb000 r-xp 00007000 08:06 3809249                    /usr/lib/x86_64-linux-gnu/libXrandr.so.2.2.0
7ff89dcdb000-7ff89dcdc000 rwxp 00008000 08:06 3809249                    /usr/lib/x86_64-linux-gnu/libXrandr.so.2.2.0
7ff89dcdc000-7ff89dd42000 r-xp 00000000 08:07 10375991                   /home/aaron/Projects/jMonkeyProjects/jmeplanet/liblwjgl64.so
7ff89dd42000-7ff89df42000 ---p 00066000 08:07 10375991                   /home/aaron/Projects/jMonkeyProjects/jmeplanet/liblwjgl64.so
7ff89df42000-7ff89df44000 r-xp 00066000 08:07 10375991                   /home/aaron/Projects/jMonkeyProjects/jmeplanet/liblwjgl64.so
7ff89df44000-7ff89df45000 rwxp 00068000 08:07 10375991                   /home/aaron/Projects/jMonkeyProjects/jmeplanet/liblwjgl64.so
7ff89df45000-7ff89df46000 r-xs 00000000 08:06 1058117                    /var/cache/fontconfig/c05880de57d1f5e948fdfacc138775d9-le64.cache-3
7ff89df46000-7ff89df4f000 r-xs 00000000 08:06 1049056                    /var/cache/fontconfig/945677eb7aeaf62f1d50efc3fb3ec7d8-le64.cache-3
7ff89df4f000-7ff89df53000 r-xs 00000000 08:06 1058114                    /var/cache/fontconfig/99e8ed0e538f840c565b6ed5dad60d56-le64.cache-3
7ff89df53000-7ff89df5b000 r-xs 00000000 08:06 1058144                    /var/cache/fontconfig/e383d7ea5fbe662a33d9b44caf393297-le64.cache-3
7ff89df5b000-7ff89df5f000 r-xs 00000000 08:06 1058112                    /var/cache/fontconfig/2cd17615ca594fa2959ae173292e504c-le64.cache-3
7ff89df5f000-7ff89df60000 r-xs 00000000 08:06 1058111                    /var/cache/fontconfig/e7071f4a29fa870f4323321c154eba04-le64.cache-3
7ff89df60000-7ff89df65000 r-xs 00000000 08:06 1058110                    /var/cache/fontconfig/6eb3985aa4124903f6ff08ba781cd364-le64.cache-3
7ff89df65000-7ff89df66000 r-xs 00000000 08:06 1058105                    /var/cache/fontconfig/4c73fe0c47614734b17d736dbde7580a-le64.cache-3
7ff89df66000-7ff89df67000 r-xs 00000000 08:06 1058103                    /var/cache/fontconfig/0d8c3b2ac0904cb8a57a757ad11a4a08-le64.cache-3
7ff89df67000-7ff89df68000 r-xs 00000000 08:06 1058101                    /var/cache/fontconfig/6a53c69dea097a2d716e069445527da8-le64.cache-3
7ff89df68000-7ff89df6e000 r-xs 00000000 08:06 1058100                    /var/cache/fontconfig/a755afe4a08bf5b97852ceb7400b47bc-le64.cache-3
7ff89df6e000-7ff89df77000 r-xs 00000000 08:06 1058098                    /var/cache/fontconfig/6d41288fd70b0be22e8c3a91e032eec0-le64.cache-3
7ff89df77000-7ff89df87000 r-xs 00000000 08:06 1058096                    /var/cache/fontconfig/0f34bcd4b6ee430af32735b75db7f02b-le64.cache-3
7ff89df87000-7ff89df8a000 r-xs 00000000 08:06 1058095                    /var/cache/fontconfig/d60319d88cac85ba9e1a07bd06cfbb8c-le64.cache-3
7ff89dfbd000-7ff89e03d000 rwxp 00000000 00:00 0 
7ff89e03d000-7ff89e05d000 rwxs c4000000 00:05 5873                       /dev/ati/card0
7ff89e05d000-7ff89e05e000 r-xp 00000000 08:06 3936931                    /usr/lib/jvm/java-6-sun-1.6.0.26/jre/lib/amd64/libjawt.so
7ff89e05e000-7ff89e15d000 ---p 00001000 08:06 3936931                    /usr/lib/jvm/java-6-sun-1.6.0.26/jre/lib/amd64/libjawt.so
7ff89e15d000-7ff89e15e000 rwxp 00000000 08:06 3936931                    /usr/lib/jvm/java-6-sun-1.6.0.26/jre/lib/amd64/libjawt.so
7ff89e15e000-7ff89e161000 ---p 00000000 00:00 0 
7ff89e161000-7ff89e25f000 rwxp 00000000 00:00 0 
7ff89e25f000-7ff89e264000 r-xp 00000000 08:06 3809241                    /usr/lib/x86_64-linux-gnu/libXfixes.so.3.1.0
7ff89e264000-7ff89e463000 ---p 00005000 08:06 3809241                    /usr/lib/x86_64-linux-gnu/libXfixes.so.3.1.0
7ff89e463000-7ff89e464000 r-xp 00004000 08:06 3809241                    /usr/lib/x86_64-linux-gnu/libXfixes.so.3.1.0
7ff89e464000-7ff89e465000 rwxp 00005000 08:06 3809241                    /usr/lib/x86_64-linux-gnu/libXfixes.so.3.1.0
7ff89e465000-7ff89e46e000 r-xp 00000000 08:06 3809251                    /usr/lib/x86_64-linux-gnu/libXrender.so.1.3.0
7ff89e46e000-7ff89e66e000 ---p 00009000 08:06 3809251                    /usr/lib/x86_64-linux-gnu/libXrender.so.1.3.0
7ff89e66e000-7ff89e66f000 r-xp 00009000 08:06 3809251                    /usr/lib/x86_64-linux-gnu/libXrender.so.1.3.0
7ff89e66f000-7ff89e670000 rwxp 0000a000 08:06 3809251                    /usr/lib/x86_64-linux-gnu/libXrender.so.1.3.0
7ff89e670000-7ff89e679000 r-xp 00000000 08:06 3809233                    /usr/lib/x86_64-linux-gnu/libXcursor.so.1.0.2
7ff89e679000-7ff89e878000 ---p 00009000 08:06 3809233                    /usr/lib/x86_64-linux-gnu/libXcursor.so.1.0.2
7ff89e878000-7ff89e879000 r-xp 00008000 08:06 3809233                    /usr/lib/x86_64-linux-gnu/libXcursor.so.1.0.2
7ff89e879000-7ff89e87a000 rwxp 00009000 08:06 3809233                    /usr/lib/x86_64-linux-gnu/libXcursor.so.1.0.2
7ff89e890000-7ff89e897000 r-xs 00000000 08:06 3940598                    /usr/lib/x86_64-linux-gnu/gconv/gconv-modules.cache
7ff89e897000-7ff89e898000 rwxs 00005000 00:05 5873                       /dev/ati/card0
7ff89e898000-7ff89e89a000 rwxs 00002000 00:05 5873                       /dev/ati/card0
7ff89e89a000-7ff89e89d000 ---p 00000000 00:00 0 
7ff89e89d000-7ff89e99b000 rwxp 00000000 00:00 0 
7ff89e99b000-7ff89ea14000 r-xp 00000000 08:06 3936114                    /usr/lib/jvm/java-6-sun-1.6.0.26/jre/lib/amd64/libfontmanager.so
7ff89ea14000-7ff89eb13000 ---p 00079000 08:06 3936114                    /usr/lib/jvm/java-6-sun-1.6.0.26/jre/lib/amd64/libfontmanager.so
7ff89eb13000-7ff89eb28000 rwxp 00078000 08:06 3936114                    /usr/lib/jvm/java-6-sun-1.6.0.26/jre/lib/amd64/libfontmanager.so
7ff89eb28000-7ff89eb39000 rwxp 00000000 00:00 0 
7ff89eb39000-7ff89eb3e000 r-xp 00000000 08:06 3809237                    /usr/lib/x86_64-linux-gnu/libXdmcp.so.6.0.0
7ff89eb3e000-7ff89ed3d000 ---p 00005000 08:06 3809237                    /usr/lib/x86_64-linux-gnu/libXdmcp.so.6.0.0
7ff89ed3d000-7ff89ed3e000 r-xp 00004000 08:06 3809237                    /usr/lib/x86_64-linux-gnu/libXdmcp.so.6.0.0
7ff89ed3e000-7ff89ed3f000 rwxp 00005000 08:06 3809237                    /usr/lib/x86_64-linux-gnu/libXdmcp.so.6.0.0
7ff89ed3f000-7ff89ed41000 r-xp 00000000 08:06 3809229                    /usr/lib/x86_64-linux-gnu/libXau.so.6.0.0
7ff89ed41000-7ff89ef40000 ---p 00002000 08:06 3809229                    /usr/lib/x86_64-linux-gnu/libXau.so.6.0.0
7ff89ef40000-7ff89ef41000 r-xp 00001000 08:06 3809229                    /usr/lib/x86_64-linux-gnu/libXau.so.6.0.0
7ff89ef41000-7ff89ef42000 rwxp 00002000 08:06 3809229                    /usr/lib/x86_64-linux-gnu/libXau.so.6.0.0
7ff89ef42000-7ff89ef5f000 r-xp 00000000 08:06 3807879                    /usr/lib/x86_64-linux-gnu/libxcb.so.1.1.0
7ff89ef5f000-7ff89f15e000 ---p 0001d000 08:06 3807879                    /usr/lib/x86_64-linux-gnu/libxcb.so.1.1.0
7ff89f15e000-7ff89f15f000 r-xp 0001c000 08:06 3807879                    /usr/lib/x86_64-linux-gnu/libxcb.so.1.1.0
7ff89f15f000-7ff89f160000 rwxp 0001d000 08:06 3807879                    /usr/lib/x86_64-linux-gnu/libxcb.so.1.1.0
7ff89f160000-7ff89f16f000 r-xp 00000000 08:06 3809245                    /usr/lib/x86_64-linux-gnu/libXi.so.6.1.0
7ff89f16f000-7ff89f36e000 ---p 0000f000 08:06 3809245                    /usr/lib/x86_64-linux-gnu/libXi.so.6.1.0
7ff89f36e000-7ff89f36f000 r-xp 0000e000 08:06 3809245                    /usr/lib/x86_64-linux-gnu/libXi.so.6.1.0
7ff89f36f000-7ff89f370000 rwxp 0000f000 08:06 3809245                    /usr/lib/x86_64-linux-gnu/libXi.so.6.1.0
7ff89f370000-7ff89f375000 r-xp 00000000 08:06 3802679                    /usr/lib/libXtst.so.6.1.0
7ff89f375000-7ff89f574000 ---p 00005000 08:06 3802679                    /usr/lib/libXtst.so.6.1.0
7ff89f574000-7ff89f575000 r-xp 00004000 08:06 3802679                    /usr/lib/libXtst.so.6.1.0
7ff89f575000-7ff89f576000 rwxp 00005000 08:06 3802679                    /usr/lib/libXtst.so.6.1.0
7ff89f576000-7ff89f6a9000 r-xp 00000000 08:06 3809227                    /usr/lib/x86_64-linux-gnu/libX11.so.6.3.0
7ff89f6a9000-7ff89f8a9000 ---p 00133000 08:06 3809227                    /usr/lib/x86_64-linux-gnu/libX11.so.6.3.0
7ff89f8a9000-7ff89f8aa000 r-xp 00133000 08:06 3809227                    /usr/lib/x86_64-linux-gnu/libX11.so.6.3.0
7ff89f8aa000-7ff89f8ae000 rwxp 00134000 08:06 3809227                    /usr/lib/x86_64-linux-gnu/libX11.so.6.3.0
7ff89f8ae000-7ff89f8c0000 r-xp 00000000 08:06 3809239                    /usr/lib/x86_64-linux-gnu/libXext.so.6.4.0
7ff89f8c0000-7ff89fabf000 ---p 00012000 08:06 3809239                    /usr/lib/x86_64-linux-gnu/libXext.so.6.4.0
7ff89fabf000-7ff89fac0000 r-xp 00011000 08:06 3809239                    /usr/lib/x86_64-linux-gnu/libXext.so.6.4.0
7ff89fac0000-7ff89fac1000 rwxp 00012000 08:06 3809239                    /usr/lib/x86_64-linux-gnu/libXext.so.6.4.0
7ff89fac1000-7ff89fac2000 r-xs 00000000 08:06 1058093                    /var/cache/fontconfig/4794a0821666d79190d59a36cb4f44b5-le64.cache-3
7ff89fac2000-7ff89fad2000 r-xs 00000000 08:06 1058092                    /var/cache/fontconfig/d52a8644073d54c13679302ca1180695-le64.cache-3
7ff89fad2000-7ff89fadd000 r-xs 00000000 08:06 1049051                    /var/cache/fontconfig/e13b20fdb08344e0e664864cc2ede53d-le64.cache-3
7ff89fadd000-7ff89fae1000 r-xs 00000000 08:06 1049036                    /var/cache/fontconfig/7ef2298fde41cc6eeb7af42e48b7d293-le64.cache-3
7ff89fae1000-7ff89fb23000 r-xp 00000000 08:06 3936066                    /usr/lib/jvm/java-6-sun-1.6.0.26/jre/lib/amd64/xawt/libmawt.so
7ff89fb23000-7ff89fc22000 ---p 00042000 08:06 3936066                    /usr/lib/jvm/java-6-sun-1.6.0.26/jre/lib/amd64/xawt/libmawt.so
7ff89fc22000-7ff89fc2e000 rwxp 00041000 08:06 3936066                    /usr/lib/jvm/java-6-sun-1.6.0.26/jre/lib/amd64/xawt/libmawt.so
7ff89fc2e000-7ff89fc2f000 rwxp 00000000 00:00 0 
7ff89fc2f000-7ff89fcc1000 r-xp 00000000 08:06 3936072                    /usr/lib/jvm/java-6-sun-1.6.0.26/jre/lib/amd64/libawt.so
7ff89fcc1000-7ff89fdc0000 ---p 00092000 08:06 3936072                    /usr/lib/jvm/java-6-sun-1.6.0.26/jre/lib/amd64/libawt.so
7ff89fdc0000-7ff89fdda000 rwxp 00091000 08:06 3936072                    /usr/lib/jvm/java-6-sun-1.6.0.26/jre/lib/amd64/libawt.so
7ff89fdda000-7ff89fdfe000 rwxp 00000000 00:00 0 
7ff89fdfe000-7ff89fe01000 ---p 00000000 00:00 0 
7ff89fe01000-7ff89feff000 rwxp 00000000 00:00 0 
7ff89feff000-7ff89ff00000 ---p 00000000 00:00 0 
7ff89ff00000-7ff8a0000000 rwxp 00000000 00:00 0 
7ff8a0000000-7ff8a16db000 rwxp 00000000 00:00 0 
7ff8a16db000-7ff8a4000000 ---p 00000000 00:00 0 
7ff8a4000000-7ff8a4004000 r-xs 000cb000 08:06 3805216                    /usr/lib/jvm/java-6-sun-1.6.0.26/jre/lib/ext/localedata.jar
7ff8a4004000-7ff8a4007000 r-xs 0001a000 08:07 10618362                   /home/aaron/Apps/jmonkeyplatform/jmonkeyplatform/libs/xmlpull-xpp3.jar
7ff8a4007000-7ff8a4009000 r-xs 00012000 08:07 10618454                   /home/aaron/Apps/jmonkeyplatform/jmonkeyplatform/libs/eventbus.jar
7ff8a4009000-7ff8a400c000 r-xs 0000f000 08:07 10618145                   /home/aaron/Apps/jmonkeyplatform/jmonkeyplatform/libs/nifty-style-black.jar
7ff8a400c000-7ff8a4014000 r-xs 00033000 08:07 10617850                   /home/aaron/Apps/jmonkeyplatform/jmonkeyplatform/libs/nifty-default-controls.jar
7ff8a4014000-7ff8a401e000 r-xs 0006c000 08:07 10618525                   /home/aaron/Apps/jmonkeyplatform/jmonkeyplatform/libs/nifty.jar
7ff8a401e000-7ff8a401f000 r-xs 00004000 08:07 10618878                   /home/aaron/Apps/jmonkeyplatform/jmonkeyplatform/libs/jME3-niftygui.jar
7ff8a401f000-7ff8a4020000 r-xs 0000b000 08:07 10618394                   /home/aaron/Apps/jmonkeyplatform/jmonkeyplatform/libs/stack-alloc.jar
7ff8a4020000-7ff8a4022000 r-xs 0003c000 08:07 10618568                   /home/aaron/Apps/jmonkeyplatform/jmonkeyplatform/libs/vecmath.jar
7ff8a4022000-7ff8a402c000 r-xs 00079000 08:07 10618478                   /home/aaron/Apps/jmonkeyplatform/jmonkeyplatform/libs/jbullet.jar
7ff8a402c000-7ff8a402f000 r-xs 00020000 08:07 10618359                   /home/aaron/Apps/jmonkeyplatform/jmonkeyplatform/libs/jME3-jbullet.jar
7ff8a402f000-7ff8a403c000 r-xs 000d2000 08:07 10618524                   /home/aaron/Apps/jmonkeyplatform/jmonkeyplatform/libs/lwjgl.jar
7ff8a403c000-7ff8a403f000 ---p 00000000 00:00 0 
7ff8a403f000-7ff8a413d000 rwxp 00000000 00:00 0 
7ff8a413d000-7ff8a4140000 ---p 00000000 00:00 0 
7ff8a4140000-7ff8a423e000 rwxp 00000000 00:00 0 
7ff8a423e000-7ff8a4241000 ---p 00000000 00:00 0 
7ff8a4241000-7ff8a433f000 rwxp 00000000 00:00 0 
7ff8a433f000-7ff8a4342000 ---p 00000000 00:00 0 
7ff8a4342000-7ff8a4440000 rwxp 00000000 00:00 0 
7ff8a4440000-7ff8a4709000 r-xp 00000000 08:06 3807955                    /usr/lib/locale/locale-archive
7ff8a4709000-7ff8a470c000 ---p 00000000 00:00 0 
7ff8a470c000-7ff8a480a000 rwxp 00000000 00:00 0 
7ff8a480a000-7ff8a480d000 ---p 00000000 00:00 0 
7ff8a480d000-7ff8a490b000 rwxp 00000000 00:00 0 
7ff8a490b000-7ff8a490c000 ---p 00000000 00:00 0 
7ff8a490c000-7ff8a5349000 rwxp 00000000 00:00 0 
7ff8a5349000-7ff8a54e1000 r-xs 03029000 08:06 3813223                    /usr/lib/jvm/java-6-sun-1.6.0.26/jre/lib/rt.jar
7ff8a54e1000-7ff8a5509000 rwxp 00000000 00:00 0 
7ff8a5509000-7ff8a550a000 ---p 00000000 00:00 0 
7ff8a550a000-7ff8a560a000 rwxp 00000000 00:00 0 
7ff8a560a000-7ff8a560b000 ---p 00000000 00:00 0 
7ff8a560b000-7ff8a570b000 rwxp 00000000 00:00 0 
7ff8a570b000-7ff8a570c000 ---p 00000000 00:00 0 
7ff8a570c000-7ff8a580c000 rwxp 00000000 00:00 0 
7ff8a580c000-7ff8a580d000 ---p 00000000 00:00 0 
7ff8a580d000-7ff8a590d000 rwxp 00000000 00:00 0 
7ff8a590d000-7ff8a590e000 ---p 00000000 00:00 0 
7ff8a590e000-7ff8a5a0e000 rwxp 00000000 00:00 0 
7ff8a5a0e000-7ff8a5a0f000 ---p 00000000 00:00 0 
7ff8a5a0f000-7ff8a5b0f000 rwxp 00000000 00:00 0 
7ff8a5b0f000-7ff8a5b10000 ---p 00000000 00:00 0 
7ff8a5b10000-7ff8a5c10000 rwxp 00000000 00:00 0 
7ff8a5c10000-7ff8a5c11000 ---p 00000000 00:00 0 
7ff8a5c11000-7ff8a5d1c000 rwxp 00000000 00:00 0 
7ff8a5d1c000-7ff8a5d3a000 rwxp 00000000 00:00 0 
7ff8a5d3a000-7ff8a5d4f000 rwxp 00000000 00:00 0 
7ff8a5d4f000-7ff8a5e83000 rwxp 00000000 00:00 0 
7ff8a5e83000-7ff8a5e8e000 rwxp 00000000 00:00 0 
7ff8a5e8e000-7ff8a5eac000 rwxp 00000000 00:00 0 
7ff8a5eac000-7ff8a5ec1000 rwxp 00000000 00:00 0 
7ff8a5ec1000-7ff8a5ff4000 rwxp 00000000 00:00 0 
7ff8a5ff4000-7ff8a6007000 rwxp 00000000 00:00 0 
7ff8a6007000-7ff8a6099000 rwxp 00000000 00:00 0 
7ff8a6099000-7ff8a630a000 rwxp 00000000 00:00 0 
7ff8a630a000-7ff8a909a000 rwxp 00000000 00:00 0 
7ff8a909a000-7ff8a90a8000 r-xp 00000000 08:06 3936069                    /usr/lib/jvm/java-6-sun-1.6.0.26/jre/lib/amd64/libzip.so
7ff8a90a8000-7ff8a91aa000 ---p 0000e000 08:06 3936069                    /usr/lib/jvm/java-6-sun-1.6.0.26/jre/lib/amd64/libzip.so
7ff8a91aa000-7ff8a91ad000 rwxp 00010000 08:06 3936069                    /usr/lib/jvm/java-6-sun-1.6.0.26/jre/lib/amd64/libzip.so
7ff8a91ad000-7ff8a91ae000 rwxp 00000000 00:00 0 
7ff8a91ae000-7ff8a91ba000 r-xp 00000000 08:06 3280807                    /lib/x86_64-linux-gnu/libnss_files-2.13.so
7ff8a91ba000-7ff8a93b9000 ---p 0000c000 08:06 3280807                    /lib/x86_64-linux-gnu/libnss_files-2.13.so
7ff8a93b9000-7ff8a93ba000 r-xp 0000b000 08:06 3280807                    /lib/x86_64-linux-gnu/libnss_files-2.13.so
7ff8a93ba000-7ff8a93bb000 rwxp 0000c000 08:06 3280807                    /lib/x86_64-linux-gnu/libnss_files-2.13.so
7ff8a93bb000-7ff8a93c5000 r-xp 00000000 08:06 3280809                    /lib/x86_64-linux-gnu/libnss_nis-2.13.so
7ff8a93c5000-7ff8a95c5000 ---p 0000a000 08:06 3280809                    /lib/x86_64-linux-gnu/libnss_nis-2.13.so
7ff8a95c5000-7ff8a95c6000 r-xp 0000a000 08:06 3280809                    /lib/x86_64-linux-gnu/libnss_nis-2.13.so
7ff8a95c6000-7ff8a95c7000 rwxp 0000b000 08:06 3280809                    /lib/x86_64-linux-gnu/libnss_nis-2.13.so
7ff8a95c7000-7ff8a95cf000 r-xp 00000000 08:06 3280805                    /lib/x86_64-linux-gnu/libnss_compat-2.13.so
7ff8a95cf000-7ff8a97ce000 ---p 00008000 08:06 3280805                    /lib/x86_64-linux-gnu/libnss_compat-2.13.so
7ff8a97ce000-7ff8a97cf000 r-xp 00007000 08:06 3280805                    /lib/x86_64-linux-gnu/libnss_compat-2.13.so
7ff8a97cf000-7ff8a97d0000 rwxp 00008000 08:06 3280805                    /lib/x86_64-linux-gnu/libnss_compat-2.13.so
7ff8a97d0000-7ff8a97e7000 r-xp 00000000 08:06 3280804                    /lib/x86_64-linux-gnu/libnsl-2.13.so
7ff8a97e7000-7ff8a99e6000 ---p 00017000 08:06 3280804                    /lib/x86_64-linux-gnu/libnsl-2.13.so
7ff8a99e6000-7ff8a99e7000 r-xp 00016000 08:06 3280804                    /lib/x86_64-linux-gnu/libnsl-2.13.so
7ff8a99e7000-7ff8a99e8000 rwxp 00017000 08:06 3280804                    /lib/x86_64-linux-gnu/libnsl-2.13.so
7ff8a99e8000-7ff8a99ea000 rwxp 00000000 00:00 0 
7ff8a99ea000-7ff8a9a13000 r-xp 00000000 08:06 3936438                    /usr/lib/jvm/java-6-sun-1.6.0.26/jre/lib/amd64/libjava.so
7ff8a9a13000-7ff8a9b12000 ---p 00029000 08:06 3936438                    /usr/lib/jvm/java-6-sun-1.6.0.26/jre/lib/amd64/libjava.so
7ff8a9b12000-7ff8a9b19000 rwxp 00028000 08:06 3936438                    /usr/lib/jvm/java-6-sun-1.6.0.26/jre/lib/amd64/libjava.so
7ff8a9b19000-7ff8a9b26000 r-xp 00000000 08:06 3936071                    /usr/lib/jvm/java-6-sun-1.6.0.26/jre/lib/amd64/libverify.so
7ff8a9b26000-7ff8a9c25000 ---p 0000d000 08:06 3936071                    /usr/lib/jvm/java-6-sun-1.6.0.26/jre/lib/amd64/libverify.so
7ff8a9c25000-7ff8a9c28000 rwxp 0000c000 08:06 3936071                    /usr/lib/jvm/java-6-sun-1.6.0.26/jre/lib/amd64/libverify.so
7ff8a9c28000-7ff8a9c2f000 r-xp 00000000 08:06 3280814                    /lib/x86_64-linux-gnu/librt-2.13.so
7ff8a9c2f000-7ff8a9e2e000 ---p 00007000 08:06 3280814                    /lib/x86_64-linux-gnu/librt-2.13.so
7ff8a9e2e000-7ff8a9e2f000 r-xp 00006000 08:06 3280814                    /lib/x86_64-linux-gnu/librt-2.13.so
7ff8a9e2f000-7ff8a9e30000 rwxp 00007000 08:06 3280814                    /lib/x86_64-linux-gnu/librt-2.13.so
7ff8a9e30000-7ff8a9e33000 ---p 00000000 00:00 0 
7ff8a9e33000-7ff8a9f31000 rwxp 00000000 00:00 0 
7ff8a9f31000-7ff8a9fb4000 r-xp 00000000 08:06 3280802                    /lib/x86_64-linux-gnu/libm-2.13.so
7ff8a9fb4000-7ff8aa1b3000 ---p 00083000 08:06 3280802                    /lib/x86_64-linux-gnu/libm-2.13.so
7ff8aa1b3000-7ff8aa1b4000 r-xp 00082000 08:06 3280802                    /lib/x86_64-linux-gnu/libm-2.13.so
7ff8aa1b4000-7ff8aa1b5000 rwxp 00083000 08:06 3280802                    /lib/x86_64-linux-gnu/libm-2.13.so
7ff8aa1b5000-7ff8aaacf000 r-xp 00000000 08:06 3936947                    /usr/lib/jvm/java-6-sun-1.6.0.26/jre/lib/amd64/server/libjvm.so
7ff8aaacf000-7ff8aabd1000 ---p 0091a000 08:06 3936947                    /usr/lib/jvm/java-6-sun-1.6.0.26/jre/lib/amd64/server/libjvm.so
7ff8aabd1000-7ff8aad86000 rwxp 0091c000 08:06 3936947                    /usr/lib/jvm/java-6-sun-1.6.0.26/jre/lib/amd64/server/libjvm.so
7ff8aad86000-7ff8aadc0000 rwxp 00000000 00:00 0 
7ff8aadc0000-7ff8aaf57000 r-xp 00000000 08:06 3280798                    /lib/x86_64-linux-gnu/libc-2.13.so
7ff8aaf57000-7ff8ab156000 ---p 00197000 08:06 3280798                    /lib/x86_64-linux-gnu/libc-2.13.so
7ff8ab156000-7ff8ab15a000 r-xp 00196000 08:06 3280798                    /lib/x86_64-linux-gnu/libc-2.13.so
7ff8ab15a000-7ff8ab15b000 rwxp 0019a000 08:06 3280798                    /lib/x86_64-linux-gnu/libc-2.13.so
7ff8ab15b000-7ff8ab161000 rwxp 00000000 00:00 0 
7ff8ab161000-7ff8ab163000 r-xp 00000000 08:06 3280801                    /lib/x86_64-linux-gnu/libdl-2.13.so
7ff8ab163000-7ff8ab363000 ---p 00002000 08:06 3280801                    /lib/x86_64-linux-gnu/libdl-2.13.so
7ff8ab363000-7ff8ab364000 r-xp 00002000 08:06 3280801                    /lib/x86_64-linux-gnu/libdl-2.13.so
7ff8ab364000-7ff8ab365000 rwxp 00003000 08:06 3280801                    /lib/x86_64-linux-gnu/libdl-2.13.so
7ff8ab365000-7ff8ab37d000 r-xp 00000000 08:06 3280812                    /lib/x86_64-linux-gnu/libpthread-2.13.so
7ff8ab37d000-7ff8ab57c000 ---p 00018000 08:06 3280812                    /lib/x86_64-linux-gnu/libpthread-2.13.so
7ff8ab57c000-7ff8ab57d000 r-xp 00017000 08:06 3280812                    /lib/x86_64-linux-gnu/libpthread-2.13.so
7ff8ab57d000-7ff8ab57e000 rwxp 00018000 08:06 3280812                    /lib/x86_64-linux-gnu/libpthread-2.13.so
7ff8ab57e000-7ff8ab582000 rwxp 00000000 00:00 0 
7ff8ab582000-7ff8ab5a3000 r-xp 00000000 08:06 3277718                    /lib/x86_64-linux-gnu/ld-2.13.so
7ff8ab5a3000-7ff8ab5a7000 r-xs 00030000 08:07 10618504                   /home/aaron/Apps/jmonkeyplatform/jmonkeyplatform/libs/jinput.jar
7ff8ab5a7000-7ff8ab5a9000 r-xs 001e9000 08:07 10618103                   /home/aaron/Apps/jmonkeyplatform/jmonkeyplatform/libs/jME3-lwjgl-natives.jar
7ff8ab5a9000-7ff8ab5ab000 r-xs 00016000 08:07 10618877                   /home/aaron/Apps/jmonkeyplatform/jmonkeyplatform/libs/jME3-lwjgl.jar
7ff8ab5ab000-7ff8ab5af000 r-xs 00021000 08:07 10618880                   /home/aaron/Apps/jmonkeyplatform/jmonkeyplatform/libs/jME3-terrain.jar
7ff8ab5af000-7ff8ab5b0000 r-xs 00009000 08:07 10618335                   /home/aaron/Apps/jmonkeyplatform/jmonkeyplatform/libs/j-ogg-vorbisd.jar
7ff8ab5b0000-7ff8ab5b2000 r-xs 00005000 08:07 10618417                   /home/aaron/Apps/jmonkeyplatform/jmonkeyplatform/libs/j-ogg-oggd.jar
7ff8ab5b2000-7ff8ab5bc000 rwxp 00000000 00:00 0 
7ff8ab5bc000-7ff8ab672000 rwxp 00000000 00:00 0 
7ff8ab672000-7ff8ab675000 rwxp 00000000 00:00 0 
7ff8ab675000-7ff8ab67c000 r-xp 00000000 08:06 3936925                    /usr/lib/jvm/java-6-sun-1.6.0.26/jre/lib/amd64/jli/libjli.so
7ff8ab67c000-7ff8ab77d000 ---p 00007000 08:06 3936925                    /usr/lib/jvm/java-6-sun-1.6.0.26/jre/lib/amd64/jli/libjli.so
7ff8ab77d000-7ff8ab77f000 rwxp 00008000 08:06 3936925                    /usr/lib/jvm/java-6-sun-1.6.0.26/jre/lib/amd64/jli/libjli.so
7ff8ab77f000-7ff8ab780000 rwxp 00000000 00:00 0 
7ff8ab780000-7ff8ab781000 r-xs 00002000 08:07 10618876                   /home/aaron/Apps/jmonkeyplatform/jmonkeyplatform/libs/jME3-jogg.jar
7ff8ab781000-7ff8ab782000 r-xs 0000f000 08:07 10618879                   /home/aaron/Apps/jmonkeyplatform/jmonkeyplatform/libs/jME3-plugins.jar
7ff8ab782000-7ff8ab784000 r-xs 00032000 08:07 10618875                   /home/aaron/Apps/jmonkeyplatform/jmonkeyplatform/libs/jME3-desktop.jar
7ff8ab784000-7ff8ab796000 r-xs 00175000 08:07 10618874                   /home/aaron/Apps/jmonkeyplatform/jmonkeyplatform/libs/jME3-core.jar
7ff8ab796000-7ff8ab79e000 rwxs 00000000 08:06 5380735                    /tmp/hsperfdata_aaron/30758 (deleted)
7ff8ab79e000-7ff8ab79f000 rwxp 00000000 00:00 0 
7ff8ab79f000-7ff8ab7a0000 ---p 00000000 00:00 0 
7ff8ab7a0000-7ff8ab7a2000 rwxp 00000000 00:00 0 
7ff8ab7a2000-7ff8ab7a3000 r-xp 00020000 08:06 3277718                    /lib/x86_64-linux-gnu/ld-2.13.so
7ff8ab7a3000-7ff8ab7a5000 rwxp 00021000 08:06 3277718                    /lib/x86_64-linux-gnu/ld-2.13.so
7fffc2b17000-7fffc2b38000 rwxp 00000000 00:00 0                          [stack]
7fffc2b5f000-7fffc2b60000 r-xp 00000000 00:00 0                          [vdso]
ffffffffff600000-ffffffffff601000 r-xp 00000000 00:00 0                  [vsyscall]

VM Arguments:
jvm_args: -Dfile.encoding=UTF-8 
java_command: jmeplanet.test.App
Launcher Type: SUN_STANDARD

Environment Variables:
PATH=/usr/local/sbin:/usr/local/bin:/usr/sbin:/usr/bin:/sbin:/bin:/usr/games
LD_LIBRARY_PATH=/usr/lib/jvm/java-6-sun-1.6.0.26/jre/lib/amd64/server:/usr/lib/jvm/java-6-sun-1.6.0.26/jre/lib/amd64:/usr/lib/jvm/java-6-sun-1.6.0.26/jre/../lib/amd64
SHELL=/bin/bash
DISPLAY=:0

Signal Handlers:
SIGSEGV: [libjvm.so+0x85f800], sa_mask[0]=0x7ffbfeff, sa_flags=0x10000004
SIGBUS: [libjvm.so+0x85f800], sa_mask[0]=0x7ffbfeff, sa_flags=0x10000004
SIGFPE: [libjvm.so+0x70e300], sa_mask[0]=0x7ffbfeff, sa_flags=0x10000004
SIGPIPE: [libjvm.so+0x70e300], sa_mask[0]=0x7ffbfeff, sa_flags=0x10000004
SIGXFSZ: [libjvm.so+0x70e300], sa_mask[0]=0x7ffbfeff, sa_flags=0x10000004
SIGILL: [libjvm.so+0x70e300], sa_mask[0]=0x7ffbfeff, sa_flags=0x10000004
SIGUSR1: SIG_DFL, sa_mask[0]=0x00000000, sa_flags=0x00000000
SIGUSR2: [libjvm.so+0x711110], sa_mask[0]=0x00000004, sa_flags=0x10000004
SIGHUP: [libjvm.so+0x710d10], sa_mask[0]=0x7ffbfeff, sa_flags=0x10000004
SIGINT: SIG_IGN, sa_mask[0]=0x00000000, sa_flags=0x00000000
SIGTERM: [libjvm.so+0x710d10], sa_mask[0]=0x7ffbfeff, sa_flags=0x10000004
SIGQUIT: [libjvm.so+0x710d10], sa_mask[0]=0x7ffbfeff, sa_flags=0x10000004


---------------  S Y S T E M  ---------------

OS:wheezy/sid

uname:Linux 3.0.0-17-generic #30-Ubuntu SMP Thu Mar 8 20:45:39 UTC 2012 x86_64
libc:glibc 2.13 NPTL 2.13 
rlimit: STACK 8192k, CORE 0k, NPROC 31363, NOFILE 4096, AS infinity
load average:0.24 0.11 0.13

/proc/meminfo:
MemTotal:        4038188 kB
MemFree:          143496 kB
Buffers:           57924 kB
Cached:           723364 kB
SwapCached:        44600 kB
Active:          2295180 kB
Inactive:        1093836 kB
Active(anon):    1896508 kB
Inactive(anon):   744400 kB
Active(file):     398672 kB
Inactive(file):   349436 kB
Unevictable:           0 kB
Mlocked:               0 kB
SwapTotal:       3904508 kB
SwapFree:        3804080 kB
Dirty:               448 kB
Writeback:             0 kB
AnonPages:       2565640 kB
Mapped:           241036 kB
Shmem:             33180 kB
Slab:             162144 kB
SReclaimable:     127416 kB
SUnreclaim:        34728 kB
KernelStack:        4624 kB
PageTables:        45304 kB
NFS_Unstable:          0 kB
Bounce:                0 kB
WritebackTmp:          0 kB
CommitLimit:     5923600 kB
Committed_AS:    5341188 kB
VmallocTotal:   34359738367 kB
VmallocUsed:      318908 kB
VmallocChunk:   34359417256 kB
HardwareCorrupted:     0 kB
AnonHugePages:         0 kB
HugePages_Total:       0
HugePages_Free:        0
HugePages_Rsvd:        0
HugePages_Surp:        0
Hugepagesize:       2048 kB
DirectMap4k:     1302528 kB
DirectMap2M:     2875392 kB


CPU:total 8 (4 cores per cpu, 2 threads per core) family 6 model 42 stepping 7, cmov, cx8, fxsr, mmx, sse, sse2, sse3, ssse3, sse4.1, sse4.2, popcnt, ht

/proc/cpuinfo:
processor	: 0
vendor_id	: GenuineIntel
cpu family	: 6
model		: 42
model name	: Intel(R) Core(TM) i7-2630QM CPU @ 2.00GHz
stepping	: 7
cpu MHz		: 800.000
cache size	: 6144 KB
physical id	: 0
siblings	: 8
core id		: 0
cpu cores	: 4
apicid		: 0
initial apicid	: 0
fpu		: yes
fpu_exception	: yes
cpuid level	: 13
wp		: yes
flags		: fpu vme de pse tsc msr pae mce cx8 apic sep mtrr pge mca cmov pat pse36 clflush dts acpi mmx fxsr sse sse2 ss ht tm pbe syscall nx rdtscp lm constant_tsc arch_perfmon pebs bts rep_good nopl xtopology nonstop_tsc aperfmperf pni pclmulqdq dtes64 monitor ds_cpl vmx est tm2 ssse3 cx16 xtpr pdcm sse4_1 sse4_2 x2apic popcnt xsave avx lahf_lm ida arat epb xsaveopt pln pts dts tpr_shadow vnmi flexpriority ept vpid
bogomips	: 3990.86
clflush size	: 64
cache_alignment	: 64
address sizes	: 36 bits physical, 48 bits virtual
power management:

processor	: 1
vendor_id	: GenuineIntel
cpu family	: 6
model		: 42
model name	: Intel(R) Core(TM) i7-2630QM CPU @ 2.00GHz
stepping	: 7
cpu MHz		: 800.000
cache size	: 6144 KB
physical id	: 0
siblings	: 8
core id		: 0
cpu cores	: 4
apicid		: 1
initial apicid	: 1
fpu		: yes
fpu_exception	: yes
cpuid level	: 13
wp		: yes
flags		: fpu vme de pse tsc msr pae mce cx8 apic sep mtrr pge mca cmov pat pse36 clflush dts acpi mmx fxsr sse sse2 ss ht tm pbe syscall nx rdtscp lm constant_tsc arch_perfmon pebs bts rep_good nopl xtopology nonstop_tsc aperfmperf pni pclmulqdq dtes64 monitor ds_cpl vmx est tm2 ssse3 cx16 xtpr pdcm sse4_1 sse4_2 x2apic popcnt xsave avx lahf_lm ida arat epb xsaveopt pln pts dts tpr_shadow vnmi flexpriority ept vpid
bogomips	: 3990.80
clflush size	: 64
cache_alignment	: 64
address sizes	: 36 bits physical, 48 bits virtual
power management:

processor	: 2
vendor_id	: GenuineIntel
cpu family	: 6
model		: 42
model name	: Intel(R) Core(TM) i7-2630QM CPU @ 2.00GHz
stepping	: 7
cpu MHz		: 2001.000
cache size	: 6144 KB
physical id	: 0
siblings	: 8
core id		: 1
cpu cores	: 4
apicid		: 2
initial apicid	: 2
fpu		: yes
fpu_exception	: yes
cpuid level	: 13
wp		: yes
flags		: fpu vme de pse tsc msr pae mce cx8 apic sep mtrr pge mca cmov pat pse36 clflush dts acpi mmx fxsr sse sse2 ss ht tm pbe syscall nx rdtscp lm constant_tsc arch_perfmon pebs bts rep_good nopl xtopology nonstop_tsc aperfmperf pni pclmulqdq dtes64 monitor ds_cpl vmx est tm2 ssse3 cx16 xtpr pdcm sse4_1 sse4_2 x2apic popcnt xsave avx lahf_lm ida arat epb xsaveopt pln pts dts tpr_shadow vnmi flexpriority ept vpid
bogomips	: 3990.83
clflush size	: 64
cache_alignment	: 64
address sizes	: 36 bits physical, 48 bits virtual
power management:

processor	: 3
vendor_id	: GenuineIntel
cpu family	: 6
model		: 42
model name	: Intel(R) Core(TM) i7-2630QM CPU @ 2.00GHz
stepping	: 7
cpu MHz		: 800.000
cache size	: 6144 KB
physical id	: 0
siblings	: 8
core id		: 1
cpu cores	: 4
apicid		: 3
initial apicid	: 3
fpu		: yes
fpu_exception	: yes
cpuid level	: 13
wp		: yes
flags		: fpu vme de pse tsc msr pae mce cx8 apic sep mtrr pge mca cmov pat pse36 clflush dts acpi mmx fxsr sse sse2 ss ht tm pbe syscall nx rdtscp lm constant_tsc arch_perfmon pebs bts rep_good nopl xtopology nonstop_tsc aperfmperf pni pclmulqdq dtes64 monitor ds_cpl vmx est tm2 ssse3 cx16 xtpr pdcm sse4_1 sse4_2 x2apic popcnt xsave avx lahf_lm ida arat epb xsaveopt pln pts dts tpr_shadow vnmi flexpriority ept vpid
bogomips	: 3990.83
clflush size	: 64
cache_alignment	: 64
address sizes	: 36 bits physical, 48 bits virtual
power management:

processor	: 4
vendor_id	: GenuineIntel
cpu family	: 6
model		: 42
model name	: Intel(R) Core(TM) i7-2630QM CPU @ 2.00GHz
stepping	: 7
cpu MHz		: 800.000
cache size	: 6144 KB
physical id	: 0
siblings	: 8
core id		: 2
cpu cores	: 4
apicid		: 4
initial apicid	: 4
fpu		: yes
fpu_exception	: yes
cpuid level	: 13
wp		: yes
flags		: fpu vme de pse tsc msr pae mce cx8 apic sep mtrr pge mca cmov pat pse36 clflush dts acpi mmx fxsr sse sse2 ss ht tm pbe syscall nx rdtscp lm constant_tsc arch_perfmon pebs bts rep_good nopl xtopology nonstop_tsc aperfmperf pni pclmulqdq dtes64 monitor ds_cpl vmx est tm2 ssse3 cx16 xtpr pdcm sse4_1 sse4_2 x2apic popcnt xsave avx lahf_lm ida arat epb xsaveopt pln pts dts tpr_shadow vnmi flexpriority ept vpid
bogomips	: 3990.84
clflush size	: 64
cache_alignment	: 64
address sizes	: 36 bits physical, 48 bits virtual
power management:

processor	: 5
vendor_id	: GenuineIntel
cpu family	: 6
model		: 42
model name	: Intel(R) Core(TM) i7-2630QM CPU @ 2.00GHz
stepping	: 7
cpu MHz		: 800.000
cache size	: 6144 KB
physical id	: 0
siblings	: 8
core id		: 2
cpu cores	: 4
apicid		: 5
initial apicid	: 5
fpu		: yes
fpu_exception	: yes
cpuid level	: 13
wp		: yes
flags		: fpu vme de pse tsc msr pae mce cx8 apic sep mtrr pge mca cmov pat pse36 clflush dts acpi mmx fxsr sse sse2 ss ht tm pbe syscall nx rdtscp lm constant_tsc arch_perfmon pebs bts rep_good nopl xtopology nonstop_tsc aperfmperf pni pclmulqdq dtes64 monitor ds_cpl vmx est tm2 ssse3 cx16 xtpr pdcm sse4_1 sse4_2 x2apic popcnt xsave avx lahf_lm ida arat epb xsaveopt pln pts dts tpr_shadow vnmi flexpriority ept vpid
bogomips	: 3990.83
clflush size	: 64
cache_alignment	: 64
address sizes	: 36 bits physical, 48 bits virtual
power management:

processor	: 6
vendor_id	: GenuineIntel
cpu family	: 6
model		: 42
model name	: Intel(R) Core(TM) i7-2630QM CPU @ 2.00GHz
stepping	: 7
cpu MHz		: 2001.000
cache size	: 6144 KB
physical id	: 0
siblings	: 8
core id		: 3
cpu cores	: 4
apicid		: 6
initial apicid	: 6
fpu		: yes
fpu_exception	: yes
cpuid level	: 13
wp		: yes
flags		: fpu vme de pse tsc msr pae mce cx8 apic sep mtrr pge mca cmov pat pse36 clflush dts acpi mmx fxsr sse sse2 ss ht tm pbe syscall nx rdtscp lm constant_tsc arch_perfmon pebs bts rep_good nopl xtopology nonstop_tsc aperfmperf pni pclmulqdq dtes64 monitor ds_cpl vmx est tm2 ssse3 cx16 xtpr pdcm sse4_1 sse4_2 x2apic popcnt xsave avx lahf_lm ida arat epb xsaveopt pln pts dts tpr_shadow vnmi flexpriority ept vpid
bogomips	: 3990.82
clflush size	: 64
cache_alignment	: 64
address sizes	: 36 bits physical, 48 bits virtual
power management:

processor	: 7
vendor_id	: GenuineIntel
cpu family	: 6
model		: 42
model name	: Intel(R) Core(TM) i7-2630QM CPU @ 2.00GHz
stepping	: 7
cpu MHz		: 800.000
cache size	: 6144 KB
physical id	: 0
siblings	: 8
core id		: 3
cpu cores	: 4
apicid		: 7
initial apicid	: 7
fpu		: yes
fpu_exception	: yes
cpuid level	: 13
wp		: yes
flags		: fpu vme de pse tsc msr pae mce cx8 apic sep mtrr pge mca cmov pat pse36 clflush dts acpi mmx fxsr sse sse2 ss ht tm pbe syscall nx rdtscp lm constant_tsc arch_perfmon pebs bts rep_good nopl xtopology nonstop_tsc aperfmperf pni pclmulqdq dtes64 monitor ds_cpl vmx est tm2 ssse3 cx16 xtpr pdcm sse4_1 sse4_2 x2apic popcnt xsave avx lahf_lm ida arat epb xsaveopt pln pts dts tpr_shadow vnmi flexpriority ept vpid
bogomips	: 3990.84
clflush size	: 64
cache_alignment	: 64
address sizes	: 36 bits physical, 48 bits virtual
power management:



Memory: 4k page, physical 4038188k(143496k free), swap 3904508k(3804080k free)

vm_info: Java HotSpot(TM) 64-Bit Server VM (20.1-b02) for linux-amd64 JRE (1.6.0_26-b03), built on May  4 2011 01:13:47 by "java_re" with gcc 3.2.2 (SuSE Linux)

time: Mon Apr 23 15:39:51 2012
elapsed time: 6 seconds

